2018-12-05 00:09:20,266 @@@@smoothness_roipool_weight:1e-05
2018-12-05 00:09:20,267 @@@@prefix:output/r_0.1.yaml/2007_trainval_2012_trainval/first
2018-12-05 00:11:00,928 Epoch[0] Batch [100]	Speed: 4.42 samples/sec	Train-ROIPoolPenalty=0.044736,	RCNNAcc=0.697633,	
2018-12-05 00:12:30,616 Epoch[0] Batch [200]	Speed: 4.46 samples/sec	Train-ROIPoolPenalty=10.081473,	RCNNAcc=0.784855,	
2018-12-05 00:14:00,052 Epoch[0] Batch [300]	Speed: 4.47 samples/sec	Train-ROIPoolPenalty=36.438439,	RCNNAcc=0.819508,	
2018-12-05 00:15:29,843 Epoch[0] Batch [400]	Speed: 4.45 samples/sec	Train-ROIPoolPenalty=65.696134,	RCNNAcc=0.835148,	
2018-12-05 00:16:59,026 Epoch[0] Batch [500]	Speed: 4.49 samples/sec	Train-ROIPoolPenalty=97.620061,	RCNNAcc=0.844093,	
2018-12-05 00:18:28,455 Epoch[0] Batch [600]	Speed: 4.47 samples/sec	Train-ROIPoolPenalty=144.619558,	RCNNAcc=0.849661,	
2018-12-05 00:19:58,313 Epoch[0] Batch [700]	Speed: 4.45 samples/sec	Train-ROIPoolPenalty=196.531254,	RCNNAcc=0.850690,	
2018-12-05 00:21:28,147 Epoch[0] Batch [800]	Speed: 4.45 samples/sec	Train-ROIPoolPenalty=250.280350,	RCNNAcc=0.850385,	
2018-12-05 00:22:57,903 Epoch[0] Batch [900]	Speed: 4.46 samples/sec	Train-ROIPoolPenalty=305.903462,	RCNNAcc=0.848209,	
2018-12-05 00:24:27,741 Epoch[0] Batch [1000]	Speed: 4.45 samples/sec	Train-ROIPoolPenalty=363.414499,	RCNNAcc=0.845762,	
2018-12-05 00:25:56,385 Epoch[0] Batch [1100]	Speed: 4.51 samples/sec	Train-ROIPoolPenalty=402.560236,	RCNNAcc=0.844836,	
2018-12-05 00:27:25,840 Epoch[0] Batch [1200]	Speed: 4.47 samples/sec	Train-ROIPoolPenalty=447.036091,	RCNNAcc=0.842176,	
2018-12-05 00:28:54,906 Epoch[0] Batch [1300]	Speed: 4.49 samples/sec	Train-ROIPoolPenalty=490.065947,	RCNNAcc=0.840282,	
2018-12-05 00:30:23,649 Epoch[0] Batch [1400]	Speed: 4.51 samples/sec	Train-ROIPoolPenalty=538.885981,	RCNNAcc=0.839307,	
2018-12-05 00:31:52,861 Epoch[0] Batch [1500]	Speed: 4.48 samples/sec	Train-ROIPoolPenalty=588.666557,	RCNNAcc=0.837392,	
2018-12-05 00:33:22,014 Epoch[0] Batch [1600]	Speed: 4.49 samples/sec	Train-ROIPoolPenalty=641.410432,	RCNNAcc=0.836338,	
2018-12-05 00:34:50,957 Epoch[0] Batch [1700]	Speed: 4.50 samples/sec	Train-ROIPoolPenalty=688.928892,	RCNNAcc=0.835026,	
2018-12-05 00:36:20,630 Epoch[0] Batch [1800]	Speed: 4.46 samples/sec	Train-ROIPoolPenalty=730.603890,	RCNNAcc=0.833440,	
2018-12-05 00:37:49,901 Epoch[0] Batch [1900]	Speed: 4.48 samples/sec	Train-ROIPoolPenalty=768.229602,	RCNNAcc=0.831070,	
2018-12-05 00:39:18,157 Epoch[0] Batch [2000]	Speed: 4.53 samples/sec	Train-ROIPoolPenalty=803.232548,	RCNNAcc=0.829893,	
2018-12-05 00:40:46,943 Epoch[0] Batch [2100]	Speed: 4.51 samples/sec	Train-ROIPoolPenalty=840.030275,	RCNNAcc=0.829360,	
2018-12-05 00:42:15,973 Epoch[0] Batch [2200]	Speed: 4.49 samples/sec	Train-ROIPoolPenalty=871.809554,	RCNNAcc=0.828489,	
2018-12-05 00:43:44,882 Epoch[0] Batch [2300]	Speed: 4.50 samples/sec	Train-ROIPoolPenalty=901.754661,	RCNNAcc=0.828257,	
2018-12-05 00:45:13,546 Epoch[0] Batch [2400]	Speed: 4.51 samples/sec	Train-ROIPoolPenalty=933.731890,	RCNNAcc=0.828798,	
2018-12-05 00:46:42,865 Epoch[0] Batch [2500]	Speed: 4.48 samples/sec	Train-ROIPoolPenalty=961.327325,	RCNNAcc=0.828268,	
2018-12-05 00:48:12,322 Epoch[0] Batch [2600]	Speed: 4.47 samples/sec	Train-ROIPoolPenalty=986.595531,	RCNNAcc=0.827505,	
2018-12-05 00:49:41,159 Epoch[0] Batch [2700]	Speed: 4.50 samples/sec	Train-ROIPoolPenalty=1011.862412,	RCNNAcc=0.827458,	
2018-12-05 00:51:09,890 Epoch[0] Batch [2800]	Speed: 4.51 samples/sec	Train-ROIPoolPenalty=1034.817944,	RCNNAcc=0.827272,	
2018-12-05 00:52:39,136 Epoch[0] Batch [2900]	Speed: 4.48 samples/sec	Train-ROIPoolPenalty=1055.419547,	RCNNAcc=0.826713,	
2018-12-05 00:54:08,171 Epoch[0] Batch [3000]	Speed: 4.49 samples/sec	Train-ROIPoolPenalty=1076.756336,	RCNNAcc=0.826427,	
2018-12-05 00:55:37,098 Epoch[0] Batch [3100]	Speed: 4.50 samples/sec	Train-ROIPoolPenalty=1098.473436,	RCNNAcc=0.826892,	
2018-12-05 00:57:05,410 Epoch[0] Batch [3200]	Speed: 4.53 samples/sec	Train-ROIPoolPenalty=1117.684213,	RCNNAcc=0.826644,	
2018-12-05 00:58:34,581 Epoch[0] Batch [3300]	Speed: 4.49 samples/sec	Train-ROIPoolPenalty=1135.840015,	RCNNAcc=0.826503,	
2018-12-05 01:00:03,295 Epoch[0] Batch [3400]	Speed: 4.51 samples/sec	Train-ROIPoolPenalty=1151.367408,	RCNNAcc=0.825959,	
2018-12-05 01:01:32,601 Epoch[0] Batch [3500]	Speed: 4.48 samples/sec	Train-ROIPoolPenalty=1166.386776,	RCNNAcc=0.826090,	
2018-12-05 01:03:01,551 Epoch[0] Batch [3600]	Speed: 4.50 samples/sec	Train-ROIPoolPenalty=1182.887787,	RCNNAcc=0.826243,	
2018-12-05 01:04:30,518 Epoch[0] Batch [3700]	Speed: 4.50 samples/sec	Train-ROIPoolPenalty=1198.056197,	RCNNAcc=0.826169,	
2018-12-05 01:05:59,282 Epoch[0] Batch [3800]	Speed: 4.51 samples/sec	Train-ROIPoolPenalty=1212.750768,	RCNNAcc=0.826233,	
2018-12-05 01:07:28,807 Epoch[0] Batch [3900]	Speed: 4.47 samples/sec	Train-ROIPoolPenalty=1225.888639,	RCNNAcc=0.825912,	
2018-12-05 01:08:57,267 Epoch[0] Batch [4000]	Speed: 4.52 samples/sec	Train-ROIPoolPenalty=1241.285510,	RCNNAcc=0.826201,	
2018-12-05 01:10:26,434 Epoch[0] Batch [4100]	Speed: 4.49 samples/sec	Train-ROIPoolPenalty=1254.604856,	RCNNAcc=0.825906,	
2018-12-05 01:11:54,972 Epoch[0] Batch [4200]	Speed: 4.52 samples/sec	Train-ROIPoolPenalty=1269.351902,	RCNNAcc=0.826092,	
2018-12-05 01:13:24,591 Epoch[0] Batch [4300]	Speed: 4.46 samples/sec	Train-ROIPoolPenalty=1282.121916,	RCNNAcc=0.826386,	
2018-12-05 01:14:53,782 Epoch[0] Batch [4400]	Speed: 4.48 samples/sec	Train-ROIPoolPenalty=1294.076874,	RCNNAcc=0.826338,	
2018-12-05 01:16:22,707 Epoch[0] Batch [4500]	Speed: 4.50 samples/sec	Train-ROIPoolPenalty=1306.080341,	RCNNAcc=0.826182,	
2018-12-05 01:17:51,693 Epoch[0] Batch [4600]	Speed: 4.50 samples/sec	Train-ROIPoolPenalty=1318.737462,	RCNNAcc=0.826212,	
2018-12-05 01:19:20,901 Epoch[0] Batch [4700]	Speed: 4.48 samples/sec	Train-ROIPoolPenalty=1329.177452,	RCNNAcc=0.825894,	
2018-12-05 01:20:49,593 Epoch[0] Batch [4800]	Speed: 4.51 samples/sec	Train-ROIPoolPenalty=1339.603096,	RCNNAcc=0.825846,	
2018-12-05 01:22:19,261 Epoch[0] Batch [4900]	Speed: 4.46 samples/sec	Train-ROIPoolPenalty=1350.393756,	RCNNAcc=0.826213,	
2018-12-05 01:23:48,353 Epoch[0] Batch [5000]	Speed: 4.49 samples/sec	Train-ROIPoolPenalty=1359.763714,	RCNNAcc=0.825911,	
2018-12-05 01:25:17,321 Epoch[0] Batch [5100]	Speed: 4.50 samples/sec	Train-ROIPoolPenalty=1370.482309,	RCNNAcc=0.825990,	
2018-12-05 01:26:45,821 Epoch[0] Batch [5200]	Speed: 4.52 samples/sec	Train-ROIPoolPenalty=1380.599317,	RCNNAcc=0.825951,	
2018-12-05 01:28:14,635 Epoch[0] Batch [5300]	Speed: 4.50 samples/sec	Train-ROIPoolPenalty=1390.263342,	RCNNAcc=0.825991,	
2018-12-05 01:29:43,769 Epoch[0] Batch [5400]	Speed: 4.49 samples/sec	Train-ROIPoolPenalty=1400.118888,	RCNNAcc=0.825969,	
2018-12-05 01:31:13,008 Epoch[0] Batch [5500]	Speed: 4.48 samples/sec	Train-ROIPoolPenalty=1408.421410,	RCNNAcc=0.825984,	
2018-12-05 01:32:41,892 Epoch[0] Batch [5600]	Speed: 4.50 samples/sec	Train-ROIPoolPenalty=1416.899256,	RCNNAcc=0.825875,	
2018-12-05 01:34:10,646 Epoch[0] Batch [5700]	Speed: 4.51 samples/sec	Train-ROIPoolPenalty=1426.004584,	RCNNAcc=0.826099,	
2018-12-05 01:35:39,789 Epoch[0] Batch [5800]	Speed: 4.49 samples/sec	Train-ROIPoolPenalty=1433.036993,	RCNNAcc=0.826090,	
2018-12-05 01:37:09,356 Epoch[0] Batch [5900]	Speed: 4.47 samples/sec	Train-ROIPoolPenalty=1440.584604,	RCNNAcc=0.826530,	
2018-12-05 01:38:38,044 Epoch[0] Batch [6000]	Speed: 4.51 samples/sec	Train-ROIPoolPenalty=1448.524368,	RCNNAcc=0.826702,	
2018-12-05 01:40:07,375 Epoch[0] Batch [6100]	Speed: 4.48 samples/sec	Train-ROIPoolPenalty=1455.341099,	RCNNAcc=0.826986,	
2018-12-05 01:41:36,540 Epoch[0] Batch [6200]	Speed: 4.49 samples/sec	Train-ROIPoolPenalty=1462.434814,	RCNNAcc=0.827219,	
2018-12-05 01:43:04,653 Epoch[0] Batch [6300]	Speed: 4.54 samples/sec	Train-ROIPoolPenalty=1469.581805,	RCNNAcc=0.827421,	
2018-12-05 01:44:34,249 Epoch[0] Batch [6400]	Speed: 4.46 samples/sec	Train-ROIPoolPenalty=1476.360135,	RCNNAcc=0.827698,	
2018-12-05 01:46:03,328 Epoch[0] Batch [6500]	Speed: 4.49 samples/sec	Train-ROIPoolPenalty=1482.198111,	RCNNAcc=0.827746,	
2018-12-05 01:47:32,375 Epoch[0] Batch [6600]	Speed: 4.49 samples/sec	Train-ROIPoolPenalty=1488.167346,	RCNNAcc=0.827734,	
2018-12-05 01:49:01,075 Epoch[0] Batch [6700]	Speed: 4.51 samples/sec	Train-ROIPoolPenalty=1493.626270,	RCNNAcc=0.827745,	
2018-12-05 01:50:29,864 Epoch[0] Batch [6800]	Speed: 4.51 samples/sec	Train-ROIPoolPenalty=1499.518177,	RCNNAcc=0.827687,	
2018-12-05 01:51:58,895 Epoch[0] Batch [6900]	Speed: 4.49 samples/sec	Train-ROIPoolPenalty=1505.571354,	RCNNAcc=0.827798,	
2018-12-05 01:53:28,473 Epoch[0] Batch [7000]	Speed: 4.47 samples/sec	Train-ROIPoolPenalty=1511.705494,	RCNNAcc=0.827884,	
2018-12-05 01:54:57,851 Epoch[0] Batch [7100]	Speed: 4.48 samples/sec	Train-ROIPoolPenalty=1517.739209,	RCNNAcc=0.827986,	
2018-12-05 01:56:26,865 Epoch[0] Batch [7200]	Speed: 4.49 samples/sec	Train-ROIPoolPenalty=1524.051982,	RCNNAcc=0.828227,	
2018-12-05 01:57:56,346 Epoch[0] Batch [7300]	Speed: 4.47 samples/sec	Train-ROIPoolPenalty=1529.833198,	RCNNAcc=0.828402,	
2018-12-05 01:59:24,745 Epoch[0] Batch [7400]	Speed: 4.52 samples/sec	Train-ROIPoolPenalty=1536.538052,	RCNNAcc=0.828716,	
2018-12-05 02:00:53,438 Epoch[0] Batch [7500]	Speed: 4.51 samples/sec	Train-ROIPoolPenalty=1542.502552,	RCNNAcc=0.828879,	
2018-12-05 02:02:22,672 Epoch[0] Batch [7600]	Speed: 4.48 samples/sec	Train-ROIPoolPenalty=1548.453186,	RCNNAcc=0.829011,	
2018-12-05 02:03:51,793 Epoch[0] Batch [7700]	Speed: 4.49 samples/sec	Train-ROIPoolPenalty=1553.957158,	RCNNAcc=0.828961,	
2018-12-05 02:05:20,018 Epoch[0] Batch [7800]	Speed: 4.53 samples/sec	Train-ROIPoolPenalty=1559.099632,	RCNNAcc=0.829070,	
2018-12-05 02:06:48,669 Epoch[0] Batch [7900]	Speed: 4.51 samples/sec	Train-ROIPoolPenalty=1564.853223,	RCNNAcc=0.829280,	
2018-12-05 02:08:17,865 Epoch[0] Batch [8000]	Speed: 4.48 samples/sec	Train-ROIPoolPenalty=1569.854277,	RCNNAcc=0.829415,	
2018-12-05 02:09:46,426 Epoch[0] Batch [8100]	Speed: 4.52 samples/sec	Train-ROIPoolPenalty=1574.630994,	RCNNAcc=0.829614,	
2018-12-05 02:11:15,459 Epoch[0] Batch [8200]	Speed: 4.49 samples/sec	Train-ROIPoolPenalty=1579.379656,	RCNNAcc=0.829708,	
2018-12-05 02:12:21,972 Epoch[0] Train-ROIPoolPenalty=1582.830193
2018-12-05 02:12:21,973 Epoch[0] Train-RCNNAcc=0.829611
2018-12-05 02:12:21,973 Epoch[0] Time cost=7374.064
2018-12-05 02:12:23,191 Saved checkpoint to "output/r_0.1.yaml/2007_trainval_2012_trainval/first-0001.params"
2018-12-05 02:12:25,692 Saved optimizer state to "output/r_0.1.yaml/2007_trainval_2012_trainval/first-0001.states"
2018-12-05 02:12:26,638 Saved checkpoint to "output/r_0.1.yaml/2007_trainval_2012_trainval/first-0001.params"
2018-12-05 02:13:56,514 Epoch[1] Batch [100]	Speed: 4.50 samples/sec	Train-ROIPoolPenalty=1984.091608,	RCNNAcc=0.836653,	
2018-12-05 02:15:25,237 Epoch[1] Batch [200]	Speed: 4.51 samples/sec	Train-ROIPoolPenalty=1987.819608,	RCNNAcc=0.838289,	
2018-12-05 02:16:54,152 Epoch[1] Batch [300]	Speed: 4.50 samples/sec	Train-ROIPoolPenalty=2004.183194,	RCNNAcc=0.836638,	
2018-12-05 02:18:23,199 Epoch[1] Batch [400]	Speed: 4.49 samples/sec	Train-ROIPoolPenalty=2003.159845,	RCNNAcc=0.836892,	
2018-12-05 02:19:52,298 Epoch[1] Batch [500]	Speed: 4.49 samples/sec	Train-ROIPoolPenalty=2006.608596,	RCNNAcc=0.834862,	
2018-12-05 02:21:20,815 Epoch[1] Batch [600]	Speed: 4.52 samples/sec	Train-ROIPoolPenalty=1996.716780,	RCNNAcc=0.834924,	
2018-12-05 02:22:49,765 Epoch[1] Batch [700]	Speed: 4.50 samples/sec	Train-ROIPoolPenalty=1993.906637,	RCNNAcc=0.835868,	
2018-12-05 02:24:18,643 Epoch[1] Batch [800]	Speed: 4.50 samples/sec	Train-ROIPoolPenalty=1997.642543,	RCNNAcc=0.837174,	
2018-12-05 02:25:47,402 Epoch[1] Batch [900]	Speed: 4.51 samples/sec	Train-ROIPoolPenalty=1997.150247,	RCNNAcc=0.839016,	
2018-12-05 02:27:15,828 Epoch[1] Batch [1000]	Speed: 4.52 samples/sec	Train-ROIPoolPenalty=2001.208787,	RCNNAcc=0.839557,	
2018-12-05 02:28:44,554 Epoch[1] Batch [1100]	Speed: 4.51 samples/sec	Train-ROIPoolPenalty=2002.796391,	RCNNAcc=0.840076,	
2018-12-05 02:30:13,894 Epoch[1] Batch [1200]	Speed: 4.48 samples/sec	Train-ROIPoolPenalty=2007.840270,	RCNNAcc=0.840711,	
2018-12-05 02:31:42,746 Epoch[1] Batch [1300]	Speed: 4.50 samples/sec	Train-ROIPoolPenalty=2016.503679,	RCNNAcc=0.842237,	
2018-12-05 02:33:11,322 Epoch[1] Batch [1400]	Speed: 4.52 samples/sec	Train-ROIPoolPenalty=2016.587088,	RCNNAcc=0.841741,	
2018-12-05 02:34:40,210 Epoch[1] Batch [1500]	Speed: 4.50 samples/sec	Train-ROIPoolPenalty=2017.874145,	RCNNAcc=0.841701,	
2018-12-05 02:36:08,436 Epoch[1] Batch [1600]	Speed: 4.53 samples/sec	Train-ROIPoolPenalty=2019.950149,	RCNNAcc=0.842228,	
2018-12-05 02:37:37,346 Epoch[1] Batch [1700]	Speed: 4.50 samples/sec	Train-ROIPoolPenalty=2020.854201,	RCNNAcc=0.842566,	
2018-12-05 02:39:06,226 Epoch[1] Batch [1800]	Speed: 4.50 samples/sec	Train-ROIPoolPenalty=2018.732750,	RCNNAcc=0.842016,	
2018-12-05 02:40:34,847 Epoch[1] Batch [1900]	Speed: 4.51 samples/sec	Train-ROIPoolPenalty=2021.593973,	RCNNAcc=0.842400,	
2018-12-05 02:42:03,765 Epoch[1] Batch [2000]	Speed: 4.50 samples/sec	Train-ROIPoolPenalty=2023.554374,	RCNNAcc=0.842789,	
2018-12-05 02:43:32,457 Epoch[1] Batch [2100]	Speed: 4.51 samples/sec	Train-ROIPoolPenalty=2027.631833,	RCNNAcc=0.843461,	
2018-12-05 02:45:01,402 Epoch[1] Batch [2200]	Speed: 4.50 samples/sec	Train-ROIPoolPenalty=2029.870394,	RCNNAcc=0.843518,	
2018-12-05 02:46:30,570 Epoch[1] Batch [2300]	Speed: 4.49 samples/sec	Train-ROIPoolPenalty=2033.385724,	RCNNAcc=0.843814,	
2018-12-05 02:47:59,782 Epoch[1] Batch [2400]	Speed: 4.48 samples/sec	Train-ROIPoolPenalty=2037.377542,	RCNNAcc=0.844346,	
2018-12-05 02:49:28,768 Epoch[1] Batch [2500]	Speed: 4.50 samples/sec	Train-ROIPoolPenalty=2039.159992,	RCNNAcc=0.844183,	
2018-12-05 02:50:57,946 Epoch[1] Batch [2600]	Speed: 4.49 samples/sec	Train-ROIPoolPenalty=2038.656757,	RCNNAcc=0.843840,	
2018-12-05 02:52:27,179 Epoch[1] Batch [2700]	Speed: 4.48 samples/sec	Train-ROIPoolPenalty=2038.235335,	RCNNAcc=0.843361,	
2018-12-05 02:53:55,643 Epoch[1] Batch [2800]	Speed: 4.52 samples/sec	Train-ROIPoolPenalty=2039.806263,	RCNNAcc=0.843214,	
2018-12-05 02:55:24,522 Epoch[1] Batch [2900]	Speed: 4.50 samples/sec	Train-ROIPoolPenalty=2040.197036,	RCNNAcc=0.843364,	
2018-12-05 02:56:53,556 Epoch[1] Batch [3000]	Speed: 4.49 samples/sec	Train-ROIPoolPenalty=2040.140713,	RCNNAcc=0.843315,	
2018-12-05 02:58:22,967 Epoch[1] Batch [3100]	Speed: 4.47 samples/sec	Train-ROIPoolPenalty=2040.725513,	RCNNAcc=0.843799,	
2018-12-05 02:59:51,821 Epoch[1] Batch [3200]	Speed: 4.50 samples/sec	Train-ROIPoolPenalty=2041.107838,	RCNNAcc=0.843439,	
2018-12-05 03:01:20,966 Epoch[1] Batch [3300]	Speed: 4.49 samples/sec	Train-ROIPoolPenalty=2041.740298,	RCNNAcc=0.843069,	
2018-12-05 03:02:49,895 Epoch[1] Batch [3400]	Speed: 4.50 samples/sec	Train-ROIPoolPenalty=2042.231317,	RCNNAcc=0.843066,	
2018-12-05 03:04:18,744 Epoch[1] Batch [3500]	Speed: 4.50 samples/sec	Train-ROIPoolPenalty=2043.034115,	RCNNAcc=0.842926,	
2018-12-05 03:05:48,200 Epoch[1] Batch [3600]	Speed: 4.47 samples/sec	Train-ROIPoolPenalty=2044.337784,	RCNNAcc=0.843211,	
2018-12-05 03:07:16,618 Epoch[1] Batch [3700]	Speed: 4.52 samples/sec	Train-ROIPoolPenalty=2045.373274,	RCNNAcc=0.843565,	
2018-12-05 03:08:45,502 Epoch[1] Batch [3800]	Speed: 4.50 samples/sec	Train-ROIPoolPenalty=2046.798688,	RCNNAcc=0.843547,	
2018-12-05 03:10:13,939 Epoch[1] Batch [3900]	Speed: 4.52 samples/sec	Train-ROIPoolPenalty=2048.215856,	RCNNAcc=0.843836,	
2018-12-05 03:11:42,396 Epoch[1] Batch [4000]	Speed: 4.52 samples/sec	Train-ROIPoolPenalty=2049.130708,	RCNNAcc=0.843998,	
2018-12-05 03:13:11,451 Epoch[1] Batch [4100]	Speed: 4.49 samples/sec	Train-ROIPoolPenalty=2049.817428,	RCNNAcc=0.844103,	
2018-12-05 03:14:40,451 Epoch[1] Batch [4200]	Speed: 4.49 samples/sec	Train-ROIPoolPenalty=2051.739796,	RCNNAcc=0.844196,	
2018-12-05 03:16:08,988 Epoch[1] Batch [4300]	Speed: 4.52 samples/sec	Train-ROIPoolPenalty=2052.560463,	RCNNAcc=0.844368,	
2018-12-05 03:17:37,902 Epoch[1] Batch [4400]	Speed: 4.50 samples/sec	Train-ROIPoolPenalty=2053.594658,	RCNNAcc=0.844557,	
2018-12-05 03:19:06,676 Epoch[1] Batch [4500]	Speed: 4.51 samples/sec	Train-ROIPoolPenalty=2055.421144,	RCNNAcc=0.845008,	
2018-12-05 03:20:35,607 Epoch[1] Batch [4600]	Speed: 4.50 samples/sec	Train-ROIPoolPenalty=2056.037218,	RCNNAcc=0.845068,	
2018-12-05 03:22:04,408 Epoch[1] Batch [4700]	Speed: 4.50 samples/sec	Train-ROIPoolPenalty=2057.572675,	RCNNAcc=0.845427,	
2018-12-05 03:23:33,182 Epoch[1] Batch [4800]	Speed: 4.51 samples/sec	Train-ROIPoolPenalty=2059.457278,	RCNNAcc=0.845605,	
2018-12-05 03:25:02,684 Epoch[1] Batch [4900]	Speed: 4.47 samples/sec	Train-ROIPoolPenalty=2059.841723,	RCNNAcc=0.845683,	
2018-12-05 03:26:31,544 Epoch[1] Batch [5000]	Speed: 4.50 samples/sec	Train-ROIPoolPenalty=2061.290444,	RCNNAcc=0.845798,	
2018-12-05 03:28:00,270 Epoch[1] Batch [5100]	Speed: 4.51 samples/sec	Train-ROIPoolPenalty=2062.049141,	RCNNAcc=0.845953,	
2018-12-05 03:29:29,198 Epoch[1] Batch [5200]	Speed: 4.50 samples/sec	Train-ROIPoolPenalty=2064.337266,	RCNNAcc=0.846078,	
2018-12-05 03:30:58,345 Epoch[1] Batch [5300]	Speed: 4.49 samples/sec	Train-ROIPoolPenalty=2066.762412,	RCNNAcc=0.846338,	
2018-12-05 03:32:27,062 Epoch[1] Batch [5400]	Speed: 4.51 samples/sec	Train-ROIPoolPenalty=2068.395427,	RCNNAcc=0.846451,	
2018-12-05 03:33:56,572 Epoch[1] Batch [5500]	Speed: 4.47 samples/sec	Train-ROIPoolPenalty=2069.841277,	RCNNAcc=0.846446,	
2018-12-05 03:35:25,095 Epoch[1] Batch [5600]	Speed: 4.52 samples/sec	Train-ROIPoolPenalty=2071.929092,	RCNNAcc=0.846529,	
2018-12-05 03:36:53,928 Epoch[1] Batch [5700]	Speed: 4.50 samples/sec	Train-ROIPoolPenalty=2072.998411,	RCNNAcc=0.846449,	
2018-12-05 03:38:22,702 Epoch[1] Batch [5800]	Speed: 4.51 samples/sec	Train-ROIPoolPenalty=2073.809221,	RCNNAcc=0.846354,	
2018-12-05 03:39:51,131 Epoch[1] Batch [5900]	Speed: 4.52 samples/sec	Train-ROIPoolPenalty=2075.573331,	RCNNAcc=0.846649,	
2018-12-05 03:41:20,276 Epoch[1] Batch [6000]	Speed: 4.49 samples/sec	Train-ROIPoolPenalty=2076.341262,	RCNNAcc=0.846675,	
2018-12-05 03:42:49,172 Epoch[1] Batch [6100]	Speed: 4.50 samples/sec	Train-ROIPoolPenalty=2077.637932,	RCNNAcc=0.846664,	
2018-12-05 03:44:18,064 Epoch[1] Batch [6200]	Speed: 4.50 samples/sec	Train-ROIPoolPenalty=2077.794350,	RCNNAcc=0.846816,	
2018-12-05 03:45:46,877 Epoch[1] Batch [6300]	Speed: 4.50 samples/sec	Train-ROIPoolPenalty=2079.120983,	RCNNAcc=0.846947,	
2018-12-05 03:47:15,688 Epoch[1] Batch [6400]	Speed: 4.50 samples/sec	Train-ROIPoolPenalty=2079.623466,	RCNNAcc=0.847040,	
2018-12-05 03:48:44,367 Epoch[1] Batch [6500]	Speed: 4.51 samples/sec	Train-ROIPoolPenalty=2080.055895,	RCNNAcc=0.846907,	
2018-12-05 03:50:12,944 Epoch[1] Batch [6600]	Speed: 4.52 samples/sec	Train-ROIPoolPenalty=2081.232333,	RCNNAcc=0.846855,	
2018-12-05 03:51:41,826 Epoch[1] Batch [6700]	Speed: 4.50 samples/sec	Train-ROIPoolPenalty=2081.309627,	RCNNAcc=0.846722,	
2018-12-05 03:53:10,401 Epoch[1] Batch [6800]	Speed: 4.52 samples/sec	Train-ROIPoolPenalty=2081.783789,	RCNNAcc=0.846718,	
2018-12-05 03:54:39,479 Epoch[1] Batch [6900]	Speed: 4.49 samples/sec	Train-ROIPoolPenalty=2081.717291,	RCNNAcc=0.846787,	
2018-12-05 03:56:08,037 Epoch[1] Batch [7000]	Speed: 4.52 samples/sec	Train-ROIPoolPenalty=2082.607028,	RCNNAcc=0.846860,	
2018-12-05 03:57:36,396 Epoch[1] Batch [7100]	Speed: 4.53 samples/sec	Train-ROIPoolPenalty=2083.394248,	RCNNAcc=0.847057,	
2018-12-05 03:59:05,602 Epoch[1] Batch [7200]	Speed: 4.48 samples/sec	Train-ROIPoolPenalty=2084.744752,	RCNNAcc=0.847244,	
2018-12-05 04:00:34,030 Epoch[1] Batch [7300]	Speed: 4.52 samples/sec	Train-ROIPoolPenalty=2086.192062,	RCNNAcc=0.847493,	
2018-12-05 04:02:03,234 Epoch[1] Batch [7400]	Speed: 4.48 samples/sec	Train-ROIPoolPenalty=2087.726659,	RCNNAcc=0.847527,	
2018-12-05 04:03:31,640 Epoch[1] Batch [7500]	Speed: 4.52 samples/sec	Train-ROIPoolPenalty=2088.657475,	RCNNAcc=0.847622,	
2018-12-05 04:05:00,044 Epoch[1] Batch [7600]	Speed: 4.52 samples/sec	Train-ROIPoolPenalty=2090.256356,	RCNNAcc=0.847720,	
2018-12-05 04:06:28,991 Epoch[1] Batch [7700]	Speed: 4.50 samples/sec	Train-ROIPoolPenalty=2091.585088,	RCNNAcc=0.847921,	
2018-12-05 04:07:57,647 Epoch[1] Batch [7800]	Speed: 4.51 samples/sec	Train-ROIPoolPenalty=2092.789213,	RCNNAcc=0.848094,	
2018-12-05 04:09:26,808 Epoch[1] Batch [7900]	Speed: 4.49 samples/sec	Train-ROIPoolPenalty=2093.734799,	RCNNAcc=0.848260,	
2018-12-05 04:10:55,947 Epoch[1] Batch [8000]	Speed: 4.49 samples/sec	Train-ROIPoolPenalty=2094.411274,	RCNNAcc=0.848292,	
2018-12-05 04:12:24,738 Epoch[1] Batch [8100]	Speed: 4.50 samples/sec	Train-ROIPoolPenalty=2094.689534,	RCNNAcc=0.848296,	
2018-12-05 04:13:53,776 Epoch[1] Batch [8200]	Speed: 4.49 samples/sec	Train-ROIPoolPenalty=2096.283538,	RCNNAcc=0.848386,	
2018-12-05 04:15:00,160 Epoch[1] Train-ROIPoolPenalty=2097.123139
2018-12-05 04:15:00,160 Epoch[1] Train-RCNNAcc=0.848412
2018-12-05 04:15:00,161 Epoch[1] Time cost=7353.468
2018-12-05 04:15:01,689 Saved checkpoint to "output/r_0.1.yaml/2007_trainval_2012_trainval/first-0002.params"
2018-12-05 04:15:03,933 Saved optimizer state to "output/r_0.1.yaml/2007_trainval_2012_trainval/first-0002.states"
2018-12-05 04:15:04,490 Saved checkpoint to "output/r_0.1.yaml/2007_trainval_2012_trainval/first-0002.params"
2018-12-05 04:16:34,117 Epoch[2] Batch [100]	Speed: 4.51 samples/sec	Train-ROIPoolPenalty=2230.808962,	RCNNAcc=0.851775,	
2018-12-05 04:18:02,889 Epoch[2] Batch [200]	Speed: 4.51 samples/sec	Train-ROIPoolPenalty=2241.927344,	RCNNAcc=0.854060,	
2018-12-05 04:19:32,289 Epoch[2] Batch [300]	Speed: 4.47 samples/sec	Train-ROIPoolPenalty=2236.811926,	RCNNAcc=0.858830,	
2018-12-05 04:21:01,153 Epoch[2] Batch [400]	Speed: 4.50 samples/sec	Train-ROIPoolPenalty=2250.173900,	RCNNAcc=0.862341,	
2018-12-05 04:22:29,797 Epoch[2] Batch [500]	Speed: 4.51 samples/sec	Train-ROIPoolPenalty=2252.977969,	RCNNAcc=0.863156,	
2018-12-05 04:23:58,605 Epoch[2] Batch [600]	Speed: 4.50 samples/sec	Train-ROIPoolPenalty=2248.539803,	RCNNAcc=0.863879,	
2018-12-05 04:25:28,297 Epoch[2] Batch [700]	Speed: 4.46 samples/sec	Train-ROIPoolPenalty=2246.682485,	RCNNAcc=0.864663,	
2018-12-05 04:26:56,835 Epoch[2] Batch [800]	Speed: 4.52 samples/sec	Train-ROIPoolPenalty=2247.206090,	RCNNAcc=0.865895,	
2018-12-05 04:28:25,664 Epoch[2] Batch [900]	Speed: 4.50 samples/sec	Train-ROIPoolPenalty=2243.123144,	RCNNAcc=0.864528,	
2018-12-05 04:29:54,422 Epoch[2] Batch [1000]	Speed: 4.51 samples/sec	Train-ROIPoolPenalty=2239.241520,	RCNNAcc=0.864019,	
2018-12-05 04:31:23,580 Epoch[2] Batch [1100]	Speed: 4.49 samples/sec	Train-ROIPoolPenalty=2237.704077,	RCNNAcc=0.864429,	
2018-12-05 04:32:52,288 Epoch[2] Batch [1200]	Speed: 4.51 samples/sec	Train-ROIPoolPenalty=2239.436462,	RCNNAcc=0.864538,	
2018-12-05 04:34:21,498 Epoch[2] Batch [1300]	Speed: 4.48 samples/sec	Train-ROIPoolPenalty=2241.439230,	RCNNAcc=0.864577,	
2018-12-05 04:35:50,257 Epoch[2] Batch [1400]	Speed: 4.51 samples/sec	Train-ROIPoolPenalty=2240.938793,	RCNNAcc=0.864894,	
2018-12-05 04:37:19,276 Epoch[2] Batch [1500]	Speed: 4.49 samples/sec	Train-ROIPoolPenalty=2240.108224,	RCNNAcc=0.865060,	
2018-12-05 04:38:47,985 Epoch[2] Batch [1600]	Speed: 4.51 samples/sec	Train-ROIPoolPenalty=2240.585795,	RCNNAcc=0.865467,	
2018-12-05 04:40:16,356 Epoch[2] Batch [1700]	Speed: 4.53 samples/sec	Train-ROIPoolPenalty=2241.982365,	RCNNAcc=0.865853,	
2018-12-05 04:41:45,331 Epoch[2] Batch [1800]	Speed: 4.50 samples/sec	Train-ROIPoolPenalty=2242.628063,	RCNNAcc=0.866278,	
2018-12-05 04:43:14,029 Epoch[2] Batch [1900]	Speed: 4.51 samples/sec	Train-ROIPoolPenalty=2245.711165,	RCNNAcc=0.867063,	
2018-12-05 04:44:42,789 Epoch[2] Batch [2000]	Speed: 4.51 samples/sec	Train-ROIPoolPenalty=2247.492179,	RCNNAcc=0.867221,	
2018-12-05 04:46:11,621 Epoch[2] Batch [2100]	Speed: 4.50 samples/sec	Train-ROIPoolPenalty=2247.604197,	RCNNAcc=0.867302,	
2018-12-05 04:47:40,290 Epoch[2] Batch [2200]	Speed: 4.51 samples/sec	Train-ROIPoolPenalty=2246.625426,	RCNNAcc=0.867368,	
2018-12-05 04:49:08,474 Epoch[2] Batch [2300]	Speed: 4.54 samples/sec	Train-ROIPoolPenalty=2245.819909,	RCNNAcc=0.867227,	
2018-12-05 04:50:36,683 Epoch[2] Batch [2400]	Speed: 4.53 samples/sec	Train-ROIPoolPenalty=2246.142249,	RCNNAcc=0.867353,	
2018-12-05 04:52:06,003 Epoch[2] Batch [2500]	Speed: 4.48 samples/sec	Train-ROIPoolPenalty=2249.485875,	RCNNAcc=0.867915,	
2018-12-05 04:53:34,754 Epoch[2] Batch [2600]	Speed: 4.51 samples/sec	Train-ROIPoolPenalty=2250.293381,	RCNNAcc=0.868395,	
2018-12-05 04:55:03,217 Epoch[2] Batch [2700]	Speed: 4.52 samples/sec	Train-ROIPoolPenalty=2250.410336,	RCNNAcc=0.868352,	
2018-12-05 04:56:31,386 Epoch[2] Batch [2800]	Speed: 4.54 samples/sec	Train-ROIPoolPenalty=2251.060756,	RCNNAcc=0.868311,	
2018-12-05 04:58:00,311 Epoch[2] Batch [2900]	Speed: 4.50 samples/sec	Train-ROIPoolPenalty=2252.345427,	RCNNAcc=0.868429,	
2018-12-05 04:59:29,070 Epoch[2] Batch [3000]	Speed: 4.51 samples/sec	Train-ROIPoolPenalty=2253.198490,	RCNNAcc=0.868688,	
2018-12-05 05:00:57,205 Epoch[2] Batch [3100]	Speed: 4.54 samples/sec	Train-ROIPoolPenalty=2253.906868,	RCNNAcc=0.868636,	
2018-12-05 05:02:26,201 Epoch[2] Batch [3200]	Speed: 4.49 samples/sec	Train-ROIPoolPenalty=2255.584017,	RCNNAcc=0.868715,	
2018-12-05 05:03:55,595 Epoch[2] Batch [3300]	Speed: 4.47 samples/sec	Train-ROIPoolPenalty=2255.958662,	RCNNAcc=0.868341,	
2018-12-05 05:05:24,288 Epoch[2] Batch [3400]	Speed: 4.51 samples/sec	Train-ROIPoolPenalty=2256.317585,	RCNNAcc=0.868403,	
2018-12-05 05:06:52,664 Epoch[2] Batch [3500]	Speed: 4.53 samples/sec	Train-ROIPoolPenalty=2256.251261,	RCNNAcc=0.868420,	
2018-12-05 05:08:21,704 Epoch[2] Batch [3600]	Speed: 4.49 samples/sec	Train-ROIPoolPenalty=2256.266240,	RCNNAcc=0.868696,	
2018-12-05 05:09:50,124 Epoch[2] Batch [3700]	Speed: 4.52 samples/sec	Train-ROIPoolPenalty=2256.539518,	RCNNAcc=0.868746,	
2018-12-05 05:11:19,137 Epoch[2] Batch [3800]	Speed: 4.49 samples/sec	Train-ROIPoolPenalty=2256.383116,	RCNNAcc=0.868480,	
2018-12-05 05:12:47,717 Epoch[2] Batch [3900]	Speed: 4.52 samples/sec	Train-ROIPoolPenalty=2256.815897,	RCNNAcc=0.868590,	
2018-12-05 05:14:16,179 Epoch[2] Batch [4000]	Speed: 4.52 samples/sec	Train-ROIPoolPenalty=2256.955917,	RCNNAcc=0.868484,	
2018-12-05 05:15:44,899 Epoch[2] Batch [4100]	Speed: 4.51 samples/sec	Train-ROIPoolPenalty=2256.503703,	RCNNAcc=0.868297,	
2018-12-05 05:17:13,325 Epoch[2] Batch [4200]	Speed: 4.52 samples/sec	Train-ROIPoolPenalty=2256.873248,	RCNNAcc=0.868332,	
2018-12-05 05:18:42,293 Epoch[2] Batch [4300]	Speed: 4.50 samples/sec	Train-ROIPoolPenalty=2257.661979,	RCNNAcc=0.868414,	
2018-12-05 05:20:10,929 Epoch[2] Batch [4400]	Speed: 4.51 samples/sec	Train-ROIPoolPenalty=2256.712641,	RCNNAcc=0.868131,	
2018-12-05 05:21:40,247 Epoch[2] Batch [4500]	Speed: 4.48 samples/sec	Train-ROIPoolPenalty=2257.229053,	RCNNAcc=0.867889,	
2018-12-05 05:23:08,592 Epoch[2] Batch [4600]	Speed: 4.53 samples/sec	Train-ROIPoolPenalty=2257.633918,	RCNNAcc=0.867767,	
2018-12-05 05:24:37,056 Epoch[2] Batch [4700]	Speed: 4.52 samples/sec	Train-ROIPoolPenalty=2258.423643,	RCNNAcc=0.867693,	
2018-12-05 05:26:05,966 Epoch[2] Batch [4800]	Speed: 4.50 samples/sec	Train-ROIPoolPenalty=2258.935727,	RCNNAcc=0.867719,	
2018-12-05 05:27:34,407 Epoch[2] Batch [4900]	Speed: 4.52 samples/sec	Train-ROIPoolPenalty=2259.790730,	RCNNAcc=0.867726,	
2018-12-05 05:29:03,689 Epoch[2] Batch [5000]	Speed: 4.48 samples/sec	Train-ROIPoolPenalty=2260.822207,	RCNNAcc=0.867805,	
2018-12-05 05:30:32,446 Epoch[2] Batch [5100]	Speed: 4.51 samples/sec	Train-ROIPoolPenalty=2260.686369,	RCNNAcc=0.867909,	
2018-12-05 05:32:01,062 Epoch[2] Batch [5200]	Speed: 4.51 samples/sec	Train-ROIPoolPenalty=2261.997035,	RCNNAcc=0.867806,	
2018-12-05 05:33:29,556 Epoch[2] Batch [5300]	Speed: 4.52 samples/sec	Train-ROIPoolPenalty=2262.197190,	RCNNAcc=0.867720,	
2018-12-05 05:34:58,458 Epoch[2] Batch [5400]	Speed: 4.50 samples/sec	Train-ROIPoolPenalty=2262.842362,	RCNNAcc=0.867608,	
2018-12-05 05:36:27,282 Epoch[2] Batch [5500]	Speed: 4.50 samples/sec	Train-ROIPoolPenalty=2262.759335,	RCNNAcc=0.867427,	
2018-12-05 05:37:56,374 Epoch[2] Batch [5600]	Speed: 4.49 samples/sec	Train-ROIPoolPenalty=2262.727875,	RCNNAcc=0.867338,	
2018-12-05 05:39:25,346 Epoch[2] Batch [5700]	Speed: 4.50 samples/sec	Train-ROIPoolPenalty=2262.995194,	RCNNAcc=0.867359,	
2018-12-05 05:40:54,633 Epoch[2] Batch [5800]	Speed: 4.48 samples/sec	Train-ROIPoolPenalty=2263.880010,	RCNNAcc=0.867499,	
2018-12-05 05:42:23,630 Epoch[2] Batch [5900]	Speed: 4.49 samples/sec	Train-ROIPoolPenalty=2264.173505,	RCNNAcc=0.867460,	
2018-12-05 05:43:52,123 Epoch[2] Batch [6000]	Speed: 4.52 samples/sec	Train-ROIPoolPenalty=2265.075749,	RCNNAcc=0.867538,	
2018-12-05 05:45:21,175 Epoch[2] Batch [6100]	Speed: 4.49 samples/sec	Train-ROIPoolPenalty=2265.505412,	RCNNAcc=0.867592,	
2018-12-05 05:46:50,084 Epoch[2] Batch [6200]	Speed: 4.50 samples/sec	Train-ROIPoolPenalty=2266.667971,	RCNNAcc=0.867538,	
2018-12-05 05:48:19,329 Epoch[2] Batch [6300]	Speed: 4.48 samples/sec	Train-ROIPoolPenalty=2267.394173,	RCNNAcc=0.867763,	
2018-12-05 05:49:48,083 Epoch[2] Batch [6400]	Speed: 4.51 samples/sec	Train-ROIPoolPenalty=2267.837886,	RCNNAcc=0.867895,	
2018-12-05 05:51:16,508 Epoch[2] Batch [6500]	Speed: 4.52 samples/sec	Train-ROIPoolPenalty=2268.777724,	RCNNAcc=0.868085,	
2018-12-05 05:52:44,956 Epoch[2] Batch [6600]	Speed: 4.52 samples/sec	Train-ROIPoolPenalty=2268.802429,	RCNNAcc=0.867897,	
2018-12-05 05:54:13,302 Epoch[2] Batch [6700]	Speed: 4.53 samples/sec	Train-ROIPoolPenalty=2269.435521,	RCNNAcc=0.867925,	
2018-12-05 05:55:42,169 Epoch[2] Batch [6800]	Speed: 4.50 samples/sec	Train-ROIPoolPenalty=2269.356664,	RCNNAcc=0.867798,	
2018-12-05 05:57:11,354 Epoch[2] Batch [6900]	Speed: 4.49 samples/sec	Train-ROIPoolPenalty=2269.258010,	RCNNAcc=0.867801,	
2018-12-05 05:58:40,442 Epoch[2] Batch [7000]	Speed: 4.49 samples/sec	Train-ROIPoolPenalty=2269.231174,	RCNNAcc=0.867745,	
2018-12-05 06:00:09,314 Epoch[2] Batch [7100]	Speed: 4.50 samples/sec	Train-ROIPoolPenalty=2269.229045,	RCNNAcc=0.867682,	
2018-12-05 06:01:38,077 Epoch[2] Batch [7200]	Speed: 4.51 samples/sec	Train-ROIPoolPenalty=2269.500490,	RCNNAcc=0.867667,	
2018-12-05 06:03:06,719 Epoch[2] Batch [7300]	Speed: 4.51 samples/sec	Train-ROIPoolPenalty=2269.524961,	RCNNAcc=0.867594,	
2018-12-05 06:04:35,728 Epoch[2] Batch [7400]	Speed: 4.49 samples/sec	Train-ROIPoolPenalty=2270.251316,	RCNNAcc=0.867597,	
2018-12-05 06:06:04,775 Epoch[2] Batch [7500]	Speed: 4.49 samples/sec	Train-ROIPoolPenalty=2271.511813,	RCNNAcc=0.867703,	
2018-12-05 06:07:33,809 Epoch[2] Batch [7600]	Speed: 4.49 samples/sec	Train-ROIPoolPenalty=2272.648679,	RCNNAcc=0.867861,	
2018-12-05 06:09:02,857 Epoch[2] Batch [7700]	Speed: 4.49 samples/sec	Train-ROIPoolPenalty=2273.637428,	RCNNAcc=0.867900,	
2018-12-05 06:10:31,748 Epoch[2] Batch [7800]	Speed: 4.50 samples/sec	Train-ROIPoolPenalty=2274.836844,	RCNNAcc=0.867982,	
2018-12-05 06:12:00,787 Epoch[2] Batch [7900]	Speed: 4.49 samples/sec	Train-ROIPoolPenalty=2275.620404,	RCNNAcc=0.868096,	
2018-12-05 06:13:30,311 Epoch[2] Batch [8000]	Speed: 4.47 samples/sec	Train-ROIPoolPenalty=2276.505351,	RCNNAcc=0.868239,	
2018-12-05 06:14:59,325 Epoch[2] Batch [8100]	Speed: 4.49 samples/sec	Train-ROIPoolPenalty=2277.037677,	RCNNAcc=0.868299,	
2018-12-05 06:16:28,163 Epoch[2] Batch [8200]	Speed: 4.50 samples/sec	Train-ROIPoolPenalty=2278.134741,	RCNNAcc=0.868460,	
2018-12-05 06:17:33,959 Epoch[2] Train-ROIPoolPenalty=2279.322085
2018-12-05 06:17:33,960 Epoch[2] Train-RCNNAcc=0.868463
2018-12-05 06:17:33,960 Epoch[2] Time cost=7349.426
2018-12-05 06:17:35,026 Saved checkpoint to "output/r_0.1.yaml/2007_trainval_2012_trainval/first-0003.params"
2018-12-05 06:17:38,038 Saved optimizer state to "output/r_0.1.yaml/2007_trainval_2012_trainval/first-0003.states"
2018-12-05 06:17:38,676 Saved checkpoint to "output/r_0.1.yaml/2007_trainval_2012_trainval/first-0003.params"
2018-12-05 06:19:08,812 Epoch[3] Batch [100]	Speed: 4.49 samples/sec	Train-ROIPoolPenalty=2358.968932,	RCNNAcc=0.884360,	
2018-12-05 06:20:37,997 Epoch[3] Batch [200]	Speed: 4.49 samples/sec	Train-ROIPoolPenalty=2370.085071,	RCNNAcc=0.883629,	
2018-12-05 06:22:07,664 Epoch[3] Batch [300]	Speed: 4.46 samples/sec	Train-ROIPoolPenalty=2370.160416,	RCNNAcc=0.880249,	
2018-12-05 06:23:36,294 Epoch[3] Batch [400]	Speed: 4.51 samples/sec	Train-ROIPoolPenalty=2393.014047,	RCNNAcc=0.880436,	
2018-12-05 06:25:04,983 Epoch[3] Batch [500]	Speed: 4.51 samples/sec	Train-ROIPoolPenalty=2400.111705,	RCNNAcc=0.880512,	
2018-12-05 06:26:34,241 Epoch[3] Batch [600]	Speed: 4.48 samples/sec	Train-ROIPoolPenalty=2405.784384,	RCNNAcc=0.881831,	
2018-12-05 06:28:02,823 Epoch[3] Batch [700]	Speed: 4.52 samples/sec	Train-ROIPoolPenalty=2411.348213,	RCNNAcc=0.882261,	
2018-12-05 06:29:31,854 Epoch[3] Batch [800]	Speed: 4.49 samples/sec	Train-ROIPoolPenalty=2413.424286,	RCNNAcc=0.882237,	
2018-12-05 06:31:01,167 Epoch[3] Batch [900]	Speed: 4.48 samples/sec	Train-ROIPoolPenalty=2409.832717,	RCNNAcc=0.883445,	
2018-12-05 06:32:30,322 Epoch[3] Batch [1000]	Speed: 4.49 samples/sec	Train-ROIPoolPenalty=2410.808993,	RCNNAcc=0.883952,	
2018-12-05 06:33:58,981 Epoch[3] Batch [1100]	Speed: 4.51 samples/sec	Train-ROIPoolPenalty=2412.687622,	RCNNAcc=0.884774,	
2018-12-05 06:35:27,614 Epoch[3] Batch [1200]	Speed: 4.51 samples/sec	Train-ROIPoolPenalty=2414.879986,	RCNNAcc=0.885598,	
2018-12-05 06:36:56,775 Epoch[3] Batch [1300]	Speed: 4.49 samples/sec	Train-ROIPoolPenalty=2415.555952,	RCNNAcc=0.885521,	
2018-12-05 06:38:25,797 Epoch[3] Batch [1400]	Speed: 4.49 samples/sec	Train-ROIPoolPenalty=2410.295550,	RCNNAcc=0.885008,	
2018-12-05 06:39:54,736 Epoch[3] Batch [1500]	Speed: 4.50 samples/sec	Train-ROIPoolPenalty=2406.157381,	RCNNAcc=0.884288,	
2018-12-05 06:41:23,719 Epoch[3] Batch [1600]	Speed: 4.50 samples/sec	Train-ROIPoolPenalty=2406.511702,	RCNNAcc=0.884278,	
2018-12-05 06:42:53,304 Epoch[3] Batch [1700]	Speed: 4.47 samples/sec	Train-ROIPoolPenalty=2405.067375,	RCNNAcc=0.884660,	
2018-12-05 06:44:22,277 Epoch[3] Batch [1800]	Speed: 4.50 samples/sec	Train-ROIPoolPenalty=2406.862743,	RCNNAcc=0.884621,	
2018-12-05 06:45:51,132 Epoch[3] Batch [1900]	Speed: 4.50 samples/sec	Train-ROIPoolPenalty=2408.543665,	RCNNAcc=0.884758,	
2018-12-05 06:47:19,767 Epoch[3] Batch [2000]	Speed: 4.51 samples/sec	Train-ROIPoolPenalty=2410.195249,	RCNNAcc=0.885025,	
2018-12-05 06:48:48,658 Epoch[3] Batch [2100]	Speed: 4.50 samples/sec	Train-ROIPoolPenalty=2409.660294,	RCNNAcc=0.885147,	
2018-12-05 06:50:17,310 Epoch[3] Batch [2200]	Speed: 4.51 samples/sec	Train-ROIPoolPenalty=2408.786310,	RCNNAcc=0.885344,	
2018-12-05 06:51:46,595 Epoch[3] Batch [2300]	Speed: 4.48 samples/sec	Train-ROIPoolPenalty=2409.268496,	RCNNAcc=0.885389,	
2018-12-05 06:53:15,872 Epoch[3] Batch [2400]	Speed: 4.48 samples/sec	Train-ROIPoolPenalty=2410.827645,	RCNNAcc=0.885521,	
2018-12-05 06:54:45,332 Epoch[3] Batch [2500]	Speed: 4.47 samples/sec	Train-ROIPoolPenalty=2411.119949,	RCNNAcc=0.884943,	
2018-12-05 06:56:14,038 Epoch[3] Batch [2600]	Speed: 4.51 samples/sec	Train-ROIPoolPenalty=2411.034692,	RCNNAcc=0.884862,	
2018-12-05 06:57:43,533 Epoch[3] Batch [2700]	Speed: 4.47 samples/sec	Train-ROIPoolPenalty=2411.182726,	RCNNAcc=0.884290,	
2018-12-05 06:59:12,745 Epoch[3] Batch [2800]	Speed: 4.48 samples/sec	Train-ROIPoolPenalty=2409.064953,	RCNNAcc=0.884020,	
2018-12-05 07:00:41,873 Epoch[3] Batch [2900]	Speed: 4.49 samples/sec	Train-ROIPoolPenalty=2406.530095,	RCNNAcc=0.883538,	
2018-12-05 07:02:11,138 Epoch[3] Batch [3000]	Speed: 4.48 samples/sec	Train-ROIPoolPenalty=2404.466939,	RCNNAcc=0.883495,	
2018-12-05 07:03:40,086 Epoch[3] Batch [3100]	Speed: 4.50 samples/sec	Train-ROIPoolPenalty=2403.140290,	RCNNAcc=0.883263,	
2018-12-05 07:05:09,196 Epoch[3] Batch [3200]	Speed: 4.49 samples/sec	Train-ROIPoolPenalty=2403.827498,	RCNNAcc=0.883480,	
2018-12-05 07:06:38,173 Epoch[3] Batch [3300]	Speed: 4.50 samples/sec	Train-ROIPoolPenalty=2404.668416,	RCNNAcc=0.883459,	
2018-12-05 07:08:07,196 Epoch[3] Batch [3400]	Speed: 4.49 samples/sec	Train-ROIPoolPenalty=2404.881703,	RCNNAcc=0.883378,	
2018-12-05 07:09:36,689 Epoch[3] Batch [3500]	Speed: 4.47 samples/sec	Train-ROIPoolPenalty=2404.592352,	RCNNAcc=0.883460,	
2018-12-05 07:11:05,602 Epoch[3] Batch [3600]	Speed: 4.50 samples/sec	Train-ROIPoolPenalty=2404.336357,	RCNNAcc=0.883410,	
2018-12-05 07:12:34,347 Epoch[3] Batch [3700]	Speed: 4.51 samples/sec	Train-ROIPoolPenalty=2405.924106,	RCNNAcc=0.883495,	
2018-12-05 07:14:02,797 Epoch[3] Batch [3800]	Speed: 4.52 samples/sec	Train-ROIPoolPenalty=2405.878951,	RCNNAcc=0.883420,	
2018-12-05 07:15:32,221 Epoch[3] Batch [3900]	Speed: 4.47 samples/sec	Train-ROIPoolPenalty=2405.459102,	RCNNAcc=0.883365,	
2018-12-05 07:17:01,198 Epoch[3] Batch [4000]	Speed: 4.50 samples/sec	Train-ROIPoolPenalty=2406.185715,	RCNNAcc=0.883424,	
2018-12-05 07:18:30,272 Epoch[3] Batch [4100]	Speed: 4.49 samples/sec	Train-ROIPoolPenalty=2405.626592,	RCNNAcc=0.883161,	
2018-12-05 07:19:59,539 Epoch[3] Batch [4200]	Speed: 4.48 samples/sec	Train-ROIPoolPenalty=2404.332817,	RCNNAcc=0.882893,	
2018-12-05 07:21:28,087 Epoch[3] Batch [4300]	Speed: 4.52 samples/sec	Train-ROIPoolPenalty=2403.494115,	RCNNAcc=0.882827,	
2018-12-05 07:22:56,944 Epoch[3] Batch [4400]	Speed: 4.50 samples/sec	Train-ROIPoolPenalty=2402.082126,	RCNNAcc=0.882752,	
2018-12-05 07:24:26,076 Epoch[3] Batch [4500]	Speed: 4.49 samples/sec	Train-ROIPoolPenalty=2402.453392,	RCNNAcc=0.882757,	
2018-12-05 07:25:55,267 Epoch[3] Batch [4600]	Speed: 4.48 samples/sec	Train-ROIPoolPenalty=2403.164576,	RCNNAcc=0.882786,	
2018-12-05 07:27:24,560 Epoch[3] Batch [4700]	Speed: 4.48 samples/sec	Train-ROIPoolPenalty=2403.248652,	RCNNAcc=0.882649,	
2018-12-05 07:28:53,906 Epoch[3] Batch [4800]	Speed: 4.48 samples/sec	Train-ROIPoolPenalty=2402.808240,	RCNNAcc=0.882549,	
2018-12-05 07:30:22,591 Epoch[3] Batch [4900]	Speed: 4.51 samples/sec	Train-ROIPoolPenalty=2401.933469,	RCNNAcc=0.882489,	
2018-12-05 07:31:52,026 Epoch[3] Batch [5000]	Speed: 4.47 samples/sec	Train-ROIPoolPenalty=2400.953709,	RCNNAcc=0.882436,	
2018-12-05 07:33:20,954 Epoch[3] Batch [5100]	Speed: 4.50 samples/sec	Train-ROIPoolPenalty=2401.307261,	RCNNAcc=0.882520,	
2018-12-05 07:34:49,354 Epoch[3] Batch [5200]	Speed: 4.52 samples/sec	Train-ROIPoolPenalty=2401.447227,	RCNNAcc=0.882613,	
2018-12-05 07:36:18,324 Epoch[3] Batch [5300]	Speed: 4.50 samples/sec	Train-ROIPoolPenalty=2400.444557,	RCNNAcc=0.882454,	
2018-12-05 07:37:46,780 Epoch[3] Batch [5400]	Speed: 4.52 samples/sec	Train-ROIPoolPenalty=2399.813525,	RCNNAcc=0.882295,	
2018-12-05 07:39:15,476 Epoch[3] Batch [5500]	Speed: 4.51 samples/sec	Train-ROIPoolPenalty=2399.594828,	RCNNAcc=0.882151,	
2018-12-05 07:40:43,790 Epoch[3] Batch [5600]	Speed: 4.53 samples/sec	Train-ROIPoolPenalty=2399.842112,	RCNNAcc=0.882005,	
2018-12-05 07:42:12,668 Epoch[3] Batch [5700]	Speed: 4.50 samples/sec	Train-ROIPoolPenalty=2399.065481,	RCNNAcc=0.881944,	
2018-12-05 07:43:41,623 Epoch[3] Batch [5800]	Speed: 4.50 samples/sec	Train-ROIPoolPenalty=2399.641139,	RCNNAcc=0.881992,	
2018-12-05 07:45:10,794 Epoch[3] Batch [5900]	Speed: 4.49 samples/sec	Train-ROIPoolPenalty=2399.214921,	RCNNAcc=0.881785,	
2018-12-05 07:46:39,520 Epoch[3] Batch [6000]	Speed: 4.51 samples/sec	Train-ROIPoolPenalty=2399.350858,	RCNNAcc=0.881925,	
2018-12-05 07:48:08,389 Epoch[3] Batch [6100]	Speed: 4.50 samples/sec	Train-ROIPoolPenalty=2399.449405,	RCNNAcc=0.881939,	
2018-12-05 07:49:37,201 Epoch[3] Batch [6200]	Speed: 4.50 samples/sec	Train-ROIPoolPenalty=2399.506934,	RCNNAcc=0.881832,	
2018-12-05 07:51:06,198 Epoch[3] Batch [6300]	Speed: 4.49 samples/sec	Train-ROIPoolPenalty=2399.528101,	RCNNAcc=0.881729,	
2018-12-05 07:52:35,697 Epoch[3] Batch [6400]	Speed: 4.47 samples/sec	Train-ROIPoolPenalty=2399.396407,	RCNNAcc=0.881782,	
2018-12-05 07:54:05,207 Epoch[3] Batch [6500]	Speed: 4.47 samples/sec	Train-ROIPoolPenalty=2398.927578,	RCNNAcc=0.881720,	
2018-12-05 07:55:34,095 Epoch[3] Batch [6600]	Speed: 4.50 samples/sec	Train-ROIPoolPenalty=2399.502697,	RCNNAcc=0.881736,	
2018-12-05 07:57:03,168 Epoch[3] Batch [6700]	Speed: 4.49 samples/sec	Train-ROIPoolPenalty=2399.760451,	RCNNAcc=0.881722,	
2018-12-05 07:58:31,954 Epoch[3] Batch [6800]	Speed: 4.51 samples/sec	Train-ROIPoolPenalty=2399.564633,	RCNNAcc=0.881662,	
2018-12-05 08:00:00,742 Epoch[3] Batch [6900]	Speed: 4.51 samples/sec	Train-ROIPoolPenalty=2399.888802,	RCNNAcc=0.881748,	
2018-12-05 08:01:29,386 Epoch[3] Batch [7000]	Speed: 4.51 samples/sec	Train-ROIPoolPenalty=2400.341105,	RCNNAcc=0.881783,	
2018-12-05 08:02:58,235 Epoch[3] Batch [7100]	Speed: 4.50 samples/sec	Train-ROIPoolPenalty=2400.731453,	RCNNAcc=0.881791,	
2018-12-05 08:04:27,180 Epoch[3] Batch [7200]	Speed: 4.50 samples/sec	Train-ROIPoolPenalty=2400.208059,	RCNNAcc=0.881633,	
2018-12-05 08:05:56,346 Epoch[3] Batch [7300]	Speed: 4.49 samples/sec	Train-ROIPoolPenalty=2399.868036,	RCNNAcc=0.881470,	
2018-12-05 08:07:25,623 Epoch[3] Batch [7400]	Speed: 4.48 samples/sec	Train-ROIPoolPenalty=2399.975612,	RCNNAcc=0.881535,	
2018-12-05 08:08:54,713 Epoch[3] Batch [7500]	Speed: 4.49 samples/sec	Train-ROIPoolPenalty=2400.137090,	RCNNAcc=0.881562,	
2018-12-05 08:10:23,632 Epoch[3] Batch [7600]	Speed: 4.50 samples/sec	Train-ROIPoolPenalty=2400.106975,	RCNNAcc=0.881535,	
2018-12-05 08:11:52,540 Epoch[3] Batch [7700]	Speed: 4.50 samples/sec	Train-ROIPoolPenalty=2400.019430,	RCNNAcc=0.881308,	
2018-12-05 08:13:21,510 Epoch[3] Batch [7800]	Speed: 4.50 samples/sec	Train-ROIPoolPenalty=2399.964744,	RCNNAcc=0.881139,	
2018-12-05 08:14:50,906 Epoch[3] Batch [7900]	Speed: 4.47 samples/sec	Train-ROIPoolPenalty=2399.294699,	RCNNAcc=0.881020,	
2018-12-05 08:16:19,543 Epoch[3] Batch [8000]	Speed: 4.51 samples/sec	Train-ROIPoolPenalty=2398.614497,	RCNNAcc=0.880908,	
2018-12-05 08:17:48,987 Epoch[3] Batch [8100]	Speed: 4.47 samples/sec	Train-ROIPoolPenalty=2398.526187,	RCNNAcc=0.880704,	
2018-12-05 08:19:17,827 Epoch[3] Batch [8200]	Speed: 4.50 samples/sec	Train-ROIPoolPenalty=2398.269996,	RCNNAcc=0.880637,	
2018-12-05 08:20:23,445 Epoch[3] Train-ROIPoolPenalty=2398.022991
2018-12-05 08:20:23,446 Epoch[3] Train-RCNNAcc=0.880615
2018-12-05 08:20:23,446 Epoch[3] Time cost=7364.720
2018-12-05 08:20:24,752 Saved checkpoint to "output/r_0.1.yaml/2007_trainval_2012_trainval/first-0004.params"
2018-12-05 08:20:27,157 Saved optimizer state to "output/r_0.1.yaml/2007_trainval_2012_trainval/first-0004.states"
2018-12-05 08:20:27,914 Saved checkpoint to "output/r_0.1.yaml/2007_trainval_2012_trainval/first-0004.params"
2018-12-05 08:21:58,110 Epoch[4] Batch [100]	Speed: 4.48 samples/sec	Train-ROIPoolPenalty=2403.908669,	RCNNAcc=0.886487,	
2018-12-05 08:23:26,735 Epoch[4] Batch [200]	Speed: 4.51 samples/sec	Train-ROIPoolPenalty=2403.023012,	RCNNAcc=0.886524,	
2018-12-05 08:24:55,737 Epoch[4] Batch [300]	Speed: 4.49 samples/sec	Train-ROIPoolPenalty=2394.761232,	RCNNAcc=0.881638,	
2018-12-05 08:26:24,709 Epoch[4] Batch [400]	Speed: 4.50 samples/sec	Train-ROIPoolPenalty=2403.170163,	RCNNAcc=0.882486,	
2018-12-05 08:27:53,856 Epoch[4] Batch [500]	Speed: 4.49 samples/sec	Train-ROIPoolPenalty=2410.082981,	RCNNAcc=0.883214,	
2018-12-05 08:29:22,183 Epoch[4] Batch [600]	Speed: 4.53 samples/sec	Train-ROIPoolPenalty=2409.080622,	RCNNAcc=0.882403,	
2018-12-05 08:30:51,120 Epoch[4] Batch [700]	Speed: 4.50 samples/sec	Train-ROIPoolPenalty=2415.065185,	RCNNAcc=0.883899,	
2018-12-05 08:32:19,812 Epoch[4] Batch [800]	Speed: 4.51 samples/sec	Train-ROIPoolPenalty=2422.494308,	RCNNAcc=0.885212,	
2018-12-05 08:33:48,953 Epoch[4] Batch [900]	Speed: 4.49 samples/sec	Train-ROIPoolPenalty=2429.528194,	RCNNAcc=0.885941,	
2018-12-05 08:35:17,858 Epoch[4] Batch [1000]	Speed: 4.50 samples/sec	Train-ROIPoolPenalty=2429.791139,	RCNNAcc=0.886373,	
2018-12-05 08:36:46,085 Epoch[4] Batch [1100]	Speed: 4.53 samples/sec	Train-ROIPoolPenalty=2438.550317,	RCNNAcc=0.886846,	
2018-12-05 08:38:15,159 Epoch[4] Batch [1200]	Speed: 4.49 samples/sec	Train-ROIPoolPenalty=2445.976919,	RCNNAcc=0.887516,	
2018-12-05 08:39:43,692 Epoch[4] Batch [1300]	Speed: 4.52 samples/sec	Train-ROIPoolPenalty=2450.790872,	RCNNAcc=0.887505,	
2018-12-05 08:41:12,440 Epoch[4] Batch [1400]	Speed: 4.51 samples/sec	Train-ROIPoolPenalty=2451.292024,	RCNNAcc=0.887353,	
2018-12-05 08:42:41,057 Epoch[4] Batch [1500]	Speed: 4.51 samples/sec	Train-ROIPoolPenalty=2454.905908,	RCNNAcc=0.888327,	
2018-12-05 08:44:09,929 Epoch[4] Batch [1600]	Speed: 4.50 samples/sec	Train-ROIPoolPenalty=2459.859826,	RCNNAcc=0.889045,	
2018-12-05 08:45:38,645 Epoch[4] Batch [1700]	Speed: 4.51 samples/sec	Train-ROIPoolPenalty=2462.602404,	RCNNAcc=0.889190,	
2018-12-05 08:47:07,870 Epoch[4] Batch [1800]	Speed: 4.48 samples/sec	Train-ROIPoolPenalty=2462.442337,	RCNNAcc=0.888848,	
2018-12-05 08:48:36,772 Epoch[4] Batch [1900]	Speed: 4.50 samples/sec	Train-ROIPoolPenalty=2466.768706,	RCNNAcc=0.889106,	
2018-12-05 08:50:05,371 Epoch[4] Batch [2000]	Speed: 4.51 samples/sec	Train-ROIPoolPenalty=2467.790196,	RCNNAcc=0.888872,	
2018-12-05 08:51:34,311 Epoch[4] Batch [2100]	Speed: 4.50 samples/sec	Train-ROIPoolPenalty=2467.400892,	RCNNAcc=0.888806,	
2018-12-05 08:53:03,117 Epoch[4] Batch [2200]	Speed: 4.50 samples/sec	Train-ROIPoolPenalty=2466.727557,	RCNNAcc=0.888493,	
2018-12-05 08:54:32,097 Epoch[4] Batch [2300]	Speed: 4.50 samples/sec	Train-ROIPoolPenalty=2466.687867,	RCNNAcc=0.888414,	
2018-12-05 08:56:00,811 Epoch[4] Batch [2400]	Speed: 4.51 samples/sec	Train-ROIPoolPenalty=2466.428730,	RCNNAcc=0.888415,	
2018-12-05 08:57:29,612 Epoch[4] Batch [2500]	Speed: 4.50 samples/sec	Train-ROIPoolPenalty=2464.627015,	RCNNAcc=0.887917,	
2018-12-05 08:58:58,839 Epoch[4] Batch [2600]	Speed: 4.48 samples/sec	Train-ROIPoolPenalty=2465.523385,	RCNNAcc=0.888338,	
2018-12-05 09:00:27,265 Epoch[4] Batch [2700]	Speed: 4.52 samples/sec	Train-ROIPoolPenalty=2465.574899,	RCNNAcc=0.888699,	
2018-12-05 09:01:55,803 Epoch[4] Batch [2800]	Speed: 4.52 samples/sec	Train-ROIPoolPenalty=2466.171161,	RCNNAcc=0.888912,	
2018-12-05 09:03:24,619 Epoch[4] Batch [2900]	Speed: 4.50 samples/sec	Train-ROIPoolPenalty=2465.531802,	RCNNAcc=0.889047,	
2018-12-05 09:04:53,794 Epoch[4] Batch [3000]	Speed: 4.49 samples/sec	Train-ROIPoolPenalty=2464.343497,	RCNNAcc=0.889071,	
2018-12-05 09:06:22,547 Epoch[4] Batch [3100]	Speed: 4.51 samples/sec	Train-ROIPoolPenalty=2463.912741,	RCNNAcc=0.889278,	
2018-12-05 09:07:51,364 Epoch[4] Batch [3200]	Speed: 4.50 samples/sec	Train-ROIPoolPenalty=2462.936960,	RCNNAcc=0.889491,	
2018-12-05 09:09:20,354 Epoch[4] Batch [3300]	Speed: 4.49 samples/sec	Train-ROIPoolPenalty=2463.734726,	RCNNAcc=0.889411,	
2018-12-05 09:10:49,976 Epoch[4] Batch [3400]	Speed: 4.46 samples/sec	Train-ROIPoolPenalty=2463.735065,	RCNNAcc=0.889242,	
2018-12-05 09:12:18,601 Epoch[4] Batch [3500]	Speed: 4.51 samples/sec	Train-ROIPoolPenalty=2463.699963,	RCNNAcc=0.889122,	
2018-12-05 09:13:47,277 Epoch[4] Batch [3600]	Speed: 4.51 samples/sec	Train-ROIPoolPenalty=2463.793277,	RCNNAcc=0.889180,	
2018-12-05 09:15:15,983 Epoch[4] Batch [3700]	Speed: 4.51 samples/sec	Train-ROIPoolPenalty=2463.068873,	RCNNAcc=0.889187,	
2018-12-05 09:16:45,211 Epoch[4] Batch [3800]	Speed: 4.48 samples/sec	Train-ROIPoolPenalty=2463.082886,	RCNNAcc=0.889332,	
2018-12-05 09:18:14,596 Epoch[4] Batch [3900]	Speed: 4.48 samples/sec	Train-ROIPoolPenalty=2463.172304,	RCNNAcc=0.889171,	
2018-12-05 09:19:43,499 Epoch[4] Batch [4000]	Speed: 4.50 samples/sec	Train-ROIPoolPenalty=2463.301555,	RCNNAcc=0.889258,	
2018-12-05 09:21:12,330 Epoch[4] Batch [4100]	Speed: 4.50 samples/sec	Train-ROIPoolPenalty=2462.956781,	RCNNAcc=0.889402,	
2018-12-05 09:22:41,045 Epoch[4] Batch [4200]	Speed: 4.51 samples/sec	Train-ROIPoolPenalty=2463.679549,	RCNNAcc=0.889299,	
2018-12-05 09:24:10,098 Epoch[4] Batch [4300]	Speed: 4.49 samples/sec	Train-ROIPoolPenalty=2464.686239,	RCNNAcc=0.889319,	
2018-12-05 09:25:39,328 Epoch[4] Batch [4400]	Speed: 4.48 samples/sec	Train-ROIPoolPenalty=2464.608697,	RCNNAcc=0.889255,	
2018-12-05 09:27:07,583 Epoch[4] Batch [4500]	Speed: 4.53 samples/sec	Train-ROIPoolPenalty=2463.280204,	RCNNAcc=0.889017,	
2018-12-05 09:28:36,770 Epoch[4] Batch [4600]	Speed: 4.49 samples/sec	Train-ROIPoolPenalty=2463.398505,	RCNNAcc=0.889142,	
2018-12-05 09:30:05,505 Epoch[4] Batch [4700]	Speed: 4.51 samples/sec	Train-ROIPoolPenalty=2463.013907,	RCNNAcc=0.889059,	
2018-12-05 09:31:34,479 Epoch[4] Batch [4800]	Speed: 4.50 samples/sec	Train-ROIPoolPenalty=2462.469950,	RCNNAcc=0.889079,	
2018-12-05 09:33:03,913 Epoch[4] Batch [4900]	Speed: 4.47 samples/sec	Train-ROIPoolPenalty=2461.940187,	RCNNAcc=0.889172,	
2018-12-05 09:34:32,643 Epoch[4] Batch [5000]	Speed: 4.51 samples/sec	Train-ROIPoolPenalty=2462.642810,	RCNNAcc=0.889389,	
2018-12-05 09:36:01,341 Epoch[4] Batch [5100]	Speed: 4.51 samples/sec	Train-ROIPoolPenalty=2462.761175,	RCNNAcc=0.889420,	
2018-12-05 09:37:30,218 Epoch[4] Batch [5200]	Speed: 4.50 samples/sec	Train-ROIPoolPenalty=2463.165264,	RCNNAcc=0.889655,	
2018-12-05 09:38:58,717 Epoch[4] Batch [5300]	Speed: 4.52 samples/sec	Train-ROIPoolPenalty=2463.645954,	RCNNAcc=0.889600,	
2018-12-05 09:40:28,288 Epoch[4] Batch [5400]	Speed: 4.47 samples/sec	Train-ROIPoolPenalty=2462.845190,	RCNNAcc=0.889454,	
2018-12-05 09:41:57,039 Epoch[4] Batch [5500]	Speed: 4.51 samples/sec	Train-ROIPoolPenalty=2461.826765,	RCNNAcc=0.889306,	
2018-12-05 09:43:26,106 Epoch[4] Batch [5600]	Speed: 4.49 samples/sec	Train-ROIPoolPenalty=2461.627860,	RCNNAcc=0.889320,	
2018-12-05 09:44:54,693 Epoch[4] Batch [5700]	Speed: 4.52 samples/sec	Train-ROIPoolPenalty=2461.941022,	RCNNAcc=0.889231,	
2018-12-05 09:46:23,417 Epoch[4] Batch [5800]	Speed: 4.51 samples/sec	Train-ROIPoolPenalty=2462.077946,	RCNNAcc=0.889265,	
2018-12-05 09:47:51,915 Epoch[4] Batch [5900]	Speed: 4.52 samples/sec	Train-ROIPoolPenalty=2461.716185,	RCNNAcc=0.889101,	
2018-12-05 09:49:20,534 Epoch[4] Batch [6000]	Speed: 4.51 samples/sec	Train-ROIPoolPenalty=2462.199113,	RCNNAcc=0.889174,	
2018-12-05 09:50:49,350 Epoch[4] Batch [6100]	Speed: 4.50 samples/sec	Train-ROIPoolPenalty=2462.377923,	RCNNAcc=0.889256,	
2018-12-05 09:52:18,580 Epoch[4] Batch [6200]	Speed: 4.48 samples/sec	Train-ROIPoolPenalty=2462.837342,	RCNNAcc=0.889356,	
2018-12-05 09:53:47,629 Epoch[4] Batch [6300]	Speed: 4.49 samples/sec	Train-ROIPoolPenalty=2463.368658,	RCNNAcc=0.889364,	
2018-12-05 09:55:16,571 Epoch[4] Batch [6400]	Speed: 4.50 samples/sec	Train-ROIPoolPenalty=2463.026979,	RCNNAcc=0.889251,	
2018-12-05 09:56:45,662 Epoch[4] Batch [6500]	Speed: 4.49 samples/sec	Train-ROIPoolPenalty=2463.074730,	RCNNAcc=0.889245,	
2018-12-05 09:58:14,959 Epoch[4] Batch [6600]	Speed: 4.48 samples/sec	Train-ROIPoolPenalty=2463.743816,	RCNNAcc=0.889276,	
2018-12-05 09:59:43,940 Epoch[4] Batch [6700]	Speed: 4.50 samples/sec	Train-ROIPoolPenalty=2464.360489,	RCNNAcc=0.889422,	
2018-12-05 10:01:12,878 Epoch[4] Batch [6800]	Speed: 4.50 samples/sec	Train-ROIPoolPenalty=2465.179836,	RCNNAcc=0.889516,	
2018-12-05 10:02:14,030 Update[39971]: Change learning rate to 5.00000e-05
2018-12-05 10:02:41,114 Epoch[4] Batch [6900]	Speed: 4.53 samples/sec	Train-ROIPoolPenalty=2466.601431,	RCNNAcc=0.889635,	
2018-12-05 10:04:10,569 Epoch[4] Batch [7000]	Speed: 4.47 samples/sec	Train-ROIPoolPenalty=2467.656869,	RCNNAcc=0.889788,	
2018-12-05 10:05:39,052 Epoch[4] Batch [7100]	Speed: 4.52 samples/sec	Train-ROIPoolPenalty=2469.284527,	RCNNAcc=0.889962,	
2018-12-05 10:07:08,244 Epoch[4] Batch [7200]	Speed: 4.48 samples/sec	Train-ROIPoolPenalty=2470.827834,	RCNNAcc=0.890161,	
2018-12-05 10:08:38,365 Epoch[4] Batch [7300]	Speed: 4.44 samples/sec	Train-ROIPoolPenalty=2472.543023,	RCNNAcc=0.890283,	
2018-12-05 10:10:08,423 Epoch[4] Batch [7400]	Speed: 4.44 samples/sec	Train-ROIPoolPenalty=2474.235428,	RCNNAcc=0.890468,	
2018-12-05 10:11:38,188 Epoch[4] Batch [7500]	Speed: 4.46 samples/sec	Train-ROIPoolPenalty=2475.684333,	RCNNAcc=0.890530,	
2018-12-05 10:13:07,299 Epoch[4] Batch [7600]	Speed: 4.49 samples/sec	Train-ROIPoolPenalty=2477.539676,	RCNNAcc=0.890761,	
2018-12-05 10:14:37,157 Epoch[4] Batch [7700]	Speed: 4.45 samples/sec	Train-ROIPoolPenalty=2478.939985,	RCNNAcc=0.890872,	
2018-12-05 10:16:07,585 Epoch[4] Batch [7800]	Speed: 4.42 samples/sec	Train-ROIPoolPenalty=2480.805304,	RCNNAcc=0.891093,	
2018-12-05 10:17:36,432 Epoch[4] Batch [7900]	Speed: 4.50 samples/sec	Train-ROIPoolPenalty=2482.417027,	RCNNAcc=0.891354,	
2018-12-05 10:19:05,873 Epoch[4] Batch [8000]	Speed: 4.47 samples/sec	Train-ROIPoolPenalty=2484.056360,	RCNNAcc=0.891599,	
2018-12-05 10:20:34,998 Epoch[4] Batch [8100]	Speed: 4.49 samples/sec	Train-ROIPoolPenalty=2485.283285,	RCNNAcc=0.891753,	
2018-12-05 10:22:03,737 Epoch[4] Batch [8200]	Speed: 4.51 samples/sec	Train-ROIPoolPenalty=2487.117927,	RCNNAcc=0.891906,	
2018-12-05 10:23:10,100 Epoch[4] Train-ROIPoolPenalty=2488.225688
2018-12-05 10:23:10,101 Epoch[4] Train-RCNNAcc=0.892122
2018-12-05 10:23:10,101 Epoch[4] Time cost=7362.142
2018-12-05 10:23:11,441 Saved checkpoint to "output/r_0.1.yaml/2007_trainval_2012_trainval/first-0005.params"
2018-12-05 10:23:14,046 Saved optimizer state to "output/r_0.1.yaml/2007_trainval_2012_trainval/first-0005.states"
2018-12-05 10:23:15,167 Saved checkpoint to "output/r_0.1.yaml/2007_trainval_2012_trainval/first-0005.params"
2018-12-05 10:24:45,869 Epoch[5] Batch [100]	Speed: 4.46 samples/sec	Train-ROIPoolPenalty=2641.429163,	RCNNAcc=0.910582,	
2018-12-05 10:26:15,226 Epoch[5] Batch [200]	Speed: 4.48 samples/sec	Train-ROIPoolPenalty=2653.992918,	RCNNAcc=0.912780,	
2018-12-05 10:27:44,749 Epoch[5] Batch [300]	Speed: 4.47 samples/sec	Train-ROIPoolPenalty=2648.936153,	RCNNAcc=0.910714,	
2018-12-05 10:29:13,744 Epoch[5] Batch [400]	Speed: 4.49 samples/sec	Train-ROIPoolPenalty=2654.979600,	RCNNAcc=0.911174,	
2018-12-05 10:30:42,618 Epoch[5] Batch [500]	Speed: 4.50 samples/sec	Train-ROIPoolPenalty=2655.752139,	RCNNAcc=0.911033,	
2018-12-05 10:32:11,620 Epoch[5] Batch [600]	Speed: 4.49 samples/sec	Train-ROIPoolPenalty=2658.769017,	RCNNAcc=0.911784,	
2018-12-05 10:33:40,794 Epoch[5] Batch [700]	Speed: 4.49 samples/sec	Train-ROIPoolPenalty=2663.238163,	RCNNAcc=0.912770,	
2018-12-05 10:35:09,813 Epoch[5] Batch [800]	Speed: 4.49 samples/sec	Train-ROIPoolPenalty=2665.690234,	RCNNAcc=0.912234,	
2018-12-05 10:36:38,429 Epoch[5] Batch [900]	Speed: 4.51 samples/sec	Train-ROIPoolPenalty=2669.199329,	RCNNAcc=0.912588,	
2018-12-05 10:38:06,709 Epoch[5] Batch [1000]	Speed: 4.53 samples/sec	Train-ROIPoolPenalty=2672.443900,	RCNNAcc=0.912931,	
2018-12-05 10:39:35,452 Epoch[5] Batch [1100]	Speed: 4.51 samples/sec	Train-ROIPoolPenalty=2670.923438,	RCNNAcc=0.911859,	
2018-12-05 10:41:04,149 Epoch[5] Batch [1200]	Speed: 4.51 samples/sec	Train-ROIPoolPenalty=2670.251867,	RCNNAcc=0.911846,	
2018-12-05 10:42:32,828 Epoch[5] Batch [1300]	Speed: 4.51 samples/sec	Train-ROIPoolPenalty=2670.500557,	RCNNAcc=0.912205,	
2018-12-05 10:44:01,701 Epoch[5] Batch [1400]	Speed: 4.50 samples/sec	Train-ROIPoolPenalty=2670.658545,	RCNNAcc=0.912503,	
2018-12-05 10:45:30,926 Epoch[5] Batch [1500]	Speed: 4.48 samples/sec	Train-ROIPoolPenalty=2672.736450,	RCNNAcc=0.912703,	
2018-12-05 10:46:59,725 Epoch[5] Batch [1600]	Speed: 4.50 samples/sec	Train-ROIPoolPenalty=2675.727140,	RCNNAcc=0.912568,	
2018-12-05 10:48:28,243 Epoch[5] Batch [1700]	Speed: 4.52 samples/sec	Train-ROIPoolPenalty=2677.946620,	RCNNAcc=0.912284,	
2018-12-05 10:49:57,514 Epoch[5] Batch [1800]	Speed: 4.48 samples/sec	Train-ROIPoolPenalty=2679.266350,	RCNNAcc=0.912403,	
2018-12-05 10:51:26,293 Epoch[5] Batch [1900]	Speed: 4.51 samples/sec	Train-ROIPoolPenalty=2680.793515,	RCNNAcc=0.912365,	
2018-12-05 10:52:55,249 Epoch[5] Batch [2000]	Speed: 4.50 samples/sec	Train-ROIPoolPenalty=2683.786406,	RCNNAcc=0.912579,	
2018-12-05 10:54:29,732 Epoch[5] Batch [2100]	Speed: 4.23 samples/sec	Train-ROIPoolPenalty=2685.129820,	RCNNAcc=0.912779,	
2018-12-05 10:55:58,869 Epoch[5] Batch [2200]	Speed: 4.49 samples/sec	Train-ROIPoolPenalty=2687.126684,	RCNNAcc=0.913154,	
2018-12-05 10:57:28,859 Epoch[5] Batch [2300]	Speed: 4.44 samples/sec	Train-ROIPoolPenalty=2689.617310,	RCNNAcc=0.913491,	
2018-12-05 10:59:08,806 Epoch[5] Batch [2400]	Speed: 4.00 samples/sec	Train-ROIPoolPenalty=2691.585497,	RCNNAcc=0.913623,	
2018-12-05 11:00:42,625 Epoch[5] Batch [2500]	Speed: 4.26 samples/sec	Train-ROIPoolPenalty=2693.289005,	RCNNAcc=0.913852,	
2018-12-05 11:02:11,104 Epoch[5] Batch [2600]	Speed: 4.52 samples/sec	Train-ROIPoolPenalty=2695.131963,	RCNNAcc=0.914167,	
2018-12-05 11:03:40,144 Epoch[5] Batch [2700]	Speed: 4.49 samples/sec	Train-ROIPoolPenalty=2696.835916,	RCNNAcc=0.914250,	
2018-12-05 11:05:08,847 Epoch[5] Batch [2800]	Speed: 4.51 samples/sec	Train-ROIPoolPenalty=2699.401789,	RCNNAcc=0.914287,	
2018-12-05 11:06:37,850 Epoch[5] Batch [2900]	Speed: 4.49 samples/sec	Train-ROIPoolPenalty=2700.964078,	RCNNAcc=0.914471,	
2018-12-05 11:08:06,478 Epoch[5] Batch [3000]	Speed: 4.51 samples/sec	Train-ROIPoolPenalty=2702.174320,	RCNNAcc=0.914640,	
2018-12-05 11:09:35,441 Epoch[5] Batch [3100]	Speed: 4.50 samples/sec	Train-ROIPoolPenalty=2703.732467,	RCNNAcc=0.914782,	
2018-12-05 11:11:04,128 Epoch[5] Batch [3200]	Speed: 4.51 samples/sec	Train-ROIPoolPenalty=2705.125639,	RCNNAcc=0.914756,	
2018-12-05 11:12:32,533 Epoch[5] Batch [3300]	Speed: 4.52 samples/sec	Train-ROIPoolPenalty=2706.588790,	RCNNAcc=0.914911,	
2018-12-05 11:14:01,750 Epoch[5] Batch [3400]	Speed: 4.48 samples/sec	Train-ROIPoolPenalty=2707.507445,	RCNNAcc=0.914995,	
2018-12-05 11:15:30,807 Epoch[5] Batch [3500]	Speed: 4.49 samples/sec	Train-ROIPoolPenalty=2707.786811,	RCNNAcc=0.915006,	
2018-12-05 11:16:59,734 Epoch[5] Batch [3600]	Speed: 4.50 samples/sec	Train-ROIPoolPenalty=2708.543999,	RCNNAcc=0.915095,	
2018-12-05 11:18:28,574 Epoch[5] Batch [3700]	Speed: 4.50 samples/sec	Train-ROIPoolPenalty=2709.056087,	RCNNAcc=0.915049,	
2018-12-05 11:19:57,516 Epoch[5] Batch [3800]	Speed: 4.50 samples/sec	Train-ROIPoolPenalty=2710.035379,	RCNNAcc=0.915218,	
2018-12-05 11:21:26,220 Epoch[5] Batch [3900]	Speed: 4.51 samples/sec	Train-ROIPoolPenalty=2711.437207,	RCNNAcc=0.915225,	
2018-12-05 11:22:55,068 Epoch[5] Batch [4000]	Speed: 4.50 samples/sec	Train-ROIPoolPenalty=2712.277711,	RCNNAcc=0.915178,	
2018-12-05 11:24:24,289 Epoch[5] Batch [4100]	Speed: 4.48 samples/sec	Train-ROIPoolPenalty=2713.837544,	RCNNAcc=0.915159,	
2018-12-05 11:25:52,370 Epoch[5] Batch [4200]	Speed: 4.54 samples/sec	Train-ROIPoolPenalty=2714.390804,	RCNNAcc=0.915288,	
2018-12-05 11:27:21,549 Epoch[5] Batch [4300]	Speed: 4.49 samples/sec	Train-ROIPoolPenalty=2715.634090,	RCNNAcc=0.915443,	
2018-12-05 11:28:50,954 Epoch[5] Batch [4400]	Speed: 4.47 samples/sec	Train-ROIPoolPenalty=2716.544422,	RCNNAcc=0.915514,	
2018-12-05 11:30:19,789 Epoch[5] Batch [4500]	Speed: 4.50 samples/sec	Train-ROIPoolPenalty=2717.753248,	RCNNAcc=0.915756,	
2018-12-05 11:31:48,329 Epoch[5] Batch [4600]	Speed: 4.52 samples/sec	Train-ROIPoolPenalty=2718.582146,	RCNNAcc=0.915834,	
2018-12-05 11:33:17,071 Epoch[5] Batch [4700]	Speed: 4.51 samples/sec	Train-ROIPoolPenalty=2719.745404,	RCNNAcc=0.915867,	
2018-12-05 11:34:45,848 Epoch[5] Batch [4800]	Speed: 4.51 samples/sec	Train-ROIPoolPenalty=2720.745195,	RCNNAcc=0.915879,	
2018-12-05 11:36:14,618 Epoch[5] Batch [4900]	Speed: 4.51 samples/sec	Train-ROIPoolPenalty=2722.298936,	RCNNAcc=0.916018,	
2018-12-05 11:37:43,147 Epoch[5] Batch [5000]	Speed: 4.52 samples/sec	Train-ROIPoolPenalty=2722.519759,	RCNNAcc=0.915934,	
2018-12-05 11:39:11,452 Epoch[5] Batch [5100]	Speed: 4.53 samples/sec	Train-ROIPoolPenalty=2722.918710,	RCNNAcc=0.916041,	
2018-12-05 11:40:40,299 Epoch[5] Batch [5200]	Speed: 4.50 samples/sec	Train-ROIPoolPenalty=2723.495283,	RCNNAcc=0.916190,	
2018-12-05 11:42:09,351 Epoch[5] Batch [5300]	Speed: 4.49 samples/sec	Train-ROIPoolPenalty=2724.208801,	RCNNAcc=0.916149,	
2018-12-05 11:43:38,065 Epoch[5] Batch [5400]	Speed: 4.51 samples/sec	Train-ROIPoolPenalty=2724.722241,	RCNNAcc=0.916209,	
2018-12-05 11:45:06,812 Epoch[5] Batch [5500]	Speed: 4.51 samples/sec	Train-ROIPoolPenalty=2725.425769,	RCNNAcc=0.916048,	
2018-12-05 11:46:35,686 Epoch[5] Batch [5600]	Speed: 4.50 samples/sec	Train-ROIPoolPenalty=2726.139479,	RCNNAcc=0.916076,	
2018-12-05 11:48:04,552 Epoch[5] Batch [5700]	Speed: 4.50 samples/sec	Train-ROIPoolPenalty=2726.834068,	RCNNAcc=0.916254,	
2018-12-05 11:49:32,873 Epoch[5] Batch [5800]	Speed: 4.53 samples/sec	Train-ROIPoolPenalty=2727.446975,	RCNNAcc=0.916418,	
2018-12-05 11:51:01,513 Epoch[5] Batch [5900]	Speed: 4.51 samples/sec	Train-ROIPoolPenalty=2728.311557,	RCNNAcc=0.916432,	
2018-12-05 11:52:30,186 Epoch[5] Batch [6000]	Speed: 4.51 samples/sec	Train-ROIPoolPenalty=2728.865512,	RCNNAcc=0.916531,	
2018-12-05 11:53:59,643 Epoch[5] Batch [6100]	Speed: 4.47 samples/sec	Train-ROIPoolPenalty=2729.221386,	RCNNAcc=0.916469,	
2018-12-05 11:55:27,656 Epoch[5] Batch [6200]	Speed: 4.54 samples/sec	Train-ROIPoolPenalty=2730.041206,	RCNNAcc=0.916576,	
2018-12-05 11:56:56,283 Epoch[5] Batch [6300]	Speed: 4.51 samples/sec	Train-ROIPoolPenalty=2731.029007,	RCNNAcc=0.916629,	
2018-12-05 11:58:25,254 Epoch[5] Batch [6400]	Speed: 4.50 samples/sec	Train-ROIPoolPenalty=2731.527064,	RCNNAcc=0.916695,	
2018-12-05 11:59:52,970 Epoch[5] Batch [6500]	Speed: 4.56 samples/sec	Train-ROIPoolPenalty=2732.106522,	RCNNAcc=0.916689,	
2018-12-05 12:01:21,281 Epoch[5] Batch [6600]	Speed: 4.53 samples/sec	Train-ROIPoolPenalty=2732.799784,	RCNNAcc=0.916662,	
2018-12-05 12:02:50,201 Epoch[5] Batch [6700]	Speed: 4.50 samples/sec	Train-ROIPoolPenalty=2733.306392,	RCNNAcc=0.916632,	
2018-12-05 12:04:19,109 Epoch[5] Batch [6800]	Speed: 4.50 samples/sec	Train-ROIPoolPenalty=2733.739009,	RCNNAcc=0.916664,	
2018-12-05 12:05:48,078 Epoch[5] Batch [6900]	Speed: 4.50 samples/sec	Train-ROIPoolPenalty=2734.349151,	RCNNAcc=0.916598,	
2018-12-05 12:07:16,593 Epoch[5] Batch [7000]	Speed: 4.52 samples/sec	Train-ROIPoolPenalty=2735.394313,	RCNNAcc=0.916719,	
2018-12-05 12:08:46,071 Epoch[5] Batch [7100]	Speed: 4.47 samples/sec	Train-ROIPoolPenalty=2736.174366,	RCNNAcc=0.916717,	
2018-12-05 12:10:15,047 Epoch[5] Batch [7200]	Speed: 4.50 samples/sec	Train-ROIPoolPenalty=2737.546466,	RCNNAcc=0.916845,	
2018-12-05 12:11:43,468 Epoch[5] Batch [7300]	Speed: 4.52 samples/sec	Train-ROIPoolPenalty=2738.113889,	RCNNAcc=0.916882,	
2018-12-05 12:13:11,974 Epoch[5] Batch [7400]	Speed: 4.52 samples/sec	Train-ROIPoolPenalty=2738.923814,	RCNNAcc=0.916966,	
2018-12-05 12:14:40,912 Epoch[5] Batch [7500]	Speed: 4.50 samples/sec	Train-ROIPoolPenalty=2739.952300,	RCNNAcc=0.917041,	
2018-12-05 12:16:09,673 Epoch[5] Batch [7600]	Speed: 4.51 samples/sec	Train-ROIPoolPenalty=2740.474495,	RCNNAcc=0.916959,	
2018-12-05 12:17:38,150 Epoch[5] Batch [7700]	Speed: 4.52 samples/sec	Train-ROIPoolPenalty=2741.200079,	RCNNAcc=0.917034,	
2018-12-05 12:19:07,076 Epoch[5] Batch [7800]	Speed: 4.50 samples/sec	Train-ROIPoolPenalty=2741.680301,	RCNNAcc=0.917017,	
2018-12-05 12:20:36,330 Epoch[5] Batch [7900]	Speed: 4.48 samples/sec	Train-ROIPoolPenalty=2741.877283,	RCNNAcc=0.916897,	
2018-12-05 12:22:05,094 Epoch[5] Batch [8000]	Speed: 4.51 samples/sec	Train-ROIPoolPenalty=2742.233649,	RCNNAcc=0.916937,	
2018-12-05 12:23:33,945 Epoch[5] Batch [8100]	Speed: 4.50 samples/sec	Train-ROIPoolPenalty=2742.559709,	RCNNAcc=0.916979,	
2018-12-05 12:25:02,246 Epoch[5] Batch [8200]	Speed: 4.53 samples/sec	Train-ROIPoolPenalty=2743.128447,	RCNNAcc=0.917041,	
2018-12-05 12:26:08,540 Epoch[5] Train-ROIPoolPenalty=2743.324553
2018-12-05 12:26:08,541 Epoch[5] Train-RCNNAcc=0.917090
2018-12-05 12:26:08,541 Epoch[5] Time cost=7373.337
2018-12-05 12:26:09,743 Saved checkpoint to "output/r_0.1.yaml/2007_trainval_2012_trainval/first-0006.params"
2018-12-05 12:26:12,604 Saved optimizer state to "output/r_0.1.yaml/2007_trainval_2012_trainval/first-0006.states"
2018-12-05 12:26:13,128 Saved checkpoint to "output/r_0.1.yaml/2007_trainval_2012_trainval/first-0006.params"
2018-12-05 12:27:42,081 Epoch[6] Batch [100]	Speed: 4.55 samples/sec	Train-ROIPoolPenalty=2782.080070,	RCNNAcc=0.923325,	
2018-12-05 12:29:10,400 Epoch[6] Batch [200]	Speed: 4.53 samples/sec	Train-ROIPoolPenalty=2799.744891,	RCNNAcc=0.925393,	
2018-12-05 12:30:39,313 Epoch[6] Batch [300]	Speed: 4.50 samples/sec	Train-ROIPoolPenalty=2808.699478,	RCNNAcc=0.926644,	
2018-12-05 12:32:08,029 Epoch[6] Batch [400]	Speed: 4.51 samples/sec	Train-ROIPoolPenalty=2816.270863,	RCNNAcc=0.927057,	
2018-12-05 12:33:35,867 Epoch[6] Batch [500]	Speed: 4.55 samples/sec	Train-ROIPoolPenalty=2821.914736,	RCNNAcc=0.926623,	
2018-12-05 12:35:03,680 Epoch[6] Batch [600]	Speed: 4.56 samples/sec	Train-ROIPoolPenalty=2822.562545,	RCNNAcc=0.924556,	
2018-12-05 12:36:32,833 Epoch[6] Batch [700]	Speed: 4.49 samples/sec	Train-ROIPoolPenalty=2827.582178,	RCNNAcc=0.924207,	
2018-12-05 12:38:01,678 Epoch[6] Batch [800]	Speed: 4.50 samples/sec	Train-ROIPoolPenalty=2827.310330,	RCNNAcc=0.924157,	
2018-12-05 12:39:30,995 Epoch[6] Batch [900]	Speed: 4.48 samples/sec	Train-ROIPoolPenalty=2827.181508,	RCNNAcc=0.924179,	
2018-12-05 12:40:59,855 Epoch[6] Batch [1000]	Speed: 4.50 samples/sec	Train-ROIPoolPenalty=2827.787434,	RCNNAcc=0.924454,	
2018-12-05 12:42:29,323 Epoch[6] Batch [1100]	Speed: 4.47 samples/sec	Train-ROIPoolPenalty=2828.022052,	RCNNAcc=0.924378,	
2018-12-05 12:43:58,551 Epoch[6] Batch [1200]	Speed: 4.48 samples/sec	Train-ROIPoolPenalty=2829.048903,	RCNNAcc=0.924334,	
2018-12-05 12:45:27,330 Epoch[6] Batch [1300]	Speed: 4.51 samples/sec	Train-ROIPoolPenalty=2828.498622,	RCNNAcc=0.924508,	
2018-12-05 12:46:55,984 Epoch[6] Batch [1400]	Speed: 4.51 samples/sec	Train-ROIPoolPenalty=2827.743300,	RCNNAcc=0.924135,	
2018-12-05 12:48:24,384 Epoch[6] Batch [1500]	Speed: 4.52 samples/sec	Train-ROIPoolPenalty=2828.367594,	RCNNAcc=0.924241,	
2018-12-05 12:49:53,475 Epoch[6] Batch [1600]	Speed: 4.49 samples/sec	Train-ROIPoolPenalty=2829.679640,	RCNNAcc=0.924386,	
2018-12-05 12:51:22,802 Epoch[6] Batch [1700]	Speed: 4.48 samples/sec	Train-ROIPoolPenalty=2828.687498,	RCNNAcc=0.924278,	
2018-12-05 12:52:51,622 Epoch[6] Batch [1800]	Speed: 4.50 samples/sec	Train-ROIPoolPenalty=2828.840420,	RCNNAcc=0.924234,	
2018-12-05 12:54:20,410 Epoch[6] Batch [1900]	Speed: 4.51 samples/sec	Train-ROIPoolPenalty=2828.895515,	RCNNAcc=0.924389,	
2018-12-05 12:55:49,609 Epoch[6] Batch [2000]	Speed: 4.48 samples/sec	Train-ROIPoolPenalty=2828.974135,	RCNNAcc=0.924179,	
2018-12-05 12:57:18,466 Epoch[6] Batch [2100]	Speed: 4.50 samples/sec	Train-ROIPoolPenalty=2828.098746,	RCNNAcc=0.924075,	
2018-12-05 12:58:47,701 Epoch[6] Batch [2200]	Speed: 4.48 samples/sec	Train-ROIPoolPenalty=2829.100976,	RCNNAcc=0.924053,	
2018-12-05 13:00:16,480 Epoch[6] Batch [2300]	Speed: 4.51 samples/sec	Train-ROIPoolPenalty=2828.475004,	RCNNAcc=0.923734,	
2018-12-05 13:01:45,203 Epoch[6] Batch [2400]	Speed: 4.51 samples/sec	Train-ROIPoolPenalty=2829.063064,	RCNNAcc=0.923734,	
2018-12-05 13:03:14,288 Epoch[6] Batch [2500]	Speed: 4.49 samples/sec	Train-ROIPoolPenalty=2828.830762,	RCNNAcc=0.923624,	
2018-12-05 13:04:43,309 Epoch[6] Batch [2600]	Speed: 4.49 samples/sec	Train-ROIPoolPenalty=2829.805216,	RCNNAcc=0.923695,	
2018-12-05 13:06:12,402 Epoch[6] Batch [2700]	Speed: 4.49 samples/sec	Train-ROIPoolPenalty=2830.622479,	RCNNAcc=0.923827,	
2018-12-05 13:07:41,063 Epoch[6] Batch [2800]	Speed: 4.51 samples/sec	Train-ROIPoolPenalty=2832.021166,	RCNNAcc=0.923974,	
2018-12-05 13:09:09,291 Epoch[6] Batch [2900]	Speed: 4.53 samples/sec	Train-ROIPoolPenalty=2833.156377,	RCNNAcc=0.923926,	
2018-12-05 13:10:38,448 Epoch[6] Batch [3000]	Speed: 4.49 samples/sec	Train-ROIPoolPenalty=2834.576820,	RCNNAcc=0.923798,	
2018-12-05 13:12:06,834 Epoch[6] Batch [3100]	Speed: 4.53 samples/sec	Train-ROIPoolPenalty=2835.844351,	RCNNAcc=0.923936,	
2018-12-05 13:13:36,037 Epoch[6] Batch [3200]	Speed: 4.48 samples/sec	Train-ROIPoolPenalty=2835.935771,	RCNNAcc=0.923601,	
2018-12-05 13:15:05,162 Epoch[6] Batch [3300]	Speed: 4.49 samples/sec	Train-ROIPoolPenalty=2836.726853,	RCNNAcc=0.923523,	
2018-12-05 13:16:34,006 Epoch[6] Batch [3400]	Speed: 4.50 samples/sec	Train-ROIPoolPenalty=2838.135486,	RCNNAcc=0.923608,	
2018-12-05 13:18:01,869 Epoch[6] Batch [3500]	Speed: 4.55 samples/sec	Train-ROIPoolPenalty=2838.609183,	RCNNAcc=0.923727,	
2018-12-05 13:19:29,849 Epoch[6] Batch [3600]	Speed: 4.55 samples/sec	Train-ROIPoolPenalty=2839.615502,	RCNNAcc=0.923761,	
2018-12-05 13:20:58,705 Epoch[6] Batch [3700]	Speed: 4.50 samples/sec	Train-ROIPoolPenalty=2839.719513,	RCNNAcc=0.923875,	
2018-12-05 13:22:28,013 Epoch[6] Batch [3800]	Speed: 4.48 samples/sec	Train-ROIPoolPenalty=2840.905599,	RCNNAcc=0.923872,	
2018-12-05 13:23:56,716 Epoch[6] Batch [3900]	Speed: 4.51 samples/sec	Train-ROIPoolPenalty=2841.426564,	RCNNAcc=0.923940,	
2018-12-05 13:25:25,394 Epoch[6] Batch [4000]	Speed: 4.51 samples/sec	Train-ROIPoolPenalty=2841.596821,	RCNNAcc=0.923989,	
2018-12-05 13:26:54,084 Epoch[6] Batch [4100]	Speed: 4.51 samples/sec	Train-ROIPoolPenalty=2841.997403,	RCNNAcc=0.924057,	
2018-12-05 13:28:22,677 Epoch[6] Batch [4200]	Speed: 4.52 samples/sec	Train-ROIPoolPenalty=2842.356128,	RCNNAcc=0.924007,	
2018-12-05 13:29:51,123 Epoch[6] Batch [4300]	Speed: 4.52 samples/sec	Train-ROIPoolPenalty=2842.665134,	RCNNAcc=0.923933,	
2018-12-05 13:31:20,248 Epoch[6] Batch [4400]	Speed: 4.49 samples/sec	Train-ROIPoolPenalty=2842.915969,	RCNNAcc=0.924108,	
2018-12-05 13:32:49,470 Epoch[6] Batch [4500]	Speed: 4.48 samples/sec	Train-ROIPoolPenalty=2843.421314,	RCNNAcc=0.924155,	
2018-12-05 13:34:18,220 Epoch[6] Batch [4600]	Speed: 4.51 samples/sec	Train-ROIPoolPenalty=2843.927940,	RCNNAcc=0.924077,	
2018-12-05 13:35:47,301 Epoch[6] Batch [4700]	Speed: 4.49 samples/sec	Train-ROIPoolPenalty=2843.742828,	RCNNAcc=0.923998,	
2018-12-05 13:37:16,009 Epoch[6] Batch [4800]	Speed: 4.51 samples/sec	Train-ROIPoolPenalty=2843.781944,	RCNNAcc=0.924114,	
2018-12-05 13:38:44,378 Epoch[6] Batch [4900]	Speed: 4.53 samples/sec	Train-ROIPoolPenalty=2843.810742,	RCNNAcc=0.923966,	
2018-12-05 13:40:13,706 Epoch[6] Batch [5000]	Speed: 4.48 samples/sec	Train-ROIPoolPenalty=2844.459022,	RCNNAcc=0.923979,	
2018-12-05 13:41:42,768 Epoch[6] Batch [5100]	Speed: 4.49 samples/sec	Train-ROIPoolPenalty=2844.513834,	RCNNAcc=0.923885,	
2018-12-05 13:43:11,206 Epoch[6] Batch [5200]	Speed: 4.52 samples/sec	Train-ROIPoolPenalty=2844.746610,	RCNNAcc=0.923866,	
2018-12-05 13:44:40,005 Epoch[6] Batch [5300]	Speed: 4.50 samples/sec	Train-ROIPoolPenalty=2844.948662,	RCNNAcc=0.923903,	
2018-12-05 13:46:08,839 Epoch[6] Batch [5400]	Speed: 4.50 samples/sec	Train-ROIPoolPenalty=2846.036328,	RCNNAcc=0.923893,	
2018-12-05 13:47:37,545 Epoch[6] Batch [5500]	Speed: 4.51 samples/sec	Train-ROIPoolPenalty=2846.541928,	RCNNAcc=0.923833,	
2018-12-05 13:49:06,152 Epoch[6] Batch [5600]	Speed: 4.51 samples/sec	Train-ROIPoolPenalty=2846.842023,	RCNNAcc=0.923859,	
2018-12-05 13:50:34,616 Epoch[6] Batch [5700]	Speed: 4.52 samples/sec	Train-ROIPoolPenalty=2847.055747,	RCNNAcc=0.923975,	
2018-12-05 13:52:02,970 Epoch[6] Batch [5800]	Speed: 4.53 samples/sec	Train-ROIPoolPenalty=2846.992840,	RCNNAcc=0.924006,	
2018-12-05 13:53:31,650 Epoch[6] Batch [5900]	Speed: 4.51 samples/sec	Train-ROIPoolPenalty=2847.200649,	RCNNAcc=0.923998,	
2018-12-05 13:55:00,302 Epoch[6] Batch [6000]	Speed: 4.51 samples/sec	Train-ROIPoolPenalty=2847.515971,	RCNNAcc=0.924149,	
2018-12-05 13:56:29,065 Epoch[6] Batch [6100]	Speed: 4.51 samples/sec	Train-ROIPoolPenalty=2847.765132,	RCNNAcc=0.924032,	
2018-12-05 13:57:58,006 Epoch[6] Batch [6200]	Speed: 4.50 samples/sec	Train-ROIPoolPenalty=2848.578986,	RCNNAcc=0.924061,	
2018-12-05 13:59:26,275 Epoch[6] Batch [6300]	Speed: 4.53 samples/sec	Train-ROIPoolPenalty=2848.608000,	RCNNAcc=0.924043,	
2018-12-05 14:00:54,766 Epoch[6] Batch [6400]	Speed: 4.52 samples/sec	Train-ROIPoolPenalty=2848.981105,	RCNNAcc=0.924064,	
2018-12-05 14:02:23,597 Epoch[6] Batch [6500]	Speed: 4.50 samples/sec	Train-ROIPoolPenalty=2849.552358,	RCNNAcc=0.924039,	
2018-12-05 14:03:52,576 Epoch[6] Batch [6600]	Speed: 4.50 samples/sec	Train-ROIPoolPenalty=2849.960706,	RCNNAcc=0.924073,	
2018-12-05 14:05:21,597 Epoch[6] Batch [6700]	Speed: 4.49 samples/sec	Train-ROIPoolPenalty=2850.211822,	RCNNAcc=0.924075,	
2018-12-05 14:06:50,310 Epoch[6] Batch [6800]	Speed: 4.51 samples/sec	Train-ROIPoolPenalty=2850.491523,	RCNNAcc=0.924046,	
2018-12-05 14:08:19,913 Epoch[6] Batch [6900]	Speed: 4.46 samples/sec	Train-ROIPoolPenalty=2850.585074,	RCNNAcc=0.923968,	
2018-12-05 14:09:48,788 Epoch[6] Batch [7000]	Speed: 4.50 samples/sec	Train-ROIPoolPenalty=2851.247464,	RCNNAcc=0.923955,	
2018-12-05 14:11:17,820 Epoch[6] Batch [7100]	Speed: 4.49 samples/sec	Train-ROIPoolPenalty=2851.863245,	RCNNAcc=0.924054,	
2018-12-05 14:12:46,630 Epoch[6] Batch [7200]	Speed: 4.50 samples/sec	Train-ROIPoolPenalty=2852.162373,	RCNNAcc=0.923985,	
2018-12-05 14:14:15,941 Epoch[6] Batch [7300]	Speed: 4.48 samples/sec	Train-ROIPoolPenalty=2852.561848,	RCNNAcc=0.923910,	
2018-12-05 14:15:44,270 Epoch[6] Batch [7400]	Speed: 4.53 samples/sec	Train-ROIPoolPenalty=2852.815957,	RCNNAcc=0.923922,	
2018-12-05 14:17:13,599 Epoch[6] Batch [7500]	Speed: 4.48 samples/sec	Train-ROIPoolPenalty=2852.854185,	RCNNAcc=0.923927,	
2018-12-05 14:18:42,419 Epoch[6] Batch [7600]	Speed: 4.50 samples/sec	Train-ROIPoolPenalty=2852.879712,	RCNNAcc=0.923939,	
2018-12-05 14:20:11,191 Epoch[6] Batch [7700]	Speed: 4.51 samples/sec	Train-ROIPoolPenalty=2852.852566,	RCNNAcc=0.923970,	
2018-12-05 14:21:40,244 Epoch[6] Batch [7800]	Speed: 4.49 samples/sec	Train-ROIPoolPenalty=2853.319870,	RCNNAcc=0.924019,	
2018-12-05 14:23:08,887 Epoch[6] Batch [7900]	Speed: 4.51 samples/sec	Train-ROIPoolPenalty=2853.637525,	RCNNAcc=0.923997,	
2018-12-05 14:24:38,103 Epoch[6] Batch [8000]	Speed: 4.48 samples/sec	Train-ROIPoolPenalty=2853.907040,	RCNNAcc=0.924036,	
2018-12-05 14:26:06,830 Epoch[6] Batch [8100]	Speed: 4.51 samples/sec	Train-ROIPoolPenalty=2853.864220,	RCNNAcc=0.924006,	
2018-12-05 14:27:35,863 Epoch[6] Batch [8200]	Speed: 4.49 samples/sec	Train-ROIPoolPenalty=2853.943288,	RCNNAcc=0.924042,	
2018-12-05 14:28:41,863 Epoch[6] Train-ROIPoolPenalty=2854.315836
2018-12-05 14:28:41,864 Epoch[6] Train-RCNNAcc=0.924101
2018-12-05 14:28:41,864 Epoch[6] Time cost=7348.690
2018-12-05 14:28:42,969 Saved checkpoint to "output/r_0.1.yaml/2007_trainval_2012_trainval/first-0007.params"
2018-12-05 14:28:45,488 Saved optimizer state to "output/r_0.1.yaml/2007_trainval_2012_trainval/first-0007.states"
2018-12-05 14:28:46,235 Saved checkpoint to "output/r_0.1.yaml/2007_trainval_2012_trainval/first-0007.params"
2018-12-05 14:28:46,327 testing cfg:{'CLASS_AGNOSTIC': True,
 'MXNET_VERSION': 'mxnet',
 'SCALES': [(600, 1000)],
 'TEST': {'BATCH_IMAGES': 1,
          'CXX_PROPOSAL': False,
          'HAS_RPN': True,
          'NMS': 0.3,
          'PROPOSAL_MIN_SIZE': 0,
          'PROPOSAL_NMS_THRESH': 0.7,
          'PROPOSAL_POST_NMS_TOP_N': 2000,
          'PROPOSAL_PRE_NMS_TOP_N': 20000,
          'RPN_MIN_SIZE': 0,
          'RPN_NMS_THRESH': 0.7,
          'RPN_POST_NMS_TOP_N': 300,
          'RPN_PRE_NMS_TOP_N': 6000,
          'max_per_image': 300,
          'test_epoch': 7},
 'TRAIN': {'ALTERNATE': {'RCNN_BATCH_IMAGES': 0,
                         'RPN_BATCH_IMAGES': 0,
                         'rfcn1_epoch': 0,
                         'rfcn1_lr': 0,
                         'rfcn1_lr_step': '',
                         'rfcn2_epoch': 0,
                         'rfcn2_lr': 0,
                         'rfcn2_lr_step': '',
                         'rpn1_epoch': 0,
                         'rpn1_lr': 0,
                         'rpn1_lr_step': '',
                         'rpn2_epoch': 0,
                         'rpn2_lr': 0,
                         'rpn2_lr_step': '',
                         'rpn3_epoch': 0,
                         'rpn3_lr': 0,
                         'rpn3_lr_step': ''},
           'ASPECT_GROUPING': True,
           'BATCH_IMAGES': 1,
           'BATCH_ROIS': -1,
           'BATCH_ROIS_OHEM': 128,
           'BBOX_MEANS': [0.0, 0.0, 0.0, 0.0],
           'BBOX_NORMALIZATION_PRECOMPUTED': True,
           'BBOX_REGRESSION_THRESH': 0.5,
           'BBOX_STDS': [0.1, 0.1, 0.2, 0.2],
           'BBOX_WEIGHTS': array([1., 1., 1., 1.]),
           'BG_THRESH_HI': 0.5,
           'BG_THRESH_LO': 0.0,
           'CXX_PROPOSAL': False,
           'ENABLE_OHEM': True,
           'END2END': True,
           'FG_FRACTION': 0.25,
           'FG_THRESH': 0.5,
           'FLIP': True,
           'RESUME': False,
           'RPN_BATCH_SIZE': 256,
           'RPN_BBOX_WEIGHTS': [1.0, 1.0, 1.0, 1.0],
           'RPN_CLOBBER_POSITIVES': False,
           'RPN_FG_FRACTION': 0.5,
           'RPN_MIN_SIZE': 0,
           'RPN_NEGATIVE_OVERLAP': 0.3,
           'RPN_NMS_THRESH': 0.7,
           'RPN_POSITIVE_OVERLAP': 0.7,
           'RPN_POSITIVE_WEIGHT': -1.0,
           'RPN_POST_NMS_TOP_N': 300,
           'RPN_PRE_NMS_TOP_N': 6000,
           'SHUFFLE': True,
           'begin_epoch': 0,
           'end_epoch': 7,
           'lr': 0.0005,
           'lr_factor': 0.1,
           'lr_step': '4.83',
           'model_prefix': 'first',
           'momentum': 0.9,
           'warmup': True,
           'warmup_lr': 5e-05,
           'warmup_step': 1000,
           'wd': 0.0005},
 'dataset': {'NUM_CLASSES': 21,
             'dataset': 'PascalVOC',
             'dataset_path': '../dataset/VOCdevkit',
             'image_set': '2007_trainval+2012_trainval',
             'proposal': 'rpn',
             'root_path': './data',
             'test_image_set': '2007_test'},
 'default': {'frequent': 100, 'kvstore': 'device'},
 'gpus': '0,1,2,3',
 'mycfg': {'prefix': 'first', 'smoothness_roipool_weight': '1e-5'},
 'network': {'ANCHOR_RATIOS': [0.5, 1, 2],
             'ANCHOR_SCALES': [8, 16, 32],
             'FIXED_PARAMS': ['conv1',
                              'bn_conv1',
                              'res2',
                              'bn2',
                              'gamma',
                              'beta',
                              'smoothness_roipool_kernel',
                              'smoothness_roipool_weight'],
             'FIXED_PARAMS_SHARED': ['conv1',
                                     'bn_conv1',
                                     'res2',
                                     'bn2',
                                     'res3',
                                     'bn3',
                                     'res4',
                                     'bn4',
                                     'gamma',
                                     'beta'],
             'IMAGE_STRIDE': 0,
             'NUM_ANCHORS': 9,
             'PIXEL_MEANS': array([103.06, 115.9 , 123.15]),
             'RCNN_FEAT_STRIDE': 16,
             'RPN_FEAT_STRIDE': 16,
             'pretrained': './model/pretrained_model/resnet_v1_101',
             'pretrained_epoch': 0},
 'output_path': 'output/',
 'symbol': 'resnet_v1_101_rfcn_dcn'}

2018-12-05 14:38:22,585 evaluate detections: 
VOC07 metric? Y
AP for aeroplane = 0.8139
AP for bicycle = 0.8841
AP for bird = 0.8079
AP for boat = 0.7619
AP for bottle = 0.7319
AP for bus = 0.8836
AP for car = 0.8904
AP for cat = 0.8973
AP for chair = 0.7032
AP for cow = 0.8790
AP for diningtable = 0.7613
AP for dog = 0.8963
AP for horse = 0.8872
AP for motorbike = 0.8717
AP for person = 0.8348
AP for pottedplant = 0.5607
AP for sheep = 0.8393
AP for sofa = 0.8082
AP for train = 0.8710
AP for tvmonitor = 0.7940
Mean AP@0.5 = 0.8189

AP for aeroplane = 0.7095
AP for bicycle = 0.7082
AP for bird = 0.6796
AP for boat = 0.5581
AP for bottle = 0.5732
AP for bus = 0.7946
AP for car = 0.7849
AP for cat = 0.7925
AP for chair = 0.5034
AP for cow = 0.7602
AP for diningtable = 0.6307
AP for dog = 0.7822
AP for horse = 0.7760
AP for motorbike = 0.7073
AP for person = 0.6701
AP for pottedplant = 0.3309
AP for sheep = 0.6860
AP for sofa = 0.6677
AP for train = 0.7605
AP for tvmonitor = 0.6995
Mean AP@0.7 = 0.6788
