2018-12-05 09:49:41,203 @@@@smoothness_roipool_weight:5e-06
2018-12-05 09:49:41,203 @@@@prefix:output/r_0.05.yaml/2007_trainval_2012_trainval/first
2018-12-05 09:51:30,391 Epoch[0] Batch [100]	Speed: 4.62 samples/sec	Train-ROIPoolPenalty=0.044346,	RCNNAcc=0.688177,	
2018-12-05 09:52:57,097 Epoch[0] Batch [200]	Speed: 4.61 samples/sec	Train-ROIPoolPenalty=9.465751,	RCNNAcc=0.780958,	
2018-12-05 09:54:23,195 Epoch[0] Batch [300]	Speed: 4.65 samples/sec	Train-ROIPoolPenalty=32.281616,	RCNNAcc=0.819255,	
2018-12-05 09:55:49,390 Epoch[0] Batch [400]	Speed: 4.64 samples/sec	Train-ROIPoolPenalty=64.932199,	RCNNAcc=0.835368,	
2018-12-05 09:57:15,229 Epoch[0] Batch [500]	Speed: 4.66 samples/sec	Train-ROIPoolPenalty=107.928753,	RCNNAcc=0.842670,	
2018-12-05 09:58:41,252 Epoch[0] Batch [600]	Speed: 4.65 samples/sec	Train-ROIPoolPenalty=159.422596,	RCNNAcc=0.844637,	
2018-12-05 10:00:07,097 Epoch[0] Batch [700]	Speed: 4.66 samples/sec	Train-ROIPoolPenalty=215.208127,	RCNNAcc=0.845060,	
2018-12-05 10:01:33,218 Epoch[0] Batch [800]	Speed: 4.64 samples/sec	Train-ROIPoolPenalty=272.284512,	RCNNAcc=0.842867,	
2018-12-05 10:02:59,219 Epoch[0] Batch [900]	Speed: 4.65 samples/sec	Train-ROIPoolPenalty=331.503111,	RCNNAcc=0.841355,	
2018-12-05 10:04:25,202 Epoch[0] Batch [1000]	Speed: 4.65 samples/sec	Train-ROIPoolPenalty=400.734883,	RCNNAcc=0.839809,	
2018-12-05 10:05:51,445 Epoch[0] Batch [1100]	Speed: 4.64 samples/sec	Train-ROIPoolPenalty=437.404898,	RCNNAcc=0.837836,	
2018-12-05 10:07:17,775 Epoch[0] Batch [1200]	Speed: 4.63 samples/sec	Train-ROIPoolPenalty=480.808591,	RCNNAcc=0.836251,	
2018-12-05 10:08:43,778 Epoch[0] Batch [1300]	Speed: 4.65 samples/sec	Train-ROIPoolPenalty=527.119527,	RCNNAcc=0.835705,	
2018-12-05 10:10:09,550 Epoch[0] Batch [1400]	Speed: 4.66 samples/sec	Train-ROIPoolPenalty=579.623707,	RCNNAcc=0.834569,	
2018-12-05 10:11:34,989 Epoch[0] Batch [1500]	Speed: 4.68 samples/sec	Train-ROIPoolPenalty=633.435214,	RCNNAcc=0.833524,	
2018-12-05 10:13:00,468 Epoch[0] Batch [1600]	Speed: 4.68 samples/sec	Train-ROIPoolPenalty=683.209472,	RCNNAcc=0.832004,	
2018-12-05 10:14:26,206 Epoch[0] Batch [1700]	Speed: 4.67 samples/sec	Train-ROIPoolPenalty=730.458757,	RCNNAcc=0.831610,	
2018-12-05 10:15:52,165 Epoch[0] Batch [1800]	Speed: 4.65 samples/sec	Train-ROIPoolPenalty=773.560588,	RCNNAcc=0.831428,	
2018-12-05 10:17:17,582 Epoch[0] Batch [1900]	Speed: 4.68 samples/sec	Train-ROIPoolPenalty=812.925276,	RCNNAcc=0.830822,	
2018-12-05 10:18:43,800 Epoch[0] Batch [2000]	Speed: 4.64 samples/sec	Train-ROIPoolPenalty=845.998331,	RCNNAcc=0.828759,	
2018-12-05 10:20:09,909 Epoch[0] Batch [2100]	Speed: 4.65 samples/sec	Train-ROIPoolPenalty=885.578978,	RCNNAcc=0.828188,	
2018-12-05 10:21:35,860 Epoch[0] Batch [2200]	Speed: 4.65 samples/sec	Train-ROIPoolPenalty=924.989518,	RCNNAcc=0.828849,	
2018-12-05 10:23:01,861 Epoch[0] Batch [2300]	Speed: 4.65 samples/sec	Train-ROIPoolPenalty=954.687972,	RCNNAcc=0.827872,	
2018-12-05 10:24:26,900 Epoch[0] Batch [2400]	Speed: 4.70 samples/sec	Train-ROIPoolPenalty=984.206463,	RCNNAcc=0.827417,	
2018-12-05 10:25:52,199 Epoch[0] Batch [2500]	Speed: 4.69 samples/sec	Train-ROIPoolPenalty=1012.049903,	RCNNAcc=0.826790,	
2018-12-05 10:27:18,013 Epoch[0] Batch [2600]	Speed: 4.66 samples/sec	Train-ROIPoolPenalty=1043.703226,	RCNNAcc=0.827441,	
2018-12-05 10:28:43,770 Epoch[0] Batch [2700]	Speed: 4.66 samples/sec	Train-ROIPoolPenalty=1071.877330,	RCNNAcc=0.827677,	
2018-12-05 10:30:09,872 Epoch[0] Batch [2800]	Speed: 4.65 samples/sec	Train-ROIPoolPenalty=1096.041307,	RCNNAcc=0.827641,	
2018-12-05 10:31:35,766 Epoch[0] Batch [2900]	Speed: 4.66 samples/sec	Train-ROIPoolPenalty=1119.245666,	RCNNAcc=0.827305,	
2018-12-05 10:33:01,457 Epoch[0] Batch [3000]	Speed: 4.67 samples/sec	Train-ROIPoolPenalty=1140.374146,	RCNNAcc=0.827292,	
2018-12-05 10:34:26,607 Epoch[0] Batch [3100]	Speed: 4.70 samples/sec	Train-ROIPoolPenalty=1162.646166,	RCNNAcc=0.827187,	
2018-12-05 10:35:52,742 Epoch[0] Batch [3200]	Speed: 4.64 samples/sec	Train-ROIPoolPenalty=1184.808322,	RCNNAcc=0.827393,	
2018-12-05 10:37:18,510 Epoch[0] Batch [3300]	Speed: 4.66 samples/sec	Train-ROIPoolPenalty=1204.218825,	RCNNAcc=0.826885,	
2018-12-05 10:38:43,964 Epoch[0] Batch [3400]	Speed: 4.68 samples/sec	Train-ROIPoolPenalty=1225.894817,	RCNNAcc=0.827451,	
2018-12-05 10:40:08,898 Epoch[0] Batch [3500]	Speed: 4.71 samples/sec	Train-ROIPoolPenalty=1245.028534,	RCNNAcc=0.827660,	
2018-12-05 10:41:34,673 Epoch[0] Batch [3600]	Speed: 4.66 samples/sec	Train-ROIPoolPenalty=1261.197196,	RCNNAcc=0.827673,	
2018-12-05 10:43:00,211 Epoch[0] Batch [3700]	Speed: 4.68 samples/sec	Train-ROIPoolPenalty=1277.799425,	RCNNAcc=0.827984,	
2018-12-05 10:44:25,844 Epoch[0] Batch [3800]	Speed: 4.67 samples/sec	Train-ROIPoolPenalty=1293.972873,	RCNNAcc=0.828383,	
2018-12-05 10:45:51,366 Epoch[0] Batch [3900]	Speed: 4.68 samples/sec	Train-ROIPoolPenalty=1308.574850,	RCNNAcc=0.828471,	
2018-12-05 10:47:16,911 Epoch[0] Batch [4000]	Speed: 4.68 samples/sec	Train-ROIPoolPenalty=1323.331375,	RCNNAcc=0.828626,	
2018-12-05 10:48:42,385 Epoch[0] Batch [4100]	Speed: 4.68 samples/sec	Train-ROIPoolPenalty=1336.595572,	RCNNAcc=0.828666,	
2018-12-05 10:50:08,286 Epoch[0] Batch [4200]	Speed: 4.66 samples/sec	Train-ROIPoolPenalty=1349.772840,	RCNNAcc=0.828770,	
2018-12-05 10:51:33,639 Epoch[0] Batch [4300]	Speed: 4.69 samples/sec	Train-ROIPoolPenalty=1362.989599,	RCNNAcc=0.828967,	
2018-12-05 10:52:59,863 Epoch[0] Batch [4400]	Speed: 4.64 samples/sec	Train-ROIPoolPenalty=1374.610740,	RCNNAcc=0.828571,	
2018-12-05 10:54:25,316 Epoch[0] Batch [4500]	Speed: 4.68 samples/sec	Train-ROIPoolPenalty=1387.998479,	RCNNAcc=0.828739,	
2018-12-05 10:55:51,196 Epoch[0] Batch [4600]	Speed: 4.66 samples/sec	Train-ROIPoolPenalty=1401.559578,	RCNNAcc=0.828819,	
2018-12-05 10:57:16,750 Epoch[0] Batch [4700]	Speed: 4.68 samples/sec	Train-ROIPoolPenalty=1412.127341,	RCNNAcc=0.828968,	
2018-12-05 10:58:42,581 Epoch[0] Batch [4800]	Speed: 4.66 samples/sec	Train-ROIPoolPenalty=1424.012390,	RCNNAcc=0.829088,	
2018-12-05 11:00:09,049 Epoch[0] Batch [4900]	Speed: 4.63 samples/sec	Train-ROIPoolPenalty=1435.543504,	RCNNAcc=0.829492,	
2018-12-05 11:01:34,572 Epoch[0] Batch [5000]	Speed: 4.68 samples/sec	Train-ROIPoolPenalty=1444.146505,	RCNNAcc=0.829172,	
2018-12-05 11:02:59,967 Epoch[0] Batch [5100]	Speed: 4.68 samples/sec	Train-ROIPoolPenalty=1453.980978,	RCNNAcc=0.829605,	
2018-12-05 11:04:25,781 Epoch[0] Batch [5200]	Speed: 4.66 samples/sec	Train-ROIPoolPenalty=1464.609501,	RCNNAcc=0.829904,	
2018-12-05 11:05:51,036 Epoch[0] Batch [5300]	Speed: 4.69 samples/sec	Train-ROIPoolPenalty=1474.892043,	RCNNAcc=0.830138,	
2018-12-05 11:07:16,693 Epoch[0] Batch [5400]	Speed: 4.67 samples/sec	Train-ROIPoolPenalty=1484.480834,	RCNNAcc=0.830371,	
2018-12-05 11:08:42,611 Epoch[0] Batch [5500]	Speed: 4.66 samples/sec	Train-ROIPoolPenalty=1493.273117,	RCNNAcc=0.830217,	
2018-12-05 11:10:09,053 Epoch[0] Batch [5600]	Speed: 4.63 samples/sec	Train-ROIPoolPenalty=1503.513621,	RCNNAcc=0.830436,	
2018-12-05 11:11:35,112 Epoch[0] Batch [5700]	Speed: 4.65 samples/sec	Train-ROIPoolPenalty=1512.162152,	RCNNAcc=0.830430,	
2018-12-05 11:13:00,823 Epoch[0] Batch [5800]	Speed: 4.67 samples/sec	Train-ROIPoolPenalty=1521.419755,	RCNNAcc=0.830660,	
2018-12-05 11:14:26,562 Epoch[0] Batch [5900]	Speed: 4.67 samples/sec	Train-ROIPoolPenalty=1529.907469,	RCNNAcc=0.830589,	
2018-12-05 11:15:52,423 Epoch[0] Batch [6000]	Speed: 4.66 samples/sec	Train-ROIPoolPenalty=1537.999022,	RCNNAcc=0.830657,	
2018-12-05 11:17:16,613 Epoch[0] Batch [6100]	Speed: 4.75 samples/sec	Train-ROIPoolPenalty=1545.606660,	RCNNAcc=0.830730,	
2018-12-05 11:18:42,327 Epoch[0] Batch [6200]	Speed: 4.67 samples/sec	Train-ROIPoolPenalty=1552.491289,	RCNNAcc=0.830807,	
2018-12-05 11:20:07,953 Epoch[0] Batch [6300]	Speed: 4.67 samples/sec	Train-ROIPoolPenalty=1560.094342,	RCNNAcc=0.830754,	
2018-12-05 11:21:33,262 Epoch[0] Batch [6400]	Speed: 4.69 samples/sec	Train-ROIPoolPenalty=1566.931088,	RCNNAcc=0.831015,	
2018-12-05 11:22:59,449 Epoch[0] Batch [6500]	Speed: 4.64 samples/sec	Train-ROIPoolPenalty=1573.659829,	RCNNAcc=0.830961,	
2018-12-05 11:24:25,332 Epoch[0] Batch [6600]	Speed: 4.66 samples/sec	Train-ROIPoolPenalty=1580.747895,	RCNNAcc=0.831106,	
2018-12-05 11:25:51,437 Epoch[0] Batch [6700]	Speed: 4.65 samples/sec	Train-ROIPoolPenalty=1587.267573,	RCNNAcc=0.831116,	
2018-12-05 11:27:17,331 Epoch[0] Batch [6800]	Speed: 4.66 samples/sec	Train-ROIPoolPenalty=1594.485893,	RCNNAcc=0.831388,	
2018-12-05 11:28:42,782 Epoch[0] Batch [6900]	Speed: 4.68 samples/sec	Train-ROIPoolPenalty=1600.481514,	RCNNAcc=0.831595,	
2018-12-05 11:30:08,404 Epoch[0] Batch [7000]	Speed: 4.67 samples/sec	Train-ROIPoolPenalty=1607.195663,	RCNNAcc=0.831906,	
2018-12-05 11:31:33,661 Epoch[0] Batch [7100]	Speed: 4.69 samples/sec	Train-ROIPoolPenalty=1613.119880,	RCNNAcc=0.831871,	
2018-12-05 11:32:59,737 Epoch[0] Batch [7200]	Speed: 4.65 samples/sec	Train-ROIPoolPenalty=1619.685393,	RCNNAcc=0.832001,	
2018-12-05 11:34:25,083 Epoch[0] Batch [7300]	Speed: 4.69 samples/sec	Train-ROIPoolPenalty=1625.789124,	RCNNAcc=0.832094,	
2018-12-05 11:35:50,740 Epoch[0] Batch [7400]	Speed: 4.67 samples/sec	Train-ROIPoolPenalty=1631.731407,	RCNNAcc=0.832250,	
2018-12-05 11:37:16,331 Epoch[0] Batch [7500]	Speed: 4.67 samples/sec	Train-ROIPoolPenalty=1637.473526,	RCNNAcc=0.832381,	
2018-12-05 11:38:41,766 Epoch[0] Batch [7600]	Speed: 4.68 samples/sec	Train-ROIPoolPenalty=1643.145177,	RCNNAcc=0.832534,	
2018-12-05 11:40:07,198 Epoch[0] Batch [7700]	Speed: 4.68 samples/sec	Train-ROIPoolPenalty=1649.205155,	RCNNAcc=0.832749,	
2018-12-05 11:41:32,915 Epoch[0] Batch [7800]	Speed: 4.67 samples/sec	Train-ROIPoolPenalty=1654.482288,	RCNNAcc=0.832787,	
2018-12-05 11:42:58,820 Epoch[0] Batch [7900]	Speed: 4.66 samples/sec	Train-ROIPoolPenalty=1659.142594,	RCNNAcc=0.832719,	
2018-12-05 11:44:24,233 Epoch[0] Batch [8000]	Speed: 4.68 samples/sec	Train-ROIPoolPenalty=1663.952894,	RCNNAcc=0.832867,	
2018-12-05 11:45:50,416 Epoch[0] Batch [8100]	Speed: 4.64 samples/sec	Train-ROIPoolPenalty=1668.907681,	RCNNAcc=0.832863,	
2018-12-05 11:47:16,092 Epoch[0] Batch [8200]	Speed: 4.67 samples/sec	Train-ROIPoolPenalty=1672.867746,	RCNNAcc=0.832841,	
2018-12-05 11:48:19,381 Epoch[0] Train-ROIPoolPenalty=1676.332626
2018-12-05 11:48:19,381 Epoch[0] Train-RCNNAcc=0.832827
2018-12-05 11:48:19,381 Epoch[0] Time cost=7097.983
2018-12-05 11:48:20,708 Saved checkpoint to "output/r_0.05.yaml/2007_trainval_2012_trainval/first-0001.params"
2018-12-05 11:48:24,482 Saved optimizer state to "output/r_0.05.yaml/2007_trainval_2012_trainval/first-0001.states"
2018-12-05 11:48:25,207 Saved checkpoint to "output/r_0.05.yaml/2007_trainval_2012_trainval/first-0001.params"
2018-12-05 11:49:51,970 Epoch[1] Batch [100]	Speed: 4.67 samples/sec	Train-ROIPoolPenalty=2080.851874,	RCNNAcc=0.841429,	
2018-12-05 11:51:18,128 Epoch[1] Batch [200]	Speed: 4.64 samples/sec	Train-ROIPoolPenalty=2104.283190,	RCNNAcc=0.842603,	
2018-12-05 11:52:43,743 Epoch[1] Batch [300]	Speed: 4.67 samples/sec	Train-ROIPoolPenalty=2109.070425,	RCNNAcc=0.846216,	
2018-12-05 11:54:08,771 Epoch[1] Batch [400]	Speed: 4.70 samples/sec	Train-ROIPoolPenalty=2098.174190,	RCNNAcc=0.841807,	
2018-12-05 11:55:33,722 Epoch[1] Batch [500]	Speed: 4.71 samples/sec	Train-ROIPoolPenalty=2101.188868,	RCNNAcc=0.842284,	
2018-12-05 11:56:58,061 Epoch[1] Batch [600]	Speed: 4.74 samples/sec	Train-ROIPoolPenalty=2112.570613,	RCNNAcc=0.842843,	
2018-12-05 11:58:23,483 Epoch[1] Batch [700]	Speed: 4.68 samples/sec	Train-ROIPoolPenalty=2117.624311,	RCNNAcc=0.843354,	
2018-12-05 11:59:48,202 Epoch[1] Batch [800]	Speed: 4.72 samples/sec	Train-ROIPoolPenalty=2128.020336,	RCNNAcc=0.844608,	
2018-12-05 12:01:13,228 Epoch[1] Batch [900]	Speed: 4.70 samples/sec	Train-ROIPoolPenalty=2129.642286,	RCNNAcc=0.844888,	
2018-12-05 12:02:37,936 Epoch[1] Batch [1000]	Speed: 4.72 samples/sec	Train-ROIPoolPenalty=2130.538446,	RCNNAcc=0.845135,	
2018-12-05 12:04:02,552 Epoch[1] Batch [1100]	Speed: 4.73 samples/sec	Train-ROIPoolPenalty=2130.850429,	RCNNAcc=0.844915,	
2018-12-05 12:05:27,913 Epoch[1] Batch [1200]	Speed: 4.69 samples/sec	Train-ROIPoolPenalty=2130.874902,	RCNNAcc=0.845031,	
2018-12-05 12:06:52,826 Epoch[1] Batch [1300]	Speed: 4.71 samples/sec	Train-ROIPoolPenalty=2134.019694,	RCNNAcc=0.846713,	
2018-12-05 12:08:18,149 Epoch[1] Batch [1400]	Speed: 4.69 samples/sec	Train-ROIPoolPenalty=2137.180872,	RCNNAcc=0.847460,	
2018-12-05 12:09:42,995 Epoch[1] Batch [1500]	Speed: 4.71 samples/sec	Train-ROIPoolPenalty=2140.808365,	RCNNAcc=0.847975,	
2018-12-05 12:11:09,342 Epoch[1] Batch [1600]	Speed: 4.63 samples/sec	Train-ROIPoolPenalty=2141.055176,	RCNNAcc=0.848383,	
2018-12-05 12:12:35,468 Epoch[1] Batch [1700]	Speed: 4.64 samples/sec	Train-ROIPoolPenalty=2142.313927,	RCNNAcc=0.848366,	
2018-12-05 12:14:01,411 Epoch[1] Batch [1800]	Speed: 4.65 samples/sec	Train-ROIPoolPenalty=2146.527143,	RCNNAcc=0.848790,	
2018-12-05 12:15:27,344 Epoch[1] Batch [1900]	Speed: 4.65 samples/sec	Train-ROIPoolPenalty=2151.358941,	RCNNAcc=0.849216,	
2018-12-05 12:16:53,471 Epoch[1] Batch [2000]	Speed: 4.64 samples/sec	Train-ROIPoolPenalty=2152.639129,	RCNNAcc=0.849278,	
2018-12-05 12:18:19,087 Epoch[1] Batch [2100]	Speed: 4.67 samples/sec	Train-ROIPoolPenalty=2154.005816,	RCNNAcc=0.849862,	
2018-12-05 12:19:44,925 Epoch[1] Batch [2200]	Speed: 4.66 samples/sec	Train-ROIPoolPenalty=2156.928145,	RCNNAcc=0.850365,	
2018-12-05 12:21:10,754 Epoch[1] Batch [2300]	Speed: 4.66 samples/sec	Train-ROIPoolPenalty=2159.543055,	RCNNAcc=0.850182,	
2018-12-05 12:22:36,622 Epoch[1] Batch [2400]	Speed: 4.66 samples/sec	Train-ROIPoolPenalty=2163.399406,	RCNNAcc=0.850403,	
2018-12-05 12:24:02,240 Epoch[1] Batch [2500]	Speed: 4.67 samples/sec	Train-ROIPoolPenalty=2162.433577,	RCNNAcc=0.849984,	
2018-12-05 12:25:27,975 Epoch[1] Batch [2600]	Speed: 4.67 samples/sec	Train-ROIPoolPenalty=2165.626433,	RCNNAcc=0.849923,	
2018-12-05 12:26:53,459 Epoch[1] Batch [2700]	Speed: 4.68 samples/sec	Train-ROIPoolPenalty=2168.268226,	RCNNAcc=0.850407,	
2018-12-05 12:28:19,523 Epoch[1] Batch [2800]	Speed: 4.65 samples/sec	Train-ROIPoolPenalty=2173.848302,	RCNNAcc=0.851172,	
2018-12-05 12:29:45,156 Epoch[1] Batch [2900]	Speed: 4.67 samples/sec	Train-ROIPoolPenalty=2176.357758,	RCNNAcc=0.851656,	
2018-12-05 12:31:11,254 Epoch[1] Batch [3000]	Speed: 4.65 samples/sec	Train-ROIPoolPenalty=2179.384019,	RCNNAcc=0.851938,	
2018-12-05 12:32:37,901 Epoch[1] Batch [3100]	Speed: 4.62 samples/sec	Train-ROIPoolPenalty=2180.562611,	RCNNAcc=0.851581,	
2018-12-05 12:34:04,188 Epoch[1] Batch [3200]	Speed: 4.64 samples/sec	Train-ROIPoolPenalty=2182.802911,	RCNNAcc=0.851951,	
2018-12-05 12:35:29,879 Epoch[1] Batch [3300]	Speed: 4.67 samples/sec	Train-ROIPoolPenalty=2182.765454,	RCNNAcc=0.852116,	
2018-12-05 12:36:55,567 Epoch[1] Batch [3400]	Speed: 4.67 samples/sec	Train-ROIPoolPenalty=2184.438976,	RCNNAcc=0.852353,	
2018-12-05 12:38:21,216 Epoch[1] Batch [3500]	Speed: 4.67 samples/sec	Train-ROIPoolPenalty=2187.012174,	RCNNAcc=0.852656,	
2018-12-05 12:39:47,308 Epoch[1] Batch [3600]	Speed: 4.65 samples/sec	Train-ROIPoolPenalty=2188.261588,	RCNNAcc=0.852980,	
2018-12-05 12:41:13,248 Epoch[1] Batch [3700]	Speed: 4.65 samples/sec	Train-ROIPoolPenalty=2189.698304,	RCNNAcc=0.853144,	
2018-12-05 12:42:39,004 Epoch[1] Batch [3800]	Speed: 4.66 samples/sec	Train-ROIPoolPenalty=2190.585734,	RCNNAcc=0.853196,	
2018-12-05 12:44:05,064 Epoch[1] Batch [3900]	Speed: 4.65 samples/sec	Train-ROIPoolPenalty=2191.668313,	RCNNAcc=0.852979,	
2018-12-05 12:45:31,314 Epoch[1] Batch [4000]	Speed: 4.64 samples/sec	Train-ROIPoolPenalty=2195.526569,	RCNNAcc=0.853180,	
2018-12-05 12:46:57,563 Epoch[1] Batch [4100]	Speed: 4.64 samples/sec	Train-ROIPoolPenalty=2197.250294,	RCNNAcc=0.853633,	
2018-12-05 12:48:23,357 Epoch[1] Batch [4200]	Speed: 4.66 samples/sec	Train-ROIPoolPenalty=2198.183437,	RCNNAcc=0.853639,	
2018-12-05 12:49:49,455 Epoch[1] Batch [4300]	Speed: 4.65 samples/sec	Train-ROIPoolPenalty=2199.636679,	RCNNAcc=0.853875,	
2018-12-05 12:51:15,561 Epoch[1] Batch [4400]	Speed: 4.65 samples/sec	Train-ROIPoolPenalty=2200.383960,	RCNNAcc=0.853856,	
2018-12-05 12:52:41,839 Epoch[1] Batch [4500]	Speed: 4.64 samples/sec	Train-ROIPoolPenalty=2202.056151,	RCNNAcc=0.854057,	
2018-12-05 12:54:07,897 Epoch[1] Batch [4600]	Speed: 4.65 samples/sec	Train-ROIPoolPenalty=2202.281705,	RCNNAcc=0.853933,	
2018-12-05 12:55:33,851 Epoch[1] Batch [4700]	Speed: 4.65 samples/sec	Train-ROIPoolPenalty=2202.845212,	RCNNAcc=0.853779,	
2018-12-05 12:56:59,996 Epoch[1] Batch [4800]	Speed: 4.64 samples/sec	Train-ROIPoolPenalty=2203.735874,	RCNNAcc=0.853788,	
2018-12-05 12:58:25,910 Epoch[1] Batch [4900]	Speed: 4.66 samples/sec	Train-ROIPoolPenalty=2204.285864,	RCNNAcc=0.853821,	
2018-12-05 12:59:51,223 Epoch[1] Batch [5000]	Speed: 4.69 samples/sec	Train-ROIPoolPenalty=2205.748322,	RCNNAcc=0.853900,	
2018-12-05 13:01:17,071 Epoch[1] Batch [5100]	Speed: 4.66 samples/sec	Train-ROIPoolPenalty=2207.830988,	RCNNAcc=0.853985,	
2018-12-05 13:02:42,815 Epoch[1] Batch [5200]	Speed: 4.67 samples/sec	Train-ROIPoolPenalty=2210.204068,	RCNNAcc=0.854160,	
2018-12-05 13:04:09,031 Epoch[1] Batch [5300]	Speed: 4.64 samples/sec	Train-ROIPoolPenalty=2212.292073,	RCNNAcc=0.854413,	
2018-12-05 13:05:35,064 Epoch[1] Batch [5400]	Speed: 4.65 samples/sec	Train-ROIPoolPenalty=2213.772042,	RCNNAcc=0.854710,	
2018-12-05 13:07:01,209 Epoch[1] Batch [5500]	Speed: 4.64 samples/sec	Train-ROIPoolPenalty=2217.150432,	RCNNAcc=0.855052,	
2018-12-05 13:08:26,604 Epoch[1] Batch [5600]	Speed: 4.68 samples/sec	Train-ROIPoolPenalty=2219.229675,	RCNNAcc=0.855449,	
2018-12-05 13:09:52,535 Epoch[1] Batch [5700]	Speed: 4.65 samples/sec	Train-ROIPoolPenalty=2221.119256,	RCNNAcc=0.855797,	
2018-12-05 13:11:18,928 Epoch[1] Batch [5800]	Speed: 4.63 samples/sec	Train-ROIPoolPenalty=2222.906921,	RCNNAcc=0.856000,	
2018-12-05 13:12:44,187 Epoch[1] Batch [5900]	Speed: 4.69 samples/sec	Train-ROIPoolPenalty=2224.794553,	RCNNAcc=0.856158,	
2018-12-05 13:14:10,171 Epoch[1] Batch [6000]	Speed: 4.65 samples/sec	Train-ROIPoolPenalty=2227.094783,	RCNNAcc=0.856428,	
2018-12-05 13:15:36,018 Epoch[1] Batch [6100]	Speed: 4.66 samples/sec	Train-ROIPoolPenalty=2228.642402,	RCNNAcc=0.856472,	
2018-12-05 13:17:01,332 Epoch[1] Batch [6200]	Speed: 4.69 samples/sec	Train-ROIPoolPenalty=2230.112395,	RCNNAcc=0.856522,	
2018-12-05 13:18:27,382 Epoch[1] Batch [6300]	Speed: 4.65 samples/sec	Train-ROIPoolPenalty=2231.571351,	RCNNAcc=0.856564,	
2018-12-05 13:19:52,744 Epoch[1] Batch [6400]	Speed: 4.69 samples/sec	Train-ROIPoolPenalty=2233.419933,	RCNNAcc=0.856877,	
2018-12-05 13:21:18,532 Epoch[1] Batch [6500]	Speed: 4.66 samples/sec	Train-ROIPoolPenalty=2236.348696,	RCNNAcc=0.857120,	
2018-12-05 13:22:44,287 Epoch[1] Batch [6600]	Speed: 4.66 samples/sec	Train-ROIPoolPenalty=2238.490725,	RCNNAcc=0.857170,	
2018-12-05 13:24:09,998 Epoch[1] Batch [6700]	Speed: 4.67 samples/sec	Train-ROIPoolPenalty=2241.261749,	RCNNAcc=0.857387,	
2018-12-05 13:25:36,097 Epoch[1] Batch [6800]	Speed: 4.65 samples/sec	Train-ROIPoolPenalty=2244.287495,	RCNNAcc=0.857760,	
2018-12-05 13:27:02,287 Epoch[1] Batch [6900]	Speed: 4.64 samples/sec	Train-ROIPoolPenalty=2245.875170,	RCNNAcc=0.857917,	
2018-12-05 13:28:27,915 Epoch[1] Batch [7000]	Speed: 4.67 samples/sec	Train-ROIPoolPenalty=2247.154706,	RCNNAcc=0.858265,	
2018-12-05 13:29:53,481 Epoch[1] Batch [7100]	Speed: 4.67 samples/sec	Train-ROIPoolPenalty=2248.375757,	RCNNAcc=0.858436,	
2018-12-05 13:31:19,438 Epoch[1] Batch [7200]	Speed: 4.65 samples/sec	Train-ROIPoolPenalty=2249.481955,	RCNNAcc=0.858697,	
2018-12-05 13:32:45,163 Epoch[1] Batch [7300]	Speed: 4.67 samples/sec	Train-ROIPoolPenalty=2251.327636,	RCNNAcc=0.858897,	
2018-12-05 13:34:11,343 Epoch[1] Batch [7400]	Speed: 4.64 samples/sec	Train-ROIPoolPenalty=2252.979626,	RCNNAcc=0.858960,	
2018-12-05 13:35:36,732 Epoch[1] Batch [7500]	Speed: 4.68 samples/sec	Train-ROIPoolPenalty=2255.167254,	RCNNAcc=0.859152,	
2018-12-05 13:37:02,371 Epoch[1] Batch [7600]	Speed: 4.67 samples/sec	Train-ROIPoolPenalty=2256.843336,	RCNNAcc=0.859332,	
2018-12-05 13:38:28,201 Epoch[1] Batch [7700]	Speed: 4.66 samples/sec	Train-ROIPoolPenalty=2258.756242,	RCNNAcc=0.859411,	
2018-12-05 13:39:53,692 Epoch[1] Batch [7800]	Speed: 4.68 samples/sec	Train-ROIPoolPenalty=2260.699554,	RCNNAcc=0.859653,	
2018-12-05 13:41:19,684 Epoch[1] Batch [7900]	Speed: 4.65 samples/sec	Train-ROIPoolPenalty=2261.889406,	RCNNAcc=0.859650,	
2018-12-05 13:42:45,702 Epoch[1] Batch [8000]	Speed: 4.65 samples/sec	Train-ROIPoolPenalty=2262.748571,	RCNNAcc=0.859572,	
2018-12-05 13:44:11,545 Epoch[1] Batch [8100]	Speed: 4.66 samples/sec	Train-ROIPoolPenalty=2263.962773,	RCNNAcc=0.859599,	
2018-12-05 13:45:37,723 Epoch[1] Batch [8200]	Speed: 4.64 samples/sec	Train-ROIPoolPenalty=2263.947451,	RCNNAcc=0.859404,	
2018-12-05 13:46:40,743 Epoch[1] Train-ROIPoolPenalty=2264.593895
2018-12-05 13:46:40,744 Epoch[1] Train-RCNNAcc=0.859512
2018-12-05 13:46:40,744 Epoch[1] Time cost=7095.496
2018-12-05 13:46:41,665 Saved checkpoint to "output/r_0.05.yaml/2007_trainval_2012_trainval/first-0002.params"
2018-12-05 13:46:44,603 Saved optimizer state to "output/r_0.05.yaml/2007_trainval_2012_trainval/first-0002.states"
2018-12-05 13:46:45,109 Saved checkpoint to "output/r_0.05.yaml/2007_trainval_2012_trainval/first-0002.params"
2018-12-05 13:48:11,444 Epoch[2] Batch [100]	Speed: 4.68 samples/sec	Train-ROIPoolPenalty=2371.465571,	RCNNAcc=0.867806,	
2018-12-05 13:49:37,193 Epoch[2] Batch [200]	Speed: 4.66 samples/sec	Train-ROIPoolPenalty=2353.664329,	RCNNAcc=0.868072,	
2018-12-05 13:51:03,555 Epoch[2] Batch [300]	Speed: 4.63 samples/sec	Train-ROIPoolPenalty=2378.595542,	RCNNAcc=0.870886,	
2018-12-05 13:52:29,631 Epoch[2] Batch [400]	Speed: 4.65 samples/sec	Train-ROIPoolPenalty=2386.188283,	RCNNAcc=0.871006,	
2018-12-05 13:53:55,728 Epoch[2] Batch [500]	Speed: 4.65 samples/sec	Train-ROIPoolPenalty=2403.485799,	RCNNAcc=0.873355,	
2018-12-05 13:55:21,631 Epoch[2] Batch [600]	Speed: 4.66 samples/sec	Train-ROIPoolPenalty=2399.943486,	RCNNAcc=0.872894,	
2018-12-05 13:56:47,523 Epoch[2] Batch [700]	Speed: 4.66 samples/sec	Train-ROIPoolPenalty=2407.809800,	RCNNAcc=0.874153,	
2018-12-05 13:58:13,739 Epoch[2] Batch [800]	Speed: 4.64 samples/sec	Train-ROIPoolPenalty=2414.832695,	RCNNAcc=0.874595,	
2018-12-05 13:59:39,699 Epoch[2] Batch [900]	Speed: 4.65 samples/sec	Train-ROIPoolPenalty=2410.421731,	RCNNAcc=0.872899,	
2018-12-05 14:01:05,768 Epoch[2] Batch [1000]	Speed: 4.65 samples/sec	Train-ROIPoolPenalty=2409.973077,	RCNNAcc=0.873205,	
2018-12-05 14:02:31,894 Epoch[2] Batch [1100]	Speed: 4.64 samples/sec	Train-ROIPoolPenalty=2411.323312,	RCNNAcc=0.874070,	
2018-12-05 14:03:57,255 Epoch[2] Batch [1200]	Speed: 4.69 samples/sec	Train-ROIPoolPenalty=2413.436546,	RCNNAcc=0.874426,	
2018-12-05 14:05:22,709 Epoch[2] Batch [1300]	Speed: 4.68 samples/sec	Train-ROIPoolPenalty=2413.211926,	RCNNAcc=0.873960,	
2018-12-05 14:06:48,760 Epoch[2] Batch [1400]	Speed: 4.65 samples/sec	Train-ROIPoolPenalty=2409.238171,	RCNNAcc=0.873670,	
2018-12-05 14:08:15,142 Epoch[2] Batch [1500]	Speed: 4.63 samples/sec	Train-ROIPoolPenalty=2412.042812,	RCNNAcc=0.873556,	
2018-12-05 14:09:41,513 Epoch[2] Batch [1600]	Speed: 4.63 samples/sec	Train-ROIPoolPenalty=2410.431629,	RCNNAcc=0.873121,	
2018-12-05 14:11:07,373 Epoch[2] Batch [1700]	Speed: 4.66 samples/sec	Train-ROIPoolPenalty=2408.832833,	RCNNAcc=0.873255,	
2018-12-05 14:12:33,468 Epoch[2] Batch [1800]	Speed: 4.65 samples/sec	Train-ROIPoolPenalty=2408.663260,	RCNNAcc=0.873229,	
2018-12-05 14:13:59,374 Epoch[2] Batch [1900]	Speed: 4.66 samples/sec	Train-ROIPoolPenalty=2404.976354,	RCNNAcc=0.872225,	
2018-12-05 14:15:25,401 Epoch[2] Batch [2000]	Speed: 4.65 samples/sec	Train-ROIPoolPenalty=2403.426739,	RCNNAcc=0.872390,	
2018-12-05 14:16:51,525 Epoch[2] Batch [2100]	Speed: 4.64 samples/sec	Train-ROIPoolPenalty=2403.171688,	RCNNAcc=0.872453,	
2018-12-05 14:18:18,048 Epoch[2] Batch [2200]	Speed: 4.62 samples/sec	Train-ROIPoolPenalty=2401.249255,	RCNNAcc=0.871598,	
2018-12-05 14:19:44,232 Epoch[2] Batch [2300]	Speed: 4.64 samples/sec	Train-ROIPoolPenalty=2401.714938,	RCNNAcc=0.871168,	
2018-12-05 14:21:10,486 Epoch[2] Batch [2400]	Speed: 4.64 samples/sec	Train-ROIPoolPenalty=2399.535219,	RCNNAcc=0.870689,	
2018-12-05 14:22:36,847 Epoch[2] Batch [2500]	Speed: 4.63 samples/sec	Train-ROIPoolPenalty=2399.890381,	RCNNAcc=0.870562,	
2018-12-05 14:24:03,469 Epoch[2] Batch [2600]	Speed: 4.62 samples/sec	Train-ROIPoolPenalty=2400.833564,	RCNNAcc=0.870268,	
2018-12-05 14:25:29,602 Epoch[2] Batch [2700]	Speed: 4.64 samples/sec	Train-ROIPoolPenalty=2400.042861,	RCNNAcc=0.869983,	
2018-12-05 14:26:55,530 Epoch[2] Batch [2800]	Speed: 4.66 samples/sec	Train-ROIPoolPenalty=2401.171842,	RCNNAcc=0.870281,	
2018-12-05 14:28:21,858 Epoch[2] Batch [2900]	Speed: 4.63 samples/sec	Train-ROIPoolPenalty=2401.120056,	RCNNAcc=0.870147,	
2018-12-05 14:29:47,903 Epoch[2] Batch [3000]	Speed: 4.65 samples/sec	Train-ROIPoolPenalty=2403.534362,	RCNNAcc=0.870436,	
2018-12-05 14:31:14,063 Epoch[2] Batch [3100]	Speed: 4.64 samples/sec	Train-ROIPoolPenalty=2405.446378,	RCNNAcc=0.870272,	
2018-12-05 14:32:39,869 Epoch[2] Batch [3200]	Speed: 4.66 samples/sec	Train-ROIPoolPenalty=2404.545489,	RCNNAcc=0.869941,	
2018-12-05 14:34:13,073 Epoch[2] Batch [3300]	Speed: 4.29 samples/sec	Train-ROIPoolPenalty=2404.482111,	RCNNAcc=0.869787,	
2018-12-05 14:35:37,172 Epoch[2] Batch [3400]	Speed: 4.76 samples/sec	Train-ROIPoolPenalty=2403.549240,	RCNNAcc=0.869679,	
2018-12-05 14:37:03,398 Epoch[2] Batch [3500]	Speed: 4.64 samples/sec	Train-ROIPoolPenalty=2402.775156,	RCNNAcc=0.869171,	
2018-12-05 14:38:30,240 Epoch[2] Batch [3600]	Speed: 4.61 samples/sec	Train-ROIPoolPenalty=2401.940133,	RCNNAcc=0.869031,	
2018-12-05 14:39:56,478 Epoch[2] Batch [3700]	Speed: 4.64 samples/sec	Train-ROIPoolPenalty=2404.574251,	RCNNAcc=0.869554,	
2018-12-05 14:41:22,825 Epoch[2] Batch [3800]	Speed: 4.63 samples/sec	Train-ROIPoolPenalty=2402.746290,	RCNNAcc=0.869496,	
2018-12-05 14:42:47,970 Epoch[2] Batch [3900]	Speed: 4.70 samples/sec	Train-ROIPoolPenalty=2402.129428,	RCNNAcc=0.869763,	
2018-12-05 14:44:13,564 Epoch[2] Batch [4000]	Speed: 4.67 samples/sec	Train-ROIPoolPenalty=2402.327930,	RCNNAcc=0.870116,	
2018-12-05 14:45:40,096 Epoch[2] Batch [4100]	Speed: 4.62 samples/sec	Train-ROIPoolPenalty=2402.245898,	RCNNAcc=0.870241,	
2018-12-05 14:47:06,460 Epoch[2] Batch [4200]	Speed: 4.63 samples/sec	Train-ROIPoolPenalty=2402.606921,	RCNNAcc=0.870390,	
2018-12-05 14:48:32,570 Epoch[2] Batch [4300]	Speed: 4.65 samples/sec	Train-ROIPoolPenalty=2403.282364,	RCNNAcc=0.870254,	
2018-12-05 14:49:58,506 Epoch[2] Batch [4400]	Speed: 4.65 samples/sec	Train-ROIPoolPenalty=2403.490743,	RCNNAcc=0.870053,	
2018-12-05 14:51:24,506 Epoch[2] Batch [4500]	Speed: 4.65 samples/sec	Train-ROIPoolPenalty=2404.534175,	RCNNAcc=0.870214,	
2018-12-05 14:52:50,213 Epoch[2] Batch [4600]	Speed: 4.67 samples/sec	Train-ROIPoolPenalty=2406.050721,	RCNNAcc=0.870605,	
2018-12-05 14:54:16,256 Epoch[2] Batch [4700]	Speed: 4.65 samples/sec	Train-ROIPoolPenalty=2408.517516,	RCNNAcc=0.871102,	
2018-12-05 14:55:42,110 Epoch[2] Batch [4800]	Speed: 4.66 samples/sec	Train-ROIPoolPenalty=2408.906011,	RCNNAcc=0.871081,	
2018-12-05 14:57:07,485 Epoch[2] Batch [4900]	Speed: 4.69 samples/sec	Train-ROIPoolPenalty=2409.192163,	RCNNAcc=0.871309,	
2018-12-05 14:58:33,418 Epoch[2] Batch [5000]	Speed: 4.65 samples/sec	Train-ROIPoolPenalty=2410.225364,	RCNNAcc=0.871663,	
2018-12-05 14:59:59,099 Epoch[2] Batch [5100]	Speed: 4.67 samples/sec	Train-ROIPoolPenalty=2411.500879,	RCNNAcc=0.871883,	
2018-12-05 15:01:25,051 Epoch[2] Batch [5200]	Speed: 4.65 samples/sec	Train-ROIPoolPenalty=2412.604469,	RCNNAcc=0.871912,	
2018-12-05 15:02:51,117 Epoch[2] Batch [5300]	Speed: 4.65 samples/sec	Train-ROIPoolPenalty=2412.650691,	RCNNAcc=0.871742,	
2018-12-05 15:04:17,170 Epoch[2] Batch [5400]	Speed: 4.65 samples/sec	Train-ROIPoolPenalty=2411.877918,	RCNNAcc=0.871608,	
2018-12-05 15:05:43,952 Epoch[2] Batch [5500]	Speed: 4.61 samples/sec	Train-ROIPoolPenalty=2411.384831,	RCNNAcc=0.871461,	
2018-12-05 15:07:09,910 Epoch[2] Batch [5600]	Speed: 4.65 samples/sec	Train-ROIPoolPenalty=2411.047919,	RCNNAcc=0.871520,	
2018-12-05 15:08:36,245 Epoch[2] Batch [5700]	Speed: 4.63 samples/sec	Train-ROIPoolPenalty=2410.926530,	RCNNAcc=0.871456,	
2018-12-05 15:10:02,514 Epoch[2] Batch [5800]	Speed: 4.64 samples/sec	Train-ROIPoolPenalty=2411.162778,	RCNNAcc=0.871535,	
2018-12-05 15:11:28,105 Epoch[2] Batch [5900]	Speed: 4.67 samples/sec	Train-ROIPoolPenalty=2411.793202,	RCNNAcc=0.871661,	
2018-12-05 15:12:53,794 Epoch[2] Batch [6000]	Speed: 4.67 samples/sec	Train-ROIPoolPenalty=2412.043277,	RCNNAcc=0.871541,	
2018-12-05 15:14:20,158 Epoch[2] Batch [6100]	Speed: 4.63 samples/sec	Train-ROIPoolPenalty=2412.593694,	RCNNAcc=0.871627,	
2018-12-05 15:15:45,803 Epoch[2] Batch [6200]	Speed: 4.67 samples/sec	Train-ROIPoolPenalty=2413.102592,	RCNNAcc=0.871787,	
2018-12-05 15:17:11,482 Epoch[2] Batch [6300]	Speed: 4.67 samples/sec	Train-ROIPoolPenalty=2413.667861,	RCNNAcc=0.871936,	
2018-12-05 15:18:37,221 Epoch[2] Batch [6400]	Speed: 4.67 samples/sec	Train-ROIPoolPenalty=2414.183433,	RCNNAcc=0.872164,	
2018-12-05 15:20:02,712 Epoch[2] Batch [6500]	Speed: 4.68 samples/sec	Train-ROIPoolPenalty=2414.666154,	RCNNAcc=0.872324,	
2018-12-05 15:21:28,442 Epoch[2] Batch [6600]	Speed: 4.67 samples/sec	Train-ROIPoolPenalty=2415.924829,	RCNNAcc=0.872402,	
2018-12-05 15:22:53,837 Epoch[2] Batch [6700]	Speed: 4.68 samples/sec	Train-ROIPoolPenalty=2416.324848,	RCNNAcc=0.872397,	
2018-12-05 15:24:19,536 Epoch[2] Batch [6800]	Speed: 4.67 samples/sec	Train-ROIPoolPenalty=2416.899475,	RCNNAcc=0.872527,	
2018-12-05 15:25:44,898 Epoch[2] Batch [6900]	Speed: 4.69 samples/sec	Train-ROIPoolPenalty=2417.613141,	RCNNAcc=0.872668,	
2018-12-05 15:27:11,520 Epoch[2] Batch [7000]	Speed: 4.62 samples/sec	Train-ROIPoolPenalty=2418.426502,	RCNNAcc=0.872500,	
2018-12-05 15:28:37,895 Epoch[2] Batch [7100]	Speed: 4.63 samples/sec	Train-ROIPoolPenalty=2418.816333,	RCNNAcc=0.872570,	
2018-12-05 15:30:04,100 Epoch[2] Batch [7200]	Speed: 4.64 samples/sec	Train-ROIPoolPenalty=2420.107827,	RCNNAcc=0.872600,	
2018-12-05 15:31:30,655 Epoch[2] Batch [7300]	Speed: 4.62 samples/sec	Train-ROIPoolPenalty=2420.253690,	RCNNAcc=0.872604,	
2018-12-05 15:32:56,705 Epoch[2] Batch [7400]	Speed: 4.65 samples/sec	Train-ROIPoolPenalty=2420.627577,	RCNNAcc=0.872702,	
2018-12-05 15:34:22,226 Epoch[2] Batch [7500]	Speed: 4.68 samples/sec	Train-ROIPoolPenalty=2420.708492,	RCNNAcc=0.872536,	
2018-12-05 15:35:47,978 Epoch[2] Batch [7600]	Speed: 4.66 samples/sec	Train-ROIPoolPenalty=2420.641503,	RCNNAcc=0.872424,	
2018-12-05 15:37:14,003 Epoch[2] Batch [7700]	Speed: 4.65 samples/sec	Train-ROIPoolPenalty=2421.017506,	RCNNAcc=0.872576,	
2018-12-05 15:38:40,327 Epoch[2] Batch [7800]	Speed: 4.63 samples/sec	Train-ROIPoolPenalty=2421.657756,	RCNNAcc=0.872580,	
2018-12-05 15:40:06,281 Epoch[2] Batch [7900]	Speed: 4.65 samples/sec	Train-ROIPoolPenalty=2422.500750,	RCNNAcc=0.872607,	
2018-12-05 15:41:32,620 Epoch[2] Batch [8000]	Speed: 4.63 samples/sec	Train-ROIPoolPenalty=2422.980918,	RCNNAcc=0.872520,	
2018-12-05 15:42:58,756 Epoch[2] Batch [8100]	Speed: 4.64 samples/sec	Train-ROIPoolPenalty=2422.817137,	RCNNAcc=0.872577,	
2018-12-05 15:44:25,212 Epoch[2] Batch [8200]	Speed: 4.63 samples/sec	Train-ROIPoolPenalty=2422.422963,	RCNNAcc=0.872471,	
2018-12-05 15:45:28,618 Epoch[2] Train-ROIPoolPenalty=2421.458494
2018-12-05 15:45:28,619 Epoch[2] Train-RCNNAcc=0.872407
2018-12-05 15:45:28,619 Epoch[2] Time cost=7123.471
2018-12-05 15:45:29,792 Saved checkpoint to "output/r_0.05.yaml/2007_trainval_2012_trainval/first-0003.params"
2018-12-05 15:45:32,547 Saved optimizer state to "output/r_0.05.yaml/2007_trainval_2012_trainval/first-0003.states"
2018-12-05 15:45:33,213 Saved checkpoint to "output/r_0.05.yaml/2007_trainval_2012_trainval/first-0003.params"
2018-12-05 15:47:00,520 Epoch[3] Batch [100]	Speed: 4.63 samples/sec	Train-ROIPoolPenalty=2483.221938,	RCNNAcc=0.875754,	
2018-12-05 15:48:26,655 Epoch[3] Batch [200]	Speed: 4.64 samples/sec	Train-ROIPoolPenalty=2455.816639,	RCNNAcc=0.875155,	
2018-12-05 15:49:53,225 Epoch[3] Batch [300]	Speed: 4.62 samples/sec	Train-ROIPoolPenalty=2464.622246,	RCNNAcc=0.877200,	
2018-12-05 15:51:19,417 Epoch[3] Batch [400]	Speed: 4.64 samples/sec	Train-ROIPoolPenalty=2470.577479,	RCNNAcc=0.875838,	
2018-12-05 15:52:45,587 Epoch[3] Batch [500]	Speed: 4.64 samples/sec	Train-ROIPoolPenalty=2478.615120,	RCNNAcc=0.877148,	
2018-12-05 15:54:11,299 Epoch[3] Batch [600]	Speed: 4.67 samples/sec	Train-ROIPoolPenalty=2481.390728,	RCNNAcc=0.876001,	
2018-12-05 15:55:36,159 Epoch[3] Batch [700]	Speed: 4.71 samples/sec	Train-ROIPoolPenalty=2488.527250,	RCNNAcc=0.877547,	
2018-12-05 15:57:01,908 Epoch[3] Batch [800]	Speed: 4.66 samples/sec	Train-ROIPoolPenalty=2498.818638,	RCNNAcc=0.878631,	
2018-12-05 15:58:27,594 Epoch[3] Batch [900]	Speed: 4.67 samples/sec	Train-ROIPoolPenalty=2501.032801,	RCNNAcc=0.879229,	
2018-12-05 15:59:53,916 Epoch[3] Batch [1000]	Speed: 4.63 samples/sec	Train-ROIPoolPenalty=2505.984773,	RCNNAcc=0.880430,	
2018-12-05 16:01:20,662 Epoch[3] Batch [1100]	Speed: 4.61 samples/sec	Train-ROIPoolPenalty=2508.438145,	RCNNAcc=0.880375,	
2018-12-05 16:02:46,930 Epoch[3] Batch [1200]	Speed: 4.64 samples/sec	Train-ROIPoolPenalty=2510.836422,	RCNNAcc=0.880785,	
2018-12-05 16:04:12,422 Epoch[3] Batch [1300]	Speed: 4.68 samples/sec	Train-ROIPoolPenalty=2508.884155,	RCNNAcc=0.881152,	
2018-12-05 16:05:38,360 Epoch[3] Batch [1400]	Speed: 4.65 samples/sec	Train-ROIPoolPenalty=2505.922917,	RCNNAcc=0.881534,	
2018-12-05 16:07:04,762 Epoch[3] Batch [1500]	Speed: 4.63 samples/sec	Train-ROIPoolPenalty=2508.071942,	RCNNAcc=0.882214,	
2018-12-05 16:08:31,076 Epoch[3] Batch [1600]	Speed: 4.63 samples/sec	Train-ROIPoolPenalty=2507.563280,	RCNNAcc=0.881710,	
2018-12-05 16:09:56,807 Epoch[3] Batch [1700]	Speed: 4.67 samples/sec	Train-ROIPoolPenalty=2505.397831,	RCNNAcc=0.881019,	
2018-12-05 16:11:23,054 Epoch[3] Batch [1800]	Speed: 4.64 samples/sec	Train-ROIPoolPenalty=2503.579949,	RCNNAcc=0.881386,	
2018-12-05 16:12:48,581 Epoch[3] Batch [1900]	Speed: 4.68 samples/sec	Train-ROIPoolPenalty=2501.696578,	RCNNAcc=0.881122,	
2018-12-05 16:14:14,634 Epoch[3] Batch [2000]	Speed: 4.65 samples/sec	Train-ROIPoolPenalty=2502.390318,	RCNNAcc=0.880927,	
2018-12-05 16:15:40,795 Epoch[3] Batch [2100]	Speed: 4.64 samples/sec	Train-ROIPoolPenalty=2501.964665,	RCNNAcc=0.880915,	
2018-12-05 16:17:06,712 Epoch[3] Batch [2200]	Speed: 4.66 samples/sec	Train-ROIPoolPenalty=2501.438264,	RCNNAcc=0.881101,	
2018-12-05 16:18:32,886 Epoch[3] Batch [2300]	Speed: 4.64 samples/sec	Train-ROIPoolPenalty=2502.026569,	RCNNAcc=0.881150,	
2018-12-05 16:19:59,339 Epoch[3] Batch [2400]	Speed: 4.63 samples/sec	Train-ROIPoolPenalty=2503.607208,	RCNNAcc=0.881457,	
2018-12-05 16:21:25,444 Epoch[3] Batch [2500]	Speed: 4.65 samples/sec	Train-ROIPoolPenalty=2504.443732,	RCNNAcc=0.881587,	
2018-12-05 16:22:51,498 Epoch[3] Batch [2600]	Speed: 4.65 samples/sec	Train-ROIPoolPenalty=2505.676291,	RCNNAcc=0.881518,	
2018-12-05 16:24:18,066 Epoch[3] Batch [2700]	Speed: 4.62 samples/sec	Train-ROIPoolPenalty=2505.878768,	RCNNAcc=0.881580,	
2018-12-05 16:25:44,168 Epoch[3] Batch [2800]	Speed: 4.65 samples/sec	Train-ROIPoolPenalty=2504.689818,	RCNNAcc=0.881746,	
2018-12-05 16:27:10,206 Epoch[3] Batch [2900]	Speed: 4.65 samples/sec	Train-ROIPoolPenalty=2505.536922,	RCNNAcc=0.882013,	
2018-12-05 16:28:36,703 Epoch[3] Batch [3000]	Speed: 4.62 samples/sec	Train-ROIPoolPenalty=2504.817406,	RCNNAcc=0.881828,	
2018-12-05 16:30:03,029 Epoch[3] Batch [3100]	Speed: 4.63 samples/sec	Train-ROIPoolPenalty=2501.162303,	RCNNAcc=0.881464,	
2018-12-05 16:31:29,489 Epoch[3] Batch [3200]	Speed: 4.63 samples/sec	Train-ROIPoolPenalty=2500.115525,	RCNNAcc=0.881130,	
2018-12-05 16:32:55,867 Epoch[3] Batch [3300]	Speed: 4.63 samples/sec	Train-ROIPoolPenalty=2500.528647,	RCNNAcc=0.881130,	
2018-12-05 16:34:21,287 Epoch[3] Batch [3400]	Speed: 4.68 samples/sec	Train-ROIPoolPenalty=2500.505232,	RCNNAcc=0.881153,	
2018-12-05 16:35:47,099 Epoch[3] Batch [3500]	Speed: 4.66 samples/sec	Train-ROIPoolPenalty=2500.659011,	RCNNAcc=0.881200,	
2018-12-05 16:37:13,093 Epoch[3] Batch [3600]	Speed: 4.65 samples/sec	Train-ROIPoolPenalty=2501.204556,	RCNNAcc=0.881489,	
2018-12-05 16:38:39,538 Epoch[3] Batch [3700]	Speed: 4.63 samples/sec	Train-ROIPoolPenalty=2499.606561,	RCNNAcc=0.881443,	
2018-12-05 16:40:05,586 Epoch[3] Batch [3800]	Speed: 4.65 samples/sec	Train-ROIPoolPenalty=2499.565126,	RCNNAcc=0.881352,	
2018-12-05 16:41:31,147 Epoch[3] Batch [3900]	Speed: 4.68 samples/sec	Train-ROIPoolPenalty=2500.340585,	RCNNAcc=0.881250,	
2018-12-05 16:42:56,994 Epoch[3] Batch [4000]	Speed: 4.66 samples/sec	Train-ROIPoolPenalty=2500.588856,	RCNNAcc=0.881306,	
2018-12-05 16:44:23,437 Epoch[3] Batch [4100]	Speed: 4.63 samples/sec	Train-ROIPoolPenalty=2501.869920,	RCNNAcc=0.881393,	
2018-12-05 16:45:49,576 Epoch[3] Batch [4200]	Speed: 4.64 samples/sec	Train-ROIPoolPenalty=2502.049877,	RCNNAcc=0.881417,	
2018-12-05 16:47:15,683 Epoch[3] Batch [4300]	Speed: 4.65 samples/sec	Train-ROIPoolPenalty=2501.629642,	RCNNAcc=0.881237,	
2018-12-05 16:48:42,314 Epoch[3] Batch [4400]	Speed: 4.62 samples/sec	Train-ROIPoolPenalty=2503.602072,	RCNNAcc=0.881372,	
2018-12-05 16:50:08,482 Epoch[3] Batch [4500]	Speed: 4.64 samples/sec	Train-ROIPoolPenalty=2504.943491,	RCNNAcc=0.881201,	
2018-12-05 16:51:34,889 Epoch[3] Batch [4600]	Speed: 4.63 samples/sec	Train-ROIPoolPenalty=2505.660068,	RCNNAcc=0.881301,	
2018-12-05 16:53:01,142 Epoch[3] Batch [4700]	Speed: 4.64 samples/sec	Train-ROIPoolPenalty=2506.461816,	RCNNAcc=0.881455,	
2018-12-05 16:54:27,761 Epoch[3] Batch [4800]	Speed: 4.62 samples/sec	Train-ROIPoolPenalty=2506.930348,	RCNNAcc=0.881471,	
2018-12-05 16:55:53,541 Epoch[3] Batch [4900]	Speed: 4.66 samples/sec	Train-ROIPoolPenalty=2507.564135,	RCNNAcc=0.881389,	
2018-12-05 16:57:19,553 Epoch[3] Batch [5000]	Speed: 4.65 samples/sec	Train-ROIPoolPenalty=2508.639740,	RCNNAcc=0.881462,	
2018-12-05 16:58:45,926 Epoch[3] Batch [5100]	Speed: 4.63 samples/sec	Train-ROIPoolPenalty=2508.919448,	RCNNAcc=0.881614,	
2018-12-05 17:00:11,737 Epoch[3] Batch [5200]	Speed: 4.66 samples/sec	Train-ROIPoolPenalty=2509.530549,	RCNNAcc=0.881483,	
2018-12-05 17:01:38,031 Epoch[3] Batch [5300]	Speed: 4.64 samples/sec	Train-ROIPoolPenalty=2511.465000,	RCNNAcc=0.881423,	
2018-12-05 17:03:04,391 Epoch[3] Batch [5400]	Speed: 4.63 samples/sec	Train-ROIPoolPenalty=2512.138778,	RCNNAcc=0.881503,	
2018-12-05 17:04:30,407 Epoch[3] Batch [5500]	Speed: 4.65 samples/sec	Train-ROIPoolPenalty=2511.980495,	RCNNAcc=0.881548,	
2018-12-05 17:05:56,111 Epoch[3] Batch [5600]	Speed: 4.67 samples/sec	Train-ROIPoolPenalty=2511.260451,	RCNNAcc=0.881473,	
2018-12-05 17:07:21,655 Epoch[3] Batch [5700]	Speed: 4.68 samples/sec	Train-ROIPoolPenalty=2511.809867,	RCNNAcc=0.881601,	
2018-12-05 17:08:47,109 Epoch[3] Batch [5800]	Speed: 4.68 samples/sec	Train-ROIPoolPenalty=2511.998962,	RCNNAcc=0.881691,	
2018-12-05 17:10:12,955 Epoch[3] Batch [5900]	Speed: 4.66 samples/sec	Train-ROIPoolPenalty=2512.062617,	RCNNAcc=0.881725,	
2018-12-05 17:11:38,923 Epoch[3] Batch [6000]	Speed: 4.65 samples/sec	Train-ROIPoolPenalty=2512.140609,	RCNNAcc=0.881728,	
2018-12-05 17:13:04,315 Epoch[3] Batch [6100]	Speed: 4.68 samples/sec	Train-ROIPoolPenalty=2512.441476,	RCNNAcc=0.881788,	
2018-12-05 17:14:30,462 Epoch[3] Batch [6200]	Speed: 4.64 samples/sec	Train-ROIPoolPenalty=2513.114003,	RCNNAcc=0.882096,	
2018-12-05 17:15:56,582 Epoch[3] Batch [6300]	Speed: 4.64 samples/sec	Train-ROIPoolPenalty=2514.153393,	RCNNAcc=0.882139,	
2018-12-05 17:17:22,904 Epoch[3] Batch [6400]	Speed: 4.63 samples/sec	Train-ROIPoolPenalty=2515.054445,	RCNNAcc=0.882295,	
2018-12-05 17:18:48,721 Epoch[3] Batch [6500]	Speed: 4.66 samples/sec	Train-ROIPoolPenalty=2516.022518,	RCNNAcc=0.882401,	
2018-12-05 17:20:14,703 Epoch[3] Batch [6600]	Speed: 4.65 samples/sec	Train-ROIPoolPenalty=2517.421740,	RCNNAcc=0.882644,	
2018-12-05 17:21:40,879 Epoch[3] Batch [6700]	Speed: 4.64 samples/sec	Train-ROIPoolPenalty=2517.723973,	RCNNAcc=0.882553,	
2018-12-05 17:23:06,685 Epoch[3] Batch [6800]	Speed: 4.66 samples/sec	Train-ROIPoolPenalty=2518.014659,	RCNNAcc=0.882588,	
2018-12-05 17:24:32,976 Epoch[3] Batch [6900]	Speed: 4.64 samples/sec	Train-ROIPoolPenalty=2518.855562,	RCNNAcc=0.882647,	
2018-12-05 17:25:59,509 Epoch[3] Batch [7000]	Speed: 4.62 samples/sec	Train-ROIPoolPenalty=2519.475457,	RCNNAcc=0.882816,	
2018-12-05 17:27:25,234 Epoch[3] Batch [7100]	Speed: 4.67 samples/sec	Train-ROIPoolPenalty=2519.748117,	RCNNAcc=0.882765,	
2018-12-05 17:28:51,896 Epoch[3] Batch [7200]	Speed: 4.62 samples/sec	Train-ROIPoolPenalty=2519.617604,	RCNNAcc=0.882843,	
2018-12-05 17:30:18,266 Epoch[3] Batch [7300]	Speed: 4.63 samples/sec	Train-ROIPoolPenalty=2519.394833,	RCNNAcc=0.882826,	
2018-12-05 17:31:44,650 Epoch[3] Batch [7400]	Speed: 4.63 samples/sec	Train-ROIPoolPenalty=2519.096498,	RCNNAcc=0.882846,	
2018-12-05 17:33:11,238 Epoch[3] Batch [7500]	Speed: 4.62 samples/sec	Train-ROIPoolPenalty=2519.366884,	RCNNAcc=0.882968,	
2018-12-05 17:34:37,691 Epoch[3] Batch [7600]	Speed: 4.63 samples/sec	Train-ROIPoolPenalty=2519.743614,	RCNNAcc=0.882879,	
2018-12-05 17:36:04,291 Epoch[3] Batch [7700]	Speed: 4.62 samples/sec	Train-ROIPoolPenalty=2519.528670,	RCNNAcc=0.882847,	
2018-12-05 17:37:29,953 Epoch[3] Batch [7800]	Speed: 4.67 samples/sec	Train-ROIPoolPenalty=2519.684206,	RCNNAcc=0.882715,	
2018-12-05 17:38:55,703 Epoch[3] Batch [7900]	Speed: 4.66 samples/sec	Train-ROIPoolPenalty=2519.347595,	RCNNAcc=0.882677,	
2018-12-05 17:40:21,935 Epoch[3] Batch [8000]	Speed: 4.64 samples/sec	Train-ROIPoolPenalty=2518.860064,	RCNNAcc=0.882717,	
2018-12-05 17:41:48,021 Epoch[3] Batch [8100]	Speed: 4.65 samples/sec	Train-ROIPoolPenalty=2519.114292,	RCNNAcc=0.882608,	
2018-12-05 17:43:14,295 Epoch[3] Batch [8200]	Speed: 4.64 samples/sec	Train-ROIPoolPenalty=2518.504276,	RCNNAcc=0.882470,	
2018-12-05 17:44:17,973 Epoch[3] Train-ROIPoolPenalty=2518.562331
2018-12-05 17:44:17,973 Epoch[3] Train-RCNNAcc=0.882461
2018-12-05 17:44:17,973 Epoch[3] Time cost=7124.725
2018-12-05 17:44:18,992 Saved checkpoint to "output/r_0.05.yaml/2007_trainval_2012_trainval/first-0004.params"
2018-12-05 17:44:21,926 Saved optimizer state to "output/r_0.05.yaml/2007_trainval_2012_trainval/first-0004.states"
2018-12-05 17:44:22,401 Saved checkpoint to "output/r_0.05.yaml/2007_trainval_2012_trainval/first-0004.params"
2018-12-05 17:45:49,619 Epoch[4] Batch [100]	Speed: 4.63 samples/sec	Train-ROIPoolPenalty=2581.198174,	RCNNAcc=0.891050,	
2018-12-05 17:47:15,652 Epoch[4] Batch [200]	Speed: 4.65 samples/sec	Train-ROIPoolPenalty=2581.179987,	RCNNAcc=0.889303,	
2018-12-05 17:48:41,945 Epoch[4] Batch [300]	Speed: 4.64 samples/sec	Train-ROIPoolPenalty=2586.550744,	RCNNAcc=0.889580,	
2018-12-05 17:50:07,817 Epoch[4] Batch [400]	Speed: 4.66 samples/sec	Train-ROIPoolPenalty=2589.995272,	RCNNAcc=0.888497,	
2018-12-05 17:51:33,840 Epoch[4] Batch [500]	Speed: 4.65 samples/sec	Train-ROIPoolPenalty=2588.088081,	RCNNAcc=0.888001,	
2018-12-05 17:52:59,967 Epoch[4] Batch [600]	Speed: 4.64 samples/sec	Train-ROIPoolPenalty=2601.837019,	RCNNAcc=0.889416,	
2018-12-05 17:54:26,410 Epoch[4] Batch [700]	Speed: 4.63 samples/sec	Train-ROIPoolPenalty=2606.442721,	RCNNAcc=0.891224,	
2018-12-05 17:55:52,532 Epoch[4] Batch [800]	Speed: 4.64 samples/sec	Train-ROIPoolPenalty=2604.707272,	RCNNAcc=0.890832,	
2018-12-05 17:57:19,496 Epoch[4] Batch [900]	Speed: 4.60 samples/sec	Train-ROIPoolPenalty=2605.539793,	RCNNAcc=0.891098,	
2018-12-05 17:58:46,390 Epoch[4] Batch [1000]	Speed: 4.60 samples/sec	Train-ROIPoolPenalty=2608.611667,	RCNNAcc=0.891589,	
2018-12-05 18:00:12,083 Epoch[4] Batch [1100]	Speed: 4.67 samples/sec	Train-ROIPoolPenalty=2604.740887,	RCNNAcc=0.891560,	
2018-12-05 18:01:37,898 Epoch[4] Batch [1200]	Speed: 4.66 samples/sec	Train-ROIPoolPenalty=2607.117957,	RCNNAcc=0.892094,	
2018-12-05 18:03:04,579 Epoch[4] Batch [1300]	Speed: 4.61 samples/sec	Train-ROIPoolPenalty=2605.817251,	RCNNAcc=0.892221,	
2018-12-05 18:04:30,983 Epoch[4] Batch [1400]	Speed: 4.63 samples/sec	Train-ROIPoolPenalty=2606.251629,	RCNNAcc=0.892522,	
2018-12-05 18:05:56,537 Epoch[4] Batch [1500]	Speed: 4.68 samples/sec	Train-ROIPoolPenalty=2610.237322,	RCNNAcc=0.892837,	
2018-12-05 18:07:22,370 Epoch[4] Batch [1600]	Speed: 4.66 samples/sec	Train-ROIPoolPenalty=2612.477638,	RCNNAcc=0.893126,	
2018-12-05 18:08:48,744 Epoch[4] Batch [1700]	Speed: 4.63 samples/sec	Train-ROIPoolPenalty=2613.751032,	RCNNAcc=0.893767,	
2018-12-05 18:10:14,854 Epoch[4] Batch [1800]	Speed: 4.65 samples/sec	Train-ROIPoolPenalty=2616.972178,	RCNNAcc=0.893789,	
2018-12-05 18:11:41,537 Epoch[4] Batch [1900]	Speed: 4.61 samples/sec	Train-ROIPoolPenalty=2619.084627,	RCNNAcc=0.894006,	
2018-12-05 18:13:07,117 Epoch[4] Batch [2000]	Speed: 4.67 samples/sec	Train-ROIPoolPenalty=2622.860908,	RCNNAcc=0.894247,	
2018-12-05 18:14:32,857 Epoch[4] Batch [2100]	Speed: 4.67 samples/sec	Train-ROIPoolPenalty=2622.631870,	RCNNAcc=0.894422,	
2018-12-05 18:15:58,485 Epoch[4] Batch [2200]	Speed: 4.67 samples/sec	Train-ROIPoolPenalty=2622.660936,	RCNNAcc=0.894462,	
2018-12-05 18:17:24,358 Epoch[4] Batch [2300]	Speed: 4.66 samples/sec	Train-ROIPoolPenalty=2624.221722,	RCNNAcc=0.894782,	
2018-12-05 18:18:50,171 Epoch[4] Batch [2400]	Speed: 4.66 samples/sec	Train-ROIPoolPenalty=2624.143142,	RCNNAcc=0.894892,	
2018-12-05 18:20:15,798 Epoch[4] Batch [2500]	Speed: 4.67 samples/sec	Train-ROIPoolPenalty=2622.370482,	RCNNAcc=0.894821,	
2018-12-05 18:21:42,068 Epoch[4] Batch [2600]	Speed: 4.64 samples/sec	Train-ROIPoolPenalty=2621.924386,	RCNNAcc=0.894880,	
2018-12-05 18:23:07,569 Epoch[4] Batch [2700]	Speed: 4.68 samples/sec	Train-ROIPoolPenalty=2621.941570,	RCNNAcc=0.894954,	
2018-12-05 18:24:34,020 Epoch[4] Batch [2800]	Speed: 4.63 samples/sec	Train-ROIPoolPenalty=2621.709164,	RCNNAcc=0.894674,	
2018-12-05 18:25:59,751 Epoch[4] Batch [2900]	Speed: 4.67 samples/sec	Train-ROIPoolPenalty=2621.818985,	RCNNAcc=0.894640,	
2018-12-05 18:27:25,703 Epoch[4] Batch [3000]	Speed: 4.65 samples/sec	Train-ROIPoolPenalty=2620.161143,	RCNNAcc=0.894618,	
2018-12-05 18:28:51,493 Epoch[4] Batch [3100]	Speed: 4.66 samples/sec	Train-ROIPoolPenalty=2618.315479,	RCNNAcc=0.894692,	
2018-12-05 18:30:17,567 Epoch[4] Batch [3200]	Speed: 4.65 samples/sec	Train-ROIPoolPenalty=2618.168734,	RCNNAcc=0.894494,	
2018-12-05 18:31:42,947 Epoch[4] Batch [3300]	Speed: 4.68 samples/sec	Train-ROIPoolPenalty=2617.656342,	RCNNAcc=0.894759,	
2018-12-05 18:33:09,238 Epoch[4] Batch [3400]	Speed: 4.64 samples/sec	Train-ROIPoolPenalty=2616.567725,	RCNNAcc=0.894503,	
2018-12-05 18:34:34,642 Epoch[4] Batch [3500]	Speed: 4.68 samples/sec	Train-ROIPoolPenalty=2614.081585,	RCNNAcc=0.894275,	
2018-12-05 18:36:00,717 Epoch[4] Batch [3600]	Speed: 4.65 samples/sec	Train-ROIPoolPenalty=2613.915116,	RCNNAcc=0.894294,	
2018-12-05 18:37:26,907 Epoch[4] Batch [3700]	Speed: 4.64 samples/sec	Train-ROIPoolPenalty=2612.909912,	RCNNAcc=0.894303,	
2018-12-05 18:38:53,122 Epoch[4] Batch [3800]	Speed: 4.64 samples/sec	Train-ROIPoolPenalty=2611.112672,	RCNNAcc=0.894046,	
2018-12-05 18:40:19,431 Epoch[4] Batch [3900]	Speed: 4.63 samples/sec	Train-ROIPoolPenalty=2608.408165,	RCNNAcc=0.893556,	
2018-12-05 18:41:45,613 Epoch[4] Batch [4000]	Speed: 4.64 samples/sec	Train-ROIPoolPenalty=2607.228768,	RCNNAcc=0.893479,	
2018-12-05 18:43:12,070 Epoch[4] Batch [4100]	Speed: 4.63 samples/sec	Train-ROIPoolPenalty=2606.522230,	RCNNAcc=0.893221,	
2018-12-05 18:44:38,391 Epoch[4] Batch [4200]	Speed: 4.63 samples/sec	Train-ROIPoolPenalty=2604.812112,	RCNNAcc=0.893013,	
2018-12-05 18:46:04,473 Epoch[4] Batch [4300]	Speed: 4.65 samples/sec	Train-ROIPoolPenalty=2602.578831,	RCNNAcc=0.892829,	
2018-12-05 18:47:30,579 Epoch[4] Batch [4400]	Speed: 4.65 samples/sec	Train-ROIPoolPenalty=2602.022470,	RCNNAcc=0.893016,	
2018-12-05 18:48:57,198 Epoch[4] Batch [4500]	Speed: 4.62 samples/sec	Train-ROIPoolPenalty=2601.042829,	RCNNAcc=0.893010,	
2018-12-05 18:50:23,430 Epoch[4] Batch [4600]	Speed: 4.64 samples/sec	Train-ROIPoolPenalty=2601.660322,	RCNNAcc=0.893152,	
2018-12-05 18:51:49,819 Epoch[4] Batch [4700]	Speed: 4.63 samples/sec	Train-ROIPoolPenalty=2601.837495,	RCNNAcc=0.893191,	
2018-12-05 18:53:16,139 Epoch[4] Batch [4800]	Speed: 4.63 samples/sec	Train-ROIPoolPenalty=2602.315937,	RCNNAcc=0.893175,	
2018-12-05 18:54:43,279 Epoch[4] Batch [4900]	Speed: 4.59 samples/sec	Train-ROIPoolPenalty=2601.830640,	RCNNAcc=0.893136,	
2018-12-05 18:56:10,412 Epoch[4] Batch [5000]	Speed: 4.59 samples/sec	Train-ROIPoolPenalty=2601.820021,	RCNNAcc=0.893067,	
2018-12-05 18:57:37,084 Epoch[4] Batch [5100]	Speed: 4.62 samples/sec	Train-ROIPoolPenalty=2601.235589,	RCNNAcc=0.893143,	
2018-12-05 18:59:03,425 Epoch[4] Batch [5200]	Speed: 4.63 samples/sec	Train-ROIPoolPenalty=2599.824087,	RCNNAcc=0.893039,	
2018-12-05 19:00:29,891 Epoch[4] Batch [5300]	Speed: 4.63 samples/sec	Train-ROIPoolPenalty=2600.076007,	RCNNAcc=0.893108,	
2018-12-05 19:01:56,932 Epoch[4] Batch [5400]	Speed: 4.60 samples/sec	Train-ROIPoolPenalty=2600.157977,	RCNNAcc=0.893220,	
2018-12-05 19:03:23,792 Epoch[4] Batch [5500]	Speed: 4.61 samples/sec	Train-ROIPoolPenalty=2599.978575,	RCNNAcc=0.893410,	
2018-12-05 19:04:50,271 Epoch[4] Batch [5600]	Speed: 4.63 samples/sec	Train-ROIPoolPenalty=2598.314820,	RCNNAcc=0.893362,	
2018-12-05 19:06:16,980 Epoch[4] Batch [5700]	Speed: 4.61 samples/sec	Train-ROIPoolPenalty=2598.330443,	RCNNAcc=0.893459,	
2018-12-05 19:07:43,086 Epoch[4] Batch [5800]	Speed: 4.65 samples/sec	Train-ROIPoolPenalty=2597.914585,	RCNNAcc=0.893504,	
2018-12-05 19:09:09,462 Epoch[4] Batch [5900]	Speed: 4.63 samples/sec	Train-ROIPoolPenalty=2598.163421,	RCNNAcc=0.893570,	
2018-12-05 19:10:35,765 Epoch[4] Batch [6000]	Speed: 4.63 samples/sec	Train-ROIPoolPenalty=2598.146807,	RCNNAcc=0.893568,	
2018-12-05 19:12:02,230 Epoch[4] Batch [6100]	Speed: 4.63 samples/sec	Train-ROIPoolPenalty=2597.662867,	RCNNAcc=0.893403,	
2018-12-05 19:13:28,629 Epoch[4] Batch [6200]	Speed: 4.63 samples/sec	Train-ROIPoolPenalty=2597.245352,	RCNNAcc=0.893307,	
2018-12-05 19:14:54,425 Epoch[4] Batch [6300]	Speed: 4.66 samples/sec	Train-ROIPoolPenalty=2597.192085,	RCNNAcc=0.893227,	
2018-12-05 19:16:21,680 Epoch[4] Batch [6400]	Speed: 4.58 samples/sec	Train-ROIPoolPenalty=2597.866855,	RCNNAcc=0.893181,	
2018-12-05 19:17:47,426 Epoch[4] Batch [6500]	Speed: 4.66 samples/sec	Train-ROIPoolPenalty=2598.086185,	RCNNAcc=0.893095,	
2018-12-05 19:19:13,295 Epoch[4] Batch [6600]	Speed: 4.66 samples/sec	Train-ROIPoolPenalty=2597.996972,	RCNNAcc=0.893070,	
2018-12-05 19:20:39,247 Epoch[4] Batch [6700]	Speed: 4.65 samples/sec	Train-ROIPoolPenalty=2597.495100,	RCNNAcc=0.893016,	
2018-12-05 19:22:05,202 Epoch[4] Batch [6800]	Speed: 4.65 samples/sec	Train-ROIPoolPenalty=2597.507623,	RCNNAcc=0.892874,	
2018-12-05 19:23:04,935 Update[39971]: Change learning rate to 5.00000e-05
2018-12-05 19:23:31,205 Epoch[4] Batch [6900]	Speed: 4.65 samples/sec	Train-ROIPoolPenalty=2596.358962,	RCNNAcc=0.892796,	
2018-12-05 19:24:57,407 Epoch[4] Batch [7000]	Speed: 4.64 samples/sec	Train-ROIPoolPenalty=2595.611358,	RCNNAcc=0.892806,	
2018-12-05 19:26:24,020 Epoch[4] Batch [7100]	Speed: 4.62 samples/sec	Train-ROIPoolPenalty=2595.471328,	RCNNAcc=0.892818,	
2018-12-05 19:27:50,046 Epoch[4] Batch [7200]	Speed: 4.65 samples/sec	Train-ROIPoolPenalty=2595.804825,	RCNNAcc=0.892950,	
2018-12-05 19:29:17,015 Epoch[4] Batch [7300]	Speed: 4.60 samples/sec	Train-ROIPoolPenalty=2596.466937,	RCNNAcc=0.893004,	
2018-12-05 19:30:43,703 Epoch[4] Batch [7400]	Speed: 4.61 samples/sec	Train-ROIPoolPenalty=2597.008471,	RCNNAcc=0.892972,	
2018-12-05 19:32:09,827 Epoch[4] Batch [7500]	Speed: 4.64 samples/sec	Train-ROIPoolPenalty=2597.968778,	RCNNAcc=0.893191,	
2018-12-05 19:33:36,102 Epoch[4] Batch [7600]	Speed: 4.64 samples/sec	Train-ROIPoolPenalty=2598.694965,	RCNNAcc=0.893324,	
2018-12-05 19:35:02,170 Epoch[4] Batch [7700]	Speed: 4.65 samples/sec	Train-ROIPoolPenalty=2599.988896,	RCNNAcc=0.893446,	
2018-12-05 19:36:28,347 Epoch[4] Batch [7800]	Speed: 4.64 samples/sec	Train-ROIPoolPenalty=2601.362366,	RCNNAcc=0.893689,	
2018-12-05 19:37:55,062 Epoch[4] Batch [7900]	Speed: 4.61 samples/sec	Train-ROIPoolPenalty=2602.611436,	RCNNAcc=0.893924,	
2018-12-05 19:39:21,178 Epoch[4] Batch [8000]	Speed: 4.64 samples/sec	Train-ROIPoolPenalty=2603.782244,	RCNNAcc=0.893986,	
2018-12-05 19:40:47,242 Epoch[4] Batch [8100]	Speed: 4.65 samples/sec	Train-ROIPoolPenalty=2605.314715,	RCNNAcc=0.894069,	
2018-12-05 19:42:13,697 Epoch[4] Batch [8200]	Speed: 4.63 samples/sec	Train-ROIPoolPenalty=2606.455152,	RCNNAcc=0.894146,	
2018-12-05 19:43:17,431 Epoch[4] Train-ROIPoolPenalty=2607.400188
2018-12-05 19:43:17,432 Epoch[4] Train-RCNNAcc=0.894278
2018-12-05 19:43:17,432 Epoch[4] Time cost=7134.994
2018-12-05 19:43:19,101 Saved checkpoint to "output/r_0.05.yaml/2007_trainval_2012_trainval/first-0005.params"
2018-12-05 19:43:22,309 Saved optimizer state to "output/r_0.05.yaml/2007_trainval_2012_trainval/first-0005.states"
2018-12-05 19:43:22,910 Saved checkpoint to "output/r_0.05.yaml/2007_trainval_2012_trainval/first-0005.params"
2018-12-05 19:44:49,719 Epoch[5] Batch [100]	Speed: 4.66 samples/sec	Train-ROIPoolPenalty=2744.069615,	RCNNAcc=0.920773,	
2018-12-05 19:46:15,894 Epoch[5] Batch [200]	Speed: 4.64 samples/sec	Train-ROIPoolPenalty=2748.527960,	RCNNAcc=0.916842,	
2018-12-05 19:47:42,490 Epoch[5] Batch [300]	Speed: 4.62 samples/sec	Train-ROIPoolPenalty=2753.196868,	RCNNAcc=0.914958,	
2018-12-05 19:49:08,746 Epoch[5] Batch [400]	Speed: 4.64 samples/sec	Train-ROIPoolPenalty=2764.067136,	RCNNAcc=0.915665,	
2018-12-05 19:50:35,333 Epoch[5] Batch [500]	Speed: 4.62 samples/sec	Train-ROIPoolPenalty=2772.089770,	RCNNAcc=0.915618,	
2018-12-05 19:52:01,734 Epoch[5] Batch [600]	Speed: 4.63 samples/sec	Train-ROIPoolPenalty=2776.418396,	RCNNAcc=0.916016,	
2018-12-05 19:53:27,950 Epoch[5] Batch [700]	Speed: 4.64 samples/sec	Train-ROIPoolPenalty=2778.640678,	RCNNAcc=0.914213,	
2018-12-05 19:54:54,071 Epoch[5] Batch [800]	Speed: 4.64 samples/sec	Train-ROIPoolPenalty=2783.839029,	RCNNAcc=0.913421,	
2018-12-05 19:56:20,098 Epoch[5] Batch [900]	Speed: 4.65 samples/sec	Train-ROIPoolPenalty=2789.895409,	RCNNAcc=0.913154,	
2018-12-05 19:58:14,666 Epoch[5] Batch [1000]	Speed: 3.49 samples/sec	Train-ROIPoolPenalty=2792.872428,	RCNNAcc=0.913604,	
2018-12-05 20:00:32,440 Epoch[5] Batch [1100]	Speed: 2.90 samples/sec	Train-ROIPoolPenalty=2794.599985,	RCNNAcc=0.913433,	
2018-12-05 20:02:51,690 Epoch[5] Batch [1200]	Speed: 2.87 samples/sec	Train-ROIPoolPenalty=2796.125594,	RCNNAcc=0.913303,	
2018-12-05 20:05:11,971 Epoch[5] Batch [1300]	Speed: 2.85 samples/sec	Train-ROIPoolPenalty=2797.361399,	RCNNAcc=0.913268,	
2018-12-05 20:07:31,380 Epoch[5] Batch [1400]	Speed: 2.87 samples/sec	Train-ROIPoolPenalty=2799.499836,	RCNNAcc=0.913360,	
2018-12-05 20:09:50,988 Epoch[5] Batch [1500]	Speed: 2.87 samples/sec	Train-ROIPoolPenalty=2802.756808,	RCNNAcc=0.913657,	
2018-12-05 20:12:09,220 Epoch[5] Batch [1600]	Speed: 2.89 samples/sec	Train-ROIPoolPenalty=2805.949490,	RCNNAcc=0.913888,	
2018-12-05 20:14:28,586 Epoch[5] Batch [1700]	Speed: 2.87 samples/sec	Train-ROIPoolPenalty=2810.387841,	RCNNAcc=0.914079,	
2018-12-05 20:16:47,740 Epoch[5] Batch [1800]	Speed: 2.87 samples/sec	Train-ROIPoolPenalty=2812.734118,	RCNNAcc=0.914039,	
2018-12-05 20:19:07,374 Epoch[5] Batch [1900]	Speed: 2.86 samples/sec	Train-ROIPoolPenalty=2813.930927,	RCNNAcc=0.914300,	
2018-12-05 20:21:22,507 Epoch[5] Batch [2000]	Speed: 2.96 samples/sec	Train-ROIPoolPenalty=2816.182629,	RCNNAcc=0.914456,	
2018-12-05 20:22:48,704 Epoch[5] Batch [2100]	Speed: 4.64 samples/sec	Train-ROIPoolPenalty=2818.201049,	RCNNAcc=0.914607,	
2018-12-05 20:24:14,607 Epoch[5] Batch [2200]	Speed: 4.66 samples/sec	Train-ROIPoolPenalty=2819.966786,	RCNNAcc=0.914588,	
2018-12-05 20:25:41,228 Epoch[5] Batch [2300]	Speed: 4.62 samples/sec	Train-ROIPoolPenalty=2821.634193,	RCNNAcc=0.914585,	
2018-12-05 20:27:07,309 Epoch[5] Batch [2400]	Speed: 4.65 samples/sec	Train-ROIPoolPenalty=2823.235460,	RCNNAcc=0.914606,	
2018-12-05 20:28:33,912 Epoch[5] Batch [2500]	Speed: 4.62 samples/sec	Train-ROIPoolPenalty=2825.444412,	RCNNAcc=0.914356,	
2018-12-05 20:30:00,490 Epoch[5] Batch [2600]	Speed: 4.62 samples/sec	Train-ROIPoolPenalty=2827.188654,	RCNNAcc=0.914500,	
2018-12-05 20:31:26,732 Epoch[5] Batch [2700]	Speed: 4.64 samples/sec	Train-ROIPoolPenalty=2828.590807,	RCNNAcc=0.914522,	
2018-12-05 20:32:52,943 Epoch[5] Batch [2800]	Speed: 4.64 samples/sec	Train-ROIPoolPenalty=2829.374915,	RCNNAcc=0.914394,	
2018-12-05 20:34:19,315 Epoch[5] Batch [2900]	Speed: 4.63 samples/sec	Train-ROIPoolPenalty=2830.253352,	RCNNAcc=0.914420,	
2018-12-05 20:35:45,197 Epoch[5] Batch [3000]	Speed: 4.66 samples/sec	Train-ROIPoolPenalty=2831.652667,	RCNNAcc=0.914548,	
2018-12-05 20:37:11,844 Epoch[5] Batch [3100]	Speed: 4.62 samples/sec	Train-ROIPoolPenalty=2834.173806,	RCNNAcc=0.914756,	
2018-12-05 20:38:37,832 Epoch[5] Batch [3200]	Speed: 4.65 samples/sec	Train-ROIPoolPenalty=2835.019920,	RCNNAcc=0.914861,	
2018-12-05 20:40:03,775 Epoch[5] Batch [3300]	Speed: 4.65 samples/sec	Train-ROIPoolPenalty=2835.937211,	RCNNAcc=0.914946,	
2018-12-05 20:41:30,438 Epoch[5] Batch [3400]	Speed: 4.62 samples/sec	Train-ROIPoolPenalty=2837.334248,	RCNNAcc=0.915077,	
2018-12-05 20:42:56,898 Epoch[5] Batch [3500]	Speed: 4.63 samples/sec	Train-ROIPoolPenalty=2838.696160,	RCNNAcc=0.915246,	
2018-12-05 20:44:23,287 Epoch[5] Batch [3600]	Speed: 4.63 samples/sec	Train-ROIPoolPenalty=2839.750311,	RCNNAcc=0.915266,	
2018-12-05 20:45:49,514 Epoch[5] Batch [3700]	Speed: 4.64 samples/sec	Train-ROIPoolPenalty=2841.307027,	RCNNAcc=0.915227,	
2018-12-05 20:47:15,976 Epoch[5] Batch [3800]	Speed: 4.63 samples/sec	Train-ROIPoolPenalty=2842.862141,	RCNNAcc=0.915251,	
2018-12-05 20:48:43,000 Epoch[5] Batch [3900]	Speed: 4.60 samples/sec	Train-ROIPoolPenalty=2844.277294,	RCNNAcc=0.915220,	
2018-12-05 20:50:09,439 Epoch[5] Batch [4000]	Speed: 4.63 samples/sec	Train-ROIPoolPenalty=2844.968790,	RCNNAcc=0.915148,	
2018-12-05 20:51:35,617 Epoch[5] Batch [4100]	Speed: 4.64 samples/sec	Train-ROIPoolPenalty=2845.930537,	RCNNAcc=0.915209,	
2018-12-05 20:53:01,649 Epoch[5] Batch [4200]	Speed: 4.65 samples/sec	Train-ROIPoolPenalty=2846.889573,	RCNNAcc=0.915357,	
2018-12-05 20:54:28,012 Epoch[5] Batch [4300]	Speed: 4.63 samples/sec	Train-ROIPoolPenalty=2847.277014,	RCNNAcc=0.915366,	
2018-12-05 20:55:54,250 Epoch[5] Batch [4400]	Speed: 4.64 samples/sec	Train-ROIPoolPenalty=2848.190682,	RCNNAcc=0.915432,	
2018-12-05 20:57:20,410 Epoch[5] Batch [4500]	Speed: 4.64 samples/sec	Train-ROIPoolPenalty=2849.543000,	RCNNAcc=0.915632,	
2018-12-05 20:58:46,535 Epoch[5] Batch [4600]	Speed: 4.64 samples/sec	Train-ROIPoolPenalty=2850.825430,	RCNNAcc=0.915716,	
2018-12-05 21:00:12,424 Epoch[5] Batch [4700]	Speed: 4.66 samples/sec	Train-ROIPoolPenalty=2851.296995,	RCNNAcc=0.915756,	
2018-12-05 21:01:38,453 Epoch[5] Batch [4800]	Speed: 4.65 samples/sec	Train-ROIPoolPenalty=2852.215728,	RCNNAcc=0.915843,	
2018-12-05 21:03:04,174 Epoch[5] Batch [4900]	Speed: 4.67 samples/sec	Train-ROIPoolPenalty=2853.026805,	RCNNAcc=0.916001,	
2018-12-05 21:04:30,303 Epoch[5] Batch [5000]	Speed: 4.64 samples/sec	Train-ROIPoolPenalty=2854.746508,	RCNNAcc=0.916214,	
2018-12-05 21:05:56,233 Epoch[5] Batch [5100]	Speed: 4.65 samples/sec	Train-ROIPoolPenalty=2856.826298,	RCNNAcc=0.916330,	
2018-12-05 21:07:22,969 Epoch[5] Batch [5200]	Speed: 4.61 samples/sec	Train-ROIPoolPenalty=2858.243021,	RCNNAcc=0.916570,	
2018-12-05 21:08:49,118 Epoch[5] Batch [5300]	Speed: 4.64 samples/sec	Train-ROIPoolPenalty=2859.747935,	RCNNAcc=0.916674,	
2018-12-05 21:10:15,219 Epoch[5] Batch [5400]	Speed: 4.65 samples/sec	Train-ROIPoolPenalty=2861.400208,	RCNNAcc=0.916707,	
2018-12-05 21:11:41,401 Epoch[5] Batch [5500]	Speed: 4.64 samples/sec	Train-ROIPoolPenalty=2862.483034,	RCNNAcc=0.916797,	
2018-12-05 21:13:07,481 Epoch[5] Batch [5600]	Speed: 4.65 samples/sec	Train-ROIPoolPenalty=2864.144928,	RCNNAcc=0.916894,	
2018-12-05 21:14:34,202 Epoch[5] Batch [5700]	Speed: 4.61 samples/sec	Train-ROIPoolPenalty=2865.223222,	RCNNAcc=0.916941,	
2018-12-05 21:16:00,226 Epoch[5] Batch [5800]	Speed: 4.65 samples/sec	Train-ROIPoolPenalty=2866.567656,	RCNNAcc=0.917031,	
2018-12-05 21:17:26,793 Epoch[5] Batch [5900]	Speed: 4.62 samples/sec	Train-ROIPoolPenalty=2867.659430,	RCNNAcc=0.917124,	
2018-12-05 21:18:53,267 Epoch[5] Batch [6000]	Speed: 4.63 samples/sec	Train-ROIPoolPenalty=2868.553679,	RCNNAcc=0.917234,	
2018-12-05 21:20:19,773 Epoch[5] Batch [6100]	Speed: 4.62 samples/sec	Train-ROIPoolPenalty=2869.287039,	RCNNAcc=0.917309,	
2018-12-05 21:21:46,055 Epoch[5] Batch [6200]	Speed: 4.64 samples/sec	Train-ROIPoolPenalty=2869.688230,	RCNNAcc=0.917301,	
2018-12-05 21:23:12,353 Epoch[5] Batch [6300]	Speed: 4.64 samples/sec	Train-ROIPoolPenalty=2870.898452,	RCNNAcc=0.917407,	
2018-12-05 21:24:39,138 Epoch[5] Batch [6400]	Speed: 4.61 samples/sec	Train-ROIPoolPenalty=2871.910484,	RCNNAcc=0.917479,	
2018-12-05 21:26:05,779 Epoch[5] Batch [6500]	Speed: 4.62 samples/sec	Train-ROIPoolPenalty=2872.656889,	RCNNAcc=0.917601,	
2018-12-05 21:27:32,534 Epoch[5] Batch [6600]	Speed: 4.61 samples/sec	Train-ROIPoolPenalty=2873.389070,	RCNNAcc=0.917588,	
2018-12-05 21:28:59,059 Epoch[5] Batch [6700]	Speed: 4.62 samples/sec	Train-ROIPoolPenalty=2874.390553,	RCNNAcc=0.917598,	
2018-12-05 21:30:25,206 Epoch[5] Batch [6800]	Speed: 4.64 samples/sec	Train-ROIPoolPenalty=2875.223967,	RCNNAcc=0.917490,	
2018-12-05 21:31:51,566 Epoch[5] Batch [6900]	Speed: 4.63 samples/sec	Train-ROIPoolPenalty=2875.693326,	RCNNAcc=0.917558,	
2018-12-05 21:33:18,165 Epoch[5] Batch [7000]	Speed: 4.62 samples/sec	Train-ROIPoolPenalty=2876.209749,	RCNNAcc=0.917583,	
2018-12-05 21:34:45,118 Epoch[5] Batch [7100]	Speed: 4.60 samples/sec	Train-ROIPoolPenalty=2876.886251,	RCNNAcc=0.917490,	
2018-12-05 21:36:10,762 Epoch[5] Batch [7200]	Speed: 4.67 samples/sec	Train-ROIPoolPenalty=2877.629217,	RCNNAcc=0.917580,	
2018-12-05 21:37:35,755 Epoch[5] Batch [7300]	Speed: 4.71 samples/sec	Train-ROIPoolPenalty=2878.361715,	RCNNAcc=0.917619,	
2018-12-05 21:39:01,478 Epoch[5] Batch [7400]	Speed: 4.67 samples/sec	Train-ROIPoolPenalty=2878.815694,	RCNNAcc=0.917633,	
2018-12-05 21:40:27,691 Epoch[5] Batch [7500]	Speed: 4.64 samples/sec	Train-ROIPoolPenalty=2879.796318,	RCNNAcc=0.917679,	
2018-12-05 21:41:54,208 Epoch[5] Batch [7600]	Speed: 4.62 samples/sec	Train-ROIPoolPenalty=2880.324933,	RCNNAcc=0.917719,	
2018-12-05 21:43:20,537 Epoch[5] Batch [7700]	Speed: 4.63 samples/sec	Train-ROIPoolPenalty=2881.223691,	RCNNAcc=0.917715,	
2018-12-05 21:44:46,753 Epoch[5] Batch [7800]	Speed: 4.64 samples/sec	Train-ROIPoolPenalty=2881.668171,	RCNNAcc=0.917619,	
2018-12-05 21:46:12,533 Epoch[5] Batch [7900]	Speed: 4.66 samples/sec	Train-ROIPoolPenalty=2882.256979,	RCNNAcc=0.917635,	
2018-12-05 21:47:38,662 Epoch[5] Batch [8000]	Speed: 4.64 samples/sec	Train-ROIPoolPenalty=2882.619385,	RCNNAcc=0.917637,	
2018-12-05 21:49:04,769 Epoch[5] Batch [8100]	Speed: 4.65 samples/sec	Train-ROIPoolPenalty=2883.279505,	RCNNAcc=0.917612,	
2018-12-05 21:50:31,051 Epoch[5] Batch [8200]	Speed: 4.64 samples/sec	Train-ROIPoolPenalty=2884.025287,	RCNNAcc=0.917636,	
2018-12-05 21:51:34,662 Epoch[5] Train-ROIPoolPenalty=2884.667796
2018-12-05 21:51:34,662 Epoch[5] Train-RCNNAcc=0.917634
2018-12-05 21:51:34,662 Epoch[5] Time cost=7691.711
2018-12-05 21:51:35,667 Saved checkpoint to "output/r_0.05.yaml/2007_trainval_2012_trainval/first-0006.params"
2018-12-05 21:51:38,277 Saved optimizer state to "output/r_0.05.yaml/2007_trainval_2012_trainval/first-0006.states"
2018-12-05 21:51:38,804 Saved checkpoint to "output/r_0.05.yaml/2007_trainval_2012_trainval/first-0006.params"
2018-12-05 21:53:05,924 Epoch[6] Batch [100]	Speed: 4.64 samples/sec	Train-ROIPoolPenalty=2958.702926,	RCNNAcc=0.921372,	
2018-12-05 21:54:32,116 Epoch[6] Batch [200]	Speed: 4.64 samples/sec	Train-ROIPoolPenalty=2971.397619,	RCNNAcc=0.923430,	
2018-12-05 21:55:58,639 Epoch[6] Batch [300]	Speed: 4.62 samples/sec	Train-ROIPoolPenalty=2974.304351,	RCNNAcc=0.923004,	
2018-12-05 21:57:25,298 Epoch[6] Batch [400]	Speed: 4.62 samples/sec	Train-ROIPoolPenalty=2970.316875,	RCNNAcc=0.923862,	
2018-12-05 21:58:52,097 Epoch[6] Batch [500]	Speed: 4.61 samples/sec	Train-ROIPoolPenalty=2972.597685,	RCNNAcc=0.924627,	
2018-12-05 22:00:18,908 Epoch[6] Batch [600]	Speed: 4.61 samples/sec	Train-ROIPoolPenalty=2970.134759,	RCNNAcc=0.923757,	
2018-12-05 22:01:45,458 Epoch[6] Batch [700]	Speed: 4.62 samples/sec	Train-ROIPoolPenalty=2970.715433,	RCNNAcc=0.922597,	
2018-12-05 22:03:11,614 Epoch[6] Batch [800]	Speed: 4.64 samples/sec	Train-ROIPoolPenalty=2969.282099,	RCNNAcc=0.922299,	
2018-12-05 22:04:37,676 Epoch[6] Batch [900]	Speed: 4.65 samples/sec	Train-ROIPoolPenalty=2970.023016,	RCNNAcc=0.922608,	
2018-12-05 22:06:03,878 Epoch[6] Batch [1000]	Speed: 4.64 samples/sec	Train-ROIPoolPenalty=2970.249637,	RCNNAcc=0.922492,	
2018-12-05 22:07:30,118 Epoch[6] Batch [1100]	Speed: 4.64 samples/sec	Train-ROIPoolPenalty=2970.764583,	RCNNAcc=0.922476,	
2018-12-05 22:08:56,782 Epoch[6] Batch [1200]	Speed: 4.62 samples/sec	Train-ROIPoolPenalty=2972.665152,	RCNNAcc=0.922480,	
2018-12-05 22:10:23,196 Epoch[6] Batch [1300]	Speed: 4.63 samples/sec	Train-ROIPoolPenalty=2970.611965,	RCNNAcc=0.922418,	
2018-12-05 22:11:49,559 Epoch[6] Batch [1400]	Speed: 4.63 samples/sec	Train-ROIPoolPenalty=2969.481784,	RCNNAcc=0.922783,	
2018-12-05 22:13:16,119 Epoch[6] Batch [1500]	Speed: 4.62 samples/sec	Train-ROIPoolPenalty=2969.871023,	RCNNAcc=0.922775,	
2018-12-05 22:14:42,232 Epoch[6] Batch [1600]	Speed: 4.65 samples/sec	Train-ROIPoolPenalty=2968.578868,	RCNNAcc=0.922669,	
2018-12-05 22:16:09,177 Epoch[6] Batch [1700]	Speed: 4.60 samples/sec	Train-ROIPoolPenalty=2968.353552,	RCNNAcc=0.922585,	
2018-12-05 22:17:35,393 Epoch[6] Batch [1800]	Speed: 4.64 samples/sec	Train-ROIPoolPenalty=2968.642841,	RCNNAcc=0.922673,	
2018-12-05 22:19:01,860 Epoch[6] Batch [1900]	Speed: 4.63 samples/sec	Train-ROIPoolPenalty=2970.029828,	RCNNAcc=0.922704,	
2018-12-05 22:20:28,103 Epoch[6] Batch [2000]	Speed: 4.64 samples/sec	Train-ROIPoolPenalty=2972.862225,	RCNNAcc=0.923130,	
2018-12-05 22:21:54,620 Epoch[6] Batch [2100]	Speed: 4.62 samples/sec	Train-ROIPoolPenalty=2974.849107,	RCNNAcc=0.923161,	
2018-12-05 22:23:20,901 Epoch[6] Batch [2200]	Speed: 4.64 samples/sec	Train-ROIPoolPenalty=2975.076729,	RCNNAcc=0.923225,	
2018-12-05 22:24:46,308 Epoch[6] Batch [2300]	Speed: 4.68 samples/sec	Train-ROIPoolPenalty=2976.835333,	RCNNAcc=0.923347,	
2018-12-05 22:26:12,045 Epoch[6] Batch [2400]	Speed: 4.67 samples/sec	Train-ROIPoolPenalty=2976.704511,	RCNNAcc=0.923317,	
2018-12-05 22:27:38,721 Epoch[6] Batch [2500]	Speed: 4.61 samples/sec	Train-ROIPoolPenalty=2977.291184,	RCNNAcc=0.923481,	
2018-12-05 22:29:04,849 Epoch[6] Batch [2600]	Speed: 4.64 samples/sec	Train-ROIPoolPenalty=2977.506717,	RCNNAcc=0.923637,	
2018-12-05 22:30:31,268 Epoch[6] Batch [2700]	Speed: 4.63 samples/sec	Train-ROIPoolPenalty=2978.372943,	RCNNAcc=0.923841,	
2018-12-05 22:31:57,320 Epoch[6] Batch [2800]	Speed: 4.65 samples/sec	Train-ROIPoolPenalty=2978.140366,	RCNNAcc=0.923656,	
2018-12-05 22:33:23,542 Epoch[6] Batch [2900]	Speed: 4.64 samples/sec	Train-ROIPoolPenalty=2978.363456,	RCNNAcc=0.923652,	
2018-12-05 22:34:50,024 Epoch[6] Batch [3000]	Speed: 4.63 samples/sec	Train-ROIPoolPenalty=2977.336676,	RCNNAcc=0.923471,	
2018-12-05 22:36:15,953 Epoch[6] Batch [3100]	Speed: 4.66 samples/sec	Train-ROIPoolPenalty=2977.031353,	RCNNAcc=0.923527,	
2018-12-05 22:37:42,642 Epoch[6] Batch [3200]	Speed: 4.61 samples/sec	Train-ROIPoolPenalty=2977.281038,	RCNNAcc=0.923524,	
2018-12-05 22:39:09,131 Epoch[6] Batch [3300]	Speed: 4.62 samples/sec	Train-ROIPoolPenalty=2977.302085,	RCNNAcc=0.923470,	
2018-12-05 22:40:35,615 Epoch[6] Batch [3400]	Speed: 4.63 samples/sec	Train-ROIPoolPenalty=2976.878521,	RCNNAcc=0.923391,	
2018-12-05 22:42:01,527 Epoch[6] Batch [3500]	Speed: 4.66 samples/sec	Train-ROIPoolPenalty=2976.763665,	RCNNAcc=0.923245,	
2018-12-05 22:43:27,359 Epoch[6] Batch [3600]	Speed: 4.66 samples/sec	Train-ROIPoolPenalty=2976.870432,	RCNNAcc=0.923426,	
2018-12-05 22:44:53,932 Epoch[6] Batch [3700]	Speed: 4.62 samples/sec	Train-ROIPoolPenalty=2976.799081,	RCNNAcc=0.923423,	
2018-12-05 22:46:20,318 Epoch[6] Batch [3800]	Speed: 4.63 samples/sec	Train-ROIPoolPenalty=2977.166501,	RCNNAcc=0.923477,	
2018-12-05 22:47:47,118 Epoch[6] Batch [3900]	Speed: 4.61 samples/sec	Train-ROIPoolPenalty=2977.975907,	RCNNAcc=0.923534,	
2018-12-05 22:49:13,609 Epoch[6] Batch [4000]	Speed: 4.62 samples/sec	Train-ROIPoolPenalty=2978.554172,	RCNNAcc=0.923465,	
2018-12-05 22:50:39,489 Epoch[6] Batch [4100]	Speed: 4.66 samples/sec	Train-ROIPoolPenalty=2979.876755,	RCNNAcc=0.923575,	
2018-12-05 22:52:05,382 Epoch[6] Batch [4200]	Speed: 4.66 samples/sec	Train-ROIPoolPenalty=2980.772087,	RCNNAcc=0.923693,	
2018-12-05 22:53:31,987 Epoch[6] Batch [4300]	Speed: 4.62 samples/sec	Train-ROIPoolPenalty=2981.304536,	RCNNAcc=0.923693,	
2018-12-05 22:54:58,081 Epoch[6] Batch [4400]	Speed: 4.65 samples/sec	Train-ROIPoolPenalty=2981.364014,	RCNNAcc=0.923808,	
2018-12-05 22:56:24,286 Epoch[6] Batch [4500]	Speed: 4.64 samples/sec	Train-ROIPoolPenalty=2981.692294,	RCNNAcc=0.923779,	
2018-12-05 22:57:50,736 Epoch[6] Batch [4600]	Speed: 4.63 samples/sec	Train-ROIPoolPenalty=2982.595417,	RCNNAcc=0.923817,	
2018-12-05 22:59:16,703 Epoch[6] Batch [4700]	Speed: 4.65 samples/sec	Train-ROIPoolPenalty=2983.397747,	RCNNAcc=0.923920,	
2018-12-05 23:00:43,103 Epoch[6] Batch [4800]	Speed: 4.63 samples/sec	Train-ROIPoolPenalty=2984.068740,	RCNNAcc=0.923962,	
2018-12-05 23:02:09,769 Epoch[6] Batch [4900]	Speed: 4.62 samples/sec	Train-ROIPoolPenalty=2984.700232,	RCNNAcc=0.924056,	
2018-12-05 23:03:36,105 Epoch[6] Batch [5000]	Speed: 4.63 samples/sec	Train-ROIPoolPenalty=2984.898166,	RCNNAcc=0.924117,	
2018-12-05 23:05:02,547 Epoch[6] Batch [5100]	Speed: 4.63 samples/sec	Train-ROIPoolPenalty=2985.097343,	RCNNAcc=0.924086,	
2018-12-05 23:06:29,280 Epoch[6] Batch [5200]	Speed: 4.61 samples/sec	Train-ROIPoolPenalty=2985.766128,	RCNNAcc=0.924008,	
2018-12-05 23:07:55,728 Epoch[6] Batch [5300]	Speed: 4.63 samples/sec	Train-ROIPoolPenalty=2986.194102,	RCNNAcc=0.923951,	
2018-12-05 23:09:21,682 Epoch[6] Batch [5400]	Speed: 4.65 samples/sec	Train-ROIPoolPenalty=2986.718190,	RCNNAcc=0.923909,	
2018-12-05 23:10:48,589 Epoch[6] Batch [5500]	Speed: 4.60 samples/sec	Train-ROIPoolPenalty=2986.590505,	RCNNAcc=0.923632,	
2018-12-05 23:12:15,431 Epoch[6] Batch [5600]	Speed: 4.61 samples/sec	Train-ROIPoolPenalty=2986.949815,	RCNNAcc=0.923634,	
2018-12-05 23:13:42,257 Epoch[6] Batch [5700]	Speed: 4.61 samples/sec	Train-ROIPoolPenalty=2987.513901,	RCNNAcc=0.923624,	
2018-12-05 23:15:08,737 Epoch[6] Batch [5800]	Speed: 4.63 samples/sec	Train-ROIPoolPenalty=2987.847217,	RCNNAcc=0.923634,	
2018-12-05 23:16:35,343 Epoch[6] Batch [5900]	Speed: 4.62 samples/sec	Train-ROIPoolPenalty=2988.559424,	RCNNAcc=0.923708,	
2018-12-05 23:18:01,989 Epoch[6] Batch [6000]	Speed: 4.62 samples/sec	Train-ROIPoolPenalty=2989.184100,	RCNNAcc=0.923810,	
2018-12-05 23:19:28,267 Epoch[6] Batch [6100]	Speed: 4.64 samples/sec	Train-ROIPoolPenalty=2989.939000,	RCNNAcc=0.923798,	
2018-12-05 23:20:54,861 Epoch[6] Batch [6200]	Speed: 4.62 samples/sec	Train-ROIPoolPenalty=2990.576288,	RCNNAcc=0.923781,	
2018-12-05 23:22:21,097 Epoch[6] Batch [6300]	Speed: 4.64 samples/sec	Train-ROIPoolPenalty=2990.944342,	RCNNAcc=0.923779,	
2018-12-05 23:23:47,679 Epoch[6] Batch [6400]	Speed: 4.62 samples/sec	Train-ROIPoolPenalty=2990.971467,	RCNNAcc=0.923846,	
2018-12-05 23:25:13,956 Epoch[6] Batch [6500]	Speed: 4.64 samples/sec	Train-ROIPoolPenalty=2991.236634,	RCNNAcc=0.923788,	
2018-12-05 23:26:40,666 Epoch[6] Batch [6600]	Speed: 4.61 samples/sec	Train-ROIPoolPenalty=2991.617188,	RCNNAcc=0.923723,	
2018-12-05 23:28:07,113 Epoch[6] Batch [6700]	Speed: 4.63 samples/sec	Train-ROIPoolPenalty=2992.716152,	RCNNAcc=0.923791,	
2018-12-05 23:29:33,189 Epoch[6] Batch [6800]	Speed: 4.65 samples/sec	Train-ROIPoolPenalty=2993.453404,	RCNNAcc=0.923706,	
2018-12-05 23:31:00,136 Epoch[6] Batch [6900]	Speed: 4.60 samples/sec	Train-ROIPoolPenalty=2994.079342,	RCNNAcc=0.923744,	
2018-12-05 23:32:26,614 Epoch[6] Batch [7000]	Speed: 4.63 samples/sec	Train-ROIPoolPenalty=2994.750774,	RCNNAcc=0.923778,	
2018-12-05 23:33:52,654 Epoch[6] Batch [7100]	Speed: 4.65 samples/sec	Train-ROIPoolPenalty=2995.367736,	RCNNAcc=0.923851,	
2018-12-05 23:35:19,171 Epoch[6] Batch [7200]	Speed: 4.62 samples/sec	Train-ROIPoolPenalty=2995.884654,	RCNNAcc=0.923893,	
2018-12-05 23:36:45,274 Epoch[6] Batch [7300]	Speed: 4.65 samples/sec	Train-ROIPoolPenalty=2996.225704,	RCNNAcc=0.923837,	
2018-12-05 23:38:11,847 Epoch[6] Batch [7400]	Speed: 4.62 samples/sec	Train-ROIPoolPenalty=2996.775940,	RCNNAcc=0.923950,	
2018-12-05 23:39:38,179 Epoch[6] Batch [7500]	Speed: 4.63 samples/sec	Train-ROIPoolPenalty=2996.814245,	RCNNAcc=0.923882,	
2018-12-05 23:41:03,910 Epoch[6] Batch [7600]	Speed: 4.67 samples/sec	Train-ROIPoolPenalty=2997.224778,	RCNNAcc=0.923947,	
2018-12-05 23:42:29,975 Epoch[6] Batch [7700]	Speed: 4.65 samples/sec	Train-ROIPoolPenalty=2997.693930,	RCNNAcc=0.924016,	
2018-12-05 23:43:56,183 Epoch[6] Batch [7800]	Speed: 4.64 samples/sec	Train-ROIPoolPenalty=2998.378127,	RCNNAcc=0.924043,	
2018-12-05 23:45:22,254 Epoch[6] Batch [7900]	Speed: 4.65 samples/sec	Train-ROIPoolPenalty=2998.808788,	RCNNAcc=0.924014,	
2018-12-05 23:46:48,962 Epoch[6] Batch [8000]	Speed: 4.61 samples/sec	Train-ROIPoolPenalty=2999.202292,	RCNNAcc=0.923963,	
2018-12-05 23:48:15,755 Epoch[6] Batch [8100]	Speed: 4.61 samples/sec	Train-ROIPoolPenalty=2999.903496,	RCNNAcc=0.924027,	
2018-12-05 23:49:42,699 Epoch[6] Batch [8200]	Speed: 4.60 samples/sec	Train-ROIPoolPenalty=3000.411902,	RCNNAcc=0.924011,	
2018-12-05 23:50:46,682 Epoch[6] Train-ROIPoolPenalty=3000.497460
2018-12-05 23:50:46,682 Epoch[6] Train-RCNNAcc=0.923940
2018-12-05 23:50:46,683 Epoch[6] Time cost=7147.854
2018-12-05 23:50:47,663 Saved checkpoint to "output/r_0.05.yaml/2007_trainval_2012_trainval/first-0007.params"
2018-12-05 23:50:50,542 Saved optimizer state to "output/r_0.05.yaml/2007_trainval_2012_trainval/first-0007.states"
2018-12-05 23:50:51,094 Saved checkpoint to "output/r_0.05.yaml/2007_trainval_2012_trainval/first-0007.params"
2018-12-05 23:50:51,181 testing cfg:{'CLASS_AGNOSTIC': True,
 'MXNET_VERSION': 'mxnet',
 'SCALES': [(600, 1000)],
 'TEST': {'BATCH_IMAGES': 1,
          'CXX_PROPOSAL': False,
          'HAS_RPN': True,
          'NMS': 0.3,
          'PROPOSAL_MIN_SIZE': 0,
          'PROPOSAL_NMS_THRESH': 0.7,
          'PROPOSAL_POST_NMS_TOP_N': 2000,
          'PROPOSAL_PRE_NMS_TOP_N': 20000,
          'RPN_MIN_SIZE': 0,
          'RPN_NMS_THRESH': 0.7,
          'RPN_POST_NMS_TOP_N': 300,
          'RPN_PRE_NMS_TOP_N': 6000,
          'max_per_image': 300,
          'test_epoch': 7},
 'TRAIN': {'ALTERNATE': {'RCNN_BATCH_IMAGES': 0,
                         'RPN_BATCH_IMAGES': 0,
                         'rfcn1_epoch': 0,
                         'rfcn1_lr': 0,
                         'rfcn1_lr_step': '',
                         'rfcn2_epoch': 0,
                         'rfcn2_lr': 0,
                         'rfcn2_lr_step': '',
                         'rpn1_epoch': 0,
                         'rpn1_lr': 0,
                         'rpn1_lr_step': '',
                         'rpn2_epoch': 0,
                         'rpn2_lr': 0,
                         'rpn2_lr_step': '',
                         'rpn3_epoch': 0,
                         'rpn3_lr': 0,
                         'rpn3_lr_step': ''},
           'ASPECT_GROUPING': True,
           'BATCH_IMAGES': 1,
           'BATCH_ROIS': -1,
           'BATCH_ROIS_OHEM': 128,
           'BBOX_MEANS': [0.0, 0.0, 0.0, 0.0],
           'BBOX_NORMALIZATION_PRECOMPUTED': True,
           'BBOX_REGRESSION_THRESH': 0.5,
           'BBOX_STDS': [0.1, 0.1, 0.2, 0.2],
           'BBOX_WEIGHTS': array([1., 1., 1., 1.]),
           'BG_THRESH_HI': 0.5,
           'BG_THRESH_LO': 0.0,
           'CXX_PROPOSAL': False,
           'ENABLE_OHEM': True,
           'END2END': True,
           'FG_FRACTION': 0.25,
           'FG_THRESH': 0.5,
           'FLIP': True,
           'RESUME': False,
           'RPN_BATCH_SIZE': 256,
           'RPN_BBOX_WEIGHTS': [1.0, 1.0, 1.0, 1.0],
           'RPN_CLOBBER_POSITIVES': False,
           'RPN_FG_FRACTION': 0.5,
           'RPN_MIN_SIZE': 0,
           'RPN_NEGATIVE_OVERLAP': 0.3,
           'RPN_NMS_THRESH': 0.7,
           'RPN_POSITIVE_OVERLAP': 0.7,
           'RPN_POSITIVE_WEIGHT': -1.0,
           'RPN_POST_NMS_TOP_N': 300,
           'RPN_PRE_NMS_TOP_N': 6000,
           'SHUFFLE': True,
           'begin_epoch': 0,
           'end_epoch': 7,
           'lr': 0.0005,
           'lr_factor': 0.1,
           'lr_step': '4.83',
           'model_prefix': 'first',
           'momentum': 0.9,
           'warmup': True,
           'warmup_lr': 5e-05,
           'warmup_step': 1000,
           'wd': 0.0005},
 'dataset': {'NUM_CLASSES': 21,
             'dataset': 'PascalVOC',
             'dataset_path': '../dataset/VOCdevkit',
             'image_set': '2007_trainval+2012_trainval',
             'proposal': 'rpn',
             'root_path': './data',
             'test_image_set': '2007_test'},
 'default': {'frequent': 100, 'kvstore': 'device'},
 'gpus': '0,1,2,3',
 'mycfg': {'prefix': 'first', 'smoothness_roipool_weight': 5e-06},
 'network': {'ANCHOR_RATIOS': [0.5, 1, 2],
             'ANCHOR_SCALES': [8, 16, 32],
             'FIXED_PARAMS': ['conv1',
                              'bn_conv1',
                              'res2',
                              'bn2',
                              'gamma',
                              'beta',
                              'smoothness_roipool_kernel',
                              'smoothness_roipool_weight'],
             'FIXED_PARAMS_SHARED': ['conv1',
                                     'bn_conv1',
                                     'res2',
                                     'bn2',
                                     'res3',
                                     'bn3',
                                     'res4',
                                     'bn4',
                                     'gamma',
                                     'beta'],
             'IMAGE_STRIDE': 0,
             'NUM_ANCHORS': 9,
             'PIXEL_MEANS': array([103.06, 115.9 , 123.15]),
             'RCNN_FEAT_STRIDE': 16,
             'RPN_FEAT_STRIDE': 16,
             'pretrained': './model/pretrained_model/resnet_v1_101',
             'pretrained_epoch': 0},
 'output_path': 'output/',
 'symbol': 'resnet_v1_101_rfcn_dcn'}

2018-12-06 00:00:21,001 evaluate detections: 
VOC07 metric? Y
AP for aeroplane = 0.8130
AP for bicycle = 0.8775
AP for bird = 0.8013
AP for boat = 0.7548
AP for bottle = 0.7334
AP for bus = 0.8942
AP for car = 0.8896
AP for cat = 0.8970
AP for chair = 0.6884
AP for cow = 0.8896
AP for diningtable = 0.7478
AP for dog = 0.8970
AP for horse = 0.8921
AP for motorbike = 0.8540
AP for person = 0.8364
AP for pottedplant = 0.5769
AP for sheep = 0.8574
AP for sofa = 0.8338
AP for train = 0.8768
AP for tvmonitor = 0.7895
Mean AP@0.5 = 0.8200

AP for aeroplane = 0.7073
AP for bicycle = 0.7068
AP for bird = 0.6670
AP for boat = 0.5670
AP for bottle = 0.5796
AP for bus = 0.8577
AP for car = 0.7882
AP for cat = 0.7930
AP for chair = 0.4921
AP for cow = 0.7645
AP for diningtable = 0.6430
AP for dog = 0.7625
AP for horse = 0.7883
AP for motorbike = 0.7721
AP for person = 0.6711
AP for pottedplant = 0.3575
AP for sheep = 0.7400
AP for sofa = 0.7266
AP for train = 0.7797
AP for tvmonitor = 0.6981
Mean AP@0.7 = 0.6931
