2018-12-06 00:27:17,170 @@@@smoothness_roipool_weight:5e-06
2018-12-06 00:27:17,171 @@@@prefix:output/r_0.05-2.yaml/2007_trainval_2012_trainval/first
2018-12-06 00:29:05,730 Epoch[0] Batch [100]	Speed: 4.62 samples/sec	Train-ROIPoolPenalty=0.043063,	RCNNAcc=0.693263,	
2018-12-06 00:30:32,746 Epoch[0] Batch [200]	Speed: 4.60 samples/sec	Train-ROIPoolPenalty=6.840344,	RCNNAcc=0.777907,	
2018-12-06 00:31:58,328 Epoch[0] Batch [300]	Speed: 4.67 samples/sec	Train-ROIPoolPenalty=26.050980,	RCNNAcc=0.813000,	
2018-12-06 00:33:25,572 Epoch[0] Batch [400]	Speed: 4.58 samples/sec	Train-ROIPoolPenalty=57.251477,	RCNNAcc=0.833517,	
2018-12-06 00:34:52,030 Epoch[0] Batch [500]	Speed: 4.63 samples/sec	Train-ROIPoolPenalty=91.603986,	RCNNAcc=0.842062,	
2018-12-06 00:36:19,004 Epoch[0] Batch [600]	Speed: 4.60 samples/sec	Train-ROIPoolPenalty=142.668829,	RCNNAcc=0.846542,	
2018-12-06 00:37:46,176 Epoch[0] Batch [700]	Speed: 4.59 samples/sec	Train-ROIPoolPenalty=184.416541,	RCNNAcc=0.847949,	
2018-12-06 00:39:12,763 Epoch[0] Batch [800]	Speed: 4.62 samples/sec	Train-ROIPoolPenalty=237.025928,	RCNNAcc=0.848193,	
2018-12-06 00:40:38,423 Epoch[0] Batch [900]	Speed: 4.67 samples/sec	Train-ROIPoolPenalty=295.908884,	RCNNAcc=0.848237,	
2018-12-06 00:42:05,494 Epoch[0] Batch [1000]	Speed: 4.59 samples/sec	Train-ROIPoolPenalty=354.064145,	RCNNAcc=0.846647,	
2018-12-06 00:43:31,287 Epoch[0] Batch [1100]	Speed: 4.66 samples/sec	Train-ROIPoolPenalty=391.039625,	RCNNAcc=0.846129,	
2018-12-06 00:44:57,619 Epoch[0] Batch [1200]	Speed: 4.63 samples/sec	Train-ROIPoolPenalty=434.837705,	RCNNAcc=0.843851,	
2018-12-06 00:46:24,039 Epoch[0] Batch [1300]	Speed: 4.63 samples/sec	Train-ROIPoolPenalty=486.926497,	RCNNAcc=0.842471,	
2018-12-06 00:47:50,300 Epoch[0] Batch [1400]	Speed: 4.64 samples/sec	Train-ROIPoolPenalty=536.532625,	RCNNAcc=0.839133,	
2018-12-06 00:49:16,339 Epoch[0] Batch [1500]	Speed: 4.65 samples/sec	Train-ROIPoolPenalty=583.224967,	RCNNAcc=0.836990,	
2018-12-06 00:50:42,551 Epoch[0] Batch [1600]	Speed: 4.64 samples/sec	Train-ROIPoolPenalty=629.843439,	RCNNAcc=0.834763,	
2018-12-06 00:52:09,154 Epoch[0] Batch [1700]	Speed: 4.62 samples/sec	Train-ROIPoolPenalty=675.680152,	RCNNAcc=0.833208,	
2018-12-06 00:53:35,320 Epoch[0] Batch [1800]	Speed: 4.64 samples/sec	Train-ROIPoolPenalty=718.736702,	RCNNAcc=0.832293,	
2018-12-06 00:55:01,616 Epoch[0] Batch [1900]	Speed: 4.64 samples/sec	Train-ROIPoolPenalty=761.619055,	RCNNAcc=0.830742,	
2018-12-06 00:56:28,728 Epoch[0] Batch [2000]	Speed: 4.59 samples/sec	Train-ROIPoolPenalty=799.826605,	RCNNAcc=0.829384,	
2018-12-06 00:57:54,696 Epoch[0] Batch [2100]	Speed: 4.65 samples/sec	Train-ROIPoolPenalty=838.554103,	RCNNAcc=0.829021,	
2018-12-06 00:59:21,548 Epoch[0] Batch [2200]	Speed: 4.61 samples/sec	Train-ROIPoolPenalty=871.981106,	RCNNAcc=0.828304,	
2018-12-06 01:00:48,000 Epoch[0] Batch [2300]	Speed: 4.63 samples/sec	Train-ROIPoolPenalty=905.822914,	RCNNAcc=0.827913,	
2018-12-06 01:02:14,449 Epoch[0] Batch [2400]	Speed: 4.63 samples/sec	Train-ROIPoolPenalty=935.164866,	RCNNAcc=0.826633,	
2018-12-06 01:03:40,240 Epoch[0] Batch [2500]	Speed: 4.66 samples/sec	Train-ROIPoolPenalty=962.069555,	RCNNAcc=0.825535,	
2018-12-06 01:05:06,264 Epoch[0] Batch [2600]	Speed: 4.65 samples/sec	Train-ROIPoolPenalty=989.517410,	RCNNAcc=0.825160,	
2018-12-06 01:06:32,258 Epoch[0] Batch [2700]	Speed: 4.65 samples/sec	Train-ROIPoolPenalty=1017.749468,	RCNNAcc=0.825090,	
2018-12-06 01:07:58,448 Epoch[0] Batch [2800]	Speed: 4.64 samples/sec	Train-ROIPoolPenalty=1042.729978,	RCNNAcc=0.825012,	
2018-12-06 01:09:25,302 Epoch[0] Batch [2900]	Speed: 4.61 samples/sec	Train-ROIPoolPenalty=1066.262673,	RCNNAcc=0.824576,	
2018-12-06 01:10:52,026 Epoch[0] Batch [3000]	Speed: 4.61 samples/sec	Train-ROIPoolPenalty=1087.450481,	RCNNAcc=0.823200,	
2018-12-06 01:12:18,009 Epoch[0] Batch [3100]	Speed: 4.65 samples/sec	Train-ROIPoolPenalty=1108.660426,	RCNNAcc=0.822761,	
2018-12-06 01:13:44,044 Epoch[0] Batch [3200]	Speed: 4.65 samples/sec	Train-ROIPoolPenalty=1131.093847,	RCNNAcc=0.823151,	
2018-12-06 01:15:10,917 Epoch[0] Batch [3300]	Speed: 4.60 samples/sec	Train-ROIPoolPenalty=1150.570602,	RCNNAcc=0.823032,	
2018-12-06 01:16:38,133 Epoch[0] Batch [3400]	Speed: 4.59 samples/sec	Train-ROIPoolPenalty=1170.018595,	RCNNAcc=0.823278,	
2018-12-06 01:18:05,306 Epoch[0] Batch [3500]	Speed: 4.59 samples/sec	Train-ROIPoolPenalty=1187.523525,	RCNNAcc=0.823285,	
2018-12-06 01:19:32,210 Epoch[0] Batch [3600]	Speed: 4.60 samples/sec	Train-ROIPoolPenalty=1203.456404,	RCNNAcc=0.823119,	
2018-12-06 01:20:58,370 Epoch[0] Batch [3700]	Speed: 4.64 samples/sec	Train-ROIPoolPenalty=1218.759272,	RCNNAcc=0.822985,	
2018-12-06 01:22:24,483 Epoch[0] Batch [3800]	Speed: 4.65 samples/sec	Train-ROIPoolPenalty=1234.988102,	RCNNAcc=0.823229,	
2018-12-06 01:23:50,454 Epoch[0] Batch [3900]	Speed: 4.65 samples/sec	Train-ROIPoolPenalty=1250.420608,	RCNNAcc=0.823410,	
2018-12-06 01:25:16,554 Epoch[0] Batch [4000]	Speed: 4.65 samples/sec	Train-ROIPoolPenalty=1265.624858,	RCNNAcc=0.823089,	
2018-12-06 01:26:42,883 Epoch[0] Batch [4100]	Speed: 4.63 samples/sec	Train-ROIPoolPenalty=1279.432364,	RCNNAcc=0.823219,	
2018-12-06 01:28:09,388 Epoch[0] Batch [4200]	Speed: 4.62 samples/sec	Train-ROIPoolPenalty=1292.345708,	RCNNAcc=0.822685,	
2018-12-06 01:29:35,493 Epoch[0] Batch [4300]	Speed: 4.65 samples/sec	Train-ROIPoolPenalty=1304.087102,	RCNNAcc=0.822349,	
2018-12-06 01:31:02,072 Epoch[0] Batch [4400]	Speed: 4.62 samples/sec	Train-ROIPoolPenalty=1316.271513,	RCNNAcc=0.822588,	
2018-12-06 01:32:28,737 Epoch[0] Batch [4500]	Speed: 4.62 samples/sec	Train-ROIPoolPenalty=1327.395584,	RCNNAcc=0.822618,	
2018-12-06 01:33:55,598 Epoch[0] Batch [4600]	Speed: 4.61 samples/sec	Train-ROIPoolPenalty=1338.182073,	RCNNAcc=0.822168,	
2018-12-06 01:35:22,284 Epoch[0] Batch [4700]	Speed: 4.61 samples/sec	Train-ROIPoolPenalty=1349.105260,	RCNNAcc=0.822327,	
2018-12-06 01:36:47,937 Epoch[0] Batch [4800]	Speed: 4.67 samples/sec	Train-ROIPoolPenalty=1360.191992,	RCNNAcc=0.822628,	
2018-12-06 01:38:14,474 Epoch[0] Batch [4900]	Speed: 4.62 samples/sec	Train-ROIPoolPenalty=1371.876850,	RCNNAcc=0.822864,	
2018-12-06 01:39:40,944 Epoch[0] Batch [5000]	Speed: 4.63 samples/sec	Train-ROIPoolPenalty=1383.596303,	RCNNAcc=0.822967,	
2018-12-06 01:41:07,353 Epoch[0] Batch [5100]	Speed: 4.63 samples/sec	Train-ROIPoolPenalty=1394.283556,	RCNNAcc=0.823016,	
2018-12-06 01:42:33,339 Epoch[0] Batch [5200]	Speed: 4.65 samples/sec	Train-ROIPoolPenalty=1404.733351,	RCNNAcc=0.822879,	
2018-12-06 01:43:59,518 Epoch[0] Batch [5300]	Speed: 4.64 samples/sec	Train-ROIPoolPenalty=1415.715324,	RCNNAcc=0.823151,	
2018-12-06 01:45:25,363 Epoch[0] Batch [5400]	Speed: 4.66 samples/sec	Train-ROIPoolPenalty=1426.017642,	RCNNAcc=0.823388,	
2018-12-06 01:46:52,102 Epoch[0] Batch [5500]	Speed: 4.61 samples/sec	Train-ROIPoolPenalty=1435.469121,	RCNNAcc=0.823499,	
2018-12-06 01:48:18,876 Epoch[0] Batch [5600]	Speed: 4.61 samples/sec	Train-ROIPoolPenalty=1445.073800,	RCNNAcc=0.823447,	
2018-12-06 01:49:44,653 Epoch[0] Batch [5700]	Speed: 4.66 samples/sec	Train-ROIPoolPenalty=1452.981774,	RCNNAcc=0.822919,	
2018-12-06 01:51:10,327 Epoch[0] Batch [5800]	Speed: 4.67 samples/sec	Train-ROIPoolPenalty=1461.242254,	RCNNAcc=0.822534,	
2018-12-06 01:52:36,749 Epoch[0] Batch [5900]	Speed: 4.63 samples/sec	Train-ROIPoolPenalty=1469.471804,	RCNNAcc=0.822316,	
2018-12-06 01:54:03,323 Epoch[0] Batch [6000]	Speed: 4.62 samples/sec	Train-ROIPoolPenalty=1477.465855,	RCNNAcc=0.822378,	
2018-12-06 01:55:30,056 Epoch[0] Batch [6100]	Speed: 4.61 samples/sec	Train-ROIPoolPenalty=1484.505387,	RCNNAcc=0.822383,	
2018-12-06 01:56:57,170 Epoch[0] Batch [6200]	Speed: 4.59 samples/sec	Train-ROIPoolPenalty=1491.470430,	RCNNAcc=0.822395,	
2018-12-06 01:58:23,784 Epoch[0] Batch [6300]	Speed: 4.62 samples/sec	Train-ROIPoolPenalty=1499.283655,	RCNNAcc=0.822601,	
2018-12-06 01:59:50,803 Epoch[0] Batch [6400]	Speed: 4.60 samples/sec	Train-ROIPoolPenalty=1506.459859,	RCNNAcc=0.822528,	
2018-12-06 02:01:17,116 Epoch[0] Batch [6500]	Speed: 4.63 samples/sec	Train-ROIPoolPenalty=1514.448634,	RCNNAcc=0.822615,	
2018-12-06 02:02:43,420 Epoch[0] Batch [6600]	Speed: 4.63 samples/sec	Train-ROIPoolPenalty=1521.813391,	RCNNAcc=0.822564,	
2018-12-06 02:04:09,248 Epoch[0] Batch [6700]	Speed: 4.66 samples/sec	Train-ROIPoolPenalty=1529.365655,	RCNNAcc=0.822681,	
2018-12-06 02:05:35,274 Epoch[0] Batch [6800]	Speed: 4.65 samples/sec	Train-ROIPoolPenalty=1537.105896,	RCNNAcc=0.822858,	
2018-12-06 02:07:02,270 Epoch[0] Batch [6900]	Speed: 4.60 samples/sec	Train-ROIPoolPenalty=1543.763634,	RCNNAcc=0.822759,	
2018-12-06 02:08:29,113 Epoch[0] Batch [7000]	Speed: 4.61 samples/sec	Train-ROIPoolPenalty=1550.061093,	RCNNAcc=0.822669,	
2018-12-06 02:09:56,037 Epoch[0] Batch [7100]	Speed: 4.60 samples/sec	Train-ROIPoolPenalty=1556.827121,	RCNNAcc=0.822773,	
2018-12-06 02:11:22,219 Epoch[0] Batch [7200]	Speed: 4.64 samples/sec	Train-ROIPoolPenalty=1563.765646,	RCNNAcc=0.822888,	
2018-12-06 02:12:48,831 Epoch[0] Batch [7300]	Speed: 4.62 samples/sec	Train-ROIPoolPenalty=1570.528511,	RCNNAcc=0.823108,	
2018-12-06 02:14:15,488 Epoch[0] Batch [7400]	Speed: 4.62 samples/sec	Train-ROIPoolPenalty=1577.115236,	RCNNAcc=0.823193,	
2018-12-06 02:15:42,150 Epoch[0] Batch [7500]	Speed: 4.62 samples/sec	Train-ROIPoolPenalty=1584.103980,	RCNNAcc=0.823432,	
2018-12-06 02:17:08,732 Epoch[0] Batch [7600]	Speed: 4.62 samples/sec	Train-ROIPoolPenalty=1590.712636,	RCNNAcc=0.823417,	
2018-12-06 02:18:35,474 Epoch[0] Batch [7700]	Speed: 4.61 samples/sec	Train-ROIPoolPenalty=1597.354427,	RCNNAcc=0.823547,	
2018-12-06 02:20:01,856 Epoch[0] Batch [7800]	Speed: 4.63 samples/sec	Train-ROIPoolPenalty=1603.994066,	RCNNAcc=0.823807,	
2018-12-06 02:21:28,488 Epoch[0] Batch [7900]	Speed: 4.62 samples/sec	Train-ROIPoolPenalty=1610.295521,	RCNNAcc=0.823773,	
2018-12-06 02:22:54,791 Epoch[0] Batch [8000]	Speed: 4.63 samples/sec	Train-ROIPoolPenalty=1615.927445,	RCNNAcc=0.823881,	
2018-12-06 02:24:20,822 Epoch[0] Batch [8100]	Speed: 4.65 samples/sec	Train-ROIPoolPenalty=1621.651308,	RCNNAcc=0.823974,	
2018-12-06 02:25:47,263 Epoch[0] Batch [8200]	Speed: 4.63 samples/sec	Train-ROIPoolPenalty=1627.736083,	RCNNAcc=0.824151,	
2018-12-06 02:26:51,272 Epoch[0] Train-ROIPoolPenalty=1631.958525
2018-12-06 02:26:51,272 Epoch[0] Train-RCNNAcc=0.824170
2018-12-06 02:26:51,273 Epoch[0] Time cost=7154.641
2018-12-06 02:26:52,555 Saved checkpoint to "output/r_0.05-2.yaml/2007_trainval_2012_trainval/first-0001.params"
2018-12-06 02:26:55,690 Saved optimizer state to "output/r_0.05-2.yaml/2007_trainval_2012_trainval/first-0001.states"
2018-12-06 02:26:56,289 Saved checkpoint to "output/r_0.05-2.yaml/2007_trainval_2012_trainval/first-0001.params"
2018-12-06 02:28:23,781 Epoch[1] Batch [100]	Speed: 4.62 samples/sec	Train-ROIPoolPenalty=2095.922713,	RCNNAcc=0.842068,	
2018-12-06 02:29:50,190 Epoch[1] Batch [200]	Speed: 4.63 samples/sec	Train-ROIPoolPenalty=2130.086105,	RCNNAcc=0.846121,	
2018-12-06 02:31:16,629 Epoch[1] Batch [300]	Speed: 4.63 samples/sec	Train-ROIPoolPenalty=2127.402934,	RCNNAcc=0.840843,	
2018-12-06 02:32:43,566 Epoch[1] Batch [400]	Speed: 4.60 samples/sec	Train-ROIPoolPenalty=2120.072869,	RCNNAcc=0.839790,	
2018-12-06 02:34:10,388 Epoch[1] Batch [500]	Speed: 4.61 samples/sec	Train-ROIPoolPenalty=2122.328904,	RCNNAcc=0.838101,	
2018-12-06 02:35:37,210 Epoch[1] Batch [600]	Speed: 4.61 samples/sec	Train-ROIPoolPenalty=2122.335573,	RCNNAcc=0.840503,	
2018-12-06 02:37:03,811 Epoch[1] Batch [700]	Speed: 4.62 samples/sec	Train-ROIPoolPenalty=2126.549088,	RCNNAcc=0.841476,	
2018-12-06 02:38:29,917 Epoch[1] Batch [800]	Speed: 4.65 samples/sec	Train-ROIPoolPenalty=2123.545559,	RCNNAcc=0.841107,	
2018-12-06 02:39:55,980 Epoch[1] Batch [900]	Speed: 4.65 samples/sec	Train-ROIPoolPenalty=2126.616159,	RCNNAcc=0.840930,	
2018-12-06 02:41:21,936 Epoch[1] Batch [1000]	Speed: 4.65 samples/sec	Train-ROIPoolPenalty=2138.164439,	RCNNAcc=0.842394,	
2018-12-06 02:42:48,158 Epoch[1] Batch [1100]	Speed: 4.64 samples/sec	Train-ROIPoolPenalty=2143.810115,	RCNNAcc=0.842363,	
2018-12-06 02:44:14,802 Epoch[1] Batch [1200]	Speed: 4.62 samples/sec	Train-ROIPoolPenalty=2142.656248,	RCNNAcc=0.841005,	
2018-12-06 02:45:41,484 Epoch[1] Batch [1300]	Speed: 4.61 samples/sec	Train-ROIPoolPenalty=2144.128365,	RCNNAcc=0.840719,	
2018-12-06 02:47:07,532 Epoch[1] Batch [1400]	Speed: 4.65 samples/sec	Train-ROIPoolPenalty=2146.184434,	RCNNAcc=0.840866,	
2018-12-06 02:48:34,177 Epoch[1] Batch [1500]	Speed: 4.62 samples/sec	Train-ROIPoolPenalty=2146.525051,	RCNNAcc=0.841135,	
2018-12-06 02:50:00,590 Epoch[1] Batch [1600]	Speed: 4.63 samples/sec	Train-ROIPoolPenalty=2144.355803,	RCNNAcc=0.840662,	
2018-12-06 02:51:26,627 Epoch[1] Batch [1700]	Speed: 4.65 samples/sec	Train-ROIPoolPenalty=2141.580712,	RCNNAcc=0.839569,	
2018-12-06 02:52:54,194 Epoch[1] Batch [1800]	Speed: 4.57 samples/sec	Train-ROIPoolPenalty=2142.116702,	RCNNAcc=0.840081,	
2018-12-06 02:54:20,827 Epoch[1] Batch [1900]	Speed: 4.62 samples/sec	Train-ROIPoolPenalty=2142.513561,	RCNNAcc=0.839911,	
2018-12-06 02:55:47,365 Epoch[1] Batch [2000]	Speed: 4.62 samples/sec	Train-ROIPoolPenalty=2140.823831,	RCNNAcc=0.838977,	
2018-12-06 02:57:13,960 Epoch[1] Batch [2100]	Speed: 4.62 samples/sec	Train-ROIPoolPenalty=2140.229601,	RCNNAcc=0.839292,	
2018-12-06 02:58:39,799 Epoch[1] Batch [2200]	Speed: 4.66 samples/sec	Train-ROIPoolPenalty=2143.460448,	RCNNAcc=0.840143,	
2018-12-06 03:00:06,099 Epoch[1] Batch [2300]	Speed: 4.64 samples/sec	Train-ROIPoolPenalty=2143.917824,	RCNNAcc=0.839991,	
2018-12-06 03:01:32,029 Epoch[1] Batch [2400]	Speed: 4.65 samples/sec	Train-ROIPoolPenalty=2145.054671,	RCNNAcc=0.839975,	
2018-12-06 03:02:58,591 Epoch[1] Batch [2500]	Speed: 4.62 samples/sec	Train-ROIPoolPenalty=2146.402700,	RCNNAcc=0.840577,	
2018-12-06 03:04:24,960 Epoch[1] Batch [2600]	Speed: 4.63 samples/sec	Train-ROIPoolPenalty=2147.931832,	RCNNAcc=0.841340,	
2018-12-06 03:05:51,107 Epoch[1] Batch [2700]	Speed: 4.64 samples/sec	Train-ROIPoolPenalty=2149.509740,	RCNNAcc=0.841706,	
2018-12-06 03:07:17,133 Epoch[1] Batch [2800]	Speed: 4.65 samples/sec	Train-ROIPoolPenalty=2150.611412,	RCNNAcc=0.841913,	
2018-12-06 03:08:43,029 Epoch[1] Batch [2900]	Speed: 4.66 samples/sec	Train-ROIPoolPenalty=2150.965375,	RCNNAcc=0.842248,	
2018-12-06 03:10:09,272 Epoch[1] Batch [3000]	Speed: 4.64 samples/sec	Train-ROIPoolPenalty=2151.302348,	RCNNAcc=0.842265,	
2018-12-06 03:11:35,322 Epoch[1] Batch [3100]	Speed: 4.65 samples/sec	Train-ROIPoolPenalty=2152.686486,	RCNNAcc=0.842216,	
2018-12-06 03:13:01,553 Epoch[1] Batch [3200]	Speed: 4.64 samples/sec	Train-ROIPoolPenalty=2153.305409,	RCNNAcc=0.842749,	
2018-12-06 03:14:27,903 Epoch[1] Batch [3300]	Speed: 4.63 samples/sec	Train-ROIPoolPenalty=2153.306275,	RCNNAcc=0.842726,	
2018-12-06 03:15:54,506 Epoch[1] Batch [3400]	Speed: 4.62 samples/sec	Train-ROIPoolPenalty=2154.405090,	RCNNAcc=0.843146,	
2018-12-06 03:17:21,288 Epoch[1] Batch [3500]	Speed: 4.61 samples/sec	Train-ROIPoolPenalty=2156.079421,	RCNNAcc=0.843458,	
2018-12-06 03:18:48,030 Epoch[1] Batch [3600]	Speed: 4.61 samples/sec	Train-ROIPoolPenalty=2156.387525,	RCNNAcc=0.843688,	
2018-12-06 03:20:14,741 Epoch[1] Batch [3700]	Speed: 4.61 samples/sec	Train-ROIPoolPenalty=2158.098416,	RCNNAcc=0.843810,	
2018-12-06 03:21:41,078 Epoch[1] Batch [3800]	Speed: 4.63 samples/sec	Train-ROIPoolPenalty=2159.832869,	RCNNAcc=0.844190,	
2018-12-06 03:23:07,396 Epoch[1] Batch [3900]	Speed: 4.63 samples/sec	Train-ROIPoolPenalty=2160.197351,	RCNNAcc=0.844349,	
2018-12-06 03:24:33,958 Epoch[1] Batch [4000]	Speed: 4.62 samples/sec	Train-ROIPoolPenalty=2160.604845,	RCNNAcc=0.844291,	
2018-12-06 03:26:00,048 Epoch[1] Batch [4100]	Speed: 4.65 samples/sec	Train-ROIPoolPenalty=2162.911076,	RCNNAcc=0.844655,	
2018-12-06 03:27:26,069 Epoch[1] Batch [4200]	Speed: 4.65 samples/sec	Train-ROIPoolPenalty=2164.508135,	RCNNAcc=0.844739,	
2018-12-06 03:28:51,975 Epoch[1] Batch [4300]	Speed: 4.66 samples/sec	Train-ROIPoolPenalty=2165.907988,	RCNNAcc=0.844888,	
2018-12-06 03:30:18,280 Epoch[1] Batch [4400]	Speed: 4.63 samples/sec	Train-ROIPoolPenalty=2166.997133,	RCNNAcc=0.845208,	
2018-12-06 03:31:44,165 Epoch[1] Batch [4500]	Speed: 4.66 samples/sec	Train-ROIPoolPenalty=2169.351414,	RCNNAcc=0.845783,	
2018-12-06 03:33:10,283 Epoch[1] Batch [4600]	Speed: 4.64 samples/sec	Train-ROIPoolPenalty=2171.738484,	RCNNAcc=0.845975,	
2018-12-06 03:34:36,649 Epoch[1] Batch [4700]	Speed: 4.63 samples/sec	Train-ROIPoolPenalty=2174.293847,	RCNNAcc=0.846361,	
2018-12-06 03:36:02,694 Epoch[1] Batch [4800]	Speed: 4.65 samples/sec	Train-ROIPoolPenalty=2176.348783,	RCNNAcc=0.846766,	
2018-12-06 03:37:28,778 Epoch[1] Batch [4900]	Speed: 4.65 samples/sec	Train-ROIPoolPenalty=2177.909355,	RCNNAcc=0.847026,	
2018-12-06 03:38:55,642 Epoch[1] Batch [5000]	Speed: 4.60 samples/sec	Train-ROIPoolPenalty=2179.974569,	RCNNAcc=0.847202,	
2018-12-06 03:40:22,185 Epoch[1] Batch [5100]	Speed: 4.62 samples/sec	Train-ROIPoolPenalty=2182.772593,	RCNNAcc=0.847409,	
2018-12-06 03:41:48,389 Epoch[1] Batch [5200]	Speed: 4.64 samples/sec	Train-ROIPoolPenalty=2183.879942,	RCNNAcc=0.847597,	
2018-12-06 03:43:14,904 Epoch[1] Batch [5300]	Speed: 4.62 samples/sec	Train-ROIPoolPenalty=2185.253773,	RCNNAcc=0.847653,	
2018-12-06 03:44:41,199 Epoch[1] Batch [5400]	Speed: 4.64 samples/sec	Train-ROIPoolPenalty=2187.097489,	RCNNAcc=0.847825,	
2018-12-06 03:46:07,399 Epoch[1] Batch [5500]	Speed: 4.64 samples/sec	Train-ROIPoolPenalty=2189.037311,	RCNNAcc=0.848019,	
2018-12-06 03:47:33,626 Epoch[1] Batch [5600]	Speed: 4.64 samples/sec	Train-ROIPoolPenalty=2190.381861,	RCNNAcc=0.848259,	
2018-12-06 03:49:00,384 Epoch[1] Batch [5700]	Speed: 4.61 samples/sec	Train-ROIPoolPenalty=2191.589460,	RCNNAcc=0.848365,	
2018-12-06 03:50:26,540 Epoch[1] Batch [5800]	Speed: 4.64 samples/sec	Train-ROIPoolPenalty=2193.066670,	RCNNAcc=0.848750,	
2018-12-06 03:51:52,541 Epoch[1] Batch [5900]	Speed: 4.65 samples/sec	Train-ROIPoolPenalty=2194.577064,	RCNNAcc=0.848811,	
2018-12-06 03:53:18,968 Epoch[1] Batch [6000]	Speed: 4.63 samples/sec	Train-ROIPoolPenalty=2195.772341,	RCNNAcc=0.848871,	
2018-12-06 03:54:45,334 Epoch[1] Batch [6100]	Speed: 4.63 samples/sec	Train-ROIPoolPenalty=2195.825885,	RCNNAcc=0.848748,	
2018-12-06 03:56:11,524 Epoch[1] Batch [6200]	Speed: 4.64 samples/sec	Train-ROIPoolPenalty=2197.545994,	RCNNAcc=0.848933,	
2018-12-06 03:57:37,822 Epoch[1] Batch [6300]	Speed: 4.64 samples/sec	Train-ROIPoolPenalty=2198.717761,	RCNNAcc=0.849069,	
2018-12-06 03:59:03,273 Epoch[1] Batch [6400]	Speed: 4.68 samples/sec	Train-ROIPoolPenalty=2199.639029,	RCNNAcc=0.849068,	
2018-12-06 04:00:29,934 Epoch[1] Batch [6500]	Speed: 4.62 samples/sec	Train-ROIPoolPenalty=2199.867415,	RCNNAcc=0.849008,	
2018-12-06 04:01:56,072 Epoch[1] Batch [6600]	Speed: 4.64 samples/sec	Train-ROIPoolPenalty=2200.718213,	RCNNAcc=0.849187,	
2018-12-06 04:03:22,165 Epoch[1] Batch [6700]	Speed: 4.65 samples/sec	Train-ROIPoolPenalty=2201.483803,	RCNNAcc=0.849111,	
2018-12-06 04:04:48,184 Epoch[1] Batch [6800]	Speed: 4.65 samples/sec	Train-ROIPoolPenalty=2202.799751,	RCNNAcc=0.849153,	
2018-12-06 04:06:14,092 Epoch[1] Batch [6900]	Speed: 4.66 samples/sec	Train-ROIPoolPenalty=2204.082695,	RCNNAcc=0.849209,	
2018-12-06 04:07:40,604 Epoch[1] Batch [7000]	Speed: 4.62 samples/sec	Train-ROIPoolPenalty=2205.282633,	RCNNAcc=0.849341,	
2018-12-06 04:09:06,808 Epoch[1] Batch [7100]	Speed: 4.64 samples/sec	Train-ROIPoolPenalty=2206.657629,	RCNNAcc=0.849431,	
2018-12-06 04:10:33,784 Epoch[1] Batch [7200]	Speed: 4.60 samples/sec	Train-ROIPoolPenalty=2207.983812,	RCNNAcc=0.849748,	
2018-12-06 04:12:00,298 Epoch[1] Batch [7300]	Speed: 4.62 samples/sec	Train-ROIPoolPenalty=2209.197682,	RCNNAcc=0.849826,	
2018-12-06 04:13:27,089 Epoch[1] Batch [7400]	Speed: 4.61 samples/sec	Train-ROIPoolPenalty=2210.489060,	RCNNAcc=0.849901,	
2018-12-06 04:14:53,579 Epoch[1] Batch [7500]	Speed: 4.62 samples/sec	Train-ROIPoolPenalty=2211.092027,	RCNNAcc=0.850054,	
2018-12-06 04:16:20,226 Epoch[1] Batch [7600]	Speed: 4.62 samples/sec	Train-ROIPoolPenalty=2212.326546,	RCNNAcc=0.850232,	
2018-12-06 04:17:46,201 Epoch[1] Batch [7700]	Speed: 4.65 samples/sec	Train-ROIPoolPenalty=2213.778756,	RCNNAcc=0.850421,	
2018-12-06 04:19:12,700 Epoch[1] Batch [7800]	Speed: 4.62 samples/sec	Train-ROIPoolPenalty=2214.973608,	RCNNAcc=0.850646,	
2018-12-06 04:20:39,478 Epoch[1] Batch [7900]	Speed: 4.61 samples/sec	Train-ROIPoolPenalty=2216.455087,	RCNNAcc=0.850724,	
2018-12-06 04:22:05,290 Epoch[1] Batch [8000]	Speed: 4.66 samples/sec	Train-ROIPoolPenalty=2217.420903,	RCNNAcc=0.850658,	
2018-12-06 04:23:31,177 Epoch[1] Batch [8100]	Speed: 4.66 samples/sec	Train-ROIPoolPenalty=2218.758273,	RCNNAcc=0.850854,	
2018-12-06 04:24:57,613 Epoch[1] Batch [8200]	Speed: 4.63 samples/sec	Train-ROIPoolPenalty=2219.960613,	RCNNAcc=0.850969,	
2018-12-06 04:26:01,645 Epoch[1] Train-ROIPoolPenalty=2220.688744
2018-12-06 04:26:01,645 Epoch[1] Train-RCNNAcc=0.851099
2018-12-06 04:26:01,645 Epoch[1] Time cost=7145.277
2018-12-06 04:26:02,990 Saved checkpoint to "output/r_0.05-2.yaml/2007_trainval_2012_trainval/first-0002.params"
2018-12-06 04:26:06,206 Saved optimizer state to "output/r_0.05-2.yaml/2007_trainval_2012_trainval/first-0002.states"
2018-12-06 04:26:06,670 Saved checkpoint to "output/r_0.05-2.yaml/2007_trainval_2012_trainval/first-0002.params"
2018-12-06 04:27:33,597 Epoch[2] Batch [100]	Speed: 4.65 samples/sec	Train-ROIPoolPenalty=2359.935742,	RCNNAcc=0.878423,	
2018-12-06 04:29:00,230 Epoch[2] Batch [200]	Speed: 4.62 samples/sec	Train-ROIPoolPenalty=2362.163939,	RCNNAcc=0.875350,	
2018-12-06 04:30:26,827 Epoch[2] Batch [300]	Speed: 4.62 samples/sec	Train-ROIPoolPenalty=2368.731884,	RCNNAcc=0.875707,	
2018-12-06 04:31:53,254 Epoch[2] Batch [400]	Speed: 4.63 samples/sec	Train-ROIPoolPenalty=2364.200710,	RCNNAcc=0.871469,	
2018-12-06 04:33:19,374 Epoch[2] Batch [500]	Speed: 4.64 samples/sec	Train-ROIPoolPenalty=2362.317274,	RCNNAcc=0.868295,	
2018-12-06 04:34:46,197 Epoch[2] Batch [600]	Speed: 4.61 samples/sec	Train-ROIPoolPenalty=2363.259576,	RCNNAcc=0.867392,	
2018-12-06 04:36:13,331 Epoch[2] Batch [700]	Speed: 4.59 samples/sec	Train-ROIPoolPenalty=2361.960623,	RCNNAcc=0.867305,	
2018-12-06 04:37:39,305 Epoch[2] Batch [800]	Speed: 4.65 samples/sec	Train-ROIPoolPenalty=2357.306545,	RCNNAcc=0.866227,	
2018-12-06 04:39:05,438 Epoch[2] Batch [900]	Speed: 4.64 samples/sec	Train-ROIPoolPenalty=2353.520797,	RCNNAcc=0.866643,	
2018-12-06 04:40:31,601 Epoch[2] Batch [1000]	Speed: 4.64 samples/sec	Train-ROIPoolPenalty=2353.433212,	RCNNAcc=0.866050,	
2018-12-06 04:41:57,272 Epoch[2] Batch [1100]	Speed: 4.67 samples/sec	Train-ROIPoolPenalty=2350.043471,	RCNNAcc=0.865055,	
2018-12-06 04:43:23,068 Epoch[2] Batch [1200]	Speed: 4.66 samples/sec	Train-ROIPoolPenalty=2353.080926,	RCNNAcc=0.865875,	
2018-12-06 04:44:49,160 Epoch[2] Batch [1300]	Speed: 4.65 samples/sec	Train-ROIPoolPenalty=2351.103251,	RCNNAcc=0.865273,	
2018-12-06 04:46:14,925 Epoch[2] Batch [1400]	Speed: 4.66 samples/sec	Train-ROIPoolPenalty=2350.859419,	RCNNAcc=0.864146,	
2018-12-06 04:47:40,864 Epoch[2] Batch [1500]	Speed: 4.65 samples/sec	Train-ROIPoolPenalty=2348.947569,	RCNNAcc=0.862970,	
2018-12-06 04:49:06,685 Epoch[2] Batch [1600]	Speed: 4.66 samples/sec	Train-ROIPoolPenalty=2347.587917,	RCNNAcc=0.863559,	
2018-12-06 04:50:32,763 Epoch[2] Batch [1700]	Speed: 4.65 samples/sec	Train-ROIPoolPenalty=2347.895756,	RCNNAcc=0.863932,	
2018-12-06 04:51:58,874 Epoch[2] Batch [1800]	Speed: 4.65 samples/sec	Train-ROIPoolPenalty=2346.778191,	RCNNAcc=0.864293,	
2018-12-06 04:53:24,774 Epoch[2] Batch [1900]	Speed: 4.66 samples/sec	Train-ROIPoolPenalty=2343.782956,	RCNNAcc=0.863876,	
2018-12-06 04:54:50,579 Epoch[2] Batch [2000]	Speed: 4.66 samples/sec	Train-ROIPoolPenalty=2346.681076,	RCNNAcc=0.864066,	
2018-12-06 04:56:16,828 Epoch[2] Batch [2100]	Speed: 4.64 samples/sec	Train-ROIPoolPenalty=2348.080606,	RCNNAcc=0.864480,	
2018-12-06 04:57:42,496 Epoch[2] Batch [2200]	Speed: 4.67 samples/sec	Train-ROIPoolPenalty=2347.559393,	RCNNAcc=0.864448,	
2018-12-06 04:59:08,634 Epoch[2] Batch [2300]	Speed: 4.64 samples/sec	Train-ROIPoolPenalty=2349.638489,	RCNNAcc=0.864470,	
2018-12-06 05:00:34,490 Epoch[2] Batch [2400]	Speed: 4.66 samples/sec	Train-ROIPoolPenalty=2350.949307,	RCNNAcc=0.864823,	
2018-12-06 05:02:00,830 Epoch[2] Batch [2500]	Speed: 4.63 samples/sec	Train-ROIPoolPenalty=2350.187863,	RCNNAcc=0.864455,	
2018-12-06 05:03:26,899 Epoch[2] Batch [2600]	Speed: 4.65 samples/sec	Train-ROIPoolPenalty=2349.967888,	RCNNAcc=0.864441,	
2018-12-06 05:04:52,755 Epoch[2] Batch [2700]	Speed: 4.66 samples/sec	Train-ROIPoolPenalty=2350.201191,	RCNNAcc=0.864504,	
2018-12-06 05:06:18,770 Epoch[2] Batch [2800]	Speed: 4.65 samples/sec	Train-ROIPoolPenalty=2349.813650,	RCNNAcc=0.864760,	
2018-12-06 05:07:44,995 Epoch[2] Batch [2900]	Speed: 4.64 samples/sec	Train-ROIPoolPenalty=2351.004715,	RCNNAcc=0.865261,	
2018-12-06 05:09:10,964 Epoch[2] Batch [3000]	Speed: 4.65 samples/sec	Train-ROIPoolPenalty=2350.985581,	RCNNAcc=0.865132,	
2018-12-06 05:10:36,938 Epoch[2] Batch [3100]	Speed: 4.65 samples/sec	Train-ROIPoolPenalty=2351.068466,	RCNNAcc=0.865330,	
2018-12-06 05:12:03,373 Epoch[2] Batch [3200]	Speed: 4.63 samples/sec	Train-ROIPoolPenalty=2353.056260,	RCNNAcc=0.865380,	
2018-12-06 05:13:29,796 Epoch[2] Batch [3300]	Speed: 4.63 samples/sec	Train-ROIPoolPenalty=2353.317379,	RCNNAcc=0.865040,	
2018-12-06 05:14:55,616 Epoch[2] Batch [3400]	Speed: 4.66 samples/sec	Train-ROIPoolPenalty=2353.934079,	RCNNAcc=0.865211,	
2018-12-06 05:16:21,835 Epoch[2] Batch [3500]	Speed: 4.64 samples/sec	Train-ROIPoolPenalty=2354.889759,	RCNNAcc=0.864830,	
2018-12-06 05:17:48,015 Epoch[2] Batch [3600]	Speed: 4.64 samples/sec	Train-ROIPoolPenalty=2353.369662,	RCNNAcc=0.864730,	
2018-12-06 05:19:14,556 Epoch[2] Batch [3700]	Speed: 4.62 samples/sec	Train-ROIPoolPenalty=2352.788512,	RCNNAcc=0.864678,	
2018-12-06 05:20:40,772 Epoch[2] Batch [3800]	Speed: 4.64 samples/sec	Train-ROIPoolPenalty=2351.431122,	RCNNAcc=0.864161,	
2018-12-06 05:22:06,601 Epoch[2] Batch [3900]	Speed: 4.66 samples/sec	Train-ROIPoolPenalty=2350.547799,	RCNNAcc=0.864179,	
2018-12-06 05:23:32,805 Epoch[2] Batch [4000]	Speed: 4.64 samples/sec	Train-ROIPoolPenalty=2349.791293,	RCNNAcc=0.864122,	
2018-12-06 05:24:58,676 Epoch[2] Batch [4100]	Speed: 4.66 samples/sec	Train-ROIPoolPenalty=2350.255595,	RCNNAcc=0.863971,	
2018-12-06 05:26:24,172 Epoch[2] Batch [4200]	Speed: 4.68 samples/sec	Train-ROIPoolPenalty=2351.106042,	RCNNAcc=0.864207,	
2018-12-06 05:27:49,962 Epoch[2] Batch [4300]	Speed: 4.66 samples/sec	Train-ROIPoolPenalty=2352.226692,	RCNNAcc=0.864213,	
2018-12-06 05:29:16,224 Epoch[2] Batch [4400]	Speed: 4.64 samples/sec	Train-ROIPoolPenalty=2352.519027,	RCNNAcc=0.864294,	
2018-12-06 05:30:41,929 Epoch[2] Batch [4500]	Speed: 4.67 samples/sec	Train-ROIPoolPenalty=2352.415205,	RCNNAcc=0.864459,	
2018-12-06 05:32:07,560 Epoch[2] Batch [4600]	Speed: 4.67 samples/sec	Train-ROIPoolPenalty=2351.508773,	RCNNAcc=0.864331,	
2018-12-06 05:33:33,490 Epoch[2] Batch [4700]	Speed: 4.65 samples/sec	Train-ROIPoolPenalty=2352.257661,	RCNNAcc=0.864368,	
2018-12-06 05:34:59,132 Epoch[2] Batch [4800]	Speed: 4.67 samples/sec	Train-ROIPoolPenalty=2352.294196,	RCNNAcc=0.864365,	
2018-12-06 05:36:25,245 Epoch[2] Batch [4900]	Speed: 4.65 samples/sec	Train-ROIPoolPenalty=2352.013515,	RCNNAcc=0.864219,	
2018-12-06 05:37:51,795 Epoch[2] Batch [5000]	Speed: 4.62 samples/sec	Train-ROIPoolPenalty=2352.552057,	RCNNAcc=0.864147,	
2018-12-06 05:39:17,459 Epoch[2] Batch [5100]	Speed: 4.67 samples/sec	Train-ROIPoolPenalty=2353.069540,	RCNNAcc=0.864225,	
2018-12-06 05:40:43,232 Epoch[2] Batch [5200]	Speed: 4.66 samples/sec	Train-ROIPoolPenalty=2352.774939,	RCNNAcc=0.864117,	
2018-12-06 05:42:09,397 Epoch[2] Batch [5300]	Speed: 4.64 samples/sec	Train-ROIPoolPenalty=2351.739126,	RCNNAcc=0.864027,	
2018-12-06 05:43:35,287 Epoch[2] Batch [5400]	Speed: 4.66 samples/sec	Train-ROIPoolPenalty=2351.551953,	RCNNAcc=0.863891,	
2018-12-06 05:45:01,600 Epoch[2] Batch [5500]	Speed: 4.63 samples/sec	Train-ROIPoolPenalty=2351.643971,	RCNNAcc=0.863783,	
2018-12-06 05:46:27,533 Epoch[2] Batch [5600]	Speed: 4.65 samples/sec	Train-ROIPoolPenalty=2351.146359,	RCNNAcc=0.863687,	
2018-12-06 05:47:53,800 Epoch[2] Batch [5700]	Speed: 4.64 samples/sec	Train-ROIPoolPenalty=2351.811185,	RCNNAcc=0.863689,	
2018-12-06 05:49:20,349 Epoch[2] Batch [5800]	Speed: 4.62 samples/sec	Train-ROIPoolPenalty=2352.300740,	RCNNAcc=0.863743,	
2018-12-06 05:50:46,547 Epoch[2] Batch [5900]	Speed: 4.64 samples/sec	Train-ROIPoolPenalty=2353.100687,	RCNNAcc=0.863854,	
2018-12-06 05:52:13,101 Epoch[2] Batch [6000]	Speed: 4.62 samples/sec	Train-ROIPoolPenalty=2353.588157,	RCNNAcc=0.863841,	
2018-12-06 05:53:39,126 Epoch[2] Batch [6100]	Speed: 4.65 samples/sec	Train-ROIPoolPenalty=2353.963650,	RCNNAcc=0.863740,	
2018-12-06 05:55:05,114 Epoch[2] Batch [6200]	Speed: 4.65 samples/sec	Train-ROIPoolPenalty=2355.213111,	RCNNAcc=0.863660,	
2018-12-06 05:56:31,694 Epoch[2] Batch [6300]	Speed: 4.62 samples/sec	Train-ROIPoolPenalty=2355.634885,	RCNNAcc=0.863516,	
2018-12-06 05:57:57,516 Epoch[2] Batch [6400]	Speed: 4.66 samples/sec	Train-ROIPoolPenalty=2356.207688,	RCNNAcc=0.863602,	
2018-12-06 05:59:24,358 Epoch[2] Batch [6500]	Speed: 4.61 samples/sec	Train-ROIPoolPenalty=2356.806233,	RCNNAcc=0.863422,	
2018-12-06 06:00:49,869 Epoch[2] Batch [6600]	Speed: 4.68 samples/sec	Train-ROIPoolPenalty=2357.657015,	RCNNAcc=0.863461,	
2018-12-06 06:02:15,781 Epoch[2] Batch [6700]	Speed: 4.66 samples/sec	Train-ROIPoolPenalty=2357.861917,	RCNNAcc=0.863324,	
2018-12-06 06:03:41,519 Epoch[2] Batch [6800]	Speed: 4.67 samples/sec	Train-ROIPoolPenalty=2358.077212,	RCNNAcc=0.863166,	
2018-12-06 06:05:06,929 Epoch[2] Batch [6900]	Speed: 4.68 samples/sec	Train-ROIPoolPenalty=2358.431388,	RCNNAcc=0.863070,	
2018-12-06 06:06:33,072 Epoch[2] Batch [7000]	Speed: 4.64 samples/sec	Train-ROIPoolPenalty=2358.814443,	RCNNAcc=0.863026,	
2018-12-06 06:07:59,554 Epoch[2] Batch [7100]	Speed: 4.63 samples/sec	Train-ROIPoolPenalty=2359.217949,	RCNNAcc=0.862909,	
2018-12-06 06:09:25,463 Epoch[2] Batch [7200]	Speed: 4.66 samples/sec	Train-ROIPoolPenalty=2360.239466,	RCNNAcc=0.863014,	
2018-12-06 06:10:51,782 Epoch[2] Batch [7300]	Speed: 4.63 samples/sec	Train-ROIPoolPenalty=2360.614742,	RCNNAcc=0.862928,	
2018-12-06 06:12:18,275 Epoch[2] Batch [7400]	Speed: 4.62 samples/sec	Train-ROIPoolPenalty=2360.951467,	RCNNAcc=0.862969,	
2018-12-06 06:13:44,483 Epoch[2] Batch [7500]	Speed: 4.64 samples/sec	Train-ROIPoolPenalty=2361.453707,	RCNNAcc=0.863050,	
2018-12-06 06:15:10,009 Epoch[2] Batch [7600]	Speed: 4.68 samples/sec	Train-ROIPoolPenalty=2361.814181,	RCNNAcc=0.863248,	
2018-12-06 06:16:36,140 Epoch[2] Batch [7700]	Speed: 4.64 samples/sec	Train-ROIPoolPenalty=2362.949523,	RCNNAcc=0.863311,	
2018-12-06 06:18:02,024 Epoch[2] Batch [7800]	Speed: 4.66 samples/sec	Train-ROIPoolPenalty=2363.361539,	RCNNAcc=0.863440,	
2018-12-06 06:19:27,895 Epoch[2] Batch [7900]	Speed: 4.66 samples/sec	Train-ROIPoolPenalty=2363.523042,	RCNNAcc=0.863473,	
2018-12-06 06:20:54,061 Epoch[2] Batch [8000]	Speed: 4.64 samples/sec	Train-ROIPoolPenalty=2363.351202,	RCNNAcc=0.863562,	
2018-12-06 06:22:20,176 Epoch[2] Batch [8100]	Speed: 4.65 samples/sec	Train-ROIPoolPenalty=2364.292853,	RCNNAcc=0.863695,	
2018-12-06 06:23:46,390 Epoch[2] Batch [8200]	Speed: 4.64 samples/sec	Train-ROIPoolPenalty=2364.934183,	RCNNAcc=0.863787,	
2018-12-06 06:24:50,280 Epoch[2] Train-ROIPoolPenalty=2365.557649
2018-12-06 06:24:50,280 Epoch[2] Train-RCNNAcc=0.863792
2018-12-06 06:24:50,281 Epoch[2] Time cost=7123.541
2018-12-06 06:24:51,352 Saved checkpoint to "output/r_0.05-2.yaml/2007_trainval_2012_trainval/first-0003.params"
2018-12-06 06:24:54,066 Saved optimizer state to "output/r_0.05-2.yaml/2007_trainval_2012_trainval/first-0003.states"
2018-12-06 06:24:54,603 Saved checkpoint to "output/r_0.05-2.yaml/2007_trainval_2012_trainval/first-0003.params"
2018-12-06 06:26:21,997 Epoch[3] Batch [100]	Speed: 4.63 samples/sec	Train-ROIPoolPenalty=2479.875505,	RCNNAcc=0.875909,	
2018-12-06 06:27:48,715 Epoch[3] Batch [200]	Speed: 4.61 samples/sec	Train-ROIPoolPenalty=2462.733306,	RCNNAcc=0.873669,	
2018-12-06 06:29:14,711 Epoch[3] Batch [300]	Speed: 4.65 samples/sec	Train-ROIPoolPenalty=2471.071402,	RCNNAcc=0.874020,	
2018-12-06 06:30:40,826 Epoch[3] Batch [400]	Speed: 4.64 samples/sec	Train-ROIPoolPenalty=2465.555818,	RCNNAcc=0.873115,	
2018-12-06 06:32:07,574 Epoch[3] Batch [500]	Speed: 4.61 samples/sec	Train-ROIPoolPenalty=2461.810599,	RCNNAcc=0.872825,	
2018-12-06 06:33:34,190 Epoch[3] Batch [600]	Speed: 4.62 samples/sec	Train-ROIPoolPenalty=2462.484447,	RCNNAcc=0.873599,	
2018-12-06 06:35:01,090 Epoch[3] Batch [700]	Speed: 4.60 samples/sec	Train-ROIPoolPenalty=2465.625362,	RCNNAcc=0.874980,	
2018-12-06 06:36:27,226 Epoch[3] Batch [800]	Speed: 4.64 samples/sec	Train-ROIPoolPenalty=2466.130365,	RCNNAcc=0.874351,	
2018-12-06 06:37:53,041 Epoch[3] Batch [900]	Speed: 4.66 samples/sec	Train-ROIPoolPenalty=2469.032011,	RCNNAcc=0.874686,	
2018-12-06 06:39:19,780 Epoch[3] Batch [1000]	Speed: 4.61 samples/sec	Train-ROIPoolPenalty=2466.704149,	RCNNAcc=0.874454,	
2018-12-06 06:40:46,174 Epoch[3] Batch [1100]	Speed: 4.63 samples/sec	Train-ROIPoolPenalty=2464.831695,	RCNNAcc=0.874310,	
2018-12-06 06:42:12,303 Epoch[3] Batch [1200]	Speed: 4.64 samples/sec	Train-ROIPoolPenalty=2468.975805,	RCNNAcc=0.874278,	
2018-12-06 06:43:38,653 Epoch[3] Batch [1300]	Speed: 4.63 samples/sec	Train-ROIPoolPenalty=2471.227355,	RCNNAcc=0.874514,	
2018-12-06 06:45:04,961 Epoch[3] Batch [1400]	Speed: 4.63 samples/sec	Train-ROIPoolPenalty=2472.967613,	RCNNAcc=0.874975,	
2018-12-06 06:46:31,263 Epoch[3] Batch [1500]	Speed: 4.63 samples/sec	Train-ROIPoolPenalty=2474.498737,	RCNNAcc=0.875383,	
2018-12-06 06:47:57,966 Epoch[3] Batch [1600]	Speed: 4.61 samples/sec	Train-ROIPoolPenalty=2474.340480,	RCNNAcc=0.875307,	
2018-12-06 06:49:24,238 Epoch[3] Batch [1700]	Speed: 4.64 samples/sec	Train-ROIPoolPenalty=2469.706740,	RCNNAcc=0.874867,	
2018-12-06 06:50:51,047 Epoch[3] Batch [1800]	Speed: 4.61 samples/sec	Train-ROIPoolPenalty=2468.677886,	RCNNAcc=0.874619,	
2018-12-06 06:52:18,168 Epoch[3] Batch [1900]	Speed: 4.59 samples/sec	Train-ROIPoolPenalty=2467.028201,	RCNNAcc=0.874064,	
2018-12-06 06:53:44,637 Epoch[3] Batch [2000]	Speed: 4.63 samples/sec	Train-ROIPoolPenalty=2469.574733,	RCNNAcc=0.874468,	
2018-12-06 06:55:10,751 Epoch[3] Batch [2100]	Speed: 4.65 samples/sec	Train-ROIPoolPenalty=2469.618528,	RCNNAcc=0.874528,	
2018-12-06 06:56:37,233 Epoch[3] Batch [2200]	Speed: 4.63 samples/sec	Train-ROIPoolPenalty=2469.831311,	RCNNAcc=0.874260,	
2018-12-06 06:58:03,905 Epoch[3] Batch [2300]	Speed: 4.62 samples/sec	Train-ROIPoolPenalty=2470.981229,	RCNNAcc=0.874607,	
2018-12-06 06:59:29,770 Epoch[3] Batch [2400]	Speed: 4.66 samples/sec	Train-ROIPoolPenalty=2472.083426,	RCNNAcc=0.874968,	
2018-12-06 07:00:56,446 Epoch[3] Batch [2500]	Speed: 4.61 samples/sec	Train-ROIPoolPenalty=2472.585798,	RCNNAcc=0.875248,	
2018-12-06 07:02:22,617 Epoch[3] Batch [2600]	Speed: 4.64 samples/sec	Train-ROIPoolPenalty=2473.462668,	RCNNAcc=0.875344,	
2018-12-06 07:03:48,693 Epoch[3] Batch [2700]	Speed: 4.65 samples/sec	Train-ROIPoolPenalty=2474.380537,	RCNNAcc=0.875509,	
2018-12-06 07:05:14,660 Epoch[3] Batch [2800]	Speed: 4.65 samples/sec	Train-ROIPoolPenalty=2475.441895,	RCNNAcc=0.875545,	
2018-12-06 07:06:40,887 Epoch[3] Batch [2900]	Speed: 4.64 samples/sec	Train-ROIPoolPenalty=2478.029988,	RCNNAcc=0.875456,	
2018-12-06 07:08:07,400 Epoch[3] Batch [3000]	Speed: 4.62 samples/sec	Train-ROIPoolPenalty=2477.808824,	RCNNAcc=0.875672,	
2018-12-06 07:09:33,196 Epoch[3] Batch [3100]	Speed: 4.66 samples/sec	Train-ROIPoolPenalty=2478.681596,	RCNNAcc=0.875707,	
2018-12-06 07:11:00,658 Epoch[3] Batch [3200]	Speed: 4.57 samples/sec	Train-ROIPoolPenalty=2479.790502,	RCNNAcc=0.875880,	
2018-12-06 07:12:26,960 Epoch[3] Batch [3300]	Speed: 4.63 samples/sec	Train-ROIPoolPenalty=2480.381237,	RCNNAcc=0.876036,	
2018-12-06 07:13:53,266 Epoch[3] Batch [3400]	Speed: 4.63 samples/sec	Train-ROIPoolPenalty=2481.819799,	RCNNAcc=0.876293,	
2018-12-06 07:15:19,837 Epoch[3] Batch [3500]	Speed: 4.62 samples/sec	Train-ROIPoolPenalty=2483.519768,	RCNNAcc=0.876315,	
2018-12-06 07:16:45,896 Epoch[3] Batch [3600]	Speed: 4.65 samples/sec	Train-ROIPoolPenalty=2483.687007,	RCNNAcc=0.876512,	
2018-12-06 07:18:11,869 Epoch[3] Batch [3700]	Speed: 4.65 samples/sec	Train-ROIPoolPenalty=2484.508389,	RCNNAcc=0.876558,	
2018-12-06 07:19:37,775 Epoch[3] Batch [3800]	Speed: 4.66 samples/sec	Train-ROIPoolPenalty=2485.317688,	RCNNAcc=0.876622,	
2018-12-06 07:21:04,152 Epoch[3] Batch [3900]	Speed: 4.63 samples/sec	Train-ROIPoolPenalty=2483.896046,	RCNNAcc=0.876778,	
2018-12-06 07:22:30,344 Epoch[3] Batch [4000]	Speed: 4.64 samples/sec	Train-ROIPoolPenalty=2483.435397,	RCNNAcc=0.876662,	
2018-12-06 07:23:57,579 Epoch[3] Batch [4100]	Speed: 4.59 samples/sec	Train-ROIPoolPenalty=2484.231024,	RCNNAcc=0.876945,	
2018-12-06 07:25:24,185 Epoch[3] Batch [4200]	Speed: 4.62 samples/sec	Train-ROIPoolPenalty=2483.382353,	RCNNAcc=0.877169,	
2018-12-06 07:26:50,576 Epoch[3] Batch [4300]	Speed: 4.63 samples/sec	Train-ROIPoolPenalty=2483.662370,	RCNNAcc=0.877099,	
2018-12-06 07:28:17,128 Epoch[3] Batch [4400]	Speed: 4.62 samples/sec	Train-ROIPoolPenalty=2484.066291,	RCNNAcc=0.877298,	
2018-12-06 07:29:43,667 Epoch[3] Batch [4500]	Speed: 4.62 samples/sec	Train-ROIPoolPenalty=2483.503547,	RCNNAcc=0.877090,	
2018-12-06 07:31:10,223 Epoch[3] Batch [4600]	Speed: 4.62 samples/sec	Train-ROIPoolPenalty=2483.811451,	RCNNAcc=0.877186,	
2018-12-06 07:32:36,919 Epoch[3] Batch [4700]	Speed: 4.61 samples/sec	Train-ROIPoolPenalty=2484.226214,	RCNNAcc=0.877223,	
2018-12-06 07:34:03,656 Epoch[3] Batch [4800]	Speed: 4.61 samples/sec	Train-ROIPoolPenalty=2483.926826,	RCNNAcc=0.876922,	
2018-12-06 07:35:30,014 Epoch[3] Batch [4900]	Speed: 4.63 samples/sec	Train-ROIPoolPenalty=2483.913114,	RCNNAcc=0.876973,	
2018-12-06 07:36:56,945 Epoch[3] Batch [5000]	Speed: 4.60 samples/sec	Train-ROIPoolPenalty=2484.077930,	RCNNAcc=0.877021,	
2018-12-06 07:38:23,424 Epoch[3] Batch [5100]	Speed: 4.63 samples/sec	Train-ROIPoolPenalty=2483.336967,	RCNNAcc=0.876890,	
2018-12-06 07:39:50,062 Epoch[3] Batch [5200]	Speed: 4.62 samples/sec	Train-ROIPoolPenalty=2483.003950,	RCNNAcc=0.876979,	
2018-12-06 07:41:15,977 Epoch[3] Batch [5300]	Speed: 4.66 samples/sec	Train-ROIPoolPenalty=2483.444903,	RCNNAcc=0.876935,	
2018-12-06 07:42:42,352 Epoch[3] Batch [5400]	Speed: 4.63 samples/sec	Train-ROIPoolPenalty=2483.768179,	RCNNAcc=0.876900,	
2018-12-06 07:44:08,646 Epoch[3] Batch [5500]	Speed: 4.64 samples/sec	Train-ROIPoolPenalty=2483.588126,	RCNNAcc=0.876995,	
2018-12-06 07:45:35,166 Epoch[3] Batch [5600]	Speed: 4.62 samples/sec	Train-ROIPoolPenalty=2482.721999,	RCNNAcc=0.876981,	
2018-12-06 07:47:01,741 Epoch[3] Batch [5700]	Speed: 4.62 samples/sec	Train-ROIPoolPenalty=2481.399550,	RCNNAcc=0.876875,	
2018-12-06 07:48:28,142 Epoch[3] Batch [5800]	Speed: 4.63 samples/sec	Train-ROIPoolPenalty=2481.485977,	RCNNAcc=0.876805,	
2018-12-06 07:49:53,779 Epoch[3] Batch [5900]	Speed: 4.67 samples/sec	Train-ROIPoolPenalty=2481.026966,	RCNNAcc=0.876719,	
2018-12-06 07:51:19,713 Epoch[3] Batch [6000]	Speed: 4.65 samples/sec	Train-ROIPoolPenalty=2481.184803,	RCNNAcc=0.876615,	
2018-12-06 07:52:45,338 Epoch[3] Batch [6100]	Speed: 4.67 samples/sec	Train-ROIPoolPenalty=2480.948372,	RCNNAcc=0.876621,	
2018-12-06 07:54:11,696 Epoch[3] Batch [6200]	Speed: 4.63 samples/sec	Train-ROIPoolPenalty=2480.855656,	RCNNAcc=0.876545,	
2018-12-06 07:55:37,955 Epoch[3] Batch [6300]	Speed: 4.64 samples/sec	Train-ROIPoolPenalty=2481.462826,	RCNNAcc=0.876331,	
2018-12-06 07:57:04,275 Epoch[3] Batch [6400]	Speed: 4.63 samples/sec	Train-ROIPoolPenalty=2481.566537,	RCNNAcc=0.876224,	
2018-12-06 07:58:30,440 Epoch[3] Batch [6500]	Speed: 4.64 samples/sec	Train-ROIPoolPenalty=2481.375580,	RCNNAcc=0.876314,	
2018-12-06 07:59:56,705 Epoch[3] Batch [6600]	Speed: 4.64 samples/sec	Train-ROIPoolPenalty=2481.127523,	RCNNAcc=0.876181,	
2018-12-06 08:01:22,677 Epoch[3] Batch [6700]	Speed: 4.65 samples/sec	Train-ROIPoolPenalty=2481.172803,	RCNNAcc=0.876194,	
2018-12-06 08:02:48,371 Epoch[3] Batch [6800]	Speed: 4.67 samples/sec	Train-ROIPoolPenalty=2480.925939,	RCNNAcc=0.876102,	
2018-12-06 08:04:14,315 Epoch[3] Batch [6900]	Speed: 4.65 samples/sec	Train-ROIPoolPenalty=2480.955406,	RCNNAcc=0.876024,	
2018-12-06 08:05:40,918 Epoch[3] Batch [7000]	Speed: 4.62 samples/sec	Train-ROIPoolPenalty=2480.522814,	RCNNAcc=0.875929,	
2018-12-06 08:07:07,423 Epoch[3] Batch [7100]	Speed: 4.62 samples/sec	Train-ROIPoolPenalty=2480.336143,	RCNNAcc=0.875876,	
2018-12-06 08:08:33,373 Epoch[3] Batch [7200]	Speed: 4.65 samples/sec	Train-ROIPoolPenalty=2480.719623,	RCNNAcc=0.875933,	
2018-12-06 08:09:59,783 Epoch[3] Batch [7300]	Speed: 4.63 samples/sec	Train-ROIPoolPenalty=2481.042576,	RCNNAcc=0.875986,	
2018-12-06 08:11:25,973 Epoch[3] Batch [7400]	Speed: 4.64 samples/sec	Train-ROIPoolPenalty=2480.905141,	RCNNAcc=0.875995,	
2018-12-06 08:12:52,689 Epoch[3] Batch [7500]	Speed: 4.61 samples/sec	Train-ROIPoolPenalty=2481.392951,	RCNNAcc=0.875880,	
2018-12-06 08:14:18,626 Epoch[3] Batch [7600]	Speed: 4.65 samples/sec	Train-ROIPoolPenalty=2481.371833,	RCNNAcc=0.875869,	
2018-12-06 08:15:44,517 Epoch[3] Batch [7700]	Speed: 4.66 samples/sec	Train-ROIPoolPenalty=2481.101234,	RCNNAcc=0.875947,	
2018-12-06 08:17:10,215 Epoch[3] Batch [7800]	Speed: 4.67 samples/sec	Train-ROIPoolPenalty=2480.902773,	RCNNAcc=0.875975,	
2018-12-06 08:18:36,203 Epoch[3] Batch [7900]	Speed: 4.65 samples/sec	Train-ROIPoolPenalty=2480.683902,	RCNNAcc=0.875955,	
2018-12-06 08:20:02,146 Epoch[3] Batch [8000]	Speed: 4.65 samples/sec	Train-ROIPoolPenalty=2480.401160,	RCNNAcc=0.875928,	
2018-12-06 08:21:28,807 Epoch[3] Batch [8100]	Speed: 4.62 samples/sec	Train-ROIPoolPenalty=2480.992652,	RCNNAcc=0.875932,	
2018-12-06 08:22:55,012 Epoch[3] Batch [8200]	Speed: 4.64 samples/sec	Train-ROIPoolPenalty=2481.382623,	RCNNAcc=0.875853,	
2018-12-06 08:23:58,786 Epoch[3] Train-ROIPoolPenalty=2481.494187
2018-12-06 08:23:58,787 Epoch[3] Train-RCNNAcc=0.875855
2018-12-06 08:23:58,787 Epoch[3] Time cost=7144.142
2018-12-06 08:24:00,170 Saved checkpoint to "output/r_0.05-2.yaml/2007_trainval_2012_trainval/first-0004.params"
2018-12-06 08:24:03,881 Saved optimizer state to "output/r_0.05-2.yaml/2007_trainval_2012_trainval/first-0004.states"
2018-12-06 08:24:04,470 Saved checkpoint to "output/r_0.05-2.yaml/2007_trainval_2012_trainval/first-0004.params"
2018-12-06 08:25:30,895 Epoch[4] Batch [100]	Speed: 4.68 samples/sec	Train-ROIPoolPenalty=2561.598136,	RCNNAcc=0.887202,	
2018-12-06 08:26:56,525 Epoch[4] Batch [200]	Speed: 4.67 samples/sec	Train-ROIPoolPenalty=2589.891529,	RCNNAcc=0.889119,	
2018-12-06 08:28:22,962 Epoch[4] Batch [300]	Speed: 4.63 samples/sec	Train-ROIPoolPenalty=2585.215113,	RCNNAcc=0.887783,	
2018-12-06 08:29:49,074 Epoch[4] Batch [400]	Speed: 4.65 samples/sec	Train-ROIPoolPenalty=2585.563174,	RCNNAcc=0.890109,	
2018-12-06 08:31:15,582 Epoch[4] Batch [500]	Speed: 4.62 samples/sec	Train-ROIPoolPenalty=2589.875773,	RCNNAcc=0.888068,	
2018-12-06 08:32:41,616 Epoch[4] Batch [600]	Speed: 4.65 samples/sec	Train-ROIPoolPenalty=2582.192298,	RCNNAcc=0.886319,	
2018-12-06 08:34:07,848 Epoch[4] Batch [700]	Speed: 4.64 samples/sec	Train-ROIPoolPenalty=2580.512535,	RCNNAcc=0.886933,	
2018-12-06 08:35:34,240 Epoch[4] Batch [800]	Speed: 4.63 samples/sec	Train-ROIPoolPenalty=2584.237788,	RCNNAcc=0.888313,	
2018-12-06 08:37:00,174 Epoch[4] Batch [900]	Speed: 4.65 samples/sec	Train-ROIPoolPenalty=2581.656398,	RCNNAcc=0.889355,	
2018-12-06 08:38:26,194 Epoch[4] Batch [1000]	Speed: 4.65 samples/sec	Train-ROIPoolPenalty=2579.431901,	RCNNAcc=0.889372,	
2018-12-06 08:39:52,601 Epoch[4] Batch [1100]	Speed: 4.63 samples/sec	Train-ROIPoolPenalty=2577.907293,	RCNNAcc=0.889060,	
2018-12-06 08:41:19,131 Epoch[4] Batch [1200]	Speed: 4.62 samples/sec	Train-ROIPoolPenalty=2577.202584,	RCNNAcc=0.889036,	
2018-12-06 08:42:44,772 Epoch[4] Batch [1300]	Speed: 4.67 samples/sec	Train-ROIPoolPenalty=2577.323169,	RCNNAcc=0.889684,	
2018-12-06 08:44:11,530 Epoch[4] Batch [1400]	Speed: 4.61 samples/sec	Train-ROIPoolPenalty=2574.641504,	RCNNAcc=0.889896,	
2018-12-06 08:45:38,161 Epoch[4] Batch [1500]	Speed: 4.62 samples/sec	Train-ROIPoolPenalty=2574.823061,	RCNNAcc=0.889717,	
2018-12-06 08:47:03,810 Epoch[4] Batch [1600]	Speed: 4.67 samples/sec	Train-ROIPoolPenalty=2572.497168,	RCNNAcc=0.889116,	
2018-12-06 08:48:30,436 Epoch[4] Batch [1700]	Speed: 4.62 samples/sec	Train-ROIPoolPenalty=2571.574410,	RCNNAcc=0.888696,	
2018-12-06 08:49:57,094 Epoch[4] Batch [1800]	Speed: 4.62 samples/sec	Train-ROIPoolPenalty=2572.699658,	RCNNAcc=0.888934,	
2018-12-06 08:51:23,996 Epoch[4] Batch [1900]	Speed: 4.60 samples/sec	Train-ROIPoolPenalty=2573.087551,	RCNNAcc=0.888828,	
2018-12-06 08:52:49,905 Epoch[4] Batch [2000]	Speed: 4.66 samples/sec	Train-ROIPoolPenalty=2571.928439,	RCNNAcc=0.888555,	
2018-12-06 08:54:15,907 Epoch[4] Batch [2100]	Speed: 4.65 samples/sec	Train-ROIPoolPenalty=2572.135046,	RCNNAcc=0.888283,	
2018-12-06 08:55:41,987 Epoch[4] Batch [2200]	Speed: 4.65 samples/sec	Train-ROIPoolPenalty=2571.564338,	RCNNAcc=0.888732,	
2018-12-06 08:57:08,047 Epoch[4] Batch [2300]	Speed: 4.65 samples/sec	Train-ROIPoolPenalty=2570.515851,	RCNNAcc=0.889332,	
2018-12-06 08:58:34,096 Epoch[4] Batch [2400]	Speed: 4.65 samples/sec	Train-ROIPoolPenalty=2568.801400,	RCNNAcc=0.888975,	
2018-12-06 09:00:00,677 Epoch[4] Batch [2500]	Speed: 4.62 samples/sec	Train-ROIPoolPenalty=2565.387737,	RCNNAcc=0.888584,	
2018-12-06 09:01:27,332 Epoch[4] Batch [2600]	Speed: 4.62 samples/sec	Train-ROIPoolPenalty=2563.869185,	RCNNAcc=0.888238,	
2018-12-06 09:02:53,082 Epoch[4] Batch [2700]	Speed: 4.66 samples/sec	Train-ROIPoolPenalty=2562.562301,	RCNNAcc=0.888065,	
2018-12-06 09:04:19,082 Epoch[4] Batch [2800]	Speed: 4.65 samples/sec	Train-ROIPoolPenalty=2562.452894,	RCNNAcc=0.887602,	
2018-12-06 09:05:45,582 Epoch[4] Batch [2900]	Speed: 4.62 samples/sec	Train-ROIPoolPenalty=2561.684586,	RCNNAcc=0.887218,	
2018-12-06 09:07:11,507 Epoch[4] Batch [3000]	Speed: 4.66 samples/sec	Train-ROIPoolPenalty=2560.683937,	RCNNAcc=0.887168,	
2018-12-06 09:08:37,701 Epoch[4] Batch [3100]	Speed: 4.64 samples/sec	Train-ROIPoolPenalty=2560.660860,	RCNNAcc=0.887129,	
2018-12-06 09:10:03,645 Epoch[4] Batch [3200]	Speed: 4.65 samples/sec	Train-ROIPoolPenalty=2560.996976,	RCNNAcc=0.887358,	
2018-12-06 09:11:30,061 Epoch[4] Batch [3300]	Speed: 4.63 samples/sec	Train-ROIPoolPenalty=2560.204840,	RCNNAcc=0.887189,	
2018-12-06 09:12:55,929 Epoch[4] Batch [3400]	Speed: 4.66 samples/sec	Train-ROIPoolPenalty=2558.669077,	RCNNAcc=0.887182,	
2018-12-06 09:14:22,356 Epoch[4] Batch [3500]	Speed: 4.63 samples/sec	Train-ROIPoolPenalty=2558.688070,	RCNNAcc=0.887226,	
2018-12-06 09:15:48,844 Epoch[4] Batch [3600]	Speed: 4.62 samples/sec	Train-ROIPoolPenalty=2557.389786,	RCNNAcc=0.887044,	
2018-12-06 09:17:15,369 Epoch[4] Batch [3700]	Speed: 4.62 samples/sec	Train-ROIPoolPenalty=2557.950579,	RCNNAcc=0.887200,	
2018-12-06 09:18:41,590 Epoch[4] Batch [3800]	Speed: 4.64 samples/sec	Train-ROIPoolPenalty=2557.861571,	RCNNAcc=0.887445,	
2018-12-06 09:20:07,971 Epoch[4] Batch [3900]	Speed: 4.63 samples/sec	Train-ROIPoolPenalty=2556.953794,	RCNNAcc=0.887551,	
2018-12-06 09:21:34,457 Epoch[4] Batch [4000]	Speed: 4.63 samples/sec	Train-ROIPoolPenalty=2556.484712,	RCNNAcc=0.887591,	
2018-12-06 09:23:01,243 Epoch[4] Batch [4100]	Speed: 4.61 samples/sec	Train-ROIPoolPenalty=2556.232320,	RCNNAcc=0.887556,	
2018-12-06 09:24:27,316 Epoch[4] Batch [4200]	Speed: 4.65 samples/sec	Train-ROIPoolPenalty=2555.441522,	RCNNAcc=0.887371,	
2018-12-06 09:25:53,100 Epoch[4] Batch [4300]	Speed: 4.66 samples/sec	Train-ROIPoolPenalty=2555.280550,	RCNNAcc=0.887258,	
2018-12-06 09:27:19,890 Epoch[4] Batch [4400]	Speed: 4.61 samples/sec	Train-ROIPoolPenalty=2555.489434,	RCNNAcc=0.887377,	
2018-12-06 09:28:46,037 Epoch[4] Batch [4500]	Speed: 4.64 samples/sec	Train-ROIPoolPenalty=2554.854141,	RCNNAcc=0.887475,	
2018-12-06 09:30:12,593 Epoch[4] Batch [4600]	Speed: 4.62 samples/sec	Train-ROIPoolPenalty=2554.080287,	RCNNAcc=0.887401,	
2018-12-06 09:31:39,327 Epoch[4] Batch [4700]	Speed: 4.61 samples/sec	Train-ROIPoolPenalty=2552.498257,	RCNNAcc=0.887499,	
2018-12-06 09:33:05,585 Epoch[4] Batch [4800]	Speed: 4.64 samples/sec	Train-ROIPoolPenalty=2552.297833,	RCNNAcc=0.887378,	
2018-12-06 09:34:31,846 Epoch[4] Batch [4900]	Speed: 4.64 samples/sec	Train-ROIPoolPenalty=2552.025452,	RCNNAcc=0.887484,	
2018-12-06 09:35:58,206 Epoch[4] Batch [5000]	Speed: 4.63 samples/sec	Train-ROIPoolPenalty=2551.868937,	RCNNAcc=0.887541,	
2018-12-06 09:37:24,318 Epoch[4] Batch [5100]	Speed: 4.65 samples/sec	Train-ROIPoolPenalty=2551.196284,	RCNNAcc=0.887395,	
2018-12-06 09:38:50,710 Epoch[4] Batch [5200]	Speed: 4.63 samples/sec	Train-ROIPoolPenalty=2550.138313,	RCNNAcc=0.887183,	
2018-12-06 09:40:17,337 Epoch[4] Batch [5300]	Speed: 4.62 samples/sec	Train-ROIPoolPenalty=2549.728231,	RCNNAcc=0.887043,	
2018-12-06 09:41:43,945 Epoch[4] Batch [5400]	Speed: 4.62 samples/sec	Train-ROIPoolPenalty=2549.445012,	RCNNAcc=0.887058,	
2018-12-06 09:43:10,605 Epoch[4] Batch [5500]	Speed: 4.62 samples/sec	Train-ROIPoolPenalty=2549.723736,	RCNNAcc=0.887013,	
2018-12-06 09:44:37,305 Epoch[4] Batch [5600]	Speed: 4.61 samples/sec	Train-ROIPoolPenalty=2549.921482,	RCNNAcc=0.887026,	
2018-12-06 09:46:02,805 Epoch[4] Batch [5700]	Speed: 4.68 samples/sec	Train-ROIPoolPenalty=2548.770448,	RCNNAcc=0.886790,	
2018-12-06 09:47:29,435 Epoch[4] Batch [5800]	Speed: 4.62 samples/sec	Train-ROIPoolPenalty=2548.249666,	RCNNAcc=0.886885,	
2018-12-06 09:48:56,276 Epoch[4] Batch [5900]	Speed: 4.61 samples/sec	Train-ROIPoolPenalty=2548.336522,	RCNNAcc=0.886912,	
2018-12-06 09:50:22,287 Epoch[4] Batch [6000]	Speed: 4.65 samples/sec	Train-ROIPoolPenalty=2548.159935,	RCNNAcc=0.886913,	
2018-12-06 09:51:48,726 Epoch[4] Batch [6100]	Speed: 4.63 samples/sec	Train-ROIPoolPenalty=2547.868584,	RCNNAcc=0.886865,	
2018-12-06 09:53:15,415 Epoch[4] Batch [6200]	Speed: 4.61 samples/sec	Train-ROIPoolPenalty=2548.115460,	RCNNAcc=0.886830,	
2018-12-06 09:54:42,005 Epoch[4] Batch [6300]	Speed: 4.62 samples/sec	Train-ROIPoolPenalty=2547.565273,	RCNNAcc=0.886702,	
2018-12-06 09:56:08,464 Epoch[4] Batch [6400]	Speed: 4.63 samples/sec	Train-ROIPoolPenalty=2547.494829,	RCNNAcc=0.886761,	
2018-12-06 09:57:34,433 Epoch[4] Batch [6500]	Speed: 4.65 samples/sec	Train-ROIPoolPenalty=2547.334734,	RCNNAcc=0.886720,	
2018-12-06 09:58:59,984 Epoch[4] Batch [6600]	Speed: 4.68 samples/sec	Train-ROIPoolPenalty=2547.051500,	RCNNAcc=0.886583,	
2018-12-06 10:00:26,600 Epoch[4] Batch [6700]	Speed: 4.62 samples/sec	Train-ROIPoolPenalty=2546.725682,	RCNNAcc=0.886452,	
2018-12-06 10:01:52,875 Epoch[4] Batch [6800]	Speed: 4.64 samples/sec	Train-ROIPoolPenalty=2546.606662,	RCNNAcc=0.886337,	
2018-12-06 10:02:52,511 Update[39971]: Change learning rate to 5.00000e-05
2018-12-06 10:03:18,970 Epoch[4] Batch [6900]	Speed: 4.65 samples/sec	Train-ROIPoolPenalty=2545.804864,	RCNNAcc=0.886297,	
2018-12-06 10:04:45,247 Epoch[4] Batch [7000]	Speed: 4.64 samples/sec	Train-ROIPoolPenalty=2545.899905,	RCNNAcc=0.886387,	
2018-12-06 10:06:11,517 Epoch[4] Batch [7100]	Speed: 4.64 samples/sec	Train-ROIPoolPenalty=2546.498341,	RCNNAcc=0.886414,	
2018-12-06 10:07:38,257 Epoch[4] Batch [7200]	Speed: 4.61 samples/sec	Train-ROIPoolPenalty=2547.405890,	RCNNAcc=0.886465,	
2018-12-06 10:09:04,429 Epoch[4] Batch [7300]	Speed: 4.64 samples/sec	Train-ROIPoolPenalty=2548.360133,	RCNNAcc=0.886483,	
2018-12-06 10:10:30,269 Epoch[4] Batch [7400]	Speed: 4.66 samples/sec	Train-ROIPoolPenalty=2549.847538,	RCNNAcc=0.886610,	
2018-12-06 10:11:56,641 Epoch[4] Batch [7500]	Speed: 4.63 samples/sec	Train-ROIPoolPenalty=2551.055633,	RCNNAcc=0.886841,	
2018-12-06 10:13:22,657 Epoch[4] Batch [7600]	Speed: 4.65 samples/sec	Train-ROIPoolPenalty=2552.868093,	RCNNAcc=0.887034,	
2018-12-06 10:14:48,640 Epoch[4] Batch [7700]	Speed: 4.65 samples/sec	Train-ROIPoolPenalty=2554.483198,	RCNNAcc=0.887200,	
2018-12-06 10:16:14,763 Epoch[4] Batch [7800]	Speed: 4.64 samples/sec	Train-ROIPoolPenalty=2555.714448,	RCNNAcc=0.887208,	
2018-12-06 10:17:40,623 Epoch[4] Batch [7900]	Speed: 4.66 samples/sec	Train-ROIPoolPenalty=2557.525847,	RCNNAcc=0.887497,	
2018-12-06 10:19:07,386 Epoch[4] Batch [8000]	Speed: 4.61 samples/sec	Train-ROIPoolPenalty=2559.284676,	RCNNAcc=0.887669,	
2018-12-06 10:20:33,764 Epoch[4] Batch [8100]	Speed: 4.63 samples/sec	Train-ROIPoolPenalty=2560.894062,	RCNNAcc=0.887822,	
2018-12-06 10:22:00,302 Epoch[4] Batch [8200]	Speed: 4.62 samples/sec	Train-ROIPoolPenalty=2562.640215,	RCNNAcc=0.887941,	
2018-12-06 10:23:04,467 Epoch[4] Train-ROIPoolPenalty=2564.032871
2018-12-06 10:23:04,468 Epoch[4] Train-RCNNAcc=0.888017
2018-12-06 10:23:04,468 Epoch[4] Time cost=7139.958
2018-12-06 10:23:05,525 Saved checkpoint to "output/r_0.05-2.yaml/2007_trainval_2012_trainval/first-0005.params"
2018-12-06 10:23:08,311 Saved optimizer state to "output/r_0.05-2.yaml/2007_trainval_2012_trainval/first-0005.states"
2018-12-06 10:23:08,934 Saved checkpoint to "output/r_0.05-2.yaml/2007_trainval_2012_trainval/first-0005.params"
2018-12-06 10:24:35,923 Epoch[5] Batch [100]	Speed: 4.65 samples/sec	Train-ROIPoolPenalty=2743.889067,	RCNNAcc=0.915029,	
2018-12-06 10:26:02,234 Epoch[5] Batch [200]	Speed: 4.63 samples/sec	Train-ROIPoolPenalty=2730.993224,	RCNNAcc=0.908388,	
2018-12-06 10:27:28,083 Epoch[5] Batch [300]	Speed: 4.66 samples/sec	Train-ROIPoolPenalty=2744.251815,	RCNNAcc=0.907541,	
2018-12-06 10:28:54,086 Epoch[5] Batch [400]	Speed: 4.65 samples/sec	Train-ROIPoolPenalty=2748.656777,	RCNNAcc=0.906703,	
2018-12-06 10:30:19,451 Epoch[5] Batch [500]	Speed: 4.69 samples/sec	Train-ROIPoolPenalty=2756.350163,	RCNNAcc=0.907408,	
2018-12-06 10:31:46,211 Epoch[5] Batch [600]	Speed: 4.61 samples/sec	Train-ROIPoolPenalty=2758.402251,	RCNNAcc=0.907209,	
2018-12-06 10:33:12,059 Epoch[5] Batch [700]	Speed: 4.66 samples/sec	Train-ROIPoolPenalty=2762.858725,	RCNNAcc=0.907211,	
2018-12-06 10:34:38,659 Epoch[5] Batch [800]	Speed: 4.62 samples/sec	Train-ROIPoolPenalty=2766.319496,	RCNNAcc=0.907001,	
2018-12-06 10:36:04,847 Epoch[5] Batch [900]	Speed: 4.64 samples/sec	Train-ROIPoolPenalty=2767.491561,	RCNNAcc=0.907546,	
2018-12-06 10:37:30,959 Epoch[5] Batch [1000]	Speed: 4.65 samples/sec	Train-ROIPoolPenalty=2768.027626,	RCNNAcc=0.907040,	
2018-12-06 10:38:57,610 Epoch[5] Batch [1100]	Speed: 4.62 samples/sec	Train-ROIPoolPenalty=2771.924238,	RCNNAcc=0.906855,	
2018-12-06 10:40:23,666 Epoch[5] Batch [1200]	Speed: 4.65 samples/sec	Train-ROIPoolPenalty=2774.537573,	RCNNAcc=0.906835,	
2018-12-06 10:41:50,217 Epoch[5] Batch [1300]	Speed: 4.62 samples/sec	Train-ROIPoolPenalty=2778.157351,	RCNNAcc=0.907050,	
2018-12-06 10:43:16,668 Epoch[5] Batch [1400]	Speed: 4.63 samples/sec	Train-ROIPoolPenalty=2780.892902,	RCNNAcc=0.906837,	
2018-12-06 10:44:43,276 Epoch[5] Batch [1500]	Speed: 4.62 samples/sec	Train-ROIPoolPenalty=2783.530412,	RCNNAcc=0.907329,	
2018-12-06 10:46:09,795 Epoch[5] Batch [1600]	Speed: 4.62 samples/sec	Train-ROIPoolPenalty=2786.242853,	RCNNAcc=0.907709,	
2018-12-06 10:47:35,660 Epoch[5] Batch [1700]	Speed: 4.66 samples/sec	Train-ROIPoolPenalty=2788.428829,	RCNNAcc=0.907644,	
2018-12-06 10:49:02,439 Epoch[5] Batch [1800]	Speed: 4.61 samples/sec	Train-ROIPoolPenalty=2790.745274,	RCNNAcc=0.907491,	
2018-12-06 10:50:28,113 Epoch[5] Batch [1900]	Speed: 4.67 samples/sec	Train-ROIPoolPenalty=2793.384551,	RCNNAcc=0.907626,	
2018-12-06 10:51:54,402 Epoch[5] Batch [2000]	Speed: 4.64 samples/sec	Train-ROIPoolPenalty=2795.171672,	RCNNAcc=0.907627,	
2018-12-06 10:53:21,065 Epoch[5] Batch [2100]	Speed: 4.62 samples/sec	Train-ROIPoolPenalty=2795.938330,	RCNNAcc=0.908127,	
2018-12-06 10:54:46,764 Epoch[5] Batch [2200]	Speed: 4.67 samples/sec	Train-ROIPoolPenalty=2797.607413,	RCNNAcc=0.908136,	
2018-12-06 10:56:13,559 Epoch[5] Batch [2300]	Speed: 4.61 samples/sec	Train-ROIPoolPenalty=2798.567534,	RCNNAcc=0.908208,	
2018-12-06 10:57:39,879 Epoch[5] Batch [2400]	Speed: 4.63 samples/sec	Train-ROIPoolPenalty=2799.397304,	RCNNAcc=0.908583,	
2018-12-06 10:59:06,222 Epoch[5] Batch [2500]	Speed: 4.63 samples/sec	Train-ROIPoolPenalty=2800.720005,	RCNNAcc=0.908719,	
2018-12-06 11:00:32,962 Epoch[5] Batch [2600]	Speed: 4.61 samples/sec	Train-ROIPoolPenalty=2801.154246,	RCNNAcc=0.908808,	
2018-12-06 11:01:59,149 Epoch[5] Batch [2700]	Speed: 4.64 samples/sec	Train-ROIPoolPenalty=2802.166787,	RCNNAcc=0.909087,	
2018-12-06 11:03:25,559 Epoch[5] Batch [2800]	Speed: 4.63 samples/sec	Train-ROIPoolPenalty=2802.636095,	RCNNAcc=0.909229,	
2018-12-06 11:04:52,108 Epoch[5] Batch [2900]	Speed: 4.62 samples/sec	Train-ROIPoolPenalty=2803.453383,	RCNNAcc=0.909306,	
2018-12-06 11:06:18,819 Epoch[5] Batch [3000]	Speed: 4.61 samples/sec	Train-ROIPoolPenalty=2804.610910,	RCNNAcc=0.909296,	
2018-12-06 11:07:45,345 Epoch[5] Batch [3100]	Speed: 4.62 samples/sec	Train-ROIPoolPenalty=2806.442988,	RCNNAcc=0.909439,	
2018-12-06 11:09:11,774 Epoch[5] Batch [3200]	Speed: 4.63 samples/sec	Train-ROIPoolPenalty=2807.973362,	RCNNAcc=0.909702,	
2018-12-06 11:10:37,825 Epoch[5] Batch [3300]	Speed: 4.65 samples/sec	Train-ROIPoolPenalty=2809.686745,	RCNNAcc=0.909961,	
2018-12-06 11:12:03,557 Epoch[5] Batch [3400]	Speed: 4.67 samples/sec	Train-ROIPoolPenalty=2810.606519,	RCNNAcc=0.910044,	
2018-12-06 11:13:30,046 Epoch[5] Batch [3500]	Speed: 4.62 samples/sec	Train-ROIPoolPenalty=2811.691939,	RCNNAcc=0.910150,	
2018-12-06 11:14:57,090 Epoch[5] Batch [3600]	Speed: 4.60 samples/sec	Train-ROIPoolPenalty=2812.364838,	RCNNAcc=0.910259,	
2018-12-06 11:16:23,476 Epoch[5] Batch [3700]	Speed: 4.63 samples/sec	Train-ROIPoolPenalty=2813.713450,	RCNNAcc=0.910428,	
2018-12-06 11:17:49,222 Epoch[5] Batch [3800]	Speed: 4.66 samples/sec	Train-ROIPoolPenalty=2814.681401,	RCNNAcc=0.910624,	
2018-12-06 11:19:15,306 Epoch[5] Batch [3900]	Speed: 4.65 samples/sec	Train-ROIPoolPenalty=2815.764858,	RCNNAcc=0.910740,	
2018-12-06 11:20:41,381 Epoch[5] Batch [4000]	Speed: 4.65 samples/sec	Train-ROIPoolPenalty=2816.784611,	RCNNAcc=0.910798,	
2018-12-06 11:22:07,659 Epoch[5] Batch [4100]	Speed: 4.64 samples/sec	Train-ROIPoolPenalty=2817.719788,	RCNNAcc=0.910848,	
2018-12-06 11:23:33,612 Epoch[5] Batch [4200]	Speed: 4.65 samples/sec	Train-ROIPoolPenalty=2818.378982,	RCNNAcc=0.910968,	
2018-12-06 11:24:59,446 Epoch[5] Batch [4300]	Speed: 4.66 samples/sec	Train-ROIPoolPenalty=2818.746770,	RCNNAcc=0.910894,	
2018-12-06 11:26:25,677 Epoch[5] Batch [4400]	Speed: 4.64 samples/sec	Train-ROIPoolPenalty=2819.887965,	RCNNAcc=0.910946,	
2018-12-06 11:27:51,206 Epoch[5] Batch [4500]	Speed: 4.68 samples/sec	Train-ROIPoolPenalty=2821.240507,	RCNNAcc=0.911046,	
2018-12-06 11:29:17,522 Epoch[5] Batch [4600]	Speed: 4.63 samples/sec	Train-ROIPoolPenalty=2821.699626,	RCNNAcc=0.911084,	
2018-12-06 11:30:43,627 Epoch[5] Batch [4700]	Speed: 4.65 samples/sec	Train-ROIPoolPenalty=2822.765517,	RCNNAcc=0.911241,	
2018-12-06 11:32:10,164 Epoch[5] Batch [4800]	Speed: 4.62 samples/sec	Train-ROIPoolPenalty=2823.706816,	RCNNAcc=0.911092,	
2018-12-06 11:33:36,564 Epoch[5] Batch [4900]	Speed: 4.63 samples/sec	Train-ROIPoolPenalty=2824.947124,	RCNNAcc=0.911178,	
2018-12-06 11:35:02,549 Epoch[5] Batch [5000]	Speed: 4.65 samples/sec	Train-ROIPoolPenalty=2825.770057,	RCNNAcc=0.911246,	
2018-12-06 11:36:28,990 Epoch[5] Batch [5100]	Speed: 4.63 samples/sec	Train-ROIPoolPenalty=2827.043517,	RCNNAcc=0.911417,	
2018-12-06 11:37:55,004 Epoch[5] Batch [5200]	Speed: 4.65 samples/sec	Train-ROIPoolPenalty=2827.390565,	RCNNAcc=0.911286,	
2018-12-06 11:39:21,287 Epoch[5] Batch [5300]	Speed: 4.64 samples/sec	Train-ROIPoolPenalty=2827.689587,	RCNNAcc=0.911192,	
2018-12-06 11:40:47,836 Epoch[5] Batch [5400]	Speed: 4.62 samples/sec	Train-ROIPoolPenalty=2828.362652,	RCNNAcc=0.911285,	
2018-12-06 11:42:14,038 Epoch[5] Batch [5500]	Speed: 4.64 samples/sec	Train-ROIPoolPenalty=2828.818903,	RCNNAcc=0.911319,	
2018-12-06 11:43:40,746 Epoch[5] Batch [5600]	Speed: 4.61 samples/sec	Train-ROIPoolPenalty=2829.665354,	RCNNAcc=0.911419,	
2018-12-06 11:45:06,524 Epoch[5] Batch [5700]	Speed: 4.66 samples/sec	Train-ROIPoolPenalty=2830.553293,	RCNNAcc=0.911499,	
2018-12-06 11:46:33,113 Epoch[5] Batch [5800]	Speed: 4.62 samples/sec	Train-ROIPoolPenalty=2831.375075,	RCNNAcc=0.911539,	
2018-12-06 11:47:59,408 Epoch[5] Batch [5900]	Speed: 4.64 samples/sec	Train-ROIPoolPenalty=2832.667913,	RCNNAcc=0.911630,	
2018-12-06 11:49:25,884 Epoch[5] Batch [6000]	Speed: 4.63 samples/sec	Train-ROIPoolPenalty=2833.316754,	RCNNAcc=0.911549,	
2018-12-06 11:50:52,444 Epoch[5] Batch [6100]	Speed: 4.62 samples/sec	Train-ROIPoolPenalty=2833.775314,	RCNNAcc=0.911537,	
2018-12-06 11:52:18,285 Epoch[5] Batch [6200]	Speed: 4.66 samples/sec	Train-ROIPoolPenalty=2834.318986,	RCNNAcc=0.911681,	
2018-12-06 11:53:44,148 Epoch[5] Batch [6300]	Speed: 4.66 samples/sec	Train-ROIPoolPenalty=2834.997801,	RCNNAcc=0.911703,	
2018-12-06 11:55:10,385 Epoch[5] Batch [6400]	Speed: 4.64 samples/sec	Train-ROIPoolPenalty=2835.621553,	RCNNAcc=0.911771,	
2018-12-06 11:56:37,253 Epoch[5] Batch [6500]	Speed: 4.60 samples/sec	Train-ROIPoolPenalty=2836.351639,	RCNNAcc=0.911888,	
2018-12-06 11:58:03,901 Epoch[5] Batch [6600]	Speed: 4.62 samples/sec	Train-ROIPoolPenalty=2836.974263,	RCNNAcc=0.911891,	
2018-12-06 11:59:29,579 Epoch[5] Batch [6700]	Speed: 4.67 samples/sec	Train-ROIPoolPenalty=2837.742292,	RCNNAcc=0.911900,	
2018-12-06 12:00:55,278 Epoch[5] Batch [6800]	Speed: 4.67 samples/sec	Train-ROIPoolPenalty=2838.581219,	RCNNAcc=0.911900,	
2018-12-06 12:02:21,711 Epoch[5] Batch [6900]	Speed: 4.63 samples/sec	Train-ROIPoolPenalty=2839.622654,	RCNNAcc=0.912014,	
2018-12-06 12:03:48,663 Epoch[5] Batch [7000]	Speed: 4.60 samples/sec	Train-ROIPoolPenalty=2840.257165,	RCNNAcc=0.912086,	
2018-12-06 12:05:14,274 Epoch[5] Batch [7100]	Speed: 4.67 samples/sec	Train-ROIPoolPenalty=2840.876421,	RCNNAcc=0.912110,	
2018-12-06 12:06:40,912 Epoch[5] Batch [7200]	Speed: 4.62 samples/sec	Train-ROIPoolPenalty=2841.612836,	RCNNAcc=0.912241,	
2018-12-06 12:08:07,874 Epoch[5] Batch [7300]	Speed: 4.60 samples/sec	Train-ROIPoolPenalty=2842.060528,	RCNNAcc=0.912140,	
2018-12-06 12:09:34,130 Epoch[5] Batch [7400]	Speed: 4.64 samples/sec	Train-ROIPoolPenalty=2842.838299,	RCNNAcc=0.912247,	
2018-12-06 12:11:00,355 Epoch[5] Batch [7500]	Speed: 4.64 samples/sec	Train-ROIPoolPenalty=2843.976667,	RCNNAcc=0.912271,	
2018-12-06 12:12:27,260 Epoch[5] Batch [7600]	Speed: 4.60 samples/sec	Train-ROIPoolPenalty=2844.695739,	RCNNAcc=0.912205,	
2018-12-06 12:13:53,292 Epoch[5] Batch [7700]	Speed: 4.65 samples/sec	Train-ROIPoolPenalty=2845.660289,	RCNNAcc=0.912335,	
2018-12-06 12:15:20,017 Epoch[5] Batch [7800]	Speed: 4.61 samples/sec	Train-ROIPoolPenalty=2846.358174,	RCNNAcc=0.912364,	
2018-12-06 12:16:45,865 Epoch[5] Batch [7900]	Speed: 4.66 samples/sec	Train-ROIPoolPenalty=2847.023612,	RCNNAcc=0.912443,	
2018-12-06 12:18:11,999 Epoch[5] Batch [8000]	Speed: 4.64 samples/sec	Train-ROIPoolPenalty=2847.590864,	RCNNAcc=0.912479,	
2018-12-06 12:19:37,791 Epoch[5] Batch [8100]	Speed: 4.66 samples/sec	Train-ROIPoolPenalty=2847.995281,	RCNNAcc=0.912488,	
2018-12-06 12:21:04,639 Epoch[5] Batch [8200]	Speed: 4.61 samples/sec	Train-ROIPoolPenalty=2848.434254,	RCNNAcc=0.912484,	
2018-12-06 12:22:08,771 Epoch[5] Train-ROIPoolPenalty=2848.931671
2018-12-06 12:22:08,772 Epoch[5] Train-RCNNAcc=0.912491
2018-12-06 12:22:08,772 Epoch[5] Time cost=7139.792
2018-12-06 12:22:09,898 Saved checkpoint to "output/r_0.05-2.yaml/2007_trainval_2012_trainval/first-0006.params"
2018-12-06 12:22:13,192 Saved optimizer state to "output/r_0.05-2.yaml/2007_trainval_2012_trainval/first-0006.states"
2018-12-06 12:22:13,978 Saved checkpoint to "output/r_0.05-2.yaml/2007_trainval_2012_trainval/first-0006.params"
2018-12-06 12:23:41,212 Epoch[6] Batch [100]	Speed: 4.63 samples/sec	Train-ROIPoolPenalty=2929.177637,	RCNNAcc=0.917311,	
2018-12-06 12:25:07,736 Epoch[6] Batch [200]	Speed: 4.62 samples/sec	Train-ROIPoolPenalty=2926.690240,	RCNNAcc=0.914956,	
2018-12-06 12:26:34,196 Epoch[6] Batch [300]	Speed: 4.63 samples/sec	Train-ROIPoolPenalty=2936.170594,	RCNNAcc=0.917294,	
2018-12-06 12:28:00,376 Epoch[6] Batch [400]	Speed: 4.64 samples/sec	Train-ROIPoolPenalty=2930.937296,	RCNNAcc=0.917574,	
2018-12-06 12:29:26,712 Epoch[6] Batch [500]	Speed: 4.63 samples/sec	Train-ROIPoolPenalty=2926.485261,	RCNNAcc=0.915618,	
2018-12-06 12:30:53,171 Epoch[6] Batch [600]	Speed: 4.63 samples/sec	Train-ROIPoolPenalty=2925.896188,	RCNNAcc=0.916263,	
2018-12-06 12:32:19,657 Epoch[6] Batch [700]	Speed: 4.63 samples/sec	Train-ROIPoolPenalty=2929.022684,	RCNNAcc=0.916776,	
2018-12-06 12:33:45,634 Epoch[6] Batch [800]	Speed: 4.65 samples/sec	Train-ROIPoolPenalty=2929.656318,	RCNNAcc=0.916396,	
2018-12-06 12:35:12,423 Epoch[6] Batch [900]	Speed: 4.61 samples/sec	Train-ROIPoolPenalty=2932.463839,	RCNNAcc=0.916659,	
2018-12-06 12:36:38,767 Epoch[6] Batch [1000]	Speed: 4.63 samples/sec	Train-ROIPoolPenalty=2932.770243,	RCNNAcc=0.917403,	
2018-12-06 12:38:04,910 Epoch[6] Batch [1100]	Speed: 4.64 samples/sec	Train-ROIPoolPenalty=2933.576914,	RCNNAcc=0.917907,	
2018-12-06 12:39:31,217 Epoch[6] Batch [1200]	Speed: 4.63 samples/sec	Train-ROIPoolPenalty=2935.733833,	RCNNAcc=0.918683,	
2018-12-06 12:40:58,207 Epoch[6] Batch [1300]	Speed: 4.60 samples/sec	Train-ROIPoolPenalty=2936.858394,	RCNNAcc=0.918698,	
2018-12-06 12:42:24,127 Epoch[6] Batch [1400]	Speed: 4.66 samples/sec	Train-ROIPoolPenalty=2937.037846,	RCNNAcc=0.918395,	
2018-12-06 12:43:50,369 Epoch[6] Batch [1500]	Speed: 4.64 samples/sec	Train-ROIPoolPenalty=2938.521445,	RCNNAcc=0.918048,	
2018-12-06 12:45:16,653 Epoch[6] Batch [1600]	Speed: 4.64 samples/sec	Train-ROIPoolPenalty=2939.204440,	RCNNAcc=0.918132,	
2018-12-06 12:46:42,568 Epoch[6] Batch [1700]	Speed: 4.66 samples/sec	Train-ROIPoolPenalty=2939.828566,	RCNNAcc=0.918282,	
2018-12-06 12:48:09,060 Epoch[6] Batch [1800]	Speed: 4.62 samples/sec	Train-ROIPoolPenalty=2941.729871,	RCNNAcc=0.918605,	
2018-12-06 12:49:35,389 Epoch[6] Batch [1900]	Speed: 4.63 samples/sec	Train-ROIPoolPenalty=2943.976979,	RCNNAcc=0.919104,	
2018-12-06 12:51:01,847 Epoch[6] Batch [2000]	Speed: 4.63 samples/sec	Train-ROIPoolPenalty=2944.455514,	RCNNAcc=0.918915,	
2018-12-06 12:52:28,696 Epoch[6] Batch [2100]	Speed: 4.61 samples/sec	Train-ROIPoolPenalty=2945.469351,	RCNNAcc=0.919065,	
2018-12-06 12:53:55,065 Epoch[6] Batch [2200]	Speed: 4.63 samples/sec	Train-ROIPoolPenalty=2945.889276,	RCNNAcc=0.919032,	
2018-12-06 12:55:21,585 Epoch[6] Batch [2300]	Speed: 4.62 samples/sec	Train-ROIPoolPenalty=2945.951902,	RCNNAcc=0.918985,	
2018-12-06 12:56:47,683 Epoch[6] Batch [2400]	Speed: 4.65 samples/sec	Train-ROIPoolPenalty=2946.038722,	RCNNAcc=0.918694,	
2018-12-06 12:58:14,080 Epoch[6] Batch [2500]	Speed: 4.63 samples/sec	Train-ROIPoolPenalty=2945.528726,	RCNNAcc=0.918986,	
2018-12-06 12:59:40,306 Epoch[6] Batch [2600]	Speed: 4.64 samples/sec	Train-ROIPoolPenalty=2946.331778,	RCNNAcc=0.919338,	
2018-12-06 13:01:06,134 Epoch[6] Batch [2700]	Speed: 4.66 samples/sec	Train-ROIPoolPenalty=2946.316894,	RCNNAcc=0.919134,	
2018-12-06 13:02:31,969 Epoch[6] Batch [2800]	Speed: 4.66 samples/sec	Train-ROIPoolPenalty=2946.194449,	RCNNAcc=0.919084,	
2018-12-06 13:03:58,682 Epoch[6] Batch [2900]	Speed: 4.61 samples/sec	Train-ROIPoolPenalty=2945.853588,	RCNNAcc=0.919173,	
2018-12-06 13:05:24,868 Epoch[6] Batch [3000]	Speed: 4.64 samples/sec	Train-ROIPoolPenalty=2946.630931,	RCNNAcc=0.919205,	
2018-12-06 13:06:51,487 Epoch[6] Batch [3100]	Speed: 4.62 samples/sec	Train-ROIPoolPenalty=2947.282698,	RCNNAcc=0.919326,	
2018-12-06 13:08:17,664 Epoch[6] Batch [3200]	Speed: 4.64 samples/sec	Train-ROIPoolPenalty=2947.338609,	RCNNAcc=0.919163,	
2018-12-06 13:09:44,365 Epoch[6] Batch [3300]	Speed: 4.61 samples/sec	Train-ROIPoolPenalty=2948.816209,	RCNNAcc=0.919425,	
2018-12-06 13:11:11,079 Epoch[6] Batch [3400]	Speed: 4.61 samples/sec	Train-ROIPoolPenalty=2949.616417,	RCNNAcc=0.919655,	
2018-12-06 13:12:37,219 Epoch[6] Batch [3500]	Speed: 4.64 samples/sec	Train-ROIPoolPenalty=2950.275121,	RCNNAcc=0.919745,	
2018-12-06 13:14:03,322 Epoch[6] Batch [3600]	Speed: 4.65 samples/sec	Train-ROIPoolPenalty=2950.377325,	RCNNAcc=0.919756,	
2018-12-06 13:15:29,005 Epoch[6] Batch [3700]	Speed: 4.67 samples/sec	Train-ROIPoolPenalty=2950.710205,	RCNNAcc=0.919701,	
2018-12-06 13:16:54,511 Epoch[6] Batch [3800]	Speed: 4.68 samples/sec	Train-ROIPoolPenalty=2950.853669,	RCNNAcc=0.919566,	
2018-12-06 13:18:20,872 Epoch[6] Batch [3900]	Speed: 4.63 samples/sec	Train-ROIPoolPenalty=2951.081882,	RCNNAcc=0.919660,	
2018-12-06 13:19:47,190 Epoch[6] Batch [4000]	Speed: 4.63 samples/sec	Train-ROIPoolPenalty=2951.876550,	RCNNAcc=0.919705,	
2018-12-06 13:21:12,645 Epoch[6] Batch [4100]	Speed: 4.68 samples/sec	Train-ROIPoolPenalty=2952.782041,	RCNNAcc=0.919726,	
2018-12-06 13:22:38,901 Epoch[6] Batch [4200]	Speed: 4.64 samples/sec	Train-ROIPoolPenalty=2953.327233,	RCNNAcc=0.919796,	
2018-12-06 13:24:05,698 Epoch[6] Batch [4300]	Speed: 4.61 samples/sec	Train-ROIPoolPenalty=2953.106845,	RCNNAcc=0.919717,	
2018-12-06 13:25:31,696 Epoch[6] Batch [4400]	Speed: 4.65 samples/sec	Train-ROIPoolPenalty=2952.900263,	RCNNAcc=0.919759,	
2018-12-06 13:26:57,431 Epoch[6] Batch [4500]	Speed: 4.67 samples/sec	Train-ROIPoolPenalty=2953.111633,	RCNNAcc=0.919658,	
2018-12-06 13:28:23,924 Epoch[6] Batch [4600]	Speed: 4.62 samples/sec	Train-ROIPoolPenalty=2953.084250,	RCNNAcc=0.919607,	
2018-12-06 13:29:50,020 Epoch[6] Batch [4700]	Speed: 4.65 samples/sec	Train-ROIPoolPenalty=2953.955689,	RCNNAcc=0.919629,	
2018-12-06 13:31:16,819 Epoch[6] Batch [4800]	Speed: 4.61 samples/sec	Train-ROIPoolPenalty=2954.184520,	RCNNAcc=0.919487,	
2018-12-06 13:32:43,730 Epoch[6] Batch [4900]	Speed: 4.60 samples/sec	Train-ROIPoolPenalty=2954.283858,	RCNNAcc=0.919556,	
2018-12-06 13:34:09,456 Epoch[6] Batch [5000]	Speed: 4.67 samples/sec	Train-ROIPoolPenalty=2954.383787,	RCNNAcc=0.919649,	
2018-12-06 13:35:36,106 Epoch[6] Batch [5100]	Speed: 4.62 samples/sec	Train-ROIPoolPenalty=2954.686220,	RCNNAcc=0.919683,	
2018-12-06 13:37:02,105 Epoch[6] Batch [5200]	Speed: 4.65 samples/sec	Train-ROIPoolPenalty=2954.846806,	RCNNAcc=0.919540,	
2018-12-06 13:38:28,189 Epoch[6] Batch [5300]	Speed: 4.65 samples/sec	Train-ROIPoolPenalty=2954.551578,	RCNNAcc=0.919488,	
2018-12-06 13:39:54,000 Epoch[6] Batch [5400]	Speed: 4.66 samples/sec	Train-ROIPoolPenalty=2954.780299,	RCNNAcc=0.919491,	
2018-12-06 13:41:20,697 Epoch[6] Batch [5500]	Speed: 4.61 samples/sec	Train-ROIPoolPenalty=2954.918069,	RCNNAcc=0.919576,	
2018-12-06 13:42:46,822 Epoch[6] Batch [5600]	Speed: 4.64 samples/sec	Train-ROIPoolPenalty=2955.183249,	RCNNAcc=0.919533,	
2018-12-06 13:44:13,032 Epoch[6] Batch [5700]	Speed: 4.64 samples/sec	Train-ROIPoolPenalty=2955.306210,	RCNNAcc=0.919572,	
2018-12-06 13:45:39,241 Epoch[6] Batch [5800]	Speed: 4.64 samples/sec	Train-ROIPoolPenalty=2955.662294,	RCNNAcc=0.919652,	
2018-12-06 13:47:05,618 Epoch[6] Batch [5900]	Speed: 4.63 samples/sec	Train-ROIPoolPenalty=2955.888428,	RCNNAcc=0.919717,	
2018-12-06 13:48:31,365 Epoch[6] Batch [6000]	Speed: 4.66 samples/sec	Train-ROIPoolPenalty=2956.290236,	RCNNAcc=0.919797,	
2018-12-06 13:49:57,710 Epoch[6] Batch [6100]	Speed: 4.63 samples/sec	Train-ROIPoolPenalty=2956.471695,	RCNNAcc=0.919782,	
2018-12-06 13:51:24,265 Epoch[6] Batch [6200]	Speed: 4.62 samples/sec	Train-ROIPoolPenalty=2956.554302,	RCNNAcc=0.919766,	
2018-12-06 13:52:50,637 Epoch[6] Batch [6300]	Speed: 4.63 samples/sec	Train-ROIPoolPenalty=2956.644723,	RCNNAcc=0.919804,	
2018-12-06 13:54:16,734 Epoch[6] Batch [6400]	Speed: 4.65 samples/sec	Train-ROIPoolPenalty=2957.029150,	RCNNAcc=0.919847,	
2018-12-06 13:55:42,587 Epoch[6] Batch [6500]	Speed: 4.66 samples/sec	Train-ROIPoolPenalty=2957.240432,	RCNNAcc=0.919809,	
2018-12-06 13:57:09,140 Epoch[6] Batch [6600]	Speed: 4.62 samples/sec	Train-ROIPoolPenalty=2957.526622,	RCNNAcc=0.919818,	
2018-12-06 13:58:35,553 Epoch[6] Batch [6700]	Speed: 4.63 samples/sec	Train-ROIPoolPenalty=2958.270019,	RCNNAcc=0.919815,	
2018-12-06 14:00:02,190 Epoch[6] Batch [6800]	Speed: 4.62 samples/sec	Train-ROIPoolPenalty=2958.433724,	RCNNAcc=0.919783,	
2018-12-06 14:01:28,560 Epoch[6] Batch [6900]	Speed: 4.63 samples/sec	Train-ROIPoolPenalty=2958.908380,	RCNNAcc=0.919741,	
2018-12-06 14:02:54,473 Epoch[6] Batch [7000]	Speed: 4.66 samples/sec	Train-ROIPoolPenalty=2959.261873,	RCNNAcc=0.919827,	
2018-12-06 14:04:20,689 Epoch[6] Batch [7100]	Speed: 4.64 samples/sec	Train-ROIPoolPenalty=2959.337190,	RCNNAcc=0.919764,	
2018-12-06 14:05:46,939 Epoch[6] Batch [7200]	Speed: 4.64 samples/sec	Train-ROIPoolPenalty=2959.225378,	RCNNAcc=0.919670,	
2018-12-06 14:07:13,055 Epoch[6] Batch [7300]	Speed: 4.64 samples/sec	Train-ROIPoolPenalty=2959.229453,	RCNNAcc=0.919718,	
2018-12-06 14:08:39,216 Epoch[6] Batch [7400]	Speed: 4.64 samples/sec	Train-ROIPoolPenalty=2959.691514,	RCNNAcc=0.919767,	
2018-12-06 14:10:05,688 Epoch[6] Batch [7500]	Speed: 4.63 samples/sec	Train-ROIPoolPenalty=2959.689922,	RCNNAcc=0.919688,	
2018-12-06 14:11:32,299 Epoch[6] Batch [7600]	Speed: 4.62 samples/sec	Train-ROIPoolPenalty=2959.930374,	RCNNAcc=0.919782,	
2018-12-06 14:12:58,881 Epoch[6] Batch [7700]	Speed: 4.62 samples/sec	Train-ROIPoolPenalty=2960.205637,	RCNNAcc=0.919826,	
2018-12-06 14:14:25,003 Epoch[6] Batch [7800]	Speed: 4.64 samples/sec	Train-ROIPoolPenalty=2960.551905,	RCNNAcc=0.919873,	
2018-12-06 14:15:52,025 Epoch[6] Batch [7900]	Speed: 4.60 samples/sec	Train-ROIPoolPenalty=2960.799611,	RCNNAcc=0.919895,	
2018-12-06 14:17:18,755 Epoch[6] Batch [8000]	Speed: 4.61 samples/sec	Train-ROIPoolPenalty=2960.828950,	RCNNAcc=0.919857,	
2018-12-06 14:18:45,058 Epoch[6] Batch [8100]	Speed: 4.63 samples/sec	Train-ROIPoolPenalty=2960.613426,	RCNNAcc=0.919878,	
2018-12-06 14:20:11,644 Epoch[6] Batch [8200]	Speed: 4.62 samples/sec	Train-ROIPoolPenalty=2960.688278,	RCNNAcc=0.919791,	
2018-12-06 14:21:15,288 Epoch[6] Train-ROIPoolPenalty=2961.065234
2018-12-06 14:21:15,288 Epoch[6] Train-RCNNAcc=0.919824
2018-12-06 14:21:15,288 Epoch[6] Time cost=7141.270
2018-12-06 14:21:16,239 Saved checkpoint to "output/r_0.05-2.yaml/2007_trainval_2012_trainval/first-0007.params"
2018-12-06 14:21:19,935 Saved optimizer state to "output/r_0.05-2.yaml/2007_trainval_2012_trainval/first-0007.states"
2018-12-06 14:21:20,512 Saved checkpoint to "output/r_0.05-2.yaml/2007_trainval_2012_trainval/first-0007.params"
2018-12-06 14:21:20,562 testing cfg:{'CLASS_AGNOSTIC': True,
 'MXNET_VERSION': 'mxnet',
 'SCALES': [(600, 1000)],
 'TEST': {'BATCH_IMAGES': 1,
          'CXX_PROPOSAL': False,
          'HAS_RPN': True,
          'NMS': 0.3,
          'PROPOSAL_MIN_SIZE': 0,
          'PROPOSAL_NMS_THRESH': 0.7,
          'PROPOSAL_POST_NMS_TOP_N': 2000,
          'PROPOSAL_PRE_NMS_TOP_N': 20000,
          'RPN_MIN_SIZE': 0,
          'RPN_NMS_THRESH': 0.7,
          'RPN_POST_NMS_TOP_N': 300,
          'RPN_PRE_NMS_TOP_N': 6000,
          'max_per_image': 300,
          'test_epoch': 7},
 'TRAIN': {'ALTERNATE': {'RCNN_BATCH_IMAGES': 0,
                         'RPN_BATCH_IMAGES': 0,
                         'rfcn1_epoch': 0,
                         'rfcn1_lr': 0,
                         'rfcn1_lr_step': '',
                         'rfcn2_epoch': 0,
                         'rfcn2_lr': 0,
                         'rfcn2_lr_step': '',
                         'rpn1_epoch': 0,
                         'rpn1_lr': 0,
                         'rpn1_lr_step': '',
                         'rpn2_epoch': 0,
                         'rpn2_lr': 0,
                         'rpn2_lr_step': '',
                         'rpn3_epoch': 0,
                         'rpn3_lr': 0,
                         'rpn3_lr_step': ''},
           'ASPECT_GROUPING': True,
           'BATCH_IMAGES': 1,
           'BATCH_ROIS': -1,
           'BATCH_ROIS_OHEM': 128,
           'BBOX_MEANS': [0.0, 0.0, 0.0, 0.0],
           'BBOX_NORMALIZATION_PRECOMPUTED': True,
           'BBOX_REGRESSION_THRESH': 0.5,
           'BBOX_STDS': [0.1, 0.1, 0.2, 0.2],
           'BBOX_WEIGHTS': array([1., 1., 1., 1.]),
           'BG_THRESH_HI': 0.5,
           'BG_THRESH_LO': 0.0,
           'CXX_PROPOSAL': False,
           'ENABLE_OHEM': True,
           'END2END': True,
           'FG_FRACTION': 0.25,
           'FG_THRESH': 0.5,
           'FLIP': True,
           'RESUME': False,
           'RPN_BATCH_SIZE': 256,
           'RPN_BBOX_WEIGHTS': [1.0, 1.0, 1.0, 1.0],
           'RPN_CLOBBER_POSITIVES': False,
           'RPN_FG_FRACTION': 0.5,
           'RPN_MIN_SIZE': 0,
           'RPN_NEGATIVE_OVERLAP': 0.3,
           'RPN_NMS_THRESH': 0.7,
           'RPN_POSITIVE_OVERLAP': 0.7,
           'RPN_POSITIVE_WEIGHT': -1.0,
           'RPN_POST_NMS_TOP_N': 300,
           'RPN_PRE_NMS_TOP_N': 6000,
           'SHUFFLE': True,
           'begin_epoch': 0,
           'end_epoch': 7,
           'lr': 0.0005,
           'lr_factor': 0.1,
           'lr_step': '4.83',
           'model_prefix': 'first',
           'momentum': 0.9,
           'warmup': True,
           'warmup_lr': 5e-05,
           'warmup_step': 1000,
           'wd': 0.0005},
 'dataset': {'NUM_CLASSES': 21,
             'dataset': 'PascalVOC',
             'dataset_path': '../dataset/VOCdevkit',
             'image_set': '2007_trainval+2012_trainval',
             'proposal': 'rpn',
             'root_path': './data',
             'test_image_set': '2007_test'},
 'default': {'frequent': 100, 'kvstore': 'device'},
 'gpus': '0,1,2,3',
 'mycfg': {'prefix': 'first', 'smoothness_roipool_weight': 5e-06},
 'network': {'ANCHOR_RATIOS': [0.5, 1, 2],
             'ANCHOR_SCALES': [8, 16, 32],
             'FIXED_PARAMS': ['conv1',
                              'bn_conv1',
                              'res2',
                              'bn2',
                              'gamma',
                              'beta',
                              'smoothness_roipool_kernel',
                              'smoothness_roipool_weight'],
             'FIXED_PARAMS_SHARED': ['conv1',
                                     'bn_conv1',
                                     'res2',
                                     'bn2',
                                     'res3',
                                     'bn3',
                                     'res4',
                                     'bn4',
                                     'gamma',
                                     'beta'],
             'IMAGE_STRIDE': 0,
             'NUM_ANCHORS': 9,
             'PIXEL_MEANS': array([103.06, 115.9 , 123.15]),
             'RCNN_FEAT_STRIDE': 16,
             'RPN_FEAT_STRIDE': 16,
             'pretrained': './model/pretrained_model/resnet_v1_101',
             'pretrained_epoch': 0},
 'output_path': 'output/',
 'symbol': 'resnet_v1_101_rfcn_dcn'}

2018-12-06 14:30:57,206 evaluate detections: 
VOC07 metric? Y
AP for aeroplane = 0.8590
AP for bicycle = 0.8860
AP for bird = 0.7992
AP for boat = 0.7455
AP for bottle = 0.7100
AP for bus = 0.8912
AP for car = 0.8904
AP for cat = 0.8933
AP for chair = 0.6936
AP for cow = 0.8804
AP for diningtable = 0.7491
AP for dog = 0.8976
AP for horse = 0.8836
AP for motorbike = 0.8512
AP for person = 0.8359
AP for pottedplant = 0.5784
AP for sheep = 0.8383
AP for sofa = 0.8307
AP for train = 0.8778
AP for tvmonitor = 0.8278
Mean AP@0.5 = 0.8209

AP for aeroplane = 0.7078
AP for bicycle = 0.7463
AP for bird = 0.6916
AP for boat = 0.5560
AP for bottle = 0.5754
AP for bus = 0.8401
AP for car = 0.7865
AP for cat = 0.7864
AP for chair = 0.4962
AP for cow = 0.7609
AP for diningtable = 0.5801
AP for dog = 0.7778
AP for horse = 0.7841
AP for motorbike = 0.6951
AP for person = 0.6703
AP for pottedplant = 0.3522
AP for sheep = 0.7213
AP for sofa = 0.6932
AP for train = 0.7716
AP for tvmonitor = 0.7392
Mean AP@0.7 = 0.6866
