2018-12-06 20:42:39,282 @@@@smoothness_roipool_weight:5e-06
2018-12-06 20:42:39,282 @@@@prefix:output/r_5-3.yaml/2007_trainval_2012_trainval/first
2018-12-06 20:44:28,171 Epoch[0] Batch [100]	Speed: 4.60 samples/sec	Train-ROIPoolPenalty=0.042967,	RCNNAcc=0.698619,	
2018-12-06 20:45:55,357 Epoch[0] Batch [200]	Speed: 4.59 samples/sec	Train-ROIPoolPenalty=6.949510,	RCNNAcc=0.779161,	
2018-12-06 20:47:22,582 Epoch[0] Batch [300]	Speed: 4.59 samples/sec	Train-ROIPoolPenalty=25.415548,	RCNNAcc=0.811105,	
2018-12-06 20:48:59,893 Epoch[0] Batch [400]	Speed: 4.11 samples/sec	Train-ROIPoolPenalty=61.169949,	RCNNAcc=0.827541,	
2018-12-06 20:50:38,457 Epoch[0] Batch [500]	Speed: 4.06 samples/sec	Train-ROIPoolPenalty=115.390879,	RCNNAcc=0.835797,	
2018-12-06 20:52:16,937 Epoch[0] Batch [600]	Speed: 4.06 samples/sec	Train-ROIPoolPenalty=165.004788,	RCNNAcc=0.838957,	
2018-12-06 20:53:55,581 Epoch[0] Batch [700]	Speed: 4.06 samples/sec	Train-ROIPoolPenalty=220.060125,	RCNNAcc=0.841557,	
2018-12-06 20:55:33,585 Epoch[0] Batch [800]	Speed: 4.08 samples/sec	Train-ROIPoolPenalty=273.946984,	RCNNAcc=0.840853,	
2018-12-06 20:57:07,679 Epoch[0] Batch [900]	Speed: 4.25 samples/sec	Train-ROIPoolPenalty=328.858049,	RCNNAcc=0.841207,	
2018-12-06 20:58:42,883 Epoch[0] Batch [1000]	Speed: 4.20 samples/sec	Train-ROIPoolPenalty=386.304723,	RCNNAcc=0.840751,	
2018-12-06 21:00:20,253 Epoch[0] Batch [1100]	Speed: 4.11 samples/sec	Train-ROIPoolPenalty=411.306188,	RCNNAcc=0.842382,	
2018-12-06 21:01:58,325 Epoch[0] Batch [1200]	Speed: 4.08 samples/sec	Train-ROIPoolPenalty=439.271968,	RCNNAcc=0.841624,	
2018-12-06 21:03:36,107 Epoch[0] Batch [1300]	Speed: 4.09 samples/sec	Train-ROIPoolPenalty=479.268881,	RCNNAcc=0.839686,	
2018-12-06 21:05:13,855 Epoch[0] Batch [1400]	Speed: 4.09 samples/sec	Train-ROIPoolPenalty=522.304449,	RCNNAcc=0.836820,	
2018-12-06 21:06:50,259 Epoch[0] Batch [1500]	Speed: 4.15 samples/sec	Train-ROIPoolPenalty=571.951474,	RCNNAcc=0.834006,	
2018-12-06 21:08:22,702 Epoch[0] Batch [1600]	Speed: 4.33 samples/sec	Train-ROIPoolPenalty=621.469630,	RCNNAcc=0.833030,	
2018-12-06 21:10:00,777 Epoch[0] Batch [1700]	Speed: 4.08 samples/sec	Train-ROIPoolPenalty=666.387950,	RCNNAcc=0.831591,	
2018-12-06 21:11:39,229 Epoch[0] Batch [1800]	Speed: 4.06 samples/sec	Train-ROIPoolPenalty=711.660122,	RCNNAcc=0.830369,	
2018-12-06 21:13:17,593 Epoch[0] Batch [1900]	Speed: 4.07 samples/sec	Train-ROIPoolPenalty=752.823537,	RCNNAcc=0.830590,	
2018-12-06 21:14:56,109 Epoch[0] Batch [2000]	Speed: 4.06 samples/sec	Train-ROIPoolPenalty=791.668375,	RCNNAcc=0.829224,	
2018-12-06 21:16:34,219 Epoch[0] Batch [2100]	Speed: 4.08 samples/sec	Train-ROIPoolPenalty=826.000891,	RCNNAcc=0.828479,	
2018-12-06 21:18:07,926 Epoch[0] Batch [2200]	Speed: 4.27 samples/sec	Train-ROIPoolPenalty=854.716032,	RCNNAcc=0.826661,	
2018-12-06 21:19:43,451 Epoch[0] Batch [2300]	Speed: 4.19 samples/sec	Train-ROIPoolPenalty=885.224528,	RCNNAcc=0.826343,	
2018-12-06 21:21:21,851 Epoch[0] Batch [2400]	Speed: 4.07 samples/sec	Train-ROIPoolPenalty=916.674142,	RCNNAcc=0.826012,	
2018-12-06 21:22:59,375 Epoch[0] Batch [2500]	Speed: 4.10 samples/sec	Train-ROIPoolPenalty=944.729313,	RCNNAcc=0.825528,	
2018-12-06 21:25:01,718 Epoch[0] Batch [2600]	Speed: 3.27 samples/sec	Train-ROIPoolPenalty=971.326833,	RCNNAcc=0.824623,	
2018-12-06 21:26:53,078 Epoch[0] Batch [2700]	Speed: 3.59 samples/sec	Train-ROIPoolPenalty=997.779465,	RCNNAcc=0.823883,	
2018-12-06 21:28:29,271 Epoch[0] Batch [2800]	Speed: 4.16 samples/sec	Train-ROIPoolPenalty=1021.274567,	RCNNAcc=0.823146,	
2018-12-06 21:30:01,831 Epoch[0] Batch [2900]	Speed: 4.32 samples/sec	Train-ROIPoolPenalty=1043.895037,	RCNNAcc=0.823046,	
2018-12-06 21:31:39,838 Epoch[0] Batch [3000]	Speed: 4.08 samples/sec	Train-ROIPoolPenalty=1065.793247,	RCNNAcc=0.822648,	
2018-12-06 21:33:18,066 Epoch[0] Batch [3100]	Speed: 4.07 samples/sec	Train-ROIPoolPenalty=1086.498821,	RCNNAcc=0.821883,	
2018-12-06 21:34:56,149 Epoch[0] Batch [3200]	Speed: 4.08 samples/sec	Train-ROIPoolPenalty=1107.293783,	RCNNAcc=0.822092,	
2018-12-06 21:36:34,412 Epoch[0] Batch [3300]	Speed: 4.07 samples/sec	Train-ROIPoolPenalty=1129.399877,	RCNNAcc=0.822457,	
2018-12-06 21:38:12,454 Epoch[0] Batch [3400]	Speed: 4.08 samples/sec	Train-ROIPoolPenalty=1149.977795,	RCNNAcc=0.822758,	
2018-12-06 21:39:46,411 Epoch[0] Batch [3500]	Speed: 4.26 samples/sec	Train-ROIPoolPenalty=1171.478355,	RCNNAcc=0.822871,	
2018-12-06 21:41:20,488 Epoch[0] Batch [3600]	Speed: 4.25 samples/sec	Train-ROIPoolPenalty=1189.368123,	RCNNAcc=0.823102,	
2018-12-06 21:42:58,807 Epoch[0] Batch [3700]	Speed: 4.07 samples/sec	Train-ROIPoolPenalty=1206.153934,	RCNNAcc=0.822956,	
2018-12-06 21:44:37,040 Epoch[0] Batch [3800]	Speed: 4.07 samples/sec	Train-ROIPoolPenalty=1221.702175,	RCNNAcc=0.823358,	
2018-12-06 21:46:15,243 Epoch[0] Batch [3900]	Speed: 4.07 samples/sec	Train-ROIPoolPenalty=1236.677923,	RCNNAcc=0.823758,	
2018-12-06 21:47:51,887 Epoch[0] Batch [4000]	Speed: 4.14 samples/sec	Train-ROIPoolPenalty=1251.787633,	RCNNAcc=0.824269,	
2018-12-06 21:49:28,236 Epoch[0] Batch [4100]	Speed: 4.15 samples/sec	Train-ROIPoolPenalty=1265.649108,	RCNNAcc=0.824685,	
2018-12-06 21:51:00,857 Epoch[0] Batch [4200]	Speed: 4.32 samples/sec	Train-ROIPoolPenalty=1277.803060,	RCNNAcc=0.824656,	
2018-12-06 21:52:38,038 Epoch[0] Batch [4300]	Speed: 4.12 samples/sec	Train-ROIPoolPenalty=1291.311124,	RCNNAcc=0.825043,	
2018-12-06 21:54:16,070 Epoch[0] Batch [4400]	Speed: 4.08 samples/sec	Train-ROIPoolPenalty=1303.013648,	RCNNAcc=0.825001,	
2018-12-06 21:55:54,424 Epoch[0] Batch [4500]	Speed: 4.07 samples/sec	Train-ROIPoolPenalty=1313.906016,	RCNNAcc=0.824910,	
2018-12-06 21:57:31,296 Epoch[0] Batch [4600]	Speed: 4.13 samples/sec	Train-ROIPoolPenalty=1325.788588,	RCNNAcc=0.825270,	
2018-12-06 21:59:08,977 Epoch[0] Batch [4700]	Speed: 4.09 samples/sec	Train-ROIPoolPenalty=1338.823927,	RCNNAcc=0.825539,	
2018-12-06 22:00:42,702 Epoch[0] Batch [4800]	Speed: 4.27 samples/sec	Train-ROIPoolPenalty=1349.315493,	RCNNAcc=0.825330,	
2018-12-06 22:02:17,389 Epoch[0] Batch [4900]	Speed: 4.22 samples/sec	Train-ROIPoolPenalty=1360.138709,	RCNNAcc=0.825575,	
2018-12-06 22:03:54,908 Epoch[0] Batch [5000]	Speed: 4.10 samples/sec	Train-ROIPoolPenalty=1370.992937,	RCNNAcc=0.825821,	
2018-12-06 22:05:32,560 Epoch[0] Batch [5100]	Speed: 4.10 samples/sec	Train-ROIPoolPenalty=1380.684465,	RCNNAcc=0.825987,	
2018-12-06 22:07:10,496 Epoch[0] Batch [5200]	Speed: 4.08 samples/sec	Train-ROIPoolPenalty=1390.498543,	RCNNAcc=0.826162,	
2018-12-06 22:08:48,756 Epoch[0] Batch [5300]	Speed: 4.07 samples/sec	Train-ROIPoolPenalty=1399.266070,	RCNNAcc=0.826418,	
2018-12-06 22:10:25,890 Epoch[0] Batch [5400]	Speed: 4.12 samples/sec	Train-ROIPoolPenalty=1408.193992,	RCNNAcc=0.826499,	
2018-12-06 22:11:59,089 Epoch[0] Batch [5500]	Speed: 4.29 samples/sec	Train-ROIPoolPenalty=1416.254917,	RCNNAcc=0.826585,	
2018-12-06 22:13:35,753 Epoch[0] Batch [5600]	Speed: 4.14 samples/sec	Train-ROIPoolPenalty=1424.519770,	RCNNAcc=0.826494,	
2018-12-06 22:15:13,284 Epoch[0] Batch [5700]	Speed: 4.10 samples/sec	Train-ROIPoolPenalty=1432.603325,	RCNNAcc=0.826571,	
2018-12-06 22:16:51,305 Epoch[0] Batch [5800]	Speed: 4.08 samples/sec	Train-ROIPoolPenalty=1440.892118,	RCNNAcc=0.826535,	
2018-12-06 22:18:28,944 Epoch[0] Batch [5900]	Speed: 4.10 samples/sec	Train-ROIPoolPenalty=1448.152709,	RCNNAcc=0.826598,	
2018-12-06 22:20:06,936 Epoch[0] Batch [6000]	Speed: 4.08 samples/sec	Train-ROIPoolPenalty=1454.509942,	RCNNAcc=0.826250,	
2018-12-06 22:21:40,660 Epoch[0] Batch [6100]	Speed: 4.27 samples/sec	Train-ROIPoolPenalty=1461.428358,	RCNNAcc=0.826294,	
2018-12-06 22:23:15,280 Epoch[0] Batch [6200]	Speed: 4.23 samples/sec	Train-ROIPoolPenalty=1468.433890,	RCNNAcc=0.826453,	
2018-12-06 22:24:53,952 Epoch[0] Batch [6300]	Speed: 4.05 samples/sec	Train-ROIPoolPenalty=1474.926550,	RCNNAcc=0.826475,	
2018-12-06 22:26:32,340 Epoch[0] Batch [6400]	Speed: 4.07 samples/sec	Train-ROIPoolPenalty=1482.236228,	RCNNAcc=0.826667,	
2018-12-06 22:28:10,489 Epoch[0] Batch [6500]	Speed: 4.08 samples/sec	Train-ROIPoolPenalty=1489.635936,	RCNNAcc=0.826768,	
2018-12-06 22:29:49,248 Epoch[0] Batch [6600]	Speed: 4.05 samples/sec	Train-ROIPoolPenalty=1496.439851,	RCNNAcc=0.826954,	
2018-12-06 22:31:25,482 Epoch[0] Batch [6700]	Speed: 4.16 samples/sec	Train-ROIPoolPenalty=1502.791220,	RCNNAcc=0.827208,	
2018-12-06 22:32:57,998 Epoch[0] Batch [6800]	Speed: 4.32 samples/sec	Train-ROIPoolPenalty=1509.235245,	RCNNAcc=0.827134,	
2018-12-06 22:34:34,900 Epoch[0] Batch [6900]	Speed: 4.13 samples/sec	Train-ROIPoolPenalty=1515.000588,	RCNNAcc=0.827311,	
2018-12-06 22:36:13,045 Epoch[0] Batch [7000]	Speed: 4.08 samples/sec	Train-ROIPoolPenalty=1521.067191,	RCNNAcc=0.827178,	
2018-12-06 22:37:51,172 Epoch[0] Batch [7100]	Speed: 4.08 samples/sec	Train-ROIPoolPenalty=1526.733046,	RCNNAcc=0.827137,	
2018-12-06 22:39:29,458 Epoch[0] Batch [7200]	Speed: 4.07 samples/sec	Train-ROIPoolPenalty=1532.260194,	RCNNAcc=0.827206,	
2018-12-06 22:41:07,383 Epoch[0] Batch [7300]	Speed: 4.08 samples/sec	Train-ROIPoolPenalty=1538.048756,	RCNNAcc=0.827275,	
2018-12-06 22:42:40,536 Epoch[0] Batch [7400]	Speed: 4.29 samples/sec	Train-ROIPoolPenalty=1544.101677,	RCNNAcc=0.827270,	
2018-12-06 22:44:17,048 Epoch[0] Batch [7500]	Speed: 4.14 samples/sec	Train-ROIPoolPenalty=1549.551937,	RCNNAcc=0.827414,	
2018-12-06 22:45:55,355 Epoch[0] Batch [7600]	Speed: 4.07 samples/sec	Train-ROIPoolPenalty=1556.267613,	RCNNAcc=0.827763,	
2018-12-06 22:47:32,592 Epoch[0] Batch [7700]	Speed: 4.11 samples/sec	Train-ROIPoolPenalty=1561.301737,	RCNNAcc=0.827664,	
2018-12-06 22:49:10,255 Epoch[0] Batch [7800]	Speed: 4.10 samples/sec	Train-ROIPoolPenalty=1566.639606,	RCNNAcc=0.827755,	
2018-12-06 22:50:47,130 Epoch[0] Batch [7900]	Speed: 4.13 samples/sec	Train-ROIPoolPenalty=1571.684381,	RCNNAcc=0.827947,	
2018-12-06 22:52:23,423 Epoch[0] Batch [8000]	Speed: 4.15 samples/sec	Train-ROIPoolPenalty=1576.972963,	RCNNAcc=0.828247,	
2018-12-06 22:53:56,537 Epoch[0] Batch [8100]	Speed: 4.30 samples/sec	Train-ROIPoolPenalty=1581.765060,	RCNNAcc=0.828543,	
2018-12-06 22:55:34,456 Epoch[0] Batch [8200]	Speed: 4.09 samples/sec	Train-ROIPoolPenalty=1587.792770,	RCNNAcc=0.829039,	
2018-12-06 22:56:47,504 Epoch[0] Train-ROIPoolPenalty=1591.596681
2018-12-06 22:56:47,505 Epoch[0] Train-RCNNAcc=0.829229
2018-12-06 22:56:47,505 Epoch[0] Time cost=8028.737
2018-12-06 22:56:48,966 Saved checkpoint to "output/r_5-3.yaml/2007_trainval_2012_trainval/first-0001.params"
2018-12-06 22:56:51,649 Saved optimizer state to "output/r_5-3.yaml/2007_trainval_2012_trainval/first-0001.states"
2018-12-06 22:56:52,217 Saved checkpoint to "output/r_5-3.yaml/2007_trainval_2012_trainval/first-0001.params"
2018-12-06 22:58:31,304 Epoch[1] Batch [100]	Speed: 4.07 samples/sec	Train-ROIPoolPenalty=2031.403887,	RCNNAcc=0.833617,	
2018-12-06 23:00:09,491 Epoch[1] Batch [200]	Speed: 4.07 samples/sec	Train-ROIPoolPenalty=2022.885075,	RCNNAcc=0.846296,	
2018-12-06 23:01:47,814 Epoch[1] Batch [300]	Speed: 4.07 samples/sec	Train-ROIPoolPenalty=2039.445835,	RCNNAcc=0.844931,	
2018-12-06 23:03:21,400 Epoch[1] Batch [400]	Speed: 4.27 samples/sec	Train-ROIPoolPenalty=2029.851034,	RCNNAcc=0.845416,	
2018-12-06 23:04:57,001 Epoch[1] Batch [500]	Speed: 4.18 samples/sec	Train-ROIPoolPenalty=2037.908289,	RCNNAcc=0.844202,	
2018-12-06 23:06:34,093 Epoch[1] Batch [600]	Speed: 4.12 samples/sec	Train-ROIPoolPenalty=2039.481914,	RCNNAcc=0.843422,	
2018-12-06 23:08:12,434 Epoch[1] Batch [700]	Speed: 4.07 samples/sec	Train-ROIPoolPenalty=2036.070696,	RCNNAcc=0.844148,	
2018-12-06 23:09:49,924 Epoch[1] Batch [800]	Speed: 4.10 samples/sec	Train-ROIPoolPenalty=2038.687938,	RCNNAcc=0.842989,	
2018-12-06 23:11:27,498 Epoch[1] Batch [900]	Speed: 4.10 samples/sec	Train-ROIPoolPenalty=2040.076298,	RCNNAcc=0.843163,	
2018-12-06 23:13:03,544 Epoch[1] Batch [1000]	Speed: 4.16 samples/sec	Train-ROIPoolPenalty=2044.849721,	RCNNAcc=0.843972,	
2018-12-06 23:14:35,748 Epoch[1] Batch [1100]	Speed: 4.34 samples/sec	Train-ROIPoolPenalty=2044.784651,	RCNNAcc=0.843422,	
2018-12-06 23:16:13,319 Epoch[1] Batch [1200]	Speed: 4.10 samples/sec	Train-ROIPoolPenalty=2043.331986,	RCNNAcc=0.842934,	
2018-12-06 23:17:51,061 Epoch[1] Batch [1300]	Speed: 4.09 samples/sec	Train-ROIPoolPenalty=2046.178657,	RCNNAcc=0.843098,	
2018-12-06 23:19:29,196 Epoch[1] Batch [1400]	Speed: 4.08 samples/sec	Train-ROIPoolPenalty=2052.759380,	RCNNAcc=0.843272,	
2018-12-06 23:21:07,391 Epoch[1] Batch [1500]	Speed: 4.07 samples/sec	Train-ROIPoolPenalty=2055.647104,	RCNNAcc=0.843224,	
2018-12-06 23:22:44,936 Epoch[1] Batch [1600]	Speed: 4.10 samples/sec	Train-ROIPoolPenalty=2061.080308,	RCNNAcc=0.843666,	
2018-12-06 23:24:17,801 Epoch[1] Batch [1700]	Speed: 4.31 samples/sec	Train-ROIPoolPenalty=2064.008707,	RCNNAcc=0.843965,	
2018-12-06 23:25:53,613 Epoch[1] Batch [1800]	Speed: 4.17 samples/sec	Train-ROIPoolPenalty=2067.395803,	RCNNAcc=0.844150,	
2018-12-06 23:27:31,768 Epoch[1] Batch [1900]	Speed: 4.08 samples/sec	Train-ROIPoolPenalty=2070.379772,	RCNNAcc=0.844277,	
2018-12-06 23:29:10,480 Epoch[1] Batch [2000]	Speed: 4.05 samples/sec	Train-ROIPoolPenalty=2075.210340,	RCNNAcc=0.844766,	
2018-12-06 23:30:48,401 Epoch[1] Batch [2100]	Speed: 4.08 samples/sec	Train-ROIPoolPenalty=2078.288198,	RCNNAcc=0.845085,	
2018-12-06 23:32:26,537 Epoch[1] Batch [2200]	Speed: 4.08 samples/sec	Train-ROIPoolPenalty=2079.898458,	RCNNAcc=0.845119,	
2018-12-06 23:34:01,765 Epoch[1] Batch [2300]	Speed: 4.20 samples/sec	Train-ROIPoolPenalty=2083.033689,	RCNNAcc=0.845325,	
2018-12-06 23:35:34,366 Epoch[1] Batch [2400]	Speed: 4.32 samples/sec	Train-ROIPoolPenalty=2086.561948,	RCNNAcc=0.845512,	
2018-12-06 23:37:12,110 Epoch[1] Batch [2500]	Speed: 4.09 samples/sec	Train-ROIPoolPenalty=2089.876028,	RCNNAcc=0.845233,	
2018-12-06 23:38:49,058 Epoch[1] Batch [2600]	Speed: 4.13 samples/sec	Train-ROIPoolPenalty=2091.285601,	RCNNAcc=0.845161,	
2018-12-06 23:40:27,117 Epoch[1] Batch [2700]	Speed: 4.08 samples/sec	Train-ROIPoolPenalty=2090.852685,	RCNNAcc=0.845293,	
2018-12-06 23:42:04,871 Epoch[1] Batch [2800]	Speed: 4.09 samples/sec	Train-ROIPoolPenalty=2090.883010,	RCNNAcc=0.845492,	
2018-12-06 23:43:43,162 Epoch[1] Batch [2900]	Speed: 4.07 samples/sec	Train-ROIPoolPenalty=2090.924546,	RCNNAcc=0.845240,	
2018-12-06 23:45:16,706 Epoch[1] Batch [3000]	Speed: 4.28 samples/sec	Train-ROIPoolPenalty=2091.335169,	RCNNAcc=0.845134,	
2018-12-06 23:46:51,299 Epoch[1] Batch [3100]	Speed: 4.23 samples/sec	Train-ROIPoolPenalty=2093.857279,	RCNNAcc=0.845691,	
2018-12-06 23:48:29,017 Epoch[1] Batch [3200]	Speed: 4.09 samples/sec	Train-ROIPoolPenalty=2097.405675,	RCNNAcc=0.845999,	
2018-12-06 23:50:06,844 Epoch[1] Batch [3300]	Speed: 4.09 samples/sec	Train-ROIPoolPenalty=2098.414011,	RCNNAcc=0.846321,	
2018-12-06 23:51:45,219 Epoch[1] Batch [3400]	Speed: 4.07 samples/sec	Train-ROIPoolPenalty=2099.273343,	RCNNAcc=0.846479,	
2018-12-06 23:53:23,195 Epoch[1] Batch [3500]	Speed: 4.08 samples/sec	Train-ROIPoolPenalty=2102.010040,	RCNNAcc=0.846802,	
2018-12-06 23:54:59,319 Epoch[1] Batch [3600]	Speed: 4.16 samples/sec	Train-ROIPoolPenalty=2104.533779,	RCNNAcc=0.846991,	
2018-12-06 23:56:31,890 Epoch[1] Batch [3700]	Speed: 4.32 samples/sec	Train-ROIPoolPenalty=2105.491199,	RCNNAcc=0.846829,	
2018-12-06 23:58:10,292 Epoch[1] Batch [3800]	Speed: 4.06 samples/sec	Train-ROIPoolPenalty=2105.109270,	RCNNAcc=0.846848,	
2018-12-06 23:59:48,596 Epoch[1] Batch [3900]	Speed: 4.07 samples/sec	Train-ROIPoolPenalty=2105.500063,	RCNNAcc=0.846852,	
2018-12-07 00:01:27,200 Epoch[1] Batch [4000]	Speed: 4.06 samples/sec	Train-ROIPoolPenalty=2106.569851,	RCNNAcc=0.846759,	
2018-12-07 00:03:06,027 Epoch[1] Batch [4100]	Speed: 4.05 samples/sec	Train-ROIPoolPenalty=2107.630301,	RCNNAcc=0.846587,	
2018-12-07 00:04:43,844 Epoch[1] Batch [4200]	Speed: 4.09 samples/sec	Train-ROIPoolPenalty=2109.471357,	RCNNAcc=0.846904,	
2018-12-07 00:06:17,229 Epoch[1] Batch [4300]	Speed: 4.28 samples/sec	Train-ROIPoolPenalty=2111.407890,	RCNNAcc=0.847021,	
2018-12-07 00:07:53,192 Epoch[1] Batch [4400]	Speed: 4.17 samples/sec	Train-ROIPoolPenalty=2111.020353,	RCNNAcc=0.846931,	
2018-12-07 00:09:31,534 Epoch[1] Batch [4500]	Speed: 4.07 samples/sec	Train-ROIPoolPenalty=2110.858380,	RCNNAcc=0.847034,	
2018-12-07 00:11:09,666 Epoch[1] Batch [4600]	Speed: 4.08 samples/sec	Train-ROIPoolPenalty=2111.470708,	RCNNAcc=0.846793,	
2018-12-07 00:12:47,309 Epoch[1] Batch [4700]	Speed: 4.10 samples/sec	Train-ROIPoolPenalty=2112.653804,	RCNNAcc=0.846976,	
2018-12-07 00:14:25,447 Epoch[1] Batch [4800]	Speed: 4.08 samples/sec	Train-ROIPoolPenalty=2113.397575,	RCNNAcc=0.846915,	
2018-12-07 00:16:01,447 Epoch[1] Batch [4900]	Speed: 4.17 samples/sec	Train-ROIPoolPenalty=2114.083093,	RCNNAcc=0.847051,	
2018-12-07 00:17:35,250 Epoch[1] Batch [5000]	Speed: 4.26 samples/sec	Train-ROIPoolPenalty=2114.654018,	RCNNAcc=0.847001,	
2018-12-07 00:19:12,828 Epoch[1] Batch [5100]	Speed: 4.10 samples/sec	Train-ROIPoolPenalty=2115.690695,	RCNNAcc=0.846879,	
2018-12-07 00:20:50,937 Epoch[1] Batch [5200]	Speed: 4.08 samples/sec	Train-ROIPoolPenalty=2116.910053,	RCNNAcc=0.846963,	
2018-12-07 00:22:28,900 Epoch[1] Batch [5300]	Speed: 4.08 samples/sec	Train-ROIPoolPenalty=2118.209490,	RCNNAcc=0.847121,	
2018-12-07 00:24:06,701 Epoch[1] Batch [5400]	Speed: 4.09 samples/sec	Train-ROIPoolPenalty=2119.378101,	RCNNAcc=0.847395,	
2018-12-07 00:25:45,361 Epoch[1] Batch [5500]	Speed: 4.05 samples/sec	Train-ROIPoolPenalty=2121.780279,	RCNNAcc=0.847750,	
2018-12-07 00:27:18,079 Epoch[1] Batch [5600]	Speed: 4.31 samples/sec	Train-ROIPoolPenalty=2122.235122,	RCNNAcc=0.847905,	
2018-12-07 00:28:53,848 Epoch[1] Batch [5700]	Speed: 4.18 samples/sec	Train-ROIPoolPenalty=2123.733740,	RCNNAcc=0.848107,	
2018-12-07 00:30:31,833 Epoch[1] Batch [5800]	Speed: 4.08 samples/sec	Train-ROIPoolPenalty=2124.798751,	RCNNAcc=0.848396,	
2018-12-07 00:32:09,488 Epoch[1] Batch [5900]	Speed: 4.10 samples/sec	Train-ROIPoolPenalty=2125.492546,	RCNNAcc=0.848578,	
2018-12-07 00:33:47,604 Epoch[1] Batch [6000]	Speed: 4.08 samples/sec	Train-ROIPoolPenalty=2126.598043,	RCNNAcc=0.848724,	
2018-12-07 00:35:26,489 Epoch[1] Batch [6100]	Speed: 4.05 samples/sec	Train-ROIPoolPenalty=2127.129718,	RCNNAcc=0.848840,	
2018-12-07 00:37:02,764 Epoch[1] Batch [6200]	Speed: 4.15 samples/sec	Train-ROIPoolPenalty=2128.204217,	RCNNAcc=0.848917,	
2018-12-07 00:38:36,021 Epoch[1] Batch [6300]	Speed: 4.29 samples/sec	Train-ROIPoolPenalty=2129.140636,	RCNNAcc=0.848908,	
2018-12-07 00:40:13,711 Epoch[1] Batch [6400]	Speed: 4.09 samples/sec	Train-ROIPoolPenalty=2130.152455,	RCNNAcc=0.849187,	
2018-12-07 00:41:51,818 Epoch[1] Batch [6500]	Speed: 4.08 samples/sec	Train-ROIPoolPenalty=2130.747354,	RCNNAcc=0.849419,	
2018-12-07 00:43:30,204 Epoch[1] Batch [6600]	Speed: 4.07 samples/sec	Train-ROIPoolPenalty=2131.634856,	RCNNAcc=0.849410,	
2018-12-07 00:45:07,970 Epoch[1] Batch [6700]	Speed: 4.09 samples/sec	Train-ROIPoolPenalty=2132.538312,	RCNNAcc=0.849227,	
2018-12-07 00:46:45,879 Epoch[1] Batch [6800]	Speed: 4.09 samples/sec	Train-ROIPoolPenalty=2133.096930,	RCNNAcc=0.849188,	
2018-12-07 00:48:17,947 Epoch[1] Batch [6900]	Speed: 4.34 samples/sec	Train-ROIPoolPenalty=2133.242652,	RCNNAcc=0.849247,	
2018-12-07 00:49:53,814 Epoch[1] Batch [7000]	Speed: 4.17 samples/sec	Train-ROIPoolPenalty=2133.843614,	RCNNAcc=0.849389,	
2018-12-07 00:51:31,314 Epoch[1] Batch [7100]	Speed: 4.10 samples/sec	Train-ROIPoolPenalty=2134.944503,	RCNNAcc=0.849577,	
2018-12-07 00:53:08,614 Epoch[1] Batch [7200]	Speed: 4.11 samples/sec	Train-ROIPoolPenalty=2135.407904,	RCNNAcc=0.849451,	
2018-12-07 00:54:46,720 Epoch[1] Batch [7300]	Speed: 4.08 samples/sec	Train-ROIPoolPenalty=2135.528147,	RCNNAcc=0.849244,	
2018-12-07 00:56:24,522 Epoch[1] Batch [7400]	Speed: 4.09 samples/sec	Train-ROIPoolPenalty=2136.608537,	RCNNAcc=0.849243,	
2018-12-07 00:58:00,002 Epoch[1] Batch [7500]	Speed: 4.19 samples/sec	Train-ROIPoolPenalty=2137.523819,	RCNNAcc=0.849429,	
2018-12-07 00:59:32,783 Epoch[1] Batch [7600]	Speed: 4.31 samples/sec	Train-ROIPoolPenalty=2139.134101,	RCNNAcc=0.849707,	
2018-12-07 01:01:11,182 Epoch[1] Batch [7700]	Speed: 4.07 samples/sec	Train-ROIPoolPenalty=2139.860050,	RCNNAcc=0.849716,	
2018-12-07 01:02:49,150 Epoch[1] Batch [7800]	Speed: 4.08 samples/sec	Train-ROIPoolPenalty=2141.111879,	RCNNAcc=0.849885,	
2018-12-07 01:04:28,071 Epoch[1] Batch [7900]	Speed: 4.04 samples/sec	Train-ROIPoolPenalty=2142.234345,	RCNNAcc=0.850016,	
2018-12-07 01:06:06,134 Epoch[1] Batch [8000]	Speed: 4.08 samples/sec	Train-ROIPoolPenalty=2143.674996,	RCNNAcc=0.850111,	
2018-12-07 01:07:44,352 Epoch[1] Batch [8100]	Speed: 4.07 samples/sec	Train-ROIPoolPenalty=2144.930995,	RCNNAcc=0.850201,	
2018-12-07 01:09:16,735 Epoch[1] Batch [8200]	Speed: 4.33 samples/sec	Train-ROIPoolPenalty=2145.997739,	RCNNAcc=0.850466,	
2018-12-07 01:10:27,775 Epoch[1] Train-ROIPoolPenalty=2146.827593
2018-12-07 01:10:27,775 Epoch[1] Train-RCNNAcc=0.850571
2018-12-07 01:10:27,776 Epoch[1] Time cost=8015.518
2018-12-07 01:10:28,856 Saved checkpoint to "output/r_5-3.yaml/2007_trainval_2012_trainval/first-0002.params"
2018-12-07 01:10:31,715 Saved optimizer state to "output/r_5-3.yaml/2007_trainval_2012_trainval/first-0002.states"
2018-12-07 01:10:32,391 Saved checkpoint to "output/r_5-3.yaml/2007_trainval_2012_trainval/first-0002.params"
2018-12-07 01:12:11,162 Epoch[2] Batch [100]	Speed: 4.08 samples/sec	Train-ROIPoolPenalty=2310.351225,	RCNNAcc=0.869083,	
2018-12-07 01:13:49,461 Epoch[2] Batch [200]	Speed: 4.07 samples/sec	Train-ROIPoolPenalty=2310.231050,	RCNNAcc=0.864875,	
2018-12-07 01:15:27,532 Epoch[2] Batch [300]	Speed: 4.08 samples/sec	Train-ROIPoolPenalty=2299.625204,	RCNNAcc=0.860004,	
2018-12-07 01:17:05,572 Epoch[2] Batch [400]	Speed: 4.08 samples/sec	Train-ROIPoolPenalty=2301.993583,	RCNNAcc=0.859443,	
2018-12-07 01:18:41,076 Epoch[2] Batch [500]	Speed: 4.19 samples/sec	Train-ROIPoolPenalty=2295.824878,	RCNNAcc=0.861480,	
2018-12-07 01:20:14,047 Epoch[2] Batch [600]	Speed: 4.30 samples/sec	Train-ROIPoolPenalty=2296.081123,	RCNNAcc=0.862212,	
2018-12-07 01:21:52,585 Epoch[2] Batch [700]	Speed: 4.06 samples/sec	Train-ROIPoolPenalty=2296.043081,	RCNNAcc=0.864003,	
2018-12-07 01:23:30,671 Epoch[2] Batch [800]	Speed: 4.08 samples/sec	Train-ROIPoolPenalty=2300.687325,	RCNNAcc=0.864737,	
2018-12-07 01:25:08,820 Epoch[2] Batch [900]	Speed: 4.08 samples/sec	Train-ROIPoolPenalty=2302.604590,	RCNNAcc=0.865540,	
2018-12-07 01:26:46,684 Epoch[2] Batch [1000]	Speed: 4.09 samples/sec	Train-ROIPoolPenalty=2302.540618,	RCNNAcc=0.865346,	
2018-12-07 01:28:24,646 Epoch[2] Batch [1100]	Speed: 4.08 samples/sec	Train-ROIPoolPenalty=2301.521237,	RCNNAcc=0.865603,	
2018-12-07 01:29:57,887 Epoch[2] Batch [1200]	Speed: 4.29 samples/sec	Train-ROIPoolPenalty=2303.206660,	RCNNAcc=0.866363,	
2018-12-07 01:31:33,957 Epoch[2] Batch [1300]	Speed: 4.16 samples/sec	Train-ROIPoolPenalty=2302.555511,	RCNNAcc=0.866545,	
2018-12-07 01:33:12,149 Epoch[2] Batch [1400]	Speed: 4.07 samples/sec	Train-ROIPoolPenalty=2304.239546,	RCNNAcc=0.866241,	
2018-12-07 01:34:49,890 Epoch[2] Batch [1500]	Speed: 4.09 samples/sec	Train-ROIPoolPenalty=2304.275620,	RCNNAcc=0.865812,	
2018-12-07 01:36:28,800 Epoch[2] Batch [1600]	Speed: 4.04 samples/sec	Train-ROIPoolPenalty=2301.778030,	RCNNAcc=0.865965,	
2018-12-07 01:38:07,026 Epoch[2] Batch [1700]	Speed: 4.07 samples/sec	Train-ROIPoolPenalty=2305.134791,	RCNNAcc=0.865795,	
2018-12-07 01:39:42,773 Epoch[2] Batch [1800]	Speed: 4.18 samples/sec	Train-ROIPoolPenalty=2305.014035,	RCNNAcc=0.864984,	
2018-12-07 01:41:16,375 Epoch[2] Batch [1900]	Speed: 4.27 samples/sec	Train-ROIPoolPenalty=2306.087859,	RCNNAcc=0.864896,	
2018-12-07 01:42:55,120 Epoch[2] Batch [2000]	Speed: 4.05 samples/sec	Train-ROIPoolPenalty=2304.481849,	RCNNAcc=0.864903,	
2018-12-07 01:44:33,341 Epoch[2] Batch [2100]	Speed: 4.07 samples/sec	Train-ROIPoolPenalty=2302.588504,	RCNNAcc=0.865074,	
2018-12-07 01:46:11,898 Epoch[2] Batch [2200]	Speed: 4.06 samples/sec	Train-ROIPoolPenalty=2300.394637,	RCNNAcc=0.865153,	
2018-12-07 01:47:49,947 Epoch[2] Batch [2300]	Speed: 4.08 samples/sec	Train-ROIPoolPenalty=2299.740429,	RCNNAcc=0.864892,	
2018-12-07 01:49:27,802 Epoch[2] Batch [2400]	Speed: 4.09 samples/sec	Train-ROIPoolPenalty=2300.263700,	RCNNAcc=0.865277,	
2018-12-07 01:51:00,271 Epoch[2] Batch [2500]	Speed: 4.33 samples/sec	Train-ROIPoolPenalty=2300.187655,	RCNNAcc=0.865237,	
2018-12-07 01:52:36,365 Epoch[2] Batch [2600]	Speed: 4.16 samples/sec	Train-ROIPoolPenalty=2298.950977,	RCNNAcc=0.864785,	
2018-12-07 01:54:14,076 Epoch[2] Batch [2700]	Speed: 4.09 samples/sec	Train-ROIPoolPenalty=2298.616302,	RCNNAcc=0.864869,	
2018-12-07 01:55:52,664 Epoch[2] Batch [2800]	Speed: 4.06 samples/sec	Train-ROIPoolPenalty=2299.232131,	RCNNAcc=0.865259,	
2018-12-07 01:57:30,297 Epoch[2] Batch [2900]	Speed: 4.10 samples/sec	Train-ROIPoolPenalty=2300.272223,	RCNNAcc=0.865177,	
2018-12-07 01:59:08,050 Epoch[2] Batch [3000]	Speed: 4.09 samples/sec	Train-ROIPoolPenalty=2300.855899,	RCNNAcc=0.864990,	
2018-12-07 02:00:42,879 Epoch[2] Batch [3100]	Speed: 4.22 samples/sec	Train-ROIPoolPenalty=2299.902546,	RCNNAcc=0.864607,	
2018-12-07 02:02:16,842 Epoch[2] Batch [3200]	Speed: 4.26 samples/sec	Train-ROIPoolPenalty=2300.314468,	RCNNAcc=0.864660,	
2018-12-07 02:03:55,386 Epoch[2] Batch [3300]	Speed: 4.06 samples/sec	Train-ROIPoolPenalty=2301.388220,	RCNNAcc=0.864663,	
2018-12-07 02:05:33,526 Epoch[2] Batch [3400]	Speed: 4.08 samples/sec	Train-ROIPoolPenalty=2302.271419,	RCNNAcc=0.864624,	
2018-12-07 02:07:12,013 Epoch[2] Batch [3500]	Speed: 4.06 samples/sec	Train-ROIPoolPenalty=2302.993316,	RCNNAcc=0.864825,	
2018-12-07 02:08:50,864 Epoch[2] Batch [3600]	Speed: 4.05 samples/sec	Train-ROIPoolPenalty=2304.834319,	RCNNAcc=0.865233,	
2018-12-07 02:10:28,296 Epoch[2] Batch [3700]	Speed: 4.11 samples/sec	Train-ROIPoolPenalty=2305.295170,	RCNNAcc=0.865020,	
2018-12-07 02:12:00,874 Epoch[2] Batch [3800]	Speed: 4.32 samples/sec	Train-ROIPoolPenalty=2306.079109,	RCNNAcc=0.865027,	
2018-12-07 02:13:37,449 Epoch[2] Batch [3900]	Speed: 4.14 samples/sec	Train-ROIPoolPenalty=2306.482803,	RCNNAcc=0.865126,	
2018-12-07 02:15:15,474 Epoch[2] Batch [4000]	Speed: 4.08 samples/sec	Train-ROIPoolPenalty=2306.993537,	RCNNAcc=0.865374,	
2018-12-07 02:16:53,459 Epoch[2] Batch [4100]	Speed: 4.08 samples/sec	Train-ROIPoolPenalty=2308.011053,	RCNNAcc=0.865442,	
2018-12-07 02:18:31,850 Epoch[2] Batch [4200]	Speed: 4.07 samples/sec	Train-ROIPoolPenalty=2307.905596,	RCNNAcc=0.865600,	
2018-12-07 02:20:10,773 Epoch[2] Batch [4300]	Speed: 4.04 samples/sec	Train-ROIPoolPenalty=2307.859165,	RCNNAcc=0.865495,	
2018-12-07 02:21:45,346 Epoch[2] Batch [4400]	Speed: 4.23 samples/sec	Train-ROIPoolPenalty=2307.853972,	RCNNAcc=0.865402,	
2018-12-07 02:23:19,170 Epoch[2] Batch [4500]	Speed: 4.26 samples/sec	Train-ROIPoolPenalty=2308.414889,	RCNNAcc=0.865279,	
2018-12-07 02:24:57,325 Epoch[2] Batch [4600]	Speed: 4.08 samples/sec	Train-ROIPoolPenalty=2308.052003,	RCNNAcc=0.865085,	
2018-12-07 02:26:35,335 Epoch[2] Batch [4700]	Speed: 4.08 samples/sec	Train-ROIPoolPenalty=2308.731124,	RCNNAcc=0.865180,	
2018-12-07 02:28:13,055 Epoch[2] Batch [4800]	Speed: 4.09 samples/sec	Train-ROIPoolPenalty=2308.993446,	RCNNAcc=0.865265,	
2018-12-07 02:29:50,558 Epoch[2] Batch [4900]	Speed: 4.10 samples/sec	Train-ROIPoolPenalty=2309.296323,	RCNNAcc=0.865353,	
2018-12-07 02:31:27,875 Epoch[2] Batch [5000]	Speed: 4.11 samples/sec	Train-ROIPoolPenalty=2309.749336,	RCNNAcc=0.865330,	
2018-12-07 02:33:00,101 Epoch[2] Batch [5100]	Speed: 4.34 samples/sec	Train-ROIPoolPenalty=2310.282757,	RCNNAcc=0.865373,	
2018-12-07 02:34:36,965 Epoch[2] Batch [5200]	Speed: 4.13 samples/sec	Train-ROIPoolPenalty=2310.156320,	RCNNAcc=0.865240,	
2018-12-07 02:36:15,871 Epoch[2] Batch [5300]	Speed: 4.04 samples/sec	Train-ROIPoolPenalty=2309.667978,	RCNNAcc=0.865111,	
2018-12-07 02:37:53,567 Epoch[2] Batch [5400]	Speed: 4.09 samples/sec	Train-ROIPoolPenalty=2309.063356,	RCNNAcc=0.865004,	
2018-12-07 02:39:30,935 Epoch[2] Batch [5500]	Speed: 4.11 samples/sec	Train-ROIPoolPenalty=2309.212361,	RCNNAcc=0.865092,	
2018-12-07 02:41:08,684 Epoch[2] Batch [5600]	Speed: 4.09 samples/sec	Train-ROIPoolPenalty=2309.871603,	RCNNAcc=0.865069,	
2018-12-07 02:42:43,663 Epoch[2] Batch [5700]	Speed: 4.21 samples/sec	Train-ROIPoolPenalty=2308.723407,	RCNNAcc=0.865057,	
2018-12-07 02:44:17,372 Epoch[2] Batch [5800]	Speed: 4.27 samples/sec	Train-ROIPoolPenalty=2308.524782,	RCNNAcc=0.865106,	
2018-12-07 02:45:55,716 Epoch[2] Batch [5900]	Speed: 4.07 samples/sec	Train-ROIPoolPenalty=2308.753922,	RCNNAcc=0.865240,	
2018-12-07 02:47:34,381 Epoch[2] Batch [6000]	Speed: 4.05 samples/sec	Train-ROIPoolPenalty=2310.296639,	RCNNAcc=0.865338,	
2018-12-07 02:49:13,011 Epoch[2] Batch [6100]	Speed: 4.06 samples/sec	Train-ROIPoolPenalty=2310.336976,	RCNNAcc=0.865326,	
2018-12-07 02:50:52,488 Epoch[2] Batch [6200]	Speed: 4.02 samples/sec	Train-ROIPoolPenalty=2310.550277,	RCNNAcc=0.865282,	
2018-12-07 02:52:28,843 Epoch[2] Batch [6300]	Speed: 4.15 samples/sec	Train-ROIPoolPenalty=2310.801452,	RCNNAcc=0.865118,	
2018-12-07 02:54:02,050 Epoch[2] Batch [6400]	Speed: 4.29 samples/sec	Train-ROIPoolPenalty=2310.764805,	RCNNAcc=0.865203,	
2018-12-07 02:55:39,216 Epoch[2] Batch [6500]	Speed: 4.12 samples/sec	Train-ROIPoolPenalty=2311.572096,	RCNNAcc=0.865191,	
2018-12-07 02:57:17,631 Epoch[2] Batch [6600]	Speed: 4.06 samples/sec	Train-ROIPoolPenalty=2311.639320,	RCNNAcc=0.865246,	
2018-12-07 02:58:56,405 Epoch[2] Batch [6700]	Speed: 4.05 samples/sec	Train-ROIPoolPenalty=2311.987090,	RCNNAcc=0.865390,	
2018-12-07 03:00:34,768 Epoch[2] Batch [6800]	Speed: 4.07 samples/sec	Train-ROIPoolPenalty=2311.830493,	RCNNAcc=0.865331,	
2018-12-07 03:02:12,380 Epoch[2] Batch [6900]	Speed: 4.10 samples/sec	Train-ROIPoolPenalty=2312.539489,	RCNNAcc=0.865414,	
2018-12-07 03:03:46,365 Epoch[2] Batch [7000]	Speed: 4.26 samples/sec	Train-ROIPoolPenalty=2312.748771,	RCNNAcc=0.865413,	
2018-12-07 03:05:21,316 Epoch[2] Batch [7100]	Speed: 4.21 samples/sec	Train-ROIPoolPenalty=2314.342281,	RCNNAcc=0.865605,	
2018-12-07 03:07:00,372 Epoch[2] Batch [7200]	Speed: 4.04 samples/sec	Train-ROIPoolPenalty=2314.442984,	RCNNAcc=0.865484,	
2018-12-07 03:08:38,668 Epoch[2] Batch [7300]	Speed: 4.07 samples/sec	Train-ROIPoolPenalty=2314.641986,	RCNNAcc=0.865586,	
2018-12-07 03:10:16,575 Epoch[2] Batch [7400]	Speed: 4.09 samples/sec	Train-ROIPoolPenalty=2314.836424,	RCNNAcc=0.865587,	
2018-12-07 03:11:54,587 Epoch[2] Batch [7500]	Speed: 4.08 samples/sec	Train-ROIPoolPenalty=2315.332788,	RCNNAcc=0.865604,	
2018-12-07 03:13:31,500 Epoch[2] Batch [7600]	Speed: 4.13 samples/sec	Train-ROIPoolPenalty=2315.565824,	RCNNAcc=0.865623,	
2018-12-07 03:15:04,575 Epoch[2] Batch [7700]	Speed: 4.30 samples/sec	Train-ROIPoolPenalty=2315.497342,	RCNNAcc=0.865680,	
2018-12-07 03:16:42,313 Epoch[2] Batch [7800]	Speed: 4.09 samples/sec	Train-ROIPoolPenalty=2316.123998,	RCNNAcc=0.865810,	
2018-12-07 03:18:20,423 Epoch[2] Batch [7900]	Speed: 4.08 samples/sec	Train-ROIPoolPenalty=2315.890433,	RCNNAcc=0.865877,	
2018-12-07 03:19:58,660 Epoch[2] Batch [8000]	Speed: 4.07 samples/sec	Train-ROIPoolPenalty=2315.988491,	RCNNAcc=0.865837,	
2018-12-07 03:21:37,282 Epoch[2] Batch [8100]	Speed: 4.06 samples/sec	Train-ROIPoolPenalty=2316.537829,	RCNNAcc=0.865805,	
2018-12-07 03:23:16,071 Epoch[2] Batch [8200]	Speed: 4.05 samples/sec	Train-ROIPoolPenalty=2317.206776,	RCNNAcc=0.865835,	
2018-12-07 03:24:25,291 Epoch[2] Train-ROIPoolPenalty=2317.110823
2018-12-07 03:24:25,292 Epoch[2] Train-RCNNAcc=0.865915
2018-12-07 03:24:25,292 Epoch[2] Time cost=8032.880
2018-12-07 03:24:26,218 Saved checkpoint to "output/r_5-3.yaml/2007_trainval_2012_trainval/first-0003.params"
2018-12-07 03:24:28,786 Saved optimizer state to "output/r_5-3.yaml/2007_trainval_2012_trainval/first-0003.states"
2018-12-07 03:24:29,365 Saved checkpoint to "output/r_5-3.yaml/2007_trainval_2012_trainval/first-0003.params"
2018-12-07 03:26:07,168 Epoch[3] Batch [100]	Speed: 4.13 samples/sec	Train-ROIPoolPenalty=2392.943375,	RCNNAcc=0.874207,	
2018-12-07 03:27:45,514 Epoch[3] Batch [200]	Speed: 4.07 samples/sec	Train-ROIPoolPenalty=2392.506096,	RCNNAcc=0.874631,	
2018-12-07 03:29:23,932 Epoch[3] Batch [300]	Speed: 4.06 samples/sec	Train-ROIPoolPenalty=2399.815351,	RCNNAcc=0.875610,	
2018-12-07 03:31:01,907 Epoch[3] Batch [400]	Speed: 4.08 samples/sec	Train-ROIPoolPenalty=2403.364847,	RCNNAcc=0.875419,	
2018-12-07 03:32:40,488 Epoch[3] Batch [500]	Speed: 4.06 samples/sec	Train-ROIPoolPenalty=2409.564112,	RCNNAcc=0.877370,	
2018-12-07 03:34:17,050 Epoch[3] Batch [600]	Speed: 4.14 samples/sec	Train-ROIPoolPenalty=2411.409449,	RCNNAcc=0.876901,	
2018-12-07 03:35:49,686 Epoch[3] Batch [700]	Speed: 4.32 samples/sec	Train-ROIPoolPenalty=2413.120918,	RCNNAcc=0.877340,	
2018-12-07 03:37:28,270 Epoch[3] Batch [800]	Speed: 4.06 samples/sec	Train-ROIPoolPenalty=2409.884224,	RCNNAcc=0.877572,	
2018-12-07 03:39:05,610 Epoch[3] Batch [900]	Speed: 4.11 samples/sec	Train-ROIPoolPenalty=2411.208606,	RCNNAcc=0.877844,	
2018-12-07 03:40:43,668 Epoch[3] Batch [1000]	Speed: 4.08 samples/sec	Train-ROIPoolPenalty=2409.924976,	RCNNAcc=0.878292,	
2018-12-07 03:42:22,303 Epoch[3] Batch [1100]	Speed: 4.06 samples/sec	Train-ROIPoolPenalty=2405.314377,	RCNNAcc=0.877785,	
2018-12-07 03:44:00,134 Epoch[3] Batch [1200]	Speed: 4.09 samples/sec	Train-ROIPoolPenalty=2406.568103,	RCNNAcc=0.877958,	
2018-12-07 03:45:33,857 Epoch[3] Batch [1300]	Speed: 4.27 samples/sec	Train-ROIPoolPenalty=2407.246736,	RCNNAcc=0.877343,	
2018-12-07 03:47:10,387 Epoch[3] Batch [1400]	Speed: 4.14 samples/sec	Train-ROIPoolPenalty=2408.595987,	RCNNAcc=0.876712,	
2018-12-07 03:48:48,534 Epoch[3] Batch [1500]	Speed: 4.08 samples/sec	Train-ROIPoolPenalty=2410.295123,	RCNNAcc=0.876735,	
2018-12-07 03:50:26,902 Epoch[3] Batch [1600]	Speed: 4.07 samples/sec	Train-ROIPoolPenalty=2407.939490,	RCNNAcc=0.877325,	
2018-12-07 03:52:05,276 Epoch[3] Batch [1700]	Speed: 4.07 samples/sec	Train-ROIPoolPenalty=2406.260425,	RCNNAcc=0.877509,	
2018-12-07 03:53:44,111 Epoch[3] Batch [1800]	Speed: 4.05 samples/sec	Train-ROIPoolPenalty=2403.845007,	RCNNAcc=0.877041,	
2018-12-07 03:55:19,810 Epoch[3] Batch [1900]	Speed: 4.18 samples/sec	Train-ROIPoolPenalty=2401.121666,	RCNNAcc=0.877307,	
2018-12-07 03:56:53,245 Epoch[3] Batch [2000]	Speed: 4.28 samples/sec	Train-ROIPoolPenalty=2400.543700,	RCNNAcc=0.877669,	
2018-12-07 03:58:31,883 Epoch[3] Batch [2100]	Speed: 4.06 samples/sec	Train-ROIPoolPenalty=2397.940519,	RCNNAcc=0.877662,	
2018-12-07 04:00:10,765 Epoch[3] Batch [2200]	Speed: 4.05 samples/sec	Train-ROIPoolPenalty=2395.213823,	RCNNAcc=0.877528,	
2018-12-07 04:01:49,121 Epoch[3] Batch [2300]	Speed: 4.07 samples/sec	Train-ROIPoolPenalty=2393.923024,	RCNNAcc=0.877713,	
2018-12-07 04:03:26,982 Epoch[3] Batch [2400]	Speed: 4.09 samples/sec	Train-ROIPoolPenalty=2394.716908,	RCNNAcc=0.877671,	
2018-12-07 04:05:04,236 Epoch[3] Batch [2500]	Speed: 4.11 samples/sec	Train-ROIPoolPenalty=2394.811670,	RCNNAcc=0.877666,	
2018-12-07 04:06:37,099 Epoch[3] Batch [2600]	Speed: 4.31 samples/sec	Train-ROIPoolPenalty=2394.416162,	RCNNAcc=0.877792,	
2018-12-07 04:08:14,944 Epoch[3] Batch [2700]	Speed: 4.09 samples/sec	Train-ROIPoolPenalty=2392.532058,	RCNNAcc=0.877815,	
2018-12-07 04:09:53,830 Epoch[3] Batch [2800]	Speed: 4.05 samples/sec	Train-ROIPoolPenalty=2392.915681,	RCNNAcc=0.877761,	
2018-12-07 04:11:31,836 Epoch[3] Batch [2900]	Speed: 4.08 samples/sec	Train-ROIPoolPenalty=2393.991435,	RCNNAcc=0.877952,	
2018-12-07 04:13:11,250 Epoch[3] Batch [3000]	Speed: 4.02 samples/sec	Train-ROIPoolPenalty=2395.245665,	RCNNAcc=0.878382,	
2018-12-07 04:14:49,312 Epoch[3] Batch [3100]	Speed: 4.08 samples/sec	Train-ROIPoolPenalty=2395.456693,	RCNNAcc=0.878623,	
2018-12-07 04:16:23,408 Epoch[3] Batch [3200]	Speed: 4.25 samples/sec	Train-ROIPoolPenalty=2395.003469,	RCNNAcc=0.878406,	
2018-12-07 04:17:58,216 Epoch[3] Batch [3300]	Speed: 4.22 samples/sec	Train-ROIPoolPenalty=2395.870858,	RCNNAcc=0.878665,	
2018-12-07 04:19:36,191 Epoch[3] Batch [3400]	Speed: 4.08 samples/sec	Train-ROIPoolPenalty=2395.970072,	RCNNAcc=0.878738,	
2018-12-07 04:21:14,245 Epoch[3] Batch [3500]	Speed: 4.08 samples/sec	Train-ROIPoolPenalty=2398.021880,	RCNNAcc=0.878806,	
2018-12-07 04:22:52,036 Epoch[3] Batch [3600]	Speed: 4.09 samples/sec	Train-ROIPoolPenalty=2398.543365,	RCNNAcc=0.878797,	
2018-12-07 04:24:30,828 Epoch[3] Batch [3700]	Speed: 4.05 samples/sec	Train-ROIPoolPenalty=2398.496474,	RCNNAcc=0.878553,	
2018-12-07 04:26:07,662 Epoch[3] Batch [3800]	Speed: 4.13 samples/sec	Train-ROIPoolPenalty=2398.434445,	RCNNAcc=0.878541,	
2018-12-07 04:27:40,905 Epoch[3] Batch [3900]	Speed: 4.29 samples/sec	Train-ROIPoolPenalty=2398.930775,	RCNNAcc=0.878473,	
2018-12-07 04:29:19,800 Epoch[3] Batch [4000]	Speed: 4.04 samples/sec	Train-ROIPoolPenalty=2400.147349,	RCNNAcc=0.878506,	
2018-12-07 04:30:57,956 Epoch[3] Batch [4100]	Speed: 4.08 samples/sec	Train-ROIPoolPenalty=2398.786820,	RCNNAcc=0.878214,	
2018-12-07 04:32:36,301 Epoch[3] Batch [4200]	Speed: 4.07 samples/sec	Train-ROIPoolPenalty=2398.114107,	RCNNAcc=0.877731,	
2018-12-07 04:34:14,197 Epoch[3] Batch [4300]	Speed: 4.09 samples/sec	Train-ROIPoolPenalty=2397.325620,	RCNNAcc=0.877547,	
2018-12-07 04:35:53,262 Epoch[3] Batch [4400]	Speed: 4.04 samples/sec	Train-ROIPoolPenalty=2397.428608,	RCNNAcc=0.877298,	
2018-12-07 04:37:25,521 Epoch[3] Batch [4500]	Speed: 4.34 samples/sec	Train-ROIPoolPenalty=2396.578906,	RCNNAcc=0.877461,	
2018-12-07 04:38:55,498 Epoch[3] Batch [4600]	Speed: 4.45 samples/sec	Train-ROIPoolPenalty=2396.551911,	RCNNAcc=0.877417,	
2018-12-07 04:40:21,712 Epoch[3] Batch [4700]	Speed: 4.64 samples/sec	Train-ROIPoolPenalty=2395.504462,	RCNNAcc=0.877359,	
2018-12-07 04:41:48,540 Epoch[3] Batch [4800]	Speed: 4.61 samples/sec	Train-ROIPoolPenalty=2395.505080,	RCNNAcc=0.877477,	
2018-12-07 04:43:15,188 Epoch[3] Batch [4900]	Speed: 4.62 samples/sec	Train-ROIPoolPenalty=2396.655969,	RCNNAcc=0.877564,	
2018-12-07 04:44:41,604 Epoch[3] Batch [5000]	Speed: 4.63 samples/sec	Train-ROIPoolPenalty=2398.445971,	RCNNAcc=0.877844,	
2018-12-07 04:46:08,441 Epoch[3] Batch [5100]	Speed: 4.61 samples/sec	Train-ROIPoolPenalty=2399.675930,	RCNNAcc=0.877918,	
2018-12-07 04:47:35,747 Epoch[3] Batch [5200]	Speed: 4.58 samples/sec	Train-ROIPoolPenalty=2401.116768,	RCNNAcc=0.878046,	
2018-12-07 04:49:02,230 Epoch[3] Batch [5300]	Speed: 4.63 samples/sec	Train-ROIPoolPenalty=2400.970252,	RCNNAcc=0.878003,	
2018-12-07 04:50:29,134 Epoch[3] Batch [5400]	Speed: 4.60 samples/sec	Train-ROIPoolPenalty=2400.856495,	RCNNAcc=0.877986,	
2018-12-07 04:51:56,121 Epoch[3] Batch [5500]	Speed: 4.60 samples/sec	Train-ROIPoolPenalty=2400.769540,	RCNNAcc=0.877916,	
2018-12-07 04:53:22,610 Epoch[3] Batch [5600]	Speed: 4.62 samples/sec	Train-ROIPoolPenalty=2400.158298,	RCNNAcc=0.877958,	
2018-12-07 04:54:49,796 Epoch[3] Batch [5700]	Speed: 4.59 samples/sec	Train-ROIPoolPenalty=2401.438673,	RCNNAcc=0.878070,	
2018-12-07 04:56:16,562 Epoch[3] Batch [5800]	Speed: 4.61 samples/sec	Train-ROIPoolPenalty=2401.888878,	RCNNAcc=0.877882,	
2018-12-07 04:57:42,678 Epoch[3] Batch [5900]	Speed: 4.64 samples/sec	Train-ROIPoolPenalty=2401.501757,	RCNNAcc=0.877745,	
2018-12-07 04:59:09,751 Epoch[3] Batch [6000]	Speed: 4.59 samples/sec	Train-ROIPoolPenalty=2401.609475,	RCNNAcc=0.877755,	
2018-12-07 05:00:36,339 Epoch[3] Batch [6100]	Speed: 4.62 samples/sec	Train-ROIPoolPenalty=2401.890591,	RCNNAcc=0.877898,	
2018-12-07 05:02:02,694 Epoch[3] Batch [6200]	Speed: 4.63 samples/sec	Train-ROIPoolPenalty=2402.335183,	RCNNAcc=0.877786,	
2018-12-07 05:03:29,887 Epoch[3] Batch [6300]	Speed: 4.59 samples/sec	Train-ROIPoolPenalty=2402.542426,	RCNNAcc=0.877663,	
2018-12-07 05:04:56,299 Epoch[3] Batch [6400]	Speed: 4.63 samples/sec	Train-ROIPoolPenalty=2403.367573,	RCNNAcc=0.877797,	
2018-12-07 05:06:23,312 Epoch[3] Batch [6500]	Speed: 4.60 samples/sec	Train-ROIPoolPenalty=2403.973562,	RCNNAcc=0.877809,	
2018-12-07 05:07:49,943 Epoch[3] Batch [6600]	Speed: 4.62 samples/sec	Train-ROIPoolPenalty=2403.902461,	RCNNAcc=0.877820,	
2018-12-07 05:09:16,335 Epoch[3] Batch [6700]	Speed: 4.63 samples/sec	Train-ROIPoolPenalty=2404.041196,	RCNNAcc=0.877719,	
2018-12-07 05:10:43,492 Epoch[3] Batch [6800]	Speed: 4.59 samples/sec	Train-ROIPoolPenalty=2404.210415,	RCNNAcc=0.877642,	
2018-12-07 05:12:10,538 Epoch[3] Batch [6900]	Speed: 4.60 samples/sec	Train-ROIPoolPenalty=2404.242555,	RCNNAcc=0.877575,	
2018-12-07 05:13:37,363 Epoch[3] Batch [7000]	Speed: 4.61 samples/sec	Train-ROIPoolPenalty=2404.337852,	RCNNAcc=0.877395,	
2018-12-07 05:15:04,166 Epoch[3] Batch [7100]	Speed: 4.61 samples/sec	Train-ROIPoolPenalty=2404.172061,	RCNNAcc=0.877321,	
2018-12-07 05:16:30,869 Epoch[3] Batch [7200]	Speed: 4.61 samples/sec	Train-ROIPoolPenalty=2404.126288,	RCNNAcc=0.877244,	
2018-12-07 05:17:57,784 Epoch[3] Batch [7300]	Speed: 4.60 samples/sec	Train-ROIPoolPenalty=2404.191980,	RCNNAcc=0.877149,	
2018-12-07 05:19:24,438 Epoch[3] Batch [7400]	Speed: 4.62 samples/sec	Train-ROIPoolPenalty=2405.090425,	RCNNAcc=0.877308,	
2018-12-07 05:20:51,156 Epoch[3] Batch [7500]	Speed: 4.61 samples/sec	Train-ROIPoolPenalty=2404.819366,	RCNNAcc=0.877270,	
2018-12-07 05:22:17,587 Epoch[3] Batch [7600]	Speed: 4.63 samples/sec	Train-ROIPoolPenalty=2404.644626,	RCNNAcc=0.877195,	
2018-12-07 05:23:44,411 Epoch[3] Batch [7700]	Speed: 4.61 samples/sec	Train-ROIPoolPenalty=2405.067880,	RCNNAcc=0.877267,	
2018-12-07 05:25:10,759 Epoch[3] Batch [7800]	Speed: 4.63 samples/sec	Train-ROIPoolPenalty=2405.082445,	RCNNAcc=0.877164,	
2018-12-07 05:26:37,091 Epoch[3] Batch [7900]	Speed: 4.63 samples/sec	Train-ROIPoolPenalty=2405.155999,	RCNNAcc=0.877201,	
2018-12-07 05:28:04,129 Epoch[3] Batch [8000]	Speed: 4.60 samples/sec	Train-ROIPoolPenalty=2405.270993,	RCNNAcc=0.877214,	
2018-12-07 05:29:30,824 Epoch[3] Batch [8100]	Speed: 4.61 samples/sec	Train-ROIPoolPenalty=2405.675446,	RCNNAcc=0.877257,	
2018-12-07 05:30:57,307 Epoch[3] Batch [8200]	Speed: 4.63 samples/sec	Train-ROIPoolPenalty=2405.894222,	RCNNAcc=0.877278,	
2018-12-07 05:32:01,258 Epoch[3] Train-ROIPoolPenalty=2406.547824
2018-12-07 05:32:01,259 Epoch[3] Train-RCNNAcc=0.877371
2018-12-07 05:32:01,259 Epoch[3] Time cost=7651.859
2018-12-07 05:32:02,205 Saved checkpoint to "output/r_5-3.yaml/2007_trainval_2012_trainval/first-0004.params"
2018-12-07 05:32:05,799 Saved optimizer state to "output/r_5-3.yaml/2007_trainval_2012_trainval/first-0004.states"
2018-12-07 05:32:06,249 Saved checkpoint to "output/r_5-3.yaml/2007_trainval_2012_trainval/first-0004.params"
2018-12-07 05:33:33,779 Epoch[4] Batch [100]	Speed: 4.63 samples/sec	Train-ROIPoolPenalty=2501.037048,	RCNNAcc=0.888382,	
2018-12-07 05:35:00,867 Epoch[4] Batch [200]	Speed: 4.59 samples/sec	Train-ROIPoolPenalty=2493.668076,	RCNNAcc=0.889750,	
2018-12-07 05:36:27,869 Epoch[4] Batch [300]	Speed: 4.60 samples/sec	Train-ROIPoolPenalty=2490.950331,	RCNNAcc=0.888769,	
2018-12-07 05:37:55,032 Epoch[4] Batch [400]	Speed: 4.59 samples/sec	Train-ROIPoolPenalty=2494.310385,	RCNNAcc=0.888107,	
2018-12-07 05:39:21,338 Epoch[4] Batch [500]	Speed: 4.63 samples/sec	Train-ROIPoolPenalty=2486.323562,	RCNNAcc=0.888142,	
2018-12-07 05:40:48,182 Epoch[4] Batch [600]	Speed: 4.61 samples/sec	Train-ROIPoolPenalty=2491.508382,	RCNNAcc=0.888639,	
2018-12-07 05:42:15,148 Epoch[4] Batch [700]	Speed: 4.60 samples/sec	Train-ROIPoolPenalty=2493.040248,	RCNNAcc=0.888468,	
2018-12-07 05:43:41,690 Epoch[4] Batch [800]	Speed: 4.62 samples/sec	Train-ROIPoolPenalty=2488.228701,	RCNNAcc=0.885804,	
2018-12-07 05:45:08,537 Epoch[4] Batch [900]	Speed: 4.61 samples/sec	Train-ROIPoolPenalty=2479.362002,	RCNNAcc=0.884152,	
2018-12-07 05:46:35,367 Epoch[4] Batch [1000]	Speed: 4.61 samples/sec	Train-ROIPoolPenalty=2476.828636,	RCNNAcc=0.885168,	
2018-12-07 05:48:02,039 Epoch[4] Batch [1100]	Speed: 4.62 samples/sec	Train-ROIPoolPenalty=2480.240723,	RCNNAcc=0.885727,	
2018-12-07 05:49:29,456 Epoch[4] Batch [1200]	Speed: 4.58 samples/sec	Train-ROIPoolPenalty=2481.596125,	RCNNAcc=0.885813,	
2018-12-07 05:50:56,729 Epoch[4] Batch [1300]	Speed: 4.58 samples/sec	Train-ROIPoolPenalty=2484.015307,	RCNNAcc=0.885453,	
2018-12-07 05:52:23,395 Epoch[4] Batch [1400]	Speed: 4.62 samples/sec	Train-ROIPoolPenalty=2486.287780,	RCNNAcc=0.885912,	
2018-12-07 05:53:49,824 Epoch[4] Batch [1500]	Speed: 4.63 samples/sec	Train-ROIPoolPenalty=2488.528644,	RCNNAcc=0.885332,	
2018-12-07 05:55:16,506 Epoch[4] Batch [1600]	Speed: 4.61 samples/sec	Train-ROIPoolPenalty=2490.641580,	RCNNAcc=0.885790,	
2018-12-07 05:56:44,322 Epoch[4] Batch [1700]	Speed: 4.56 samples/sec	Train-ROIPoolPenalty=2494.495793,	RCNNAcc=0.885906,	
2018-12-07 05:58:11,111 Epoch[4] Batch [1800]	Speed: 4.61 samples/sec	Train-ROIPoolPenalty=2497.823964,	RCNNAcc=0.886322,	
2018-12-07 05:59:38,309 Epoch[4] Batch [1900]	Speed: 4.59 samples/sec	Train-ROIPoolPenalty=2498.714633,	RCNNAcc=0.886745,	
2018-12-07 06:01:05,423 Epoch[4] Batch [2000]	Speed: 4.59 samples/sec	Train-ROIPoolPenalty=2500.172277,	RCNNAcc=0.886934,	
2018-12-07 06:02:32,123 Epoch[4] Batch [2100]	Speed: 4.61 samples/sec	Train-ROIPoolPenalty=2498.128388,	RCNNAcc=0.887116,	
2018-12-07 06:03:58,686 Epoch[4] Batch [2200]	Speed: 4.62 samples/sec	Train-ROIPoolPenalty=2495.604200,	RCNNAcc=0.887558,	
2018-12-07 06:05:25,615 Epoch[4] Batch [2300]	Speed: 4.60 samples/sec	Train-ROIPoolPenalty=2495.379044,	RCNNAcc=0.887728,	
2018-12-07 06:06:52,274 Epoch[4] Batch [2400]	Speed: 4.62 samples/sec	Train-ROIPoolPenalty=2496.145458,	RCNNAcc=0.888027,	
2018-12-07 06:08:18,776 Epoch[4] Batch [2500]	Speed: 4.62 samples/sec	Train-ROIPoolPenalty=2496.052336,	RCNNAcc=0.888017,	
2018-12-07 06:09:45,612 Epoch[4] Batch [2600]	Speed: 4.61 samples/sec	Train-ROIPoolPenalty=2498.024498,	RCNNAcc=0.888294,	
2018-12-07 06:11:13,222 Epoch[4] Batch [2700]	Speed: 4.57 samples/sec	Train-ROIPoolPenalty=2501.538586,	RCNNAcc=0.888720,	
2018-12-07 06:12:40,339 Epoch[4] Batch [2800]	Speed: 4.59 samples/sec	Train-ROIPoolPenalty=2503.419763,	RCNNAcc=0.888469,	
2018-12-07 06:14:07,545 Epoch[4] Batch [2900]	Speed: 4.59 samples/sec	Train-ROIPoolPenalty=2504.358884,	RCNNAcc=0.888322,	
2018-12-07 06:15:33,903 Epoch[4] Batch [3000]	Speed: 4.63 samples/sec	Train-ROIPoolPenalty=2505.202024,	RCNNAcc=0.888322,	
2018-12-07 06:17:01,186 Epoch[4] Batch [3100]	Speed: 4.58 samples/sec	Train-ROIPoolPenalty=2505.103495,	RCNNAcc=0.888299,	
2018-12-07 06:18:28,503 Epoch[4] Batch [3200]	Speed: 4.58 samples/sec	Train-ROIPoolPenalty=2504.135188,	RCNNAcc=0.887917,	
2018-12-07 06:19:54,853 Epoch[4] Batch [3300]	Speed: 4.63 samples/sec	Train-ROIPoolPenalty=2503.123713,	RCNNAcc=0.887962,	
2018-12-07 06:21:21,438 Epoch[4] Batch [3400]	Speed: 4.62 samples/sec	Train-ROIPoolPenalty=2503.693826,	RCNNAcc=0.887864,	
2018-12-07 06:22:47,547 Epoch[4] Batch [3500]	Speed: 4.65 samples/sec	Train-ROIPoolPenalty=2504.981403,	RCNNAcc=0.888102,	
2018-12-07 06:24:14,064 Epoch[4] Batch [3600]	Speed: 4.62 samples/sec	Train-ROIPoolPenalty=2504.317094,	RCNNAcc=0.888231,	
2018-12-07 06:25:40,516 Epoch[4] Batch [3700]	Speed: 4.63 samples/sec	Train-ROIPoolPenalty=2503.254026,	RCNNAcc=0.887992,	
2018-12-07 06:27:08,308 Epoch[4] Batch [3800]	Speed: 4.56 samples/sec	Train-ROIPoolPenalty=2502.037764,	RCNNAcc=0.888127,	
2018-12-07 06:28:35,183 Epoch[4] Batch [3900]	Speed: 4.60 samples/sec	Train-ROIPoolPenalty=2501.609218,	RCNNAcc=0.887920,	
2018-12-07 06:30:01,891 Epoch[4] Batch [4000]	Speed: 4.61 samples/sec	Train-ROIPoolPenalty=2501.610633,	RCNNAcc=0.888000,	
2018-12-07 06:31:29,006 Epoch[4] Batch [4100]	Speed: 4.59 samples/sec	Train-ROIPoolPenalty=2503.030515,	RCNNAcc=0.888390,	
2018-12-07 06:32:55,983 Epoch[4] Batch [4200]	Speed: 4.60 samples/sec	Train-ROIPoolPenalty=2504.097363,	RCNNAcc=0.888276,	
2018-12-07 06:34:22,983 Epoch[4] Batch [4300]	Speed: 4.60 samples/sec	Train-ROIPoolPenalty=2505.430385,	RCNNAcc=0.888246,	
2018-12-07 06:35:50,077 Epoch[4] Batch [4400]	Speed: 4.59 samples/sec	Train-ROIPoolPenalty=2505.567229,	RCNNAcc=0.888058,	
2018-12-07 06:37:17,243 Epoch[4] Batch [4500]	Speed: 4.59 samples/sec	Train-ROIPoolPenalty=2506.049664,	RCNNAcc=0.887972,	
2018-12-07 06:38:44,661 Epoch[4] Batch [4600]	Speed: 4.58 samples/sec	Train-ROIPoolPenalty=2505.943401,	RCNNAcc=0.888080,	
2018-12-07 06:40:11,411 Epoch[4] Batch [4700]	Speed: 4.61 samples/sec	Train-ROIPoolPenalty=2505.923775,	RCNNAcc=0.888102,	
2018-12-07 06:41:37,969 Epoch[4] Batch [4800]	Speed: 4.62 samples/sec	Train-ROIPoolPenalty=2505.831848,	RCNNAcc=0.888078,	
2018-12-07 06:43:04,731 Epoch[4] Batch [4900]	Speed: 4.61 samples/sec	Train-ROIPoolPenalty=2505.670539,	RCNNAcc=0.888248,	
2018-12-07 06:44:31,244 Epoch[4] Batch [5000]	Speed: 4.62 samples/sec	Train-ROIPoolPenalty=2506.117794,	RCNNAcc=0.888162,	
2018-12-07 06:45:58,180 Epoch[4] Batch [5100]	Speed: 4.60 samples/sec	Train-ROIPoolPenalty=2505.860688,	RCNNAcc=0.888268,	
2018-12-07 06:47:24,471 Epoch[4] Batch [5200]	Speed: 4.64 samples/sec	Train-ROIPoolPenalty=2505.729509,	RCNNAcc=0.888233,	
2018-12-07 06:48:51,664 Epoch[4] Batch [5300]	Speed: 4.59 samples/sec	Train-ROIPoolPenalty=2506.059223,	RCNNAcc=0.888174,	
2018-12-07 06:50:18,420 Epoch[4] Batch [5400]	Speed: 4.61 samples/sec	Train-ROIPoolPenalty=2505.658609,	RCNNAcc=0.888263,	
2018-12-07 06:51:45,486 Epoch[4] Batch [5500]	Speed: 4.59 samples/sec	Train-ROIPoolPenalty=2506.178030,	RCNNAcc=0.888249,	
2018-12-07 06:53:12,245 Epoch[4] Batch [5600]	Speed: 4.61 samples/sec	Train-ROIPoolPenalty=2505.923134,	RCNNAcc=0.888186,	
2018-12-07 06:54:39,736 Epoch[4] Batch [5700]	Speed: 4.57 samples/sec	Train-ROIPoolPenalty=2506.231713,	RCNNAcc=0.888336,	
2018-12-07 06:56:06,798 Epoch[4] Batch [5800]	Speed: 4.59 samples/sec	Train-ROIPoolPenalty=2506.277645,	RCNNAcc=0.888224,	
2018-12-07 06:57:33,524 Epoch[4] Batch [5900]	Speed: 4.61 samples/sec	Train-ROIPoolPenalty=2506.449922,	RCNNAcc=0.888202,	
2018-12-07 06:59:00,856 Epoch[4] Batch [6000]	Speed: 4.58 samples/sec	Train-ROIPoolPenalty=2506.581745,	RCNNAcc=0.888184,	
2018-12-07 07:00:27,601 Epoch[4] Batch [6100]	Speed: 4.61 samples/sec	Train-ROIPoolPenalty=2506.635398,	RCNNAcc=0.888111,	
2018-12-07 07:01:54,385 Epoch[4] Batch [6200]	Speed: 4.61 samples/sec	Train-ROIPoolPenalty=2506.950735,	RCNNAcc=0.887998,	
2018-12-07 07:03:21,501 Epoch[4] Batch [6300]	Speed: 4.59 samples/sec	Train-ROIPoolPenalty=2508.064172,	RCNNAcc=0.888174,	
2018-12-07 07:04:48,889 Epoch[4] Batch [6400]	Speed: 4.58 samples/sec	Train-ROIPoolPenalty=2509.199776,	RCNNAcc=0.888252,	
2018-12-07 07:06:15,837 Epoch[4] Batch [6500]	Speed: 4.60 samples/sec	Train-ROIPoolPenalty=2510.336176,	RCNNAcc=0.888376,	
2018-12-07 07:07:42,923 Epoch[4] Batch [6600]	Speed: 4.59 samples/sec	Train-ROIPoolPenalty=2511.390901,	RCNNAcc=0.888522,	
2018-12-07 07:09:09,912 Epoch[4] Batch [6700]	Speed: 4.60 samples/sec	Train-ROIPoolPenalty=2511.650636,	RCNNAcc=0.888474,	
2018-12-07 07:10:37,373 Epoch[4] Batch [6800]	Speed: 4.57 samples/sec	Train-ROIPoolPenalty=2512.159580,	RCNNAcc=0.888480,	
2018-12-07 07:11:37,273 Update[39971]: Change learning rate to 5.00000e-05
2018-12-07 07:12:04,222 Epoch[4] Batch [6900]	Speed: 4.61 samples/sec	Train-ROIPoolPenalty=2511.907813,	RCNNAcc=0.888422,	
2018-12-07 07:13:30,850 Epoch[4] Batch [7000]	Speed: 4.62 samples/sec	Train-ROIPoolPenalty=2511.959746,	RCNNAcc=0.888380,	
2018-12-07 07:14:57,487 Epoch[4] Batch [7100]	Speed: 4.62 samples/sec	Train-ROIPoolPenalty=2512.747111,	RCNNAcc=0.888461,	
2018-12-07 07:16:24,019 Epoch[4] Batch [7200]	Speed: 4.62 samples/sec	Train-ROIPoolPenalty=2513.955751,	RCNNAcc=0.888665,	
2018-12-07 07:17:50,619 Epoch[4] Batch [7300]	Speed: 4.62 samples/sec	Train-ROIPoolPenalty=2515.328217,	RCNNAcc=0.888805,	
2018-12-07 07:19:17,904 Epoch[4] Batch [7400]	Speed: 4.58 samples/sec	Train-ROIPoolPenalty=2516.429736,	RCNNAcc=0.888804,	
2018-12-07 07:20:44,386 Epoch[4] Batch [7500]	Speed: 4.63 samples/sec	Train-ROIPoolPenalty=2517.932065,	RCNNAcc=0.888975,	
2018-12-07 07:22:11,277 Epoch[4] Batch [7600]	Speed: 4.60 samples/sec	Train-ROIPoolPenalty=2519.400364,	RCNNAcc=0.889026,	
2018-12-07 07:23:37,462 Epoch[4] Batch [7700]	Speed: 4.64 samples/sec	Train-ROIPoolPenalty=2520.696024,	RCNNAcc=0.889171,	
2018-12-07 07:25:03,330 Epoch[4] Batch [7800]	Speed: 4.66 samples/sec	Train-ROIPoolPenalty=2522.031084,	RCNNAcc=0.889275,	
2018-12-07 07:26:28,378 Epoch[4] Batch [7900]	Speed: 4.70 samples/sec	Train-ROIPoolPenalty=2523.720855,	RCNNAcc=0.889514,	
2018-12-07 07:27:54,826 Epoch[4] Batch [8000]	Speed: 4.63 samples/sec	Train-ROIPoolPenalty=2525.187537,	RCNNAcc=0.889707,	
2018-12-07 07:29:21,641 Epoch[4] Batch [8100]	Speed: 4.61 samples/sec	Train-ROIPoolPenalty=2526.923153,	RCNNAcc=0.889905,	
2018-12-07 07:30:48,647 Epoch[4] Batch [8200]	Speed: 4.60 samples/sec	Train-ROIPoolPenalty=2528.618273,	RCNNAcc=0.890048,	
2018-12-07 07:31:52,693 Epoch[4] Train-ROIPoolPenalty=2529.740710
2018-12-07 07:31:52,694 Epoch[4] Train-RCNNAcc=0.890063
2018-12-07 07:31:52,694 Epoch[4] Time cost=7186.402
2018-12-07 07:31:53,807 Saved checkpoint to "output/r_5-3.yaml/2007_trainval_2012_trainval/first-0005.params"
2018-12-07 07:31:56,806 Saved optimizer state to "output/r_5-3.yaml/2007_trainval_2012_trainval/first-0005.states"
2018-12-07 07:31:57,320 Saved checkpoint to "output/r_5-3.yaml/2007_trainval_2012_trainval/first-0005.params"
2018-12-07 07:33:24,911 Epoch[5] Batch [100]	Speed: 4.62 samples/sec	Train-ROIPoolPenalty=2671.332408,	RCNNAcc=0.912767,	
2018-12-07 07:34:51,744 Epoch[5] Batch [200]	Speed: 4.61 samples/sec	Train-ROIPoolPenalty=2684.069007,	RCNNAcc=0.913207,	
2018-12-07 07:36:17,630 Epoch[5] Batch [300]	Speed: 4.66 samples/sec	Train-ROIPoolPenalty=2687.174449,	RCNNAcc=0.911778,	
2018-12-07 07:37:43,424 Epoch[5] Batch [400]	Speed: 4.66 samples/sec	Train-ROIPoolPenalty=2695.791189,	RCNNAcc=0.912519,	
2018-12-07 07:39:09,446 Epoch[5] Batch [500]	Speed: 4.65 samples/sec	Train-ROIPoolPenalty=2706.075044,	RCNNAcc=0.912963,	
2018-12-07 07:40:36,636 Epoch[5] Batch [600]	Speed: 4.59 samples/sec	Train-ROIPoolPenalty=2711.724957,	RCNNAcc=0.911869,	
2018-12-07 07:42:03,150 Epoch[5] Batch [700]	Speed: 4.62 samples/sec	Train-ROIPoolPenalty=2716.324384,	RCNNAcc=0.910688,	
2018-12-07 07:43:29,754 Epoch[5] Batch [800]	Speed: 4.62 samples/sec	Train-ROIPoolPenalty=2718.932668,	RCNNAcc=0.910156,	
2018-12-07 07:44:56,183 Epoch[5] Batch [900]	Speed: 4.63 samples/sec	Train-ROIPoolPenalty=2719.707437,	RCNNAcc=0.909376,	
2018-12-07 07:46:22,886 Epoch[5] Batch [1000]	Speed: 4.61 samples/sec	Train-ROIPoolPenalty=2722.957218,	RCNNAcc=0.909588,	
2018-12-07 07:47:49,734 Epoch[5] Batch [1100]	Speed: 4.61 samples/sec	Train-ROIPoolPenalty=2724.216133,	RCNNAcc=0.909583,	
2018-12-07 07:49:16,516 Epoch[5] Batch [1200]	Speed: 4.61 samples/sec	Train-ROIPoolPenalty=2726.127591,	RCNNAcc=0.910137,	
2018-12-07 07:50:44,104 Epoch[5] Batch [1300]	Speed: 4.57 samples/sec	Train-ROIPoolPenalty=2726.758057,	RCNNAcc=0.909638,	
2018-12-07 07:52:11,277 Epoch[5] Batch [1400]	Speed: 4.59 samples/sec	Train-ROIPoolPenalty=2727.856175,	RCNNAcc=0.909730,	
2018-12-07 07:53:38,373 Epoch[5] Batch [1500]	Speed: 4.59 samples/sec	Train-ROIPoolPenalty=2730.288145,	RCNNAcc=0.910083,	
2018-12-07 07:55:04,925 Epoch[5] Batch [1600]	Speed: 4.62 samples/sec	Train-ROIPoolPenalty=2732.722069,	RCNNAcc=0.910215,	
2018-12-07 07:56:31,788 Epoch[5] Batch [1700]	Speed: 4.61 samples/sec	Train-ROIPoolPenalty=2733.649688,	RCNNAcc=0.910338,	
2018-12-07 07:57:58,364 Epoch[5] Batch [1800]	Speed: 4.62 samples/sec	Train-ROIPoolPenalty=2735.895408,	RCNNAcc=0.910112,	
2018-12-07 07:59:25,263 Epoch[5] Batch [1900]	Speed: 4.60 samples/sec	Train-ROIPoolPenalty=2738.148566,	RCNNAcc=0.910102,	
2018-12-07 08:00:52,156 Epoch[5] Batch [2000]	Speed: 4.60 samples/sec	Train-ROIPoolPenalty=2740.944237,	RCNNAcc=0.910617,	
2018-12-07 08:02:19,264 Epoch[5] Batch [2100]	Speed: 4.59 samples/sec	Train-ROIPoolPenalty=2742.235552,	RCNNAcc=0.910751,	
2018-12-07 08:03:45,854 Epoch[5] Batch [2200]	Speed: 4.62 samples/sec	Train-ROIPoolPenalty=2744.140286,	RCNNAcc=0.910940,	
2018-12-07 08:05:13,215 Epoch[5] Batch [2300]	Speed: 4.58 samples/sec	Train-ROIPoolPenalty=2745.456568,	RCNNAcc=0.911173,	
2018-12-07 08:06:39,828 Epoch[5] Batch [2400]	Speed: 4.62 samples/sec	Train-ROIPoolPenalty=2747.059329,	RCNNAcc=0.911295,	
2018-12-07 08:08:06,496 Epoch[5] Batch [2500]	Speed: 4.62 samples/sec	Train-ROIPoolPenalty=2747.178291,	RCNNAcc=0.911082,	
2018-12-07 08:09:33,067 Epoch[5] Batch [2600]	Speed: 4.62 samples/sec	Train-ROIPoolPenalty=2748.354334,	RCNNAcc=0.911466,	
2018-12-07 08:10:59,808 Epoch[5] Batch [2700]	Speed: 4.61 samples/sec	Train-ROIPoolPenalty=2748.520028,	RCNNAcc=0.911802,	
2018-12-07 08:12:26,498 Epoch[5] Batch [2800]	Speed: 4.61 samples/sec	Train-ROIPoolPenalty=2749.890749,	RCNNAcc=0.911816,	
2018-12-07 08:13:53,662 Epoch[5] Batch [2900]	Speed: 4.59 samples/sec	Train-ROIPoolPenalty=2751.170429,	RCNNAcc=0.911960,	
2018-12-07 08:15:20,642 Epoch[5] Batch [3000]	Speed: 4.60 samples/sec	Train-ROIPoolPenalty=2752.123098,	RCNNAcc=0.912096,	
2018-12-07 08:16:47,894 Epoch[5] Batch [3100]	Speed: 4.58 samples/sec	Train-ROIPoolPenalty=2753.330838,	RCNNAcc=0.912337,	
2018-12-07 08:18:15,299 Epoch[5] Batch [3200]	Speed: 4.58 samples/sec	Train-ROIPoolPenalty=2754.074462,	RCNNAcc=0.912374,	
2018-12-07 08:19:42,484 Epoch[5] Batch [3300]	Speed: 4.59 samples/sec	Train-ROIPoolPenalty=2755.292500,	RCNNAcc=0.912673,	
2018-12-07 08:21:09,492 Epoch[5] Batch [3400]	Speed: 4.60 samples/sec	Train-ROIPoolPenalty=2756.021641,	RCNNAcc=0.912831,	
2018-12-07 08:22:36,404 Epoch[5] Batch [3500]	Speed: 4.60 samples/sec	Train-ROIPoolPenalty=2756.927074,	RCNNAcc=0.912928,	
2018-12-07 08:24:03,131 Epoch[5] Batch [3600]	Speed: 4.61 samples/sec	Train-ROIPoolPenalty=2758.419917,	RCNNAcc=0.912946,	
2018-12-07 08:25:30,182 Epoch[5] Batch [3700]	Speed: 4.60 samples/sec	Train-ROIPoolPenalty=2760.078051,	RCNNAcc=0.912905,	
2018-12-07 08:26:57,577 Epoch[5] Batch [3800]	Speed: 4.58 samples/sec	Train-ROIPoolPenalty=2761.484021,	RCNNAcc=0.912989,	
2018-12-07 08:28:24,783 Epoch[5] Batch [3900]	Speed: 4.59 samples/sec	Train-ROIPoolPenalty=2762.825510,	RCNNAcc=0.913225,	
2018-12-07 08:29:51,373 Epoch[5] Batch [4000]	Speed: 4.62 samples/sec	Train-ROIPoolPenalty=2763.209670,	RCNNAcc=0.913111,	
2018-12-07 08:31:18,370 Epoch[5] Batch [4100]	Speed: 4.60 samples/sec	Train-ROIPoolPenalty=2764.272677,	RCNNAcc=0.913060,	
2018-12-07 08:32:45,080 Epoch[5] Batch [4200]	Speed: 4.61 samples/sec	Train-ROIPoolPenalty=2765.672938,	RCNNAcc=0.913131,	
2018-12-07 08:34:12,072 Epoch[5] Batch [4300]	Speed: 4.60 samples/sec	Train-ROIPoolPenalty=2766.730843,	RCNNAcc=0.912955,	
2018-12-07 08:35:39,377 Epoch[5] Batch [4400]	Speed: 4.58 samples/sec	Train-ROIPoolPenalty=2767.745469,	RCNNAcc=0.913203,	
2018-12-07 08:37:06,019 Epoch[5] Batch [4500]	Speed: 4.62 samples/sec	Train-ROIPoolPenalty=2768.907642,	RCNNAcc=0.913232,	
2018-12-07 08:38:33,048 Epoch[5] Batch [4600]	Speed: 4.60 samples/sec	Train-ROIPoolPenalty=2770.347884,	RCNNAcc=0.913260,	
2018-12-07 08:39:59,747 Epoch[5] Batch [4700]	Speed: 4.61 samples/sec	Train-ROIPoolPenalty=2771.175547,	RCNNAcc=0.913312,	
2018-12-07 08:41:26,221 Epoch[5] Batch [4800]	Speed: 4.63 samples/sec	Train-ROIPoolPenalty=2772.664135,	RCNNAcc=0.913420,	
2018-12-07 08:42:53,351 Epoch[5] Batch [4900]	Speed: 4.59 samples/sec	Train-ROIPoolPenalty=2773.595373,	RCNNAcc=0.913413,	
2018-12-07 08:44:20,305 Epoch[5] Batch [5000]	Speed: 4.60 samples/sec	Train-ROIPoolPenalty=2774.658825,	RCNNAcc=0.913495,	
2018-12-07 08:45:47,640 Epoch[5] Batch [5100]	Speed: 4.58 samples/sec	Train-ROIPoolPenalty=2775.606698,	RCNNAcc=0.913674,	
2018-12-07 08:47:14,425 Epoch[5] Batch [5200]	Speed: 4.61 samples/sec	Train-ROIPoolPenalty=2776.086734,	RCNNAcc=0.913693,	
2018-12-07 08:48:40,783 Epoch[5] Batch [5300]	Speed: 4.63 samples/sec	Train-ROIPoolPenalty=2776.467144,	RCNNAcc=0.913702,	
2018-12-07 08:50:07,397 Epoch[5] Batch [5400]	Speed: 4.62 samples/sec	Train-ROIPoolPenalty=2777.573738,	RCNNAcc=0.913812,	
2018-12-07 08:51:34,294 Epoch[5] Batch [5500]	Speed: 4.60 samples/sec	Train-ROIPoolPenalty=2778.312760,	RCNNAcc=0.913985,	
2018-12-07 08:53:00,689 Epoch[5] Batch [5600]	Speed: 4.63 samples/sec	Train-ROIPoolPenalty=2779.518339,	RCNNAcc=0.914174,	
2018-12-07 08:54:27,774 Epoch[5] Batch [5700]	Speed: 4.59 samples/sec	Train-ROIPoolPenalty=2780.563049,	RCNNAcc=0.914213,	
2018-12-07 08:55:54,764 Epoch[5] Batch [5800]	Speed: 4.60 samples/sec	Train-ROIPoolPenalty=2781.465891,	RCNNAcc=0.914355,	
2018-12-07 08:57:21,759 Epoch[5] Batch [5900]	Speed: 4.60 samples/sec	Train-ROIPoolPenalty=2782.141938,	RCNNAcc=0.914337,	
2018-12-07 08:58:48,567 Epoch[5] Batch [6000]	Speed: 4.61 samples/sec	Train-ROIPoolPenalty=2783.056257,	RCNNAcc=0.914244,	
2018-12-07 09:00:15,232 Epoch[5] Batch [6100]	Speed: 4.62 samples/sec	Train-ROIPoolPenalty=2783.933826,	RCNNAcc=0.914304,	
2018-12-07 09:01:42,123 Epoch[5] Batch [6200]	Speed: 4.60 samples/sec	Train-ROIPoolPenalty=2784.510556,	RCNNAcc=0.914311,	
2018-12-07 09:03:09,396 Epoch[5] Batch [6300]	Speed: 4.58 samples/sec	Train-ROIPoolPenalty=2785.535596,	RCNNAcc=0.914401,	
2018-12-07 09:04:36,418 Epoch[5] Batch [6400]	Speed: 4.60 samples/sec	Train-ROIPoolPenalty=2786.447923,	RCNNAcc=0.914429,	
2018-12-07 09:06:03,227 Epoch[5] Batch [6500]	Speed: 4.61 samples/sec	Train-ROIPoolPenalty=2787.067787,	RCNNAcc=0.914469,	
2018-12-07 09:07:29,788 Epoch[5] Batch [6600]	Speed: 4.62 samples/sec	Train-ROIPoolPenalty=2787.478149,	RCNNAcc=0.914434,	
2018-12-07 09:08:56,329 Epoch[5] Batch [6700]	Speed: 4.62 samples/sec	Train-ROIPoolPenalty=2788.391558,	RCNNAcc=0.914432,	
2018-12-07 09:10:23,765 Epoch[5] Batch [6800]	Speed: 4.57 samples/sec	Train-ROIPoolPenalty=2789.403261,	RCNNAcc=0.914552,	
2018-12-07 09:11:49,633 Epoch[5] Batch [6900]	Speed: 4.66 samples/sec	Train-ROIPoolPenalty=2790.455899,	RCNNAcc=0.914575,	
2018-12-07 09:13:17,107 Epoch[5] Batch [7000]	Speed: 4.57 samples/sec	Train-ROIPoolPenalty=2791.113483,	RCNNAcc=0.914709,	
2018-12-07 09:14:44,047 Epoch[5] Batch [7100]	Speed: 4.60 samples/sec	Train-ROIPoolPenalty=2791.756714,	RCNNAcc=0.914826,	
2018-12-07 09:16:10,268 Epoch[5] Batch [7200]	Speed: 4.64 samples/sec	Train-ROIPoolPenalty=2792.767878,	RCNNAcc=0.914842,	
2018-12-07 09:17:37,153 Epoch[5] Batch [7300]	Speed: 4.60 samples/sec	Train-ROIPoolPenalty=2793.639169,	RCNNAcc=0.914886,	
2018-12-07 09:19:03,520 Epoch[5] Batch [7400]	Speed: 4.63 samples/sec	Train-ROIPoolPenalty=2794.472446,	RCNNAcc=0.914986,	
2018-12-07 09:20:30,091 Epoch[5] Batch [7500]	Speed: 4.62 samples/sec	Train-ROIPoolPenalty=2795.314293,	RCNNAcc=0.915142,	
2018-12-07 09:21:57,303 Epoch[5] Batch [7600]	Speed: 4.59 samples/sec	Train-ROIPoolPenalty=2795.931790,	RCNNAcc=0.915207,	
2018-12-07 09:23:24,138 Epoch[5] Batch [7700]	Speed: 4.61 samples/sec	Train-ROIPoolPenalty=2796.772509,	RCNNAcc=0.915179,	
2018-12-07 09:24:50,842 Epoch[5] Batch [7800]	Speed: 4.61 samples/sec	Train-ROIPoolPenalty=2797.511708,	RCNNAcc=0.915219,	
2018-12-07 09:26:16,988 Epoch[5] Batch [7900]	Speed: 4.64 samples/sec	Train-ROIPoolPenalty=2798.287527,	RCNNAcc=0.915261,	
2018-12-07 09:27:44,153 Epoch[5] Batch [8000]	Speed: 4.59 samples/sec	Train-ROIPoolPenalty=2799.149158,	RCNNAcc=0.915321,	
2018-12-07 09:29:10,250 Epoch[5] Batch [8100]	Speed: 4.65 samples/sec	Train-ROIPoolPenalty=2799.986081,	RCNNAcc=0.915418,	
2018-12-07 09:30:37,010 Epoch[5] Batch [8200]	Speed: 4.61 samples/sec	Train-ROIPoolPenalty=2801.019310,	RCNNAcc=0.915493,	
2018-12-07 09:31:41,367 Epoch[5] Train-ROIPoolPenalty=2801.669559
2018-12-07 09:31:41,368 Epoch[5] Train-RCNNAcc=0.915574
2018-12-07 09:31:41,368 Epoch[5] Time cost=7183.996
2018-12-07 09:31:42,323 Saved checkpoint to "output/r_5-3.yaml/2007_trainval_2012_trainval/first-0006.params"
2018-12-07 09:31:45,090 Saved optimizer state to "output/r_5-3.yaml/2007_trainval_2012_trainval/first-0006.states"
2018-12-07 09:31:45,615 Saved checkpoint to "output/r_5-3.yaml/2007_trainval_2012_trainval/first-0006.params"
2018-12-07 09:33:13,171 Epoch[6] Batch [100]	Speed: 4.62 samples/sec	Train-ROIPoolPenalty=2857.400409,	RCNNAcc=0.917891,	
2018-12-07 09:34:39,789 Epoch[6] Batch [200]	Speed: 4.62 samples/sec	Train-ROIPoolPenalty=2877.931068,	RCNNAcc=0.919096,	
2018-12-07 09:36:06,238 Epoch[6] Batch [300]	Speed: 4.63 samples/sec	Train-ROIPoolPenalty=2877.903499,	RCNNAcc=0.918708,	
2018-12-07 09:37:33,408 Epoch[6] Batch [400]	Speed: 4.59 samples/sec	Train-ROIPoolPenalty=2877.636894,	RCNNAcc=0.919990,	
2018-12-07 09:39:00,264 Epoch[6] Batch [500]	Speed: 4.61 samples/sec	Train-ROIPoolPenalty=2881.703711,	RCNNAcc=0.920807,	
2018-12-07 09:40:27,712 Epoch[6] Batch [600]	Speed: 4.57 samples/sec	Train-ROIPoolPenalty=2887.727001,	RCNNAcc=0.921667,	
2018-12-07 09:41:54,785 Epoch[6] Batch [700]	Speed: 4.59 samples/sec	Train-ROIPoolPenalty=2887.630835,	RCNNAcc=0.921145,	
2018-12-07 09:43:21,374 Epoch[6] Batch [800]	Speed: 4.62 samples/sec	Train-ROIPoolPenalty=2887.202876,	RCNNAcc=0.920566,	
2018-12-07 09:44:48,344 Epoch[6] Batch [900]	Speed: 4.60 samples/sec	Train-ROIPoolPenalty=2886.146370,	RCNNAcc=0.920904,	
2018-12-07 09:46:15,504 Epoch[6] Batch [1000]	Speed: 4.59 samples/sec	Train-ROIPoolPenalty=2887.591862,	RCNNAcc=0.921007,	
2018-12-07 09:47:42,390 Epoch[6] Batch [1100]	Speed: 4.60 samples/sec	Train-ROIPoolPenalty=2892.860134,	RCNNAcc=0.921194,	
2018-12-07 09:49:09,357 Epoch[6] Batch [1200]	Speed: 4.60 samples/sec	Train-ROIPoolPenalty=2892.417938,	RCNNAcc=0.920847,	
2018-12-07 09:50:36,587 Epoch[6] Batch [1300]	Speed: 4.59 samples/sec	Train-ROIPoolPenalty=2893.867488,	RCNNAcc=0.920898,	
2018-12-07 09:52:03,622 Epoch[6] Batch [1400]	Speed: 4.60 samples/sec	Train-ROIPoolPenalty=2895.278524,	RCNNAcc=0.921241,	
2018-12-07 09:53:31,283 Epoch[6] Batch [1500]	Speed: 4.56 samples/sec	Train-ROIPoolPenalty=2896.539898,	RCNNAcc=0.921293,	
2018-12-07 09:54:58,562 Epoch[6] Batch [1600]	Speed: 4.58 samples/sec	Train-ROIPoolPenalty=2895.874538,	RCNNAcc=0.921217,	
2018-12-07 09:56:25,290 Epoch[6] Batch [1700]	Speed: 4.61 samples/sec	Train-ROIPoolPenalty=2896.061532,	RCNNAcc=0.921126,	
2018-12-07 09:57:52,340 Epoch[6] Batch [1800]	Speed: 4.60 samples/sec	Train-ROIPoolPenalty=2895.920180,	RCNNAcc=0.921121,	
2018-12-07 09:59:19,306 Epoch[6] Batch [1900]	Speed: 4.60 samples/sec	Train-ROIPoolPenalty=2896.139404,	RCNNAcc=0.921125,	
2018-12-07 10:00:46,171 Epoch[6] Batch [2000]	Speed: 4.60 samples/sec	Train-ROIPoolPenalty=2896.641976,	RCNNAcc=0.920811,	
2018-12-07 10:02:13,478 Epoch[6] Batch [2100]	Speed: 4.58 samples/sec	Train-ROIPoolPenalty=2896.319184,	RCNNAcc=0.920734,	
2018-12-07 10:03:39,988 Epoch[6] Batch [2200]	Speed: 4.62 samples/sec	Train-ROIPoolPenalty=2896.540049,	RCNNAcc=0.920555,	
2018-12-07 10:05:06,846 Epoch[6] Batch [2300]	Speed: 4.61 samples/sec	Train-ROIPoolPenalty=2896.383732,	RCNNAcc=0.920744,	
2018-12-07 10:06:33,360 Epoch[6] Batch [2400]	Speed: 4.62 samples/sec	Train-ROIPoolPenalty=2895.679923,	RCNNAcc=0.920729,	
2018-12-07 10:08:00,225 Epoch[6] Batch [2500]	Speed: 4.60 samples/sec	Train-ROIPoolPenalty=2895.261116,	RCNNAcc=0.920784,	
2018-12-07 10:09:27,254 Epoch[6] Batch [2600]	Speed: 4.60 samples/sec	Train-ROIPoolPenalty=2895.211175,	RCNNAcc=0.921159,	
2018-12-07 10:10:53,974 Epoch[6] Batch [2700]	Speed: 4.61 samples/sec	Train-ROIPoolPenalty=2895.696392,	RCNNAcc=0.921393,	
2018-12-07 10:12:21,089 Epoch[6] Batch [2800]	Speed: 4.59 samples/sec	Train-ROIPoolPenalty=2896.584842,	RCNNAcc=0.921482,	
2018-12-07 10:13:47,769 Epoch[6] Batch [2900]	Speed: 4.61 samples/sec	Train-ROIPoolPenalty=2896.655681,	RCNNAcc=0.921524,	
2018-12-07 10:15:14,721 Epoch[6] Batch [3000]	Speed: 4.60 samples/sec	Train-ROIPoolPenalty=2897.671978,	RCNNAcc=0.921645,	
2018-12-07 10:16:41,800 Epoch[6] Batch [3100]	Speed: 4.59 samples/sec	Train-ROIPoolPenalty=2897.551296,	RCNNAcc=0.921616,	
2018-12-07 10:18:08,709 Epoch[6] Batch [3200]	Speed: 4.60 samples/sec	Train-ROIPoolPenalty=2898.155038,	RCNNAcc=0.921615,	
2018-12-07 10:19:35,596 Epoch[6] Batch [3300]	Speed: 4.60 samples/sec	Train-ROIPoolPenalty=2898.230881,	RCNNAcc=0.921762,	
2018-12-07 10:21:02,331 Epoch[6] Batch [3400]	Speed: 4.61 samples/sec	Train-ROIPoolPenalty=2899.123482,	RCNNAcc=0.922008,	
2018-12-07 10:22:28,837 Epoch[6] Batch [3500]	Speed: 4.62 samples/sec	Train-ROIPoolPenalty=2899.752323,	RCNNAcc=0.922046,	
2018-12-07 10:23:55,869 Epoch[6] Batch [3600]	Speed: 4.60 samples/sec	Train-ROIPoolPenalty=2899.988247,	RCNNAcc=0.922023,	
2018-12-07 10:25:22,604 Epoch[6] Batch [3700]	Speed: 4.61 samples/sec	Train-ROIPoolPenalty=2900.409561,	RCNNAcc=0.921960,	
2018-12-07 10:26:49,566 Epoch[6] Batch [3800]	Speed: 4.60 samples/sec	Train-ROIPoolPenalty=2900.830939,	RCNNAcc=0.922058,	
2018-12-07 10:28:16,577 Epoch[6] Batch [3900]	Speed: 4.60 samples/sec	Train-ROIPoolPenalty=2901.058008,	RCNNAcc=0.922173,	
2018-12-07 10:29:43,117 Epoch[6] Batch [4000]	Speed: 4.62 samples/sec	Train-ROIPoolPenalty=2901.894541,	RCNNAcc=0.922205,	
2018-12-07 10:31:09,573 Epoch[6] Batch [4100]	Speed: 4.63 samples/sec	Train-ROIPoolPenalty=2902.308860,	RCNNAcc=0.922236,	
2018-12-07 10:32:36,180 Epoch[6] Batch [4200]	Speed: 4.62 samples/sec	Train-ROIPoolPenalty=2902.986442,	RCNNAcc=0.922280,	
2018-12-07 10:34:02,637 Epoch[6] Batch [4300]	Speed: 4.63 samples/sec	Train-ROIPoolPenalty=2903.244785,	RCNNAcc=0.922328,	
2018-12-07 10:35:30,510 Epoch[6] Batch [4400]	Speed: 4.55 samples/sec	Train-ROIPoolPenalty=2903.588786,	RCNNAcc=0.922372,	
2018-12-07 10:36:57,495 Epoch[6] Batch [4500]	Speed: 4.60 samples/sec	Train-ROIPoolPenalty=2903.845890,	RCNNAcc=0.922273,	
2018-12-07 10:38:23,599 Epoch[6] Batch [4600]	Speed: 4.65 samples/sec	Train-ROIPoolPenalty=2904.339577,	RCNNAcc=0.922331,	
2018-12-07 10:39:50,145 Epoch[6] Batch [4700]	Speed: 4.62 samples/sec	Train-ROIPoolPenalty=2904.894390,	RCNNAcc=0.922361,	
2018-12-07 10:41:16,789 Epoch[6] Batch [4800]	Speed: 4.62 samples/sec	Train-ROIPoolPenalty=2905.057728,	RCNNAcc=0.922471,	
2018-12-07 10:42:43,494 Epoch[6] Batch [4900]	Speed: 4.61 samples/sec	Train-ROIPoolPenalty=2905.373956,	RCNNAcc=0.922518,	
2018-12-07 10:44:10,607 Epoch[6] Batch [5000]	Speed: 4.59 samples/sec	Train-ROIPoolPenalty=2905.533579,	RCNNAcc=0.922446,	
2018-12-07 10:45:37,441 Epoch[6] Batch [5100]	Speed: 4.61 samples/sec	Train-ROIPoolPenalty=2905.811240,	RCNNAcc=0.922387,	
2018-12-07 10:47:04,409 Epoch[6] Batch [5200]	Speed: 4.60 samples/sec	Train-ROIPoolPenalty=2905.965728,	RCNNAcc=0.922464,	
2018-12-07 10:48:31,167 Epoch[6] Batch [5300]	Speed: 4.61 samples/sec	Train-ROIPoolPenalty=2906.793132,	RCNNAcc=0.922475,	
2018-12-07 10:49:58,410 Epoch[6] Batch [5400]	Speed: 4.58 samples/sec	Train-ROIPoolPenalty=2907.008601,	RCNNAcc=0.922444,	
2018-12-07 10:51:24,967 Epoch[6] Batch [5500]	Speed: 4.62 samples/sec	Train-ROIPoolPenalty=2907.589892,	RCNNAcc=0.922444,	
2018-12-07 10:52:51,881 Epoch[6] Batch [5600]	Speed: 4.60 samples/sec	Train-ROIPoolPenalty=2907.701458,	RCNNAcc=0.922531,	
2018-12-07 10:54:18,842 Epoch[6] Batch [5700]	Speed: 4.60 samples/sec	Train-ROIPoolPenalty=2908.288776,	RCNNAcc=0.922458,	
2018-12-07 10:55:46,061 Epoch[6] Batch [5800]	Speed: 4.59 samples/sec	Train-ROIPoolPenalty=2908.785167,	RCNNAcc=0.922365,	
2018-12-07 10:57:12,440 Epoch[6] Batch [5900]	Speed: 4.63 samples/sec	Train-ROIPoolPenalty=2909.296453,	RCNNAcc=0.922398,	
2018-12-07 10:58:39,600 Epoch[6] Batch [6000]	Speed: 4.59 samples/sec	Train-ROIPoolPenalty=2910.216868,	RCNNAcc=0.922453,	
2018-12-07 11:00:05,645 Epoch[6] Batch [6100]	Speed: 4.65 samples/sec	Train-ROIPoolPenalty=2910.711159,	RCNNAcc=0.922441,	
2018-12-07 11:01:32,570 Epoch[6] Batch [6200]	Speed: 4.60 samples/sec	Train-ROIPoolPenalty=2911.010134,	RCNNAcc=0.922384,	
2018-12-07 11:03:00,080 Epoch[6] Batch [6300]	Speed: 4.57 samples/sec	Train-ROIPoolPenalty=2911.326343,	RCNNAcc=0.922327,	
2018-12-07 11:04:27,239 Epoch[6] Batch [6400]	Speed: 4.59 samples/sec	Train-ROIPoolPenalty=2911.678723,	RCNNAcc=0.922367,	
2018-12-07 11:05:54,414 Epoch[6] Batch [6500]	Speed: 4.59 samples/sec	Train-ROIPoolPenalty=2912.124855,	RCNNAcc=0.922404,	
2018-12-07 11:07:21,193 Epoch[6] Batch [6600]	Speed: 4.61 samples/sec	Train-ROIPoolPenalty=2911.769862,	RCNNAcc=0.922318,	
2018-12-07 11:08:47,509 Epoch[6] Batch [6700]	Speed: 4.63 samples/sec	Train-ROIPoolPenalty=2912.022772,	RCNNAcc=0.922393,	
2018-12-07 11:10:14,671 Epoch[6] Batch [6800]	Speed: 4.59 samples/sec	Train-ROIPoolPenalty=2912.277632,	RCNNAcc=0.922450,	
2018-12-07 11:11:40,997 Epoch[6] Batch [6900]	Speed: 4.63 samples/sec	Train-ROIPoolPenalty=2912.473492,	RCNNAcc=0.922436,	
2018-12-07 11:13:08,090 Epoch[6] Batch [7000]	Speed: 4.59 samples/sec	Train-ROIPoolPenalty=2912.648613,	RCNNAcc=0.922455,	
2018-12-07 11:14:34,406 Epoch[6] Batch [7100]	Speed: 4.63 samples/sec	Train-ROIPoolPenalty=2912.820816,	RCNNAcc=0.922445,	
2018-12-07 11:16:00,526 Epoch[6] Batch [7200]	Speed: 4.64 samples/sec	Train-ROIPoolPenalty=2912.902343,	RCNNAcc=0.922462,	
2018-12-07 11:17:27,719 Epoch[6] Batch [7300]	Speed: 4.59 samples/sec	Train-ROIPoolPenalty=2913.436902,	RCNNAcc=0.922566,	
2018-12-07 11:18:54,600 Epoch[6] Batch [7400]	Speed: 4.60 samples/sec	Train-ROIPoolPenalty=2913.618471,	RCNNAcc=0.922626,	
2018-12-07 11:20:21,094 Epoch[6] Batch [7500]	Speed: 4.62 samples/sec	Train-ROIPoolPenalty=2913.707529,	RCNNAcc=0.922597,	
2018-12-07 11:21:47,491 Epoch[6] Batch [7600]	Speed: 4.63 samples/sec	Train-ROIPoolPenalty=2914.022363,	RCNNAcc=0.922607,	
2018-12-07 11:23:14,488 Epoch[6] Batch [7700]	Speed: 4.60 samples/sec	Train-ROIPoolPenalty=2914.267244,	RCNNAcc=0.922645,	
2018-12-07 11:24:41,310 Epoch[6] Batch [7800]	Speed: 4.61 samples/sec	Train-ROIPoolPenalty=2914.348708,	RCNNAcc=0.922688,	
2018-12-07 11:26:07,568 Epoch[6] Batch [7900]	Speed: 4.64 samples/sec	Train-ROIPoolPenalty=2914.584947,	RCNNAcc=0.922667,	
2018-12-07 11:27:34,994 Epoch[6] Batch [8000]	Speed: 4.58 samples/sec	Train-ROIPoolPenalty=2915.366583,	RCNNAcc=0.922697,	
2018-12-07 11:29:01,857 Epoch[6] Batch [8100]	Speed: 4.60 samples/sec	Train-ROIPoolPenalty=2916.069175,	RCNNAcc=0.922762,	
2018-12-07 11:30:28,402 Epoch[6] Batch [8200]	Speed: 4.62 samples/sec	Train-ROIPoolPenalty=2916.686367,	RCNNAcc=0.922765,	
2018-12-07 11:31:32,636 Epoch[6] Train-ROIPoolPenalty=2916.941417
2018-12-07 11:31:32,637 Epoch[6] Train-RCNNAcc=0.922749
2018-12-07 11:31:32,637 Epoch[6] Time cost=7186.972
2018-12-07 11:31:33,848 Saved checkpoint to "output/r_5-3.yaml/2007_trainval_2012_trainval/first-0007.params"
2018-12-07 11:31:37,535 Saved optimizer state to "output/r_5-3.yaml/2007_trainval_2012_trainval/first-0007.states"
2018-12-07 11:31:38,119 Saved checkpoint to "output/r_5-3.yaml/2007_trainval_2012_trainval/first-0007.params"
2018-12-07 11:41:15,431 evaluate detections: 
VOC07 metric? Y
AP for aeroplane = 0.8158
AP for bicycle = 0.8912
AP for bird = 0.8058
AP for boat = 0.7668
AP for bottle = 0.7147
AP for bus = 0.8849
AP for car = 0.8880
AP for cat = 0.8967
AP for chair = 0.6867
AP for cow = 0.8826
AP for diningtable = 0.7388
AP for dog = 0.8970
AP for horse = 0.8921
AP for motorbike = 0.8739
AP for person = 0.8317
AP for pottedplant = 0.5680
AP for sheep = 0.8392
AP for sofa = 0.8337
AP for train = 0.8558
AP for tvmonitor = 0.7846
Mean AP@0.5 = 0.8174

AP for aeroplane = 0.7115
AP for bicycle = 0.7072
AP for bird = 0.6639
AP for boat = 0.5427
AP for bottle = 0.5496
AP for bus = 0.8005
AP for car = 0.7852
AP for cat = 0.7884
AP for chair = 0.4862
AP for cow = 0.7505
AP for diningtable = 0.5445
AP for dog = 0.7652
AP for horse = 0.7751
AP for motorbike = 0.7040
AP for person = 0.6708
AP for pottedplant = 0.3448
AP for sheep = 0.6941
AP for sofa = 0.6766
AP for train = 0.6759
AP for tvmonitor = 0.6912
Mean AP@0.7 = 0.6664
