2018-11-17 14:23:41,451 training config:{'CLASS_AGNOSTIC': True,
 'MXNET_VERSION': 'mxnet',
 'SCALES': [(600, 1000)],
 'TEST': {'BATCH_IMAGES': 1,
          'CXX_PROPOSAL': False,
          'HAS_RPN': True,
          'NMS': 0.3,
          'PROPOSAL_MIN_SIZE': 0,
          'PROPOSAL_NMS_THRESH': 0.7,
          'PROPOSAL_POST_NMS_TOP_N': 2000,
          'PROPOSAL_PRE_NMS_TOP_N': 20000,
          'RPN_MIN_SIZE': 0,
          'RPN_NMS_THRESH': 0.7,
          'RPN_POST_NMS_TOP_N': 300,
          'RPN_PRE_NMS_TOP_N': 6000,
          'max_per_image': 300,
          'test_epoch': 7},
 'TRAIN': {'ALTERNATE': {'RCNN_BATCH_IMAGES': 0,
                         'RPN_BATCH_IMAGES': 0,
                         'rfcn1_epoch': 0,
                         'rfcn1_lr': 0,
                         'rfcn1_lr_step': '',
                         'rfcn2_epoch': 0,
                         'rfcn2_lr': 0,
                         'rfcn2_lr_step': '',
                         'rpn1_epoch': 0,
                         'rpn1_lr': 0,
                         'rpn1_lr_step': '',
                         'rpn2_epoch': 0,
                         'rpn2_lr': 0,
                         'rpn2_lr_step': '',
                         'rpn3_epoch': 0,
                         'rpn3_lr': 0,
                         'rpn3_lr_step': ''},
           'ASPECT_GROUPING': True,
           'BATCH_IMAGES': 1,
           'BATCH_ROIS': -1,
           'BATCH_ROIS_OHEM': 128,
           'BBOX_MEANS': [0.0, 0.0, 0.0, 0.0],
           'BBOX_NORMALIZATION_PRECOMPUTED': True,
           'BBOX_REGRESSION_THRESH': 0.5,
           'BBOX_STDS': [0.1, 0.1, 0.2, 0.2],
           'BBOX_WEIGHTS': array([1., 1., 1., 1.]),
           'BG_THRESH_HI': 0.5,
           'BG_THRESH_LO': 0.0,
           'CXX_PROPOSAL': False,
           'ENABLE_OHEM': True,
           'END2END': True,
           'FG_FRACTION': 0.25,
           'FG_THRESH': 0.5,
           'FLIP': True,
           'RESUME': False,
           'RPN_BATCH_SIZE': 256,
           'RPN_BBOX_WEIGHTS': [1.0, 1.0, 1.0, 1.0],
           'RPN_CLOBBER_POSITIVES': False,
           'RPN_FG_FRACTION': 0.5,
           'RPN_MIN_SIZE': 0,
           'RPN_NEGATIVE_OVERLAP': 0.3,
           'RPN_NMS_THRESH': 0.7,
           'RPN_POSITIVE_OVERLAP': 0.7,
           'RPN_POSITIVE_WEIGHT': -1.0,
           'RPN_POST_NMS_TOP_N': 300,
           'RPN_PRE_NMS_TOP_N': 6000,
           'SHUFFLE': True,
           'begin_epoch': 0,
           'end_epoch': 7,
           'lr': 0.0005,
           'lr_factor': 0.1,
           'lr_step': '4.83',
           'model_prefix': 'rfcn_voc',
           'momentum': 0.9,
           'warmup': True,
           'warmup_lr': 5e-05,
           'warmup_step': 1000,
           'wd': 0.0005},
 'dataset': {'NUM_CLASSES': 21,
             'dataset': 'PascalVOC',
             'dataset_path': '../dataset/VOCdevkit',
             'image_set': '2007_trainval+2012_trainval',
             'proposal': 'rpn',
             'root_path': './data',
             'test_image_set': '2007_test'},
 'default': {'frequent': 100, 'kvstore': 'device'},
 'gpus': '0,1',
 'network': {'ANCHOR_RATIOS': [0.5, 1, 2],
             'ANCHOR_SCALES': [8, 16, 32],
             'FIXED_PARAMS': ['conv1',
                              'bn_conv1',
                              'res2',
                              'bn2',
                              'gamma',
                              'beta'],
             'FIXED_PARAMS_SHARED': ['conv1',
                                     'bn_conv1',
                                     'res2',
                                     'bn2',
                                     'res3',
                                     'bn3',
                                     'res4',
                                     'bn4',
                                     'gamma',
                                     'beta'],
             'IMAGE_STRIDE': 0,
             'NUM_ANCHORS': 9,
             'PIXEL_MEANS': array([103.06, 115.9 , 123.15]),
             'RCNN_FEAT_STRIDE': 16,
             'RPN_FEAT_STRIDE': 16,
             'pretrained': './model/pretrained_model/resnet_v1_101',
             'pretrained_epoch': 0},
 'output_path': './output/rfcn_dcn/voc',
 'symbol': 'resnet_v1_101_rfcn_dcn'}

2018-11-17 14:24:30,918 Epoch[0] Batch [100]	Speed: 4.69 samples/sec	Train-RPNAcc=0.889213,	RPNLogLoss=0.341962,	RPNL1Loss=0.117618,	RCNNAcc=0.517443,	RCNNLogLoss=3.018653,	RCNNL1Loss=0.336592,	SmoothPenalty=0.000000,	
2018-11-17 14:25:14,049 Epoch[0] Batch [200]	Speed: 4.64 samples/sec	Train-RPNAcc=0.905307,	RPNLogLoss=0.298781,	RPNL1Loss=0.112833,	RCNNAcc=0.688938,	RCNNLogLoss=2.965950,	RCNNL1Loss=0.333922,	SmoothPenalty=0.000000,	
2018-11-17 14:25:56,806 Epoch[0] Batch [300]	Speed: 4.68 samples/sec	Train-RPNAcc=0.908281,	RPNLogLoss=0.285995,	RPNL1Loss=0.116576,	RCNNAcc=0.751648,	RCNNLogLoss=2.472636,	RCNNL1Loss=0.316513,	SmoothPenalty=0.000007,	
2018-11-17 14:26:43,988 Epoch[0] Batch [400]	Speed: 4.24 samples/sec	Train-RPNAcc=0.911793,	RPNLogLoss=0.273309,	RPNL1Loss=0.118509,	RCNNAcc=0.785643,	RCNNLogLoss=2.028418,	RCNNL1Loss=0.301247,	SmoothPenalty=0.000009,	
2018-11-17 14:27:29,603 Epoch[0] Batch [500]	Speed: 4.38 samples/sec	Train-RPNAcc=0.915154,	RPNLogLoss=0.259326,	RPNL1Loss=0.117939,	RCNNAcc=0.806489,	RCNNLogLoss=1.753058,	RCNNL1Loss=0.288866,	SmoothPenalty=0.000008,	
2018-11-17 14:28:12,935 Epoch[0] Batch [600]	Speed: 4.62 samples/sec	Train-RPNAcc=0.916900,	RPNLogLoss=0.249833,	RPNL1Loss=0.114633,	RCNNAcc=0.820488,	RCNNLogLoss=1.565625,	RCNNL1Loss=0.277620,	SmoothPenalty=0.000008,	
2018-11-17 14:28:56,122 Epoch[0] Batch [700]	Speed: 4.63 samples/sec	Train-RPNAcc=0.918554,	RPNLogLoss=0.242261,	RPNL1Loss=0.113422,	RCNNAcc=0.826091,	RCNNLogLoss=1.447936,	RCNNL1Loss=0.278422,	SmoothPenalty=0.000008,	
2018-11-17 14:29:39,200 Epoch[0] Batch [800]	Speed: 4.64 samples/sec	Train-RPNAcc=0.919800,	RPNLogLoss=0.236123,	RPNL1Loss=0.110426,	RCNNAcc=0.831641,	RCNNLogLoss=1.352523,	RCNNL1Loss=0.276226,	SmoothPenalty=0.000008,	
2018-11-17 14:30:23,065 Epoch[0] Batch [900]	Speed: 4.56 samples/sec	Train-RPNAcc=0.920293,	RPNLogLoss=0.231628,	RPNL1Loss=0.109355,	RCNNAcc=0.833865,	RCNNLogLoss=1.283619,	RCNNL1Loss=0.277847,	SmoothPenalty=0.000008,	
2018-11-17 14:31:06,324 Epoch[0] Batch [1000]	Speed: 4.62 samples/sec	Train-RPNAcc=0.922220,	RPNLogLoss=0.224697,	RPNL1Loss=0.106927,	RCNNAcc=0.837576,	RCNNLogLoss=1.220207,	RCNNL1Loss=0.274733,	SmoothPenalty=0.000009,	
2018-11-17 14:31:49,764 Epoch[0] Batch [1100]	Speed: 4.60 samples/sec	Train-RPNAcc=0.923019,	RPNLogLoss=0.223723,	RPNL1Loss=0.105582,	RCNNAcc=0.839567,	RCNNLogLoss=1.191979,	RCNNL1Loss=0.280348,	SmoothPenalty=0.010064,	
2018-11-17 14:32:33,262 Epoch[0] Batch [1200]	Speed: 4.60 samples/sec	Train-RPNAcc=0.923773,	RPNLogLoss=0.221709,	RPNL1Loss=0.103397,	RCNNAcc=0.835999,	RCNNLogLoss=1.177017,	RCNNL1Loss=0.295965,	SmoothPenalty=0.009581,	
2018-11-17 14:33:16,129 Epoch[0] Batch [1300]	Speed: 4.67 samples/sec	Train-RPNAcc=0.923990,	RPNLogLoss=0.219844,	RPNL1Loss=0.101907,	RCNNAcc=0.832202,	RCNNLogLoss=1.158335,	RCNNL1Loss=0.306845,	SmoothPenalty=0.009131,	
2018-11-17 14:33:59,452 Epoch[0] Batch [1400]	Speed: 4.62 samples/sec	Train-RPNAcc=0.924197,	RPNLogLoss=0.218191,	RPNL1Loss=0.100948,	RCNNAcc=0.828047,	RCNNLogLoss=1.142563,	RCNNL1Loss=0.316033,	SmoothPenalty=0.008717,	
2018-11-17 14:34:42,600 Epoch[0] Batch [1500]	Speed: 4.64 samples/sec	Train-RPNAcc=0.924986,	RPNLogLoss=0.215164,	RPNL1Loss=0.099273,	RCNNAcc=0.824924,	RCNNLogLoss=1.125338,	RCNNL1Loss=0.323577,	SmoothPenalty=0.008314,	
2018-11-17 14:35:25,599 Epoch[0] Batch [1600]	Speed: 4.65 samples/sec	Train-RPNAcc=0.925652,	RPNLogLoss=0.212450,	RPNL1Loss=0.097699,	RCNNAcc=0.821930,	RCNNLogLoss=1.109190,	RCNNL1Loss=0.330510,	SmoothPenalty=0.007971,	
2018-11-17 14:36:08,331 Epoch[0] Batch [1700]	Speed: 4.68 samples/sec	Train-RPNAcc=0.926575,	RPNLogLoss=0.209097,	RPNL1Loss=0.096692,	RCNNAcc=0.818519,	RCNNLogLoss=1.097037,	RCNNL1Loss=0.336846,	SmoothPenalty=0.007645,	
2018-11-17 14:36:51,457 Epoch[0] Batch [1800]	Speed: 4.64 samples/sec	Train-RPNAcc=0.927202,	RPNLogLoss=0.206213,	RPNL1Loss=0.095018,	RCNNAcc=0.815068,	RCNNLogLoss=1.086645,	RCNNL1Loss=0.342570,	SmoothPenalty=0.007353,	
2018-11-17 14:37:34,180 Epoch[0] Batch [1900]	Speed: 4.68 samples/sec	Train-RPNAcc=0.928543,	RPNLogLoss=0.202415,	RPNL1Loss=0.093466,	RCNNAcc=0.811707,	RCNNLogLoss=1.075153,	RCNNL1Loss=0.346671,	SmoothPenalty=0.007108,	
2018-11-17 14:38:16,592 Epoch[0] Batch [2000]	Speed: 4.72 samples/sec	Train-RPNAcc=0.929241,	RPNLogLoss=0.199805,	RPNL1Loss=0.091760,	RCNNAcc=0.808110,	RCNNLogLoss=1.065533,	RCNNL1Loss=0.352082,	SmoothPenalty=0.006876,	
2018-11-17 14:38:59,269 Epoch[0] Batch [2100]	Speed: 4.69 samples/sec	Train-RPNAcc=0.929824,	RPNLogLoss=0.197913,	RPNL1Loss=0.091064,	RCNNAcc=0.806387,	RCNNLogLoss=1.051882,	RCNNL1Loss=0.354237,	SmoothPenalty=0.006663,	
2018-11-17 14:39:41,975 Epoch[0] Batch [2200]	Speed: 4.68 samples/sec	Train-RPNAcc=0.930387,	RPNLogLoss=0.195833,	RPNL1Loss=0.090155,	RCNNAcc=0.804065,	RCNNLogLoss=1.041213,	RCNNL1Loss=0.357965,	SmoothPenalty=0.006480,	
2018-11-17 14:40:24,510 Epoch[0] Batch [2300]	Speed: 4.70 samples/sec	Train-RPNAcc=0.931289,	RPNLogLoss=0.192990,	RPNL1Loss=0.088978,	RCNNAcc=0.803117,	RCNNLogLoss=1.027122,	RCNNL1Loss=0.358475,	SmoothPenalty=0.006305,	
2018-11-17 14:41:07,045 Epoch[0] Batch [2400]	Speed: 4.70 samples/sec	Train-RPNAcc=0.932196,	RPNLogLoss=0.190131,	RPNL1Loss=0.087482,	RCNNAcc=0.802708,	RCNNLogLoss=1.011853,	RCNNL1Loss=0.357914,	SmoothPenalty=0.006137,	
2018-11-17 14:41:49,753 Epoch[0] Batch [2500]	Speed: 4.68 samples/sec	Train-RPNAcc=0.933014,	RPNLogLoss=0.187450,	RPNL1Loss=0.086573,	RCNNAcc=0.801615,	RCNNLogLoss=1.000492,	RCNNL1Loss=0.359641,	SmoothPenalty=0.005982,	
2018-11-17 14:42:31,641 Epoch[0] Batch [2600]	Speed: 4.77 samples/sec	Train-RPNAcc=0.933710,	RPNLogLoss=0.185243,	RPNL1Loss=0.085238,	RCNNAcc=0.800625,	RCNNLogLoss=0.988374,	RCNNL1Loss=0.361085,	SmoothPenalty=0.005826,	
2018-11-17 14:43:13,278 Epoch[0] Batch [2700]	Speed: 4.80 samples/sec	Train-RPNAcc=0.934464,	RPNLogLoss=0.183043,	RPNL1Loss=0.084466,	RCNNAcc=0.799047,	RCNNLogLoss=0.978145,	RCNNL1Loss=0.363231,	SmoothPenalty=0.005694,	
2018-11-17 14:43:55,656 Epoch[0] Batch [2800]	Speed: 4.72 samples/sec	Train-RPNAcc=0.935089,	RPNLogLoss=0.181127,	RPNL1Loss=0.083336,	RCNNAcc=0.798664,	RCNNLogLoss=0.966334,	RCNNL1Loss=0.363373,	SmoothPenalty=0.005568,	
2018-11-17 14:44:37,724 Epoch[0] Batch [2900]	Speed: 4.75 samples/sec	Train-RPNAcc=0.935891,	RPNLogLoss=0.178753,	RPNL1Loss=0.082419,	RCNNAcc=0.797752,	RCNNLogLoss=0.956586,	RCNNL1Loss=0.363320,	SmoothPenalty=0.005444,	
2018-11-17 14:45:19,807 Epoch[0] Batch [3000]	Speed: 4.75 samples/sec	Train-RPNAcc=0.936441,	RPNLogLoss=0.177111,	RPNL1Loss=0.081802,	RCNNAcc=0.796563,	RCNNLogLoss=0.949042,	RCNNL1Loss=0.364870,	SmoothPenalty=0.005325,	
2018-11-17 14:46:02,025 Epoch[0] Batch [3100]	Speed: 4.74 samples/sec	Train-RPNAcc=0.936918,	RPNLogLoss=0.175838,	RPNL1Loss=0.080898,	RCNNAcc=0.795866,	RCNNLogLoss=0.940977,	RCNNL1Loss=0.365256,	SmoothPenalty=0.005213,	
2018-11-17 14:46:45,374 Epoch[0] Batch [3200]	Speed: 4.61 samples/sec	Train-RPNAcc=0.937253,	RPNLogLoss=0.174655,	RPNL1Loss=0.080354,	RCNNAcc=0.794994,	RCNNLogLoss=0.932847,	RCNNL1Loss=0.366342,	SmoothPenalty=0.005112,	
2018-11-17 14:47:31,222 Epoch[0] Batch [3300]	Speed: 4.36 samples/sec	Train-RPNAcc=0.937709,	RPNLogLoss=0.173301,	RPNL1Loss=0.079636,	RCNNAcc=0.794137,	RCNNLogLoss=0.926342,	RCNNL1Loss=0.366883,	SmoothPenalty=0.005017,	
2018-11-17 14:48:14,310 Epoch[0] Batch [3400]	Speed: 4.64 samples/sec	Train-RPNAcc=0.938021,	RPNLogLoss=0.172171,	RPNL1Loss=0.079344,	RCNNAcc=0.793721,	RCNNLogLoss=0.917410,	RCNNL1Loss=0.366733,	SmoothPenalty=0.004920,	
2018-11-17 14:48:58,954 Epoch[0] Batch [3500]	Speed: 4.48 samples/sec	Train-RPNAcc=0.938386,	RPNLogLoss=0.171055,	RPNL1Loss=0.078761,	RCNNAcc=0.793066,	RCNNLogLoss=0.909712,	RCNNL1Loss=0.367005,	SmoothPenalty=0.004830,	
2018-11-17 14:49:46,202 Epoch[0] Batch [3600]	Speed: 4.23 samples/sec	Train-RPNAcc=0.938811,	RPNLogLoss=0.169799,	RPNL1Loss=0.078431,	RCNNAcc=0.793448,	RCNNLogLoss=0.899882,	RCNNL1Loss=0.365354,	SmoothPenalty=0.004744,	
2018-11-17 14:50:30,934 Epoch[0] Batch [3700]	Speed: 4.47 samples/sec	Train-RPNAcc=0.939236,	RPNLogLoss=0.168441,	RPNL1Loss=0.077820,	RCNNAcc=0.793145,	RCNNLogLoss=0.892786,	RCNNL1Loss=0.365559,	SmoothPenalty=0.004653,	
2018-11-17 14:51:13,527 Epoch[0] Batch [3800]	Speed: 4.70 samples/sec	Train-RPNAcc=0.939393,	RPNLogLoss=0.167719,	RPNL1Loss=0.077667,	RCNNAcc=0.792846,	RCNNLogLoss=0.885868,	RCNNL1Loss=0.365497,	SmoothPenalty=0.004566,	
2018-11-17 14:51:57,195 Epoch[0] Batch [3900]	Speed: 4.58 samples/sec	Train-RPNAcc=0.939982,	RPNLogLoss=0.166105,	RPNL1Loss=0.077030,	RCNNAcc=0.792660,	RCNNLogLoss=0.878483,	RCNNL1Loss=0.365133,	SmoothPenalty=0.004481,	
2018-11-17 14:52:39,230 Epoch[0] Batch [4000]	Speed: 4.76 samples/sec	Train-RPNAcc=0.940200,	RPNLogLoss=0.165492,	RPNL1Loss=0.076621,	RCNNAcc=0.792304,	RCNNLogLoss=0.872600,	RCNNL1Loss=0.365170,	SmoothPenalty=0.004403,	
2018-11-17 14:53:20,667 Epoch[0] Batch [4100]	Speed: 4.83 samples/sec	Train-RPNAcc=0.940506,	RPNLogLoss=0.164565,	RPNL1Loss=0.075992,	RCNNAcc=0.792009,	RCNNLogLoss=0.866341,	RCNNL1Loss=0.365364,	SmoothPenalty=0.004328,	
2018-11-17 14:54:02,332 Epoch[0] Batch [4200]	Speed: 4.80 samples/sec	Train-RPNAcc=0.940779,	RPNLogLoss=0.163715,	RPNL1Loss=0.075588,	RCNNAcc=0.792217,	RCNNLogLoss=0.859934,	RCNNL1Loss=0.365073,	SmoothPenalty=0.004259,	
