('Called with argument:', Namespace(cfg='experiments/rfcn/cfgs/resnet_v1_101_voc0712_rfcn_dcn_end2end_ohem.yaml', frequent=200))
[gpu(0), gpu(1)]
{'CLASS_AGNOSTIC': True,
 'MXNET_VERSION': 'mxnet',
 'SCALES': [(600, 1000)],
 'TEST': {'BATCH_IMAGES': 1,
          'CXX_PROPOSAL': False,
          'HAS_RPN': True,
          'NMS': 0.3,
          'PROPOSAL_MIN_SIZE': 0,
          'PROPOSAL_NMS_THRESH': 0.7,
          'PROPOSAL_POST_NMS_TOP_N': 2000,
          'PROPOSAL_PRE_NMS_TOP_N': 20000,
          'RPN_MIN_SIZE': 0,
          'RPN_NMS_THRESH': 0.7,
          'RPN_POST_NMS_TOP_N': 300,
          'RPN_PRE_NMS_TOP_N': 6000,
          'max_per_image': 300,
          'test_epoch': 7},
 'TRAIN': {'ALTERNATE': {'RCNN_BATCH_IMAGES': 0,
                         'RPN_BATCH_IMAGES': 0,
                         'rfcn1_epoch': 0,
                         'rfcn1_lr': 0,
                         'rfcn1_lr_step': '',
                         'rfcn2_epoch': 0,
                         'rfcn2_lr': 0,
                         'rfcn2_lr_step': '',
                         'rpn1_epoch': 0,
                         'rpn1_lr': 0,
                         'rpn1_lr_step': '',
                         'rpn2_epoch': 0,
                         'rpn2_lr': 0,
                         'rpn2_lr_step': '',
                         'rpn3_epoch': 0,
                         'rpn3_lr': 0,
                         'rpn3_lr_step': ''},
           'ASPECT_GROUPING': True,
           'BATCH_IMAGES': 1,
           'BATCH_ROIS': -1,
           'BATCH_ROIS_OHEM': 128,
           'BBOX_MEANS': [0.0, 0.0, 0.0, 0.0],
           'BBOX_NORMALIZATION_PRECOMPUTED': True,
           'BBOX_REGRESSION_THRESH': 0.5,
           'BBOX_STDS': [0.1, 0.1, 0.2, 0.2],
           'BBOX_WEIGHTS': array([1., 1., 1., 1.]),
           'BG_THRESH_HI': 0.5,
           'BG_THRESH_LO': 0.0,
           'CXX_PROPOSAL': False,
           'ENABLE_OHEM': True,
           'END2END': True,
           'FG_FRACTION': 0.25,
           'FG_THRESH': 0.5,
           'FLIP': True,
           'RESUME': False,
           'RPN_BATCH_SIZE': 256,
           'RPN_BBOX_WEIGHTS': [1.0, 1.0, 1.0, 1.0],
           'RPN_CLOBBER_POSITIVES': False,
           'RPN_FG_FRACTION': 0.5,
           'RPN_MIN_SIZE': 0,
           'RPN_NEGATIVE_OVERLAP': 0.3,
           'RPN_NMS_THRESH': 0.7,
           'RPN_POSITIVE_OVERLAP': 0.7,
           'RPN_POSITIVE_WEIGHT': -1.0,
           'RPN_POST_NMS_TOP_N': 300,
           'RPN_PRE_NMS_TOP_N': 6000,
           'SHUFFLE': True,
           'begin_epoch': 0,
           'end_epoch': 7,
           'lr': 0.0005,
           'lr_factor': 0.1,
           'lr_step': '4.83',
           'model_prefix': 'rfcn_voc',
           'momentum': 0.9,
           'warmup': True,
           'warmup_lr': 5e-05,
           'warmup_step': 1000,
           'wd': 0.0005},
 'dataset': {'NUM_CLASSES': 21,
             'dataset': 'PascalVOC',
             'dataset_path': '../dataset/VOCdevkit',
             'image_set': '2007_trainval+2012_trainval',
             'proposal': 'rpn',
             'root_path': './data',
             'test_image_set': '2007_test'},
 'default': {'frequent': 100, 'kvstore': 'device'},
 'gpus': '0,1',
 'network': {'ANCHOR_RATIOS': [0.5, 1, 2],
             'ANCHOR_SCALES': [8, 16, 32],
             'FIXED_PARAMS': ['conv1',
                              'bn_conv1',
                              'res2',
                              'bn2',
                              'gamma',
                              'beta'],
             'FIXED_PARAMS_SHARED': ['conv1',
                                     'bn_conv1',
                                     'res2',
                                     'bn2',
                                     'res3',
                                     'bn3',
                                     'res4',
                                     'bn4',
                                     'gamma',
                                     'beta'],
             'IMAGE_STRIDE': 0,
             'NUM_ANCHORS': 9,
             'PIXEL_MEANS': array([103.06, 115.9 , 123.15]),
             'RCNN_FEAT_STRIDE': 16,
             'RPN_FEAT_STRIDE': 16,
             'pretrained': './model/pretrained_model/resnet_v1_101',
             'pretrained_epoch': 0},
 'output_path': './output/rfcn_dcn/voc',
 'symbol': 'resnet_v1_101_rfcn_dcn'}
num_images 5011
voc_2007_trainval gt roidb loaded from ./data/cache/voc_2007_trainval_gt_roidb.pkl
append flipped images to roidb
num_images 11540
voc_2012_trainval gt roidb loaded from ./data/cache/voc_2012_trainval_gt_roidb.pkl
append flipped images to roidb
data loading:0.84s
filtered 0 roidb entries: 33102 -> 33102
('providing maximum shape', [('data', (1, 3, 600, 1000)), ('gt_boxes', (1, 100, 5))], [('label', (1, 21546)), ('bbox_target', (1, 36, 38, 63)), ('bbox_weight', (1, 36, 38, 63))])
{'bbox_target': (1L, 36L, 38L, 50L),
 'bbox_weight': (1L, 36L, 38L, 50L),
 'data': (1L, 3L, 600L, 800L),
 'gt_boxes': (1L, 1L, 5L),
 'im_info': (1L, 3L),
 'label': (1L, 17100L)}
{'bbox_loss_reshape_output': (1L, 301L, 8L),
 'blockgrad0_output': (1L, 301L),
 'blockgrad1_output': (1L,),
 'blockgrad2_output': (1L,),
 'blockgrad3_output': (1L,),
 'blockgrad4_output': (1L,),
 'cls_prob_reshape_output': (1L, 301L, 21L),
 'rpn_bbox_loss_output': (1L, 36L, 38L, 50L),
 'rpn_cls_prob_output': (1L, 2L, 342L, 50L),
 'smooth_loss_output': (1L, 1L)}
'@@@@smooth_penalty_weight:0'
a
('lr', 0.0005, 'lr_epoch_diff', [4.83], 'lr_iters', [79941])
Epoch[0] Batch [200]	Speed: 4.43 samples/sec	Train-APenalty=0.000094,	BPenalty=0.000328,	CPenalty=0.000001,	RCNNAcc=0.686392,	RPNAcc=0.903850,	RPNLogLoss=0.297334,	RPNL1Loss=0.114650,	RCNNLogLoss=2.965625,	RCNNL1Loss=0.351358,	
Epoch[0] Batch [400]	Speed: 4.71 samples/sec	Train-APenalty=2.627220,	BPenalty=3.438039,	CPenalty=4.683603,	RCNNAcc=0.770827,	RPNAcc=0.914321,	RPNLogLoss=0.266356,	RPNL1Loss=0.114928,	RCNNLogLoss=2.097075,	RCNNL1Loss=0.344100,	
Epoch[0] Batch [600]	Speed: 4.68 samples/sec	Train-APenalty=18.568073,	BPenalty=12.523679,	CPenalty=23.684648,	RCNNAcc=0.803453,	RPNAcc=0.917793,	RPNLogLoss=0.246828,	RPNL1Loss=0.112080,	RCNNLogLoss=1.633133,	RCNNL1Loss=0.325208,	
Epoch[0] Batch [800]	Speed: 4.73 samples/sec	Train-APenalty=48.305650,	BPenalty=25.396432,	CPenalty=52.398870,	RCNNAcc=0.821122,	RPNAcc=0.920675,	RPNLogLoss=0.235073,	RPNL1Loss=0.108786,	RCNNLogLoss=1.397507,	RCNNL1Loss=0.305401,	
Epoch[0] Batch [1000]	Speed: 4.68 samples/sec	Train-APenalty=86.760097,	BPenalty=64.336527,	CPenalty=118.303151,	RCNNAcc=0.828094,	RPNAcc=0.922431,	RPNLogLoss=0.225650,	RPNL1Loss=0.107326,	RCNNLogLoss=1.262434,	RCNNL1Loss=0.299415,	
Epoch[0] Batch [1200]	Speed: 4.70 samples/sec	Train-APenalty=119.256429,	BPenalty=96.818156,	CPenalty=285.500143,	RCNNAcc=0.832926,	RPNAcc=0.923329,	RPNLogLoss=0.219934,	RPNL1Loss=0.107310,	RCNNLogLoss=1.173078,	RCNNL1Loss=0.297657,	
Epoch[0] Batch [1400]	Speed: 4.76 samples/sec	Train-APenalty=145.239474,	BPenalty=104.836294,	CPenalty=380.423406,	RCNNAcc=0.829402,	RPNAcc=0.925827,	RPNLogLoss=0.210940,	RPNL1Loss=0.102668,	RCNNLogLoss=1.122730,	RCNNL1Loss=0.305676,	
Epoch[0] Batch [1600]	Speed: 4.79 samples/sec	Train-APenalty=140.515001,	BPenalty=113.206435,	CPenalty=461.182416,	RCNNAcc=0.826573,	RPNAcc=0.927737,	RPNLogLoss=0.204255,	RPNL1Loss=0.098816,	RCNNLogLoss=1.078744,	RCNNL1Loss=0.310546,	
Epoch[0] Batch [1800]	Speed: 4.78 samples/sec	Train-APenalty=131.583638,	BPenalty=117.259974,	CPenalty=518.162980,	RCNNAcc=0.825514,	RPNAcc=0.928992,	RPNLogLoss=0.199484,	RPNL1Loss=0.095604,	RCNNLogLoss=1.033033,	RCNNL1Loss=0.312754,	
Epoch[0] Batch [2000]	Speed: 4.79 samples/sec	Train-APenalty=124.172552,	BPenalty=116.651575,	CPenalty=560.432614,	RCNNAcc=0.822653,	RPNAcc=0.930796,	RPNLogLoss=0.193628,	RPNL1Loss=0.092671,	RCNNLogLoss=0.998468,	RCNNL1Loss=0.316461,	
Epoch[0] Batch [2200]	Speed: 4.82 samples/sec	Train-APenalty=117.423425,	BPenalty=114.485427,	CPenalty=596.218164,	RCNNAcc=0.820856,	RPNAcc=0.932006,	RPNLogLoss=0.189821,	RPNL1Loss=0.091372,	RCNNLogLoss=0.967498,	RCNNL1Loss=0.319370,	
Epoch[0] Batch [2400]	Speed: 4.81 samples/sec	Train-APenalty=114.058957,	BPenalty=115.069503,	CPenalty=634.350572,	RCNNAcc=0.819608,	RPNAcc=0.933413,	RPNLogLoss=0.185097,	RPNL1Loss=0.089169,	RCNNLogLoss=0.937922,	RCNNL1Loss=0.320332,	
Epoch[0] Batch [2600]	Speed: 4.79 samples/sec	Train-APenalty=110.083111,	BPenalty=114.004999,	CPenalty=678.609983,	RCNNAcc=0.818102,	RPNAcc=0.934803,	RPNLogLoss=0.180703,	RPNL1Loss=0.086741,	RCNNLogLoss=0.914394,	RCNNL1Loss=0.321839,	
Epoch[0] Batch [2800]	Speed: 4.93 samples/sec	Train-APenalty=107.612091,	BPenalty=116.278502,	CPenalty=727.205715,	RCNNAcc=0.817805,	RPNAcc=0.935931,	RPNLogLoss=0.177190,	RPNL1Loss=0.084971,	RCNNLogLoss=0.890667,	RCNNL1Loss=0.321844,	
Epoch[0] Batch [3000]	Speed: 4.86 samples/sec	Train-APenalty=105.013218,	BPenalty=121.315134,	CPenalty=781.067240,	RCNNAcc=0.816410,	RPNAcc=0.937273,	RPNLogLoss=0.173529,	RPNL1Loss=0.083240,	RCNNLogLoss=0.870742,	RCNNL1Loss=0.323366,	
Epoch[0] Batch [3200]	Speed: 4.88 samples/sec	Train-APenalty=105.088856,	BPenalty=130.449183,	CPenalty=832.281970,	RCNNAcc=0.815456,	RPNAcc=0.938302,	RPNLogLoss=0.170729,	RPNL1Loss=0.081854,	RCNNLogLoss=0.852920,	RCNNL1Loss=0.324103,	
Epoch[0] Batch [3400]	Speed: 4.87 samples/sec	Train-APenalty=108.411823,	BPenalty=138.162509,	CPenalty=895.138099,	RCNNAcc=0.815082,	RPNAcc=0.938997,	RPNLogLoss=0.168692,	RPNL1Loss=0.080620,	RCNNLogLoss=0.834923,	RCNNL1Loss=0.324465,	
Epoch[0] Batch [3600]	Speed: 4.86 samples/sec	Train-APenalty=113.948251,	BPenalty=143.185498,	CPenalty=974.305611,	RCNNAcc=0.814421,	RPNAcc=0.939805,	RPNLogLoss=0.166581,	RPNL1Loss=0.079632,	RCNNLogLoss=0.820284,	RCNNL1Loss=0.325197,	
Epoch[0] Batch [3800]	Speed: 4.86 samples/sec	Train-APenalty=116.694619,	BPenalty=151.280097,	CPenalty=1044.650083,	RCNNAcc=0.813819,	RPNAcc=0.940410,	RPNLogLoss=0.164828,	RPNL1Loss=0.078695,	RCNNLogLoss=0.807479,	RCNNL1Loss=0.325864,	
Epoch[0] Batch [4000]	Speed: 4.86 samples/sec	Train-APenalty=119.607186,	BPenalty=157.441925,	CPenalty=1084.151095,	RCNNAcc=0.813359,	RPNAcc=0.941028,	RPNLogLoss=0.162873,	RPNL1Loss=0.077515,	RCNNLogLoss=0.795748,	RCNNL1Loss=0.325758,	
Epoch[0] Batch [4200]	Speed: 4.82 samples/sec	Train-APenalty=121.654497,	BPenalty=163.120308,	CPenalty=1126.100247,	RCNNAcc=0.812915,	RPNAcc=0.941719,	RPNLogLoss=0.160956,	RPNL1Loss=0.076563,	RCNNLogLoss=0.784327,	RCNNL1Loss=0.325582,	
Epoch[0] Batch [4400]	Speed: 4.87 samples/sec	Train-APenalty=124.722166,	BPenalty=169.148790,	CPenalty=1159.852074,	RCNNAcc=0.813599,	RPNAcc=0.942341,	RPNLogLoss=0.159298,	RPNL1Loss=0.075798,	RCNNLogLoss=0.771613,	RCNNL1Loss=0.324078,	
Epoch[0] Batch [4600]	Speed: 4.85 samples/sec	Train-APenalty=127.540329,	BPenalty=172.523088,	CPenalty=1208.624846,	RCNNAcc=0.813856,	RPNAcc=0.942941,	RPNLogLoss=0.157511,	RPNL1Loss=0.074968,	RCNNLogLoss=0.760979,	RCNNL1Loss=0.322980,	
Epoch[0] Batch [4800]	Speed: 4.85 samples/sec	Train-APenalty=129.111602,	BPenalty=173.990948,	CPenalty=1274.254962,	RCNNAcc=0.813815,	RPNAcc=0.943540,	RPNLogLoss=0.155868,	RPNL1Loss=0.074333,	RCNNLogLoss=0.751548,	RCNNL1Loss=0.322467,	
Epoch[0] Batch [5000]	Speed: 4.82 samples/sec	Train-APenalty=133.897255,	BPenalty=176.911777,	CPenalty=1347.323842,	RCNNAcc=0.813511,	RPNAcc=0.943994,	RPNLogLoss=0.154370,	RPNL1Loss=0.073502,	RCNNLogLoss=0.742863,	RCNNL1Loss=0.322750,	
Epoch[0] Batch [5200]	Speed: 4.24 samples/sec	Train-APenalty=139.334200,	BPenalty=182.034754,	CPenalty=1443.362318,	RCNNAcc=0.813433,	RPNAcc=0.944485,	RPNLogLoss=0.152994,	RPNL1Loss=0.072997,	RCNNLogLoss=0.734777,	RCNNL1Loss=0.322552,	
Epoch[0] Batch [5400]	Speed: 3.44 samples/sec	Train-APenalty=144.681496,	BPenalty=184.565554,	CPenalty=1512.523772,	RCNNAcc=0.813063,	RPNAcc=0.945034,	RPNLogLoss=0.151333,	RPNL1Loss=0.072433,	RCNNLogLoss=0.728206,	RCNNL1Loss=0.322889,	
Epoch[0] Batch [5600]	Speed: 3.28 samples/sec	Train-APenalty=150.244254,	BPenalty=189.263155,	CPenalty=1574.490773,	RCNNAcc=0.813087,	RPNAcc=0.945515,	RPNLogLoss=0.150013,	RPNL1Loss=0.071920,	RCNNLogLoss=0.721260,	RCNNL1Loss=0.322273,	
Epoch[0] Batch [5800]	Speed: 3.18 samples/sec	Train-APenalty=156.439927,	BPenalty=193.312513,	CPenalty=1677.318279,	RCNNAcc=0.813358,	RPNAcc=0.945987,	RPNLogLoss=0.148759,	RPNL1Loss=0.071303,	RCNNLogLoss=0.713579,	RCNNL1Loss=0.321131,	
Epoch[0] Batch [6000]	Speed: 4.31 samples/sec	Train-APenalty=161.786233,	BPenalty=200.985028,	CPenalty=1751.784676,	RCNNAcc=0.813383,	RPNAcc=0.946481,	RPNLogLoss=0.147420,	RPNL1Loss=0.070711,	RCNNLogLoss=0.706506,	RCNNL1Loss=0.320429,	
Epoch[0] Batch [6200]	Speed: 4.85 samples/sec	Train-APenalty=165.190246,	BPenalty=214.164153,	CPenalty=1841.874758,	RCNNAcc=0.813575,	RPNAcc=0.946993,	RPNLogLoss=0.146011,	RPNL1Loss=0.070128,	RCNNLogLoss=0.700075,	RCNNL1Loss=0.319147,	
Epoch[0] Batch [6400]	Speed: 4.80 samples/sec	Train-APenalty=170.946007,	BPenalty=223.460360,	CPenalty=1944.737731,	RCNNAcc=0.813713,	RPNAcc=0.947410,	RPNLogLoss=0.144737,	RPNL1Loss=0.069487,	RCNNLogLoss=0.694225,	RCNNL1Loss=0.318422,	
Epoch[0] Batch [6600]	Speed: 4.85 samples/sec	Train-APenalty=176.261012,	BPenalty=231.381178,	CPenalty=2072.240973,	RCNNAcc=0.814255,	RPNAcc=0.947829,	RPNLogLoss=0.143623,	RPNL1Loss=0.068819,	RCNNLogLoss=0.687473,	RCNNL1Loss=0.316942,	
Epoch[0] Batch [6800]	Speed: 4.83 samples/sec	Train-APenalty=186.283020,	BPenalty=237.067161,	CPenalty=2218.533133,	RCNNAcc=0.814864,	RPNAcc=0.948135,	RPNLogLoss=0.142746,	RPNL1Loss=0.068318,	RCNNLogLoss=0.681355,	RCNNL1Loss=0.315536,	
Epoch[0] Batch [7000]	Speed: 4.80 samples/sec	Train-APenalty=194.249179,	BPenalty=244.626779,	CPenalty=2360.830149,	RCNNAcc=0.814922,	RPNAcc=0.948397,	RPNLogLoss=0.141906,	RPNL1Loss=0.068215,	RCNNLogLoss=0.676957,	RCNNL1Loss=0.315228,	
Epoch[0] Batch [7200]	Speed: 4.27 samples/sec	Train-APenalty=202.669448,	BPenalty=252.929329,	CPenalty=2465.816257,	RCNNAcc=0.814818,	RPNAcc=0.948731,	RPNLogLoss=0.140891,	RPNL1Loss=0.067803,	RCNNLogLoss=0.672790,	RCNNL1Loss=0.314912,	
Epoch[0] Batch [7400]	Speed: 4.33 samples/sec	Train-APenalty=214.041101,	BPenalty=260.752401,	CPenalty=2552.529400,	RCNNAcc=0.814837,	RPNAcc=0.949004,	RPNLogLoss=0.139977,	RPNL1Loss=0.067463,	RCNNLogLoss=0.668385,	RCNNL1Loss=0.314429,	
Epoch[0] Batch [7600]	Speed: 4.28 samples/sec	Train-APenalty=219.762783,	BPenalty=265.360709,	CPenalty=2644.084228,	RCNNAcc=0.814724,	RPNAcc=0.949294,	RPNLogLoss=0.139154,	RPNL1Loss=0.067262,	RCNNLogLoss=0.664494,	RCNNL1Loss=0.314548,	
Epoch[0] Batch [7800]	Speed: 4.78 samples/sec	Train-APenalty=227.084395,	BPenalty=269.958367,	CPenalty=2760.544059,	RCNNAcc=0.815178,	RPNAcc=0.949595,	RPNLogLoss=0.138335,	RPNL1Loss=0.066969,	RCNNLogLoss=0.659624,	RCNNL1Loss=0.313808,	
Epoch[0] Batch [8000]	Speed: 4.87 samples/sec	Train-APenalty=232.690568,	BPenalty=274.890336,	CPenalty=2879.733647,	RCNNAcc=0.815876,	RPNAcc=0.949955,	RPNLogLoss=0.137422,	RPNL1Loss=0.066564,	RCNNLogLoss=0.653973,	RCNNL1Loss=0.312182,	
Epoch[0] Batch [8200]	Speed: 4.83 samples/sec	Train-APenalty=236.580975,	BPenalty=281.030166,	CPenalty=2986.185647,	RCNNAcc=0.816200,	RPNAcc=0.950218,	RPNLogLoss=0.136638,	RPNL1Loss=0.066344,	RCNNLogLoss=0.649358,	RCNNL1Loss=0.311639,	
Epoch[0] Batch [8400]	Speed: 4.83 samples/sec	Train-APenalty=239.830957,	BPenalty=286.487726,	CPenalty=3097.399336,	RCNNAcc=0.816417,	RPNAcc=0.950604,	RPNLogLoss=0.135647,	RPNL1Loss=0.066000,	RCNNLogLoss=0.644930,	RCNNL1Loss=0.310856,	
Epoch[0] Batch [8600]	Speed: 4.83 samples/sec	Train-APenalty=243.753019,	BPenalty=291.756932,	CPenalty=3200.054242,	RCNNAcc=0.817112,	RPNAcc=0.950758,	RPNLogLoss=0.135200,	RPNL1Loss=0.065918,	RCNNLogLoss=0.640171,	RCNNL1Loss=0.309350,	
Epoch[0] Batch [8800]	Speed: 4.86 samples/sec	Train-APenalty=246.679422,	BPenalty=294.135948,	CPenalty=3348.335338,	RCNNAcc=0.817265,	RPNAcc=0.950972,	RPNLogLoss=0.134555,	RPNL1Loss=0.065568,	RCNNLogLoss=0.636541,	RCNNL1Loss=0.308604,	
Epoch[0] Batch [9000]	Speed: 4.82 samples/sec	Train-APenalty=250.466656,	BPenalty=298.094505,	CPenalty=3464.483639,	RCNNAcc=0.817265,	RPNAcc=0.951175,	RPNLogLoss=0.134002,	RPNL1Loss=0.065355,	RCNNLogLoss=0.633750,	RCNNL1Loss=0.308212,	
Epoch[0] Batch [9200]	Speed: 4.85 samples/sec	Train-APenalty=254.165102,	BPenalty=303.147053,	CPenalty=3553.755204,	RCNNAcc=0.817516,	RPNAcc=0.951409,	RPNLogLoss=0.133402,	RPNL1Loss=0.065133,	RCNNLogLoss=0.630236,	RCNNL1Loss=0.307712,	
Epoch[0] Batch [9400]	Speed: 3.79 samples/sec	Train-APenalty=259.186659,	BPenalty=307.264701,	CPenalty=3653.011133,	RCNNAcc=0.818075,	RPNAcc=0.951517,	RPNLogLoss=0.133024,	RPNL1Loss=0.065036,	RCNNLogLoss=0.626163,	RCNNL1Loss=0.306470,	
Epoch[0] Batch [9600]	Speed: 3.43 samples/sec	Train-APenalty=264.843692,	BPenalty=312.546996,	CPenalty=3753.532861,	RCNNAcc=0.818443,	RPNAcc=0.951733,	RPNLogLoss=0.132444,	RPNL1Loss=0.064816,	RCNNLogLoss=0.622645,	RCNNL1Loss=0.305560,	
Epoch[0] Batch [9800]	Speed: 3.43 samples/sec	Train-APenalty=271.847301,	BPenalty=317.730462,	CPenalty=3882.016189,	RCNNAcc=0.818806,	RPNAcc=0.951910,	RPNLogLoss=0.131914,	RPNL1Loss=0.064615,	RCNNLogLoss=0.619029,	RCNNL1Loss=0.305074,	
Epoch[0] Batch [10000]	Speed: 4.86 samples/sec	Train-APenalty=275.564578,	BPenalty=321.363691,	CPenalty=4016.704838,	RCNNAcc=0.819272,	RPNAcc=0.952141,	RPNLogLoss=0.131295,	RPNL1Loss=0.064245,	RCNNLogLoss=0.615067,	RCNNL1Loss=0.304183,	
Epoch[0] Batch [10200]	Speed: 4.83 samples/sec	Train-APenalty=279.966944,	BPenalty=324.136064,	CPenalty=4171.980337,	RCNNAcc=0.819588,	RPNAcc=0.952362,	RPNLogLoss=0.130745,	RPNL1Loss=0.063968,	RCNNLogLoss=0.611862,	RCNNL1Loss=0.303503,	
Epoch[0] Batch [10400]	Speed: 4.84 samples/sec	Train-APenalty=283.745499,	BPenalty=328.748950,	CPenalty=4309.375745,	RCNNAcc=0.820122,	RPNAcc=0.952665,	RPNLogLoss=0.129954,	RPNL1Loss=0.063669,	RCNNLogLoss=0.608100,	RCNNL1Loss=0.302545,	
Epoch[0] Batch [10600]	Speed: 4.84 samples/sec	Train-APenalty=288.520621,	BPenalty=335.299973,	CPenalty=4434.512367,	RCNNAcc=0.820424,	RPNAcc=0.952884,	RPNLogLoss=0.129337,	RPNL1Loss=0.063389,	RCNNLogLoss=0.604902,	RCNNL1Loss=0.301733,	
Epoch[0] Batch [10800]	Speed: 4.88 samples/sec	Train-APenalty=294.714489,	BPenalty=340.411550,	CPenalty=4591.414421,	RCNNAcc=0.820726,	RPNAcc=0.953104,	RPNLogLoss=0.128692,	RPNL1Loss=0.063218,	RCNNLogLoss=0.602174,	RCNNL1Loss=0.300962,	
Epoch[0] Batch [11000]	Speed: 4.85 samples/sec	Train-APenalty=301.835265,	BPenalty=343.076707,	CPenalty=4739.772434,	RCNNAcc=0.820899,	RPNAcc=0.953235,	RPNLogLoss=0.128298,	RPNL1Loss=0.062971,	RCNNLogLoss=0.599574,	RCNNL1Loss=0.300477,	
Epoch[0] Batch [11200]	Speed: 4.83 samples/sec	Train-APenalty=307.961927,	BPenalty=346.157945,	CPenalty=4909.495079,	RCNNAcc=0.820952,	RPNAcc=0.953393,	RPNLogLoss=0.127778,	RPNL1Loss=0.062798,	RCNNLogLoss=0.597524,	RCNNL1Loss=0.300144,	
Epoch[0] Batch [11400]	Speed: 4.84 samples/sec	Train-APenalty=311.528852,	BPenalty=348.638238,	CPenalty=5085.772479,	RCNNAcc=0.821204,	RPNAcc=0.953622,	RPNLogLoss=0.127120,	RPNL1Loss=0.062550,	RCNNLogLoss=0.594806,	RCNNL1Loss=0.299453,	
Epoch[0] Batch [11600]	Speed: 4.85 samples/sec	Train-APenalty=315.932019,	BPenalty=351.484918,	CPenalty=5209.525868,	RCNNAcc=0.821020,	RPNAcc=0.953778,	RPNLogLoss=0.126634,	RPNL1Loss=0.062333,	RCNNLogLoss=0.593531,	RCNNL1Loss=0.299620,	
Epoch[0] Batch [11800]	Speed: 4.83 samples/sec	Train-APenalty=319.887948,	BPenalty=355.488116,	CPenalty=5409.224717,	RCNNAcc=0.820917,	RPNAcc=0.953986,	RPNLogLoss=0.126049,	RPNL1Loss=0.062086,	RCNNLogLoss=0.592003,	RCNNL1Loss=0.299483,	
Epoch[0] Batch [12000]	Speed: 4.82 samples/sec	Train-APenalty=325.416411,	BPenalty=360.698402,	CPenalty=5591.421901,	RCNNAcc=0.821101,	RPNAcc=0.954259,	RPNLogLoss=0.125328,	RPNL1Loss=0.061701,	RCNNLogLoss=0.589725,	RCNNL1Loss=0.299098,	
Epoch[0] Batch [12200]	Speed: 4.84 samples/sec	Train-APenalty=329.581861,	BPenalty=363.683702,	CPenalty=5733.474071,	RCNNAcc=0.821436,	RPNAcc=0.954457,	RPNLogLoss=0.124746,	RPNL1Loss=0.061486,	RCNNLogLoss=0.587394,	RCNNL1Loss=0.298384,	
Epoch[0] Batch [12400]	Speed: 4.83 samples/sec	Train-APenalty=332.141675,	BPenalty=367.237445,	CPenalty=5847.349890,	RCNNAcc=0.821613,	RPNAcc=0.954543,	RPNLogLoss=0.124463,	RPNL1Loss=0.061455,	RCNNLogLoss=0.585489,	RCNNL1Loss=0.297918,	
Epoch[0] Batch [12600]	Speed: 4.87 samples/sec	Train-APenalty=334.250898,	BPenalty=372.119730,	CPenalty=6002.206569,	RCNNAcc=0.821569,	RPNAcc=0.954711,	RPNLogLoss=0.123995,	RPNL1Loss=0.061208,	RCNNLogLoss=0.584062,	RCNNL1Loss=0.297813,	
Epoch[0] Batch [12800]	Speed: 4.84 samples/sec	Train-APenalty=337.256867,	BPenalty=378.524140,	CPenalty=6141.451405,	RCNNAcc=0.821693,	RPNAcc=0.954895,	RPNLogLoss=0.123531,	RPNL1Loss=0.061027,	RCNNLogLoss=0.582522,	RCNNL1Loss=0.297317,	
Epoch[0] Batch [13000]	Speed: 4.80 samples/sec	Train-APenalty=341.690663,	BPenalty=386.967867,	CPenalty=6322.565101,	RCNNAcc=0.821885,	RPNAcc=0.955005,	RPNLogLoss=0.123177,	RPNL1Loss=0.060964,	RCNNLogLoss=0.580386,	RCNNL1Loss=0.296762,	
Epoch[0] Batch [13200]	Speed: 4.67 samples/sec	Train-APenalty=347.362755,	BPenalty=394.658377,	CPenalty=6483.239556,	RCNNAcc=0.822067,	RPNAcc=0.955150,	RPNLogLoss=0.122765,	RPNL1Loss=0.060777,	RCNNLogLoss=0.578647,	RCNNL1Loss=0.296384,	
Epoch[0] Batch [13400]	Speed: 4.84 samples/sec	Train-APenalty=353.402515,	BPenalty=401.013720,	CPenalty=6706.550647,	RCNNAcc=0.822293,	RPNAcc=0.955282,	RPNLogLoss=0.122342,	RPNL1Loss=0.060672,	RCNNLogLoss=0.576497,	RCNNL1Loss=0.295973,	
Epoch[0] Batch [13600]	Speed: 4.76 samples/sec	Train-APenalty=362.984807,	BPenalty=405.664184,	CPenalty=7016.780409,	RCNNAcc=0.822526,	RPNAcc=0.955450,	RPNLogLoss=0.121887,	RPNL1Loss=0.060532,	RCNNLogLoss=0.574779,	RCNNL1Loss=0.295368,	
Epoch[0] Batch [13800]	Speed: 4.78 samples/sec	Train-APenalty=368.931780,	BPenalty=408.992610,	CPenalty=7317.158022,	RCNNAcc=0.822689,	RPNAcc=0.955632,	RPNLogLoss=0.121443,	RPNL1Loss=0.060368,	RCNNLogLoss=0.573285,	RCNNL1Loss=0.294986,	
Epoch[0] Batch [14000]	Speed: 4.76 samples/sec	Train-APenalty=375.357492,	BPenalty=412.302437,	CPenalty=7639.392693,	RCNNAcc=0.823203,	RPNAcc=0.955863,	RPNLogLoss=0.120890,	RPNL1Loss=0.060136,	RCNNLogLoss=0.570929,	RCNNL1Loss=0.293865,	
Epoch[0] Batch [14200]	Speed: 4.78 samples/sec	Train-APenalty=389.977062,	BPenalty=415.937500,	CPenalty=8083.745801,	RCNNAcc=0.823507,	RPNAcc=0.956105,	RPNLogLoss=0.120317,	RPNL1Loss=0.060017,	RCNNLogLoss=0.569173,	RCNNL1Loss=0.293368,	
Epoch[0] Batch [14400]	Speed: 4.76 samples/sec	Train-APenalty=401.297905,	BPenalty=420.699942,	CPenalty=8457.122000,	RCNNAcc=0.823859,	RPNAcc=0.956297,	RPNLogLoss=0.119809,	RPNL1Loss=0.059874,	RCNNLogLoss=0.567292,	RCNNL1Loss=0.292805,	
Epoch[0] Batch [14600]	Speed: 4.80 samples/sec	Train-APenalty=412.082427,	BPenalty=425.472252,	CPenalty=8803.100114,	RCNNAcc=0.824029,	RPNAcc=0.956511,	RPNLogLoss=0.119254,	RPNL1Loss=0.059762,	RCNNLogLoss=0.565759,	RCNNL1Loss=0.292451,	
Epoch[0] Batch [14800]	Speed: 4.80 samples/sec	Train-APenalty=423.751164,	BPenalty=429.821086,	CPenalty=9183.594928,	RCNNAcc=0.824239,	RPNAcc=0.956700,	RPNLogLoss=0.118781,	RPNL1Loss=0.059576,	RCNNLogLoss=0.564458,	RCNNL1Loss=0.292054,	
Epoch[0] Batch [15000]	Speed: 4.68 samples/sec	Train-APenalty=434.641349,	BPenalty=433.688302,	CPenalty=9470.253102,	RCNNAcc=0.824633,	RPNAcc=0.956895,	RPNLogLoss=0.118244,	RPNL1Loss=0.059476,	RCNNLogLoss=0.562432,	RCNNL1Loss=0.291233,	
Epoch[0] Batch [15200]	Speed: 4.78 samples/sec	Train-APenalty=444.220954,	BPenalty=439.314571,	CPenalty=9699.959012,	RCNNAcc=0.824931,	RPNAcc=0.957030,	RPNLogLoss=0.117850,	RPNL1Loss=0.059291,	RCNNLogLoss=0.560751,	RCNNL1Loss=0.290569,	
Epoch[0] Batch [15400]	Speed: 4.76 samples/sec	Train-APenalty=455.885037,	BPenalty=442.378662,	CPenalty=9938.866377,	RCNNAcc=0.825065,	RPNAcc=0.957250,	RPNLogLoss=0.117292,	RPNL1Loss=0.059118,	RCNNLogLoss=0.559438,	RCNNL1Loss=0.290209,	
Epoch[0] Batch [15600]	Speed: 4.57 samples/sec	Train-APenalty=466.965492,	BPenalty=445.601284,	CPenalty=10165.099942,	RCNNAcc=0.825241,	RPNAcc=0.957428,	RPNLogLoss=0.116852,	RPNL1Loss=0.058968,	RCNNLogLoss=0.557983,	RCNNL1Loss=0.289820,	
Epoch[0] Batch [15800]	Speed: 4.15 samples/sec	Train-APenalty=477.465425,	BPenalty=449.095823,	CPenalty=10437.127206,	RCNNAcc=0.825548,	RPNAcc=0.957633,	RPNLogLoss=0.116355,	RPNL1Loss=0.058821,	RCNNLogLoss=0.556290,	RCNNL1Loss=0.289112,	
Epoch[0] Batch [16000]	Speed: 4.22 samples/sec	Train-APenalty=491.783999,	BPenalty=452.263563,	CPenalty=10740.823606,	RCNNAcc=0.825799,	RPNAcc=0.957866,	RPNLogLoss=0.115758,	RPNL1Loss=0.058581,	RCNNLogLoss=0.554782,	RCNNL1Loss=0.288706,	
Epoch[0] Batch [16200]	Speed: 4.15 samples/sec	Train-APenalty=506.021584,	BPenalty=455.711952,	CPenalty=10953.713753,	RCNNAcc=0.826081,	RPNAcc=0.958014,	RPNLogLoss=0.115364,	RPNL1Loss=0.058390,	RCNNLogLoss=0.553141,	RCNNL1Loss=0.288148,	
Epoch[0] Batch [16400]	Speed: 4.13 samples/sec	Train-APenalty=523.655193,	BPenalty=458.065370,	CPenalty=11178.731619,	RCNNAcc=0.826424,	RPNAcc=0.958156,	RPNLogLoss=0.115006,	RPNL1Loss=0.058269,	RCNNLogLoss=0.551365,	RCNNL1Loss=0.287601,	
Epoch[1] Batch [200]	Speed: 4.01 samples/sec	Train-APenalty=1732.711766,	BPenalty=703.237197,	CPenalty=24146.722900,	RCNNAcc=0.832809,	RPNAcc=0.967642,	RPNLogLoss=0.087465,	RPNL1Loss=0.049522,	RCNNLogLoss=0.456698,	RCNNL1Loss=0.263627,	
Epoch[1] Batch [400]	Speed: 3.86 samples/sec	Train-APenalty=1647.230359,	BPenalty=715.355840,	CPenalty=22862.183485,	RCNNAcc=0.830268,	RPNAcc=0.968390,	RPNLogLoss=0.085423,	RPNL1Loss=0.045869,	RCNNLogLoss=0.454989,	RCNNL1Loss=0.272846,	
Epoch[1] Batch [600]	Speed: 3.69 samples/sec	Train-APenalty=1646.563161,	BPenalty=722.095613,	CPenalty=22567.675323,	RCNNAcc=0.829698,	RPNAcc=0.968237,	RPNLogLoss=0.085726,	RPNL1Loss=0.046524,	RCNNLogLoss=0.455107,	RCNNL1Loss=0.272108,	
Epoch[1] Batch [800]	Speed: 3.16 samples/sec	Train-APenalty=1605.909819,	BPenalty=711.557417,	CPenalty=22446.144749,	RCNNAcc=0.829612,	RPNAcc=0.968679,	RPNLogLoss=0.084112,	RPNL1Loss=0.046298,	RCNNLogLoss=0.455575,	RCNNL1Loss=0.269892,	
Epoch[1] Batch [1000]	Speed: 4.41 samples/sec	Train-APenalty=1598.818163,	BPenalty=707.556466,	CPenalty=22683.994746,	RCNNAcc=0.831922,	RPNAcc=0.968430,	RPNLogLoss=0.085248,	RPNL1Loss=0.047653,	RCNNLogLoss=0.446683,	RCNNL1Loss=0.267373,	
Epoch[1] Batch [1200]	Speed: 4.81 samples/sec	Train-APenalty=1617.968159,	BPenalty=703.927068,	CPenalty=22350.651076,	RCNNAcc=0.833895,	RPNAcc=0.968672,	RPNLogLoss=0.085189,	RPNL1Loss=0.047856,	RCNNLogLoss=0.439816,	RCNNL1Loss=0.266061,	
Epoch[1] Batch [1400]	Speed: 4.49 samples/sec	Train-APenalty=1654.199806,	BPenalty=704.509869,	CPenalty=21917.345566,	RCNNAcc=0.835740,	RPNAcc=0.968669,	RPNLogLoss=0.085364,	RPNL1Loss=0.048174,	RCNNLogLoss=0.435673,	RCNNL1Loss=0.263536,	
Epoch[1] Batch [1600]	Speed: 4.48 samples/sec	Train-APenalty=1672.676518,	BPenalty=693.375899,	CPenalty=21472.972309,	RCNNAcc=0.837377,	RPNAcc=0.968383,	RPNLogLoss=0.085985,	RPNL1Loss=0.048369,	RCNNLogLoss=0.431103,	RCNNL1Loss=0.261277,	
Epoch[1] Batch [1800]	Speed: 4.70 samples/sec	Train-APenalty=1719.978828,	BPenalty=683.404432,	CPenalty=21564.451475,	RCNNAcc=0.836979,	RPNAcc=0.967962,	RPNLogLoss=0.086829,	RPNL1Loss=0.048061,	RCNNLogLoss=0.430171,	RCNNL1Loss=0.261920,	
Epoch[1] Batch [2000]	Speed: 4.52 samples/sec	Train-APenalty=1717.393782,	BPenalty=672.972440,	CPenalty=21981.193015,	RCNNAcc=0.836910,	RPNAcc=0.968036,	RPNLogLoss=0.086815,	RPNL1Loss=0.047993,	RCNNLogLoss=0.431016,	RCNNL1Loss=0.261019,	
Epoch[1] Batch [2200]	Speed: 4.39 samples/sec	Train-APenalty=1717.181061,	BPenalty=668.696421,	CPenalty=22115.688405,	RCNNAcc=0.836236,	RPNAcc=0.968073,	RPNLogLoss=0.087022,	RPNL1Loss=0.047962,	RCNNLogLoss=0.434296,	RCNNL1Loss=0.261997,	
Epoch[1] Batch [2400]	Speed: 4.32 samples/sec	Train-APenalty=1735.722388,	BPenalty=666.655445,	CPenalty=22180.797066,	RCNNAcc=0.836779,	RPNAcc=0.968063,	RPNLogLoss=0.087444,	RPNL1Loss=0.048563,	RCNNLogLoss=0.432527,	RCNNL1Loss=0.260849,	
Epoch[1] Batch [2600]	Speed: 4.70 samples/sec	Train-APenalty=1728.524894,	BPenalty=669.747917,	CPenalty=22050.495316,	RCNNAcc=0.837130,	RPNAcc=0.968159,	RPNLogLoss=0.087186,	RPNL1Loss=0.048396,	RCNNLogLoss=0.429935,	RCNNL1Loss=0.259945,	
Epoch[1] Batch [2800]	Speed: 4.38 samples/sec	Train-APenalty=1737.777377,	BPenalty=675.281417,	CPenalty=22208.625768,	RCNNAcc=0.837587,	RPNAcc=0.968215,	RPNLogLoss=0.087066,	RPNL1Loss=0.048219,	RCNNLogLoss=0.428968,	RCNNL1Loss=0.259766,	
Epoch[1] Batch [3000]	Speed: 4.34 samples/sec	Train-APenalty=1747.945439,	BPenalty=675.585660,	CPenalty=22263.159915,	RCNNAcc=0.837824,	RPNAcc=0.968311,	RPNLogLoss=0.086689,	RPNL1Loss=0.048428,	RCNNLogLoss=0.428479,	RCNNL1Loss=0.260002,	
Epoch[1] Batch [3200]	Speed: 4.17 samples/sec	Train-APenalty=1743.920419,	BPenalty=672.229803,	CPenalty=22063.922828,	RCNNAcc=0.837936,	RPNAcc=0.968519,	RPNLogLoss=0.086076,	RPNL1Loss=0.048389,	RCNNLogLoss=0.427605,	RCNNL1Loss=0.260096,	
Epoch[1] Batch [3400]	Speed: 4.48 samples/sec	Train-APenalty=1745.971478,	BPenalty=667.766042,	CPenalty=22060.673293,	RCNNAcc=0.838217,	RPNAcc=0.968199,	RPNLogLoss=0.087023,	RPNL1Loss=0.049154,	RCNNLogLoss=0.427211,	RCNNL1Loss=0.259602,	
Epoch[1] Batch [3600]	Speed: 4.34 samples/sec	Train-APenalty=1749.153580,	BPenalty=667.580954,	CPenalty=22179.039365,	RCNNAcc=0.838624,	RPNAcc=0.968337,	RPNLogLoss=0.086665,	RPNL1Loss=0.049153,	RCNNLogLoss=0.426259,	RCNNL1Loss=0.259191,	
Epoch[1] Batch [3800]	Speed: 4.30 samples/sec	Train-APenalty=1742.964516,	BPenalty=665.686642,	CPenalty=22316.258159,	RCNNAcc=0.839873,	RPNAcc=0.968427,	RPNLogLoss=0.086333,	RPNL1Loss=0.049111,	RCNNLogLoss=0.422883,	RCNNL1Loss=0.257666,	